Log file open, 02/12/15 09:08:00
LogInit:Display: Running engine for game: SpaceShooter
LogInit: Version: 4.4.3-2296771+++depot+UE4-Releases+4.4
LogInit: API Version: 2255576
LogInit: Compiled (64-bit): Sep 13 2014 22:30:58
LogInit: Build Configuration: DebugGame
LogInit: Branch Name: ++depot+UE4-Releases+4.4
LogInit: Command line:  -debug
LogInit: Base directory: C:/Program Files/Unreal Engine/4.4/Engine/Binaries/Win64/
LogInit: Rocket: 1
[2015.02.12-14.08.00:989][  0]LogTaskGraph: Started task graph with 3 named threads and 4 total threads.
[2015.02.12-14.08.01:018][  0]LogOnline:Warning: No default platform service specified for OnlineSubsystem
[2015.02.12-14.08.01:046][  0]LogInit: Presizing for 0 objects not considered by GC, pre-allocating 0 bytes.
[2015.02.12-14.08.01:074][  0]LogInit: Object subsystem initialized
[2015.02.12-14.08.01:090][  0]LogInit: Selected Device Profile: [Windows]
[2015.02.12-14.08.01:091][  0]LogInit: Applying CVar settings loaded from the selected device profile: [Windows]
[2015.02.12-14.08.01:100][  0]LogInit: Computer: C401IT27
[2015.02.12-14.08.01:100][  0]LogInit: User: sctcad
[2015.02.12-14.08.01:101][  0]LogInit: CPU Page size=4096, Cores=4
[2015.02.12-14.08.01:102][  0]LogInit: High frequency timer resolution =2.741230 MHz
[2015.02.12-14.08.01:102][  0]LogMemory: Memory total: Physical=6.0GB (6GB approx) Virtual=8192.0GB
[2015.02.12-14.08.01:103][  0]LogMemory: Platform Memory Stats for Windows
[2015.02.12-14.08.01:103][  0]LogMemory: Process Physical Memory: 60.66 MB used, 60.66 MB peak
[2015.02.12-14.08.01:103][  0]LogMemory: Process Virtual Memory: 36.18 MB used, 36.18 MB peak
[2015.02.12-14.08.01:104][  0]LogMemory: Physical Memory: 5639.60 MB used, 6134.93 MB total
[2015.02.12-14.08.01:104][  0]LogMemory: Virtual Memory: 256.68 MB used, 8388608.00 MB total
[2015.02.12-14.08.01:217][  0]LogD3D11RHI: Found D3D11 adapter 0: NVIDIA GeForce GTX 260   (Feature Level 10_0)
[2015.02.12-14.08.01:217][  0]LogD3D11RHI: Adapter has 1767MB of dedicated video memory, 0MB of dedicated system memory, and 2303MB of shared system memory, 1 output[s]
[2015.02.12-14.08.01:217][  0]LogD3D11RHI: Chosen D3D11 Adapter Id = 0
[2015.02.12-14.08.01:223][  0]LogRHI: Texture pool is 1237 MB (70% of 1767 MB)
[2015.02.12-14.08.01:258][  0]LogD3D11RHI: Async texture creation enabled
[2015.02.12-14.08.01:544][  0]LogContentStreaming: Texture pool size is 0.000000MB
[2015.02.12-14.08.03:485][  0]LogTargetPlatformManager:Display: Building Assets For Windows
[2015.02.12-14.08.03:975][  0]LogTargetPlatformManager:Display: Building Assets For Windows
[2015.02.12-14.08.04:028][  0]LogDerivedDataCache:Display: Max Cache Size: 512 MB
[2015.02.12-14.08.04:028][  0]LogDerivedDataCache:Warning: Could not find memory cache C:/Users/sctcad/AppData/Local/UnrealEngine/4.4/DerivedDataCache/Boot.ddc.
[2015.02.12-14.08.04:029][  0]LogDerivedDataCache:Warning: Could not load Boot cache: C:/Users/sctcad/AppData/Local/UnrealEngine/4.4/DerivedDataCache/Boot.ddc
[2015.02.12-14.08.04:029][  0]LogDerivedDataCache: FDerivedDataBackendGraph:  Pak pak cache file ../../../../../../Users/sctcad/Desktop/SpaceShooter/SpaceShooter/DerivedDataCache/DDC.ddp not found, will not use a pak cache.
[2015.02.12-14.08.04:029][  0]LogDerivedDataCache: Unable to find inner node Pak for hierarchical cache Hierarchy.
[2015.02.12-14.08.04:054][  0]LogDerivedDataCache:Display: Pak cache opened for reading ../../../Engine/DerivedDataCache/DDC.ddp.
[2015.02.12-14.08.04:066][  0]LogDerivedDataCache: Using Local data cache path C:/Users/sctcad/AppData/Local/UnrealEngine/4.4/DerivedDataCache: Writable
[2015.02.12-14.08.04:670][  0]LogMeshUtilities: No automatic mesh reduction module available
[2015.02.12-14.08.04:671][  0]LogMeshUtilities: No automatic mesh merging module available
[2015.02.12-14.08.05:462][  0]LogInit: WinSock: version 1.1 (2.2), MaxSocks=32767, MaxUdp=65467
[2015.02.12-14.08.07:166][  0]LogStats:Warning: MetaData mismatch. Did you assign a stat to two groups? New //STATGROUP_Threads//FMonitoredProces