Log file open, 03/12/15 09:05:06
LogInit:Display: Running engine for game: SpaceShooter
LogInit: Version: 4.7.2-2467323+++depot+UE4-Releases+4.7
LogInit: API Version: 2455222
LogInit: Compiled (64-bit): Mar  2 2015 23:16:34
LogInit: Compiled with Visual C++: 18.00.21005.01
LogInit: Build Configuration: Development
LogInit: Branch Name: ++depot+UE4-Releases+4.7
LogInit: Command line: 
LogInit: Base directory: C:/Program Files/Unreal Engine/4.7/Engine/Binaries/Win64/
LogInit: Rocket: 1
[2015.03.12-13.05.06:974][  0]LogTaskGraph: Started task graph with 3 named threads and 6 total threads.
[2015.03.12-13.05.07:035][  0]LogOnline:Warning: No default platform service specified for OnlineSubsystem
[2015.03.12-13.05.07:115][  0]LogInit: Presizing for 0 objects not considered by GC, pre-allocating 0 bytes.
[2015.03.12-13.05.07:128][  0]LogInit: Object subsystem initialized
[2015.03.12-13.05.07:132][  0]LogInit: Selected Device Profile: [Windows]
[2015.03.12-13.05.07:133][  0]LogInit: Applying CVar settings loaded from the selected device profile: [Windows]
[2015.03.12-13.05.07:142][  0]LogInit: Computer: C401IT34
[2015.03.12-13.05.07:143][  0]LogInit: User: sctcad
[2015.03.12-13.05.07:143][  0]LogInit: CPU Page size=4096, Cores=4
[2015.03.12-13.05.07:143][  0]LogInit: High frequency timer resolution =2.741210 MHz
[2015.03.12-13.05.07:144][  0]LogMemory: Memory total: Physical=6.0GB (6GB approx) Virtual=8192.0GB
[2015.03.12-13.05.07:144][  0]LogMemory: Platform Memory Stats for Windows
[2015.03.12-13.05.07:145][  0]LogMemory: Process Physical Memory: 46.27 MB used, 46.27 MB peak
[2015.03.12-13.05.07:145][  0]LogMemory: Process Virtual Memory: 24.62 MB used, 24.62 MB peak
[2015.03.12-13.05.07:145][  0]LogMemory: Physical Memory: 5098.00 MB used, 6134.93 MB total
[2015.03.12-13.05.07:145][  0]LogMemory: Virtual Memory: 275.32 MB used, 8388608.00 MB total
[2015.03.12-13.05.07:245][  0]LogD3D11RHI: Found D3D11 adapter 0: NVIDIA GeForce GTX 260   (Feature Level 10_0)
[2015.03.12-13.05.07:245][  0]LogD3D11RHI: Adapter has 1767MB of dedicated video memory, 0MB of dedicated system memory, and 2303MB of shared system memory, 1 output[s]
[2015.03.12-13.05.07:246][  0]LogD3D11RHI: Chosen D3D11 Adapter Id = 0
[2015.03.12-13.05.07:252][  0]LogRHI: Texture pool is 1237 MB (70% of 1767 MB)
[2015.03.12-13.05.07:285][  0]LogD3D11RHI: Async texture creation enabled
[2015.03.12-13.05.07:449][  0]LogTextLocalizationManager: The requested culture ('en_US') has no localization data; parent culture's ('en') localization data will be used.
[2015.03.12-13.05.07:617][  0]LogContentStreaming: Texture pool size is 0.000000MB
[2015.03.12-13.05.10:970][  0]LogTargetPlatformManager:Display: Building Assets For Windows
[2015.03.12-13.05.11:950][  0]LogTargetPlatformManager:Display: Building Assets For Windows
[2015.03.12-13.05.12:057][  0]LogDerivedDataCache:Display: Max Cache Size: 512 MB
[2015.03.12-13.05.12:250][  0]LogDerivedDataCache: Loaded boot cache 0.19s 36MB C:/Users/sctcad/AppData/Local/UnrealEngine/4.7/DerivedDataCache/Boot.ddc.
[2015.03.12-13.05.12:251][  0]LogDerivedDataCache:Display: Loaded Boot cache: C:/Users/sctcad/AppData/Local/UnrealEngine/4.7/DerivedDataCache/Boot.ddc
[2015.03.12-13.05.12:251][  0]LogDerivedDataCache: FDerivedDataBackendGraph:  Pak pak cache file ../../../../../../Users/sctcad/Desktop/SpaceShooter/SpaceShooter/SpaceShooter/DerivedDataCache/DDC.ddp not found, will not use a pak cache.
[2015.03.12-13.05.12:251][  0]LogDerivedDataCache: Unable to find inner node Pak for hierarchical cache Hierarchy.
[2015.03.12-13.05.12:415][  0]LogDerivedDataCache:Display: Pak cache opened for reading ../../../Engine/DerivedDataCache/Compressed.ddp.
[2015.03.12-13.05.12:427][  0]LogDerivedDataCache: Using Local data cache path C:/Users/sctcad/AppData/Local/UnrealEngine/Common/DerivedDataCache: Writable
[2015.03.12-13.05.13:282][  0]LogMeshUtilities: No automatic mesh reduction module available
[2015.03.12-13.05.13:282][  0]LogMeshUtilities: No automatic mesh merging module available
[2015.03.12-13.05.13:829][  0]LogInit: WinSock: version 1.1 (2.2), MaxSocks=32767, MaxUdp=65467
[2015.03.12-13.05.14:023][  0]LogSlate:Warning: Failed to load font data from '../../../Engine/Content/Slate/Fonts/Roboto-Italic.ttf'
[2015.03.12-13.05.16:480][  0]UdpMessaging: Initializing bridge on interface 0.0.0.0:0 to multicast group 230.0.0.1:6666.
[2015.03.12-13.05.17:170][  0]SourceControl: Info Source control is disabled
[2015.03.12-13.05.17:170][  0]SourceControl: Info Source control is disabled
[2015.03.12-13.05.17:170][  0]SourceControl: Info Source control is disabled
[2015.03.12-13.05.17:171][  0]LogSourceControl: RunCommandInternalRaw: 'git version'
[2015.03.12-13.05.17:172][  0]LogSourceControl: RunCommandInternalRaw: ExecProcess ReturnCode=2 OutResults=''
[2015.03.12-13.05.17:185][  0]SourceControl: Info Source control is disabled
[2015.03.12-13.05.17:847][  0]LogObj: 24313 objects as part of root set at end of initial load.
[2015.03.12-13.05.17:847][  0]LogUObjectAllocator: 5179128 out of 0 bytes used by permanent object pool.
[2015.03.12-13.05.18:035][  0]LogEngine: Initializing Engine...
[2015.03.12-13.05.20:235][  0]LogInit: XAudio2 using 'Digital Audio (HDMI) (2- High Definition Audio Device)' : 2 channels at 44.1 kHz using 16 bits per sample (channel mask 0x3)
[2015.03.12-13.05.20:256][  0]LogInit: FAudioDevice initialized.
[2015.03.12-13.05.20:335][  0]LogAIModule: Creating AISystem for world NewWorld
[2015.03.12-13.05.20:357][  0]LogDerivedDataCache: Saved boot cache 0.02s 37MB C:/Users/sctcad/AppData/Local/UnrealEngine/4.7/DerivedDataCache/Boot.ddc.
[2015.03.12-13.05.20:364][  0]LogInit: Texture streaming: Enabled
[2015.03.12-13.05.20:513][  0]LogAnalytics: Creating configured Analytics provider AnalyticsET
[2015.03.12-13.05.20:513][  0]LogAnalytics: ET APIKey = Rocket.Release. APIServer = http://et2.epicgames.com/ET2/. AppVersion = 4.7.2-2467323+++depot+UE4-Releases+4.7
[2015.03.12-13.05.20:513][  0]LogAnalytics: ET APIKey = Rocket.Release. DataRouterUploadURL = https://datarouter-public-service-gamedev.ol.epicgames.net/datarouter/api/v1/public/data. AppVersion = 4.7.2-2467323+++depot+UE4-Releases+4.7
[2015.03.12-13.05.20:514][  0]LogAnalytics: SetUserId 64ff77f04af0b475300fe7ab8c79c2b2|d9d81cedd9384488858a28c751665a55|7fac54aa-9f69-47ad-8344-357d0c6be1ba
[2015.03.12-13.05.20:514][  0]LogAnalytics: AnalyticsET::StartSession [Rocket.Release]
[2015.03.12-13.05.20:556][  0]LogInit: Transaction tracking system initialized
[2015.03.12-13.05.21:027][  0]BlueprintLog: New page: Editor Load
[2015.03.12-13.05.21:082][  0]LogAssetRegistry: FAssetRegistry took 0.0103 seconds to start up
[2015.03.12-13.05.21:083][  0]LogDirectoryWatcher:Warning: Failed to begin reading directory changes for ../../../Engine/Plugins/Experimental/CharacterAI/Content/. Error: 0
[2015.03.12-13.05.21:980][  0]LogTargetPlatformManager:Display: Building Assets For Windows
[2015.03.12-13.05.22:422][  0]LogTargetPlatformManager:Display: Building Assets For Windows
[2015.03.12-13.05.22:989][  0]LogSlate:Warning: Failed to load font data from '../../../Engine/Content/Editor/Slate/Fonts/Roboto-Regular.ttf'
[2015.03.12-13.05.22:990][  0]LogSlate:Warning: Failed to load font data from '../../../Engine/Content/Editor/Slate/Fonts/Roboto-Bold.ttf'
[2015.03.12-13.05.22:998][  0]LogConsoleResponse:Display: 
[2015.03.12-13.05.23:192][  0]LogCook:Display: Done creating registry. It took  0.00s.
[2015.03.12-13.05.23:572][  0]SourceControl: Info Source control is disabled
[2015.03.12-13.05.23:572][  0]Cmd: MAP LOAD FILE="../../../../../../Users/sctcad/Desktop/SpaceShooter/SpaceShooter/SpaceShooter/Content/SpacyMap.umap" TEMPLATE=0 SHOWPROGRESS=1 FEATURELEVEL=2
[2015.03.12-13.05.23:574][  0]LightingResults: New page: Lighting Build
[2015.03.12-13.05.23:597][  0]MapCheck: New page: Map Check
[2015.03.12-13.05.23:598][  0]LightingResults: New page: Lighting Build
[2015.03.12-13.05.23:608][  0]LogParticles: Destroying 0 GPU particle simulations for FXSystem 0x0000000003C36520
[2015.03.12-13.05.24:752][  0]LogEditorServer: Finished looking for orphan Actors (0.000 secs)
[2015.03.12-13.05.24:753][  0]LogAIModule: Creating AISystem for world SpacyMap
[2015.03.12-13.05.24:753][  0]Cmd: MAP CHECKDEP
[2015.03.12-13.05.24:754][  0]MapCheck: New page: SpacyMap - Mar 12, 2015, 5:05:24 AM
[2015.03.12-13.05.24:861][  0]MapCheck: Info Map check complete: 0 Error(s), 0 Warning(s), took 107.555ms to complete.
[2015.03.12-13.05.24:862][  0]LogFileHelpers: Loading map 'SpacyMap' took 1.290
[2015.03.12-13.05.24:966][  0]LogCollectionManager: Loaded 0 collections in 0.002185 seconds
[2015.03.12-13.05.24:985][  0]LogContentBrowser: Native class hierarchy populated in 0.0186 seconds. Added 1701 classes and 263 folders.
[2015.03.12-13.05.25:011][  0]LogContentBrowser:Verbose: The content browser source was changed by the sources view to '/Classes_Game/SpaceShooter'
[2015.03.12-13.05.25:119][  0]LogContentBrowser: Native class hierarchy updated for 'SceneOutliner' in 0.0063 seconds. Added 1 classes and 2 folders.
[2015.03.12-13.05.25:237][  0]LogCrashTracker: Crashtracker disabled due to settings.
[2015.03.12-13.05.25:239][  0]LogSlate:Warning: Failed to load font data from 'Veranda'
[2015.03.12-13.05.25:246][  0]LogUObjectGlobals:Warning: Failed to find object 'Class None.'
[2015.03.12-13.05.25:282][  0]LogLoad: Full Startup: 21.18 seconds (BP compile: 0.15 seconds)
[2015.03.12-13.05.25:458][  0]LogRenderer:Warning: Reallocating scene render targets to support 32x32 (Frame:2).
[2015.03.12-13.05.25:554][  0]LogRenderer:Warning: Reallocating scene render targets to support 1144x928 (Frame:4).
[2015.03.12-13.05.25:735][  1]Cmd: UpdateLandscapeEditorData -warnings
[2015.03.12-13.05.25:736][  1]Cmd: UpdateLandscapeEditorData
[2015.03.12-13.05.26:449][  5]LogAssetRegistry: Asset discovery search completed in 5.3770 seconds
[2015.03.12-13.05.54:865][383]BlueprintLog: New page: Pre-PIE auto-recompile
[2015.03.12-13.05.54:866][383]LogPlayLevel: [PIE] Compiling SpacyMap before PIE...
[2015.03.12-13.05.54:961][383]LogPlayLevel: PIE:  Blueprint regeneration took 95 ms (1 blueprints)
[2015.03.12-13.05.54:963][383]PIE: New page: PIE session: SpacyMap (Mar 12, 2015, 5:05:54 AM)
[2015.03.12-13.05.54:977][383]LogPlayLevel: PIE: StaticDuplicateObject took: (0.013289s)
[2015.03.12-13.05.54:978][383]LogPlayLevel: PIE: World Init took: (0.000645s)
[2015.03.12-13.05.54:979][383]LogPlayLevel: PIE: Created PIE world by copying editor world from /Game/SpacyMap.SpacyMap to /Game/UEDPIE_0_SpacyMap.SpacyMap (0.015392s)
[2015.03.12-13.05.55:037][383]LogWorld: Game class is 'SpaceShooterGameMode'
[2015.03.12-13.05.55:071][383]LogAIModule: Creating AISystem for world SpacyMap
[2015.03.12-13.05.55:088][383]LogWorld: Bringing World /Game/UEDPIE_0_SpacyMap.SpacyMap up for play (max tick rate 0) at 2015.03.12-09.05.55
[2015.03.12-13.05.55:102][383]LogWorld: Bringing up level for play took: 0.029888
[2015.03.12-13.05.55:129][383]PIE: Info Play in editor start time for /Game/UEDPIE_0_SpacyMap 1.094
[2015.03.12-13.06.46:346][505]LogParticles: Destroying 0 GPU particle simulations for FXSystem 0x000000000BEB60C0
[2015.03.12-13.06.51:732][ 88]LogConsoleManager:Warning: Console variable 'r.Streaming.PoolSize' wasn't set (Priority Code < Scalability)
[2015.03.12-13.06.51:733][ 88]LogConsoleManager:Warning: Console variable 'r.MaterialQualityLevel' wasn't set (Priority Console < Scalability)
[2015.03.12-13.06.51:748][ 88]LogRenderer:Warning: Reallocating scene render targets to support 1144x928 (Frame:1135).
[2015.03.12-13.06.54:211][207]LogEditorViewport: Clicking on Actor (LMB): Landscape (Landscape3)
[2015.03.12-13.06.55:064][286]BlueprintLog: New page: Pre-PIE auto-recompile
[2015.03.12-13.06.55:065][286]LogPlayLevel: [PIE] Compiling SpacyMap before PIE...
[2015.03.12-13.06.55:114][286]LogPlayLevel: PIE:  Blueprint regeneration took 49 ms (1 blueprints)
[2015.03.12-13.06.55:115][286]PIE: New page: PIE session: SpacyMap (Mar 12, 2015, 5:06:55 AM)
[2015.03.12-13.06.55:126][286]LogPlayLevel: PIE: StaticDuplicateObject took: (0.011181s)
[2015.03.12-13.06.55:128][286]LogPlayLevel: PIE: World Init took: (0.000600s)
[2015.03.12-13.06.55:128][286]LogPlayLevel: PIE: Created PIE world by copying editor world from /Game/SpacyMap.SpacyMap to /Game/UEDPIE_0_SpacyMap.SpacyMap (0.012720s)
[2015.03.12-13.06.55:163][286]LogWorld: Game class is 'SpaceShooterGameMode'
[2015.03.12-13.06.55:167][286]LogAIModule: Creating AISystem for world SpacyMap
[2015.03.12-13.06.55:184][286]LogWorld: Bringing World /Game/UEDPIE_0_SpacyMap.SpacyMap up for play (max tick rate 0) at 2015.03.12-09.06.55
[2015.03.12-13.06.55:186][286]LogWorld: Bringing up level for play took: 0.017570
[2015.03.12-13.06.55:190][286]PIE: Info Play in editor start time for /Game/UEDPIE_0_SpacyMap -0.725
[2015.03.12-13.06.59:976][563]LogParticles: Destroying 0 GPU particle simulations for FXSystem 0x000000000CDCE480
[2015.03.12-13.07.04:367][ 53]Recompiling SpaceShooter...
[2015.03.12-13.07.04:368][ 53]Launching UnrealBuildTool... [C:/Program Files/Unreal Engine/4.7/Engine/Binaries/DotNET/UnrealBuildTool.exe SpaceShooter -ModuleWithSuffix SpaceShooter 4469 Win64 Development -editorrecompile -canskiplink "C:/Users/sctcad/Desktop/SpaceShooter/SpaceShooter/SpaceShooter/SpaceShooter.uproject" -rocket  -rocket]
[2015.03.12-13.07.04:372][ 53]Warning: Starting HotReload took  0.0s.
[2015.03.12-13.07.07:832][383]CompilerResultsLog: New page: Compilation - Mar 12, 2015, 5:07:07 AM
[2015.03.12-13.07.07:833][383]CompilerResultsLog: Info Target is up to date.
[2015.03.12-13.07.07:833][383]LogMainFrame: MainFrame: Module compiling took 3.514 seconds
[2015.03.12-13.07.25:754][ 88]Recompiling SpaceShooter...
[2015.03.12-13.07.25:755][ 88]Launching UnrealBuildTool... [C:/Program Files/Unreal Engine/4.7/Engine/Binaries/DotNET/UnrealBuildTool.exe SpaceShooter -ModuleWithSuffix SpaceShooter 8372 Win64 Development -editorrecompile -canskiplink "C:/Users/sctcad/Desktop/SpaceShooter/SpaceShooter/SpaceShooter/SpaceShooter.uproject" -rocket  -rocket]
[2015.03.12-13.07.25:756][ 88]Warning: Starting HotReload took  0.0s.
[2015.03.12-13.07.45:417][227]CompilerResultsLog: New page: Compilation - Mar 12, 2015, 5:07:45 AM
[2015.03.12-13.07.45:422][227]CompilerResultsLog: Info Performing 2 actions (4 in parallel)
[2015.03.12-13.07.45:422][227]CompilerResultsLog: Info Ship.cpp
[2015.03.12-13.07.45:422][227]CompilerResultsLog:Error: Error c:\users\sctcad\desktop\spaceshooter\spaceshooter\spaceshooter\source\spaceshooter\Projectile.h(21) : warning C4996: TSubobjectPtr is deprecated and should no longer be used. Please use pointers instead.
[2015.03.12-13.07.45:423][227]CompilerResultsLog:Error: Error c:\users\sctcad\desktop\spaceshooter\spaceshooter\spaceshooter\source\spaceshooter\Projectile.h(27) : warning C4996: TSubobjectPtr is deprecated and should no longer be used. Please use pointers instead.
[2015.03.12-13.07.45:423][227]CompilerResultsLog:Error: Error c:\users\sctcad\desktop\spaceshooter\spaceshooter\spaceshooter\source\spaceshooter\SpacyCamera.h(17) : warning C4996: TSubobjectPtr is deprecated and should no longer be used. Please use pointers instead.
[2015.03.12-13.07.45:423][227]CompilerResultsLog:Error: Error c:\users\sctcad\desktop\spaceshooter\spaceshooter\spaceshooter\source\spaceshooter\Ship.h(32) : warning C4996: TSubobjectPtr is deprecated and should no longer be used. Please use pointers instead.
[2015.03.12-13.07.45:424][227]CompilerResultsLog:Error: Error C:\Users\sctcad\Desktop\SpaceShooter\SpaceShooter\SpaceShooter\Source\SpaceShooter\Ship.cpp(6) : warning C4996: FPostConstructInitializeProperties is deprecated and was renamed to FObjectInitializer. Please use that type instead.
[2015.03.12-13.07.45:424][227]CompilerResultsLog: Info [2/2] Link UE4Editor-SpaceShooter-8372.dll
[2015.03.12-13.07.45:424][227]CompilerResultsLog:Error: Error LINK : fatal error LNK1181: cannot open input file 'delayimp.lib'
[2015.03.12-13.07.45:425][227]CompilerResultsLog: Info -------- End Detailed Actions Stats -----------------------------------------------------------
[2015.03.12-13.07.45:425][227]CompilerResultsLog: Info ERROR: UBT ERROR: