Log file open, 03/12/15 09:22:37
LogInit:Display: Running engine for game: SpaceShooter
LogInit: Version: 4.7.2-2467323+++depot+UE4-Releases+4.7
LogInit: API Version: 2455222
LogInit: Compiled (64-bit): Mar  2 2015 23:16:34
LogInit: Compiled with Visual C++: 18.00.21005.01
LogInit: Build Configuration: Development
LogInit: Branch Name: ++depot+UE4-Releases+4.7
LogInit: Command line: 
LogInit: Base directory: C:/Program Files/Unreal Engine/4.7/Engine/Binaries/Win64/
LogInit: Rocket: 1
[2015.03.12-13.22.37:363][  0]LogTaskGraph: Started task graph with 3 named threads and 6 total threads.
[2015.03.12-13.22.37:422][  0]LogOnline:Warning: No default platform service specified for OnlineSubsystem
[2015.03.12-13.22.37:470][  0]LogInit: Presizing for 0 objects not considered by GC, pre-allocating 0 bytes.
[2015.03.12-13.22.37:483][  0]LogInit: Object subsystem initialized
[2015.03.12-13.22.37:486][  0]LogInit: Selected Device Profile: [Windows]
[2015.03.12-13.22.37:486][  0]LogInit: Applying CVar settings loaded from the selected device profile: [Windows]
[2015.03.12-13.22.37:500][  0]LogInit: Computer: C401IT34
[2015.03.12-13.22.37:501][  0]LogInit: User: sctcad
[2015.03.12-13.22.37:501][  0]LogInit: CPU Page size=4096, Cores=4
[2015.03.12-13.22.37:501][  0]LogInit: High frequency timer resolution =2.741210 MHz
[2015.03.12-13.22.37:502][  0]LogMemory: Memory total: Physical=6.0GB (6GB approx) Virtual=8192.0GB
[2015.03.12-13.22.37:502][  0]LogMemory: Platform Memory Stats for Windows
[2015.03.12-13.22.37:502][  0]LogMemory: Process Physical Memory: 46.34 MB used, 46.34 MB peak
[2015.03.12-13.22.37:503][  0]LogMemory: Process Virtual Memory: 24.74 MB used, 24.74 MB peak
[2015.03.12-13.22.37:503][  0]LogMemory: Physical Memory: 4648.80 MB used, 6134.93 MB total
[2015.03.12-13.22.37:503][  0]LogMemory: Virtual Memory: 275.32 MB used, 8388608.00 MB total
[2015.03.12-13.22.37:582][  0]LogD3D11RHI: Found D3D11 adapter 0: NVIDIA GeForce GTX 260   (Feature Level 10_0)
[2015.03.12-13.22.37:582][  0]LogD3D11RHI: Adapter has 1767MB of dedicated video memory, 0MB of dedicated system memory, and 2303MB of shared system memory, 1 output[s]
[2015.03.12-13.22.37:583][  0]LogD3D11RHI: Chosen D3D11 Adapter Id = 0
[2015.03.12-13.22.37:588][  0]LogRHI: Texture pool is 1237 MB (70% of 1767 MB)
[2015.03.12-13.22.37:620][  0]LogD3D11RHI: Async texture creation enabled
[2015.03.12-13.22.37:729][  0]LogTextLocalizationManager: The requested culture ('en_US') has no localization data; parent culture's ('en') localization data will be used.
[2015.03.12-13.22.37:931][  0]LogContentStreaming: Texture pool size is 0.000000MB
[2015.03.12-13.22.40:847][  0]LogTargetPlatformManager:Display: Building Assets For Windows
[2015.03.12-13.22.41:603][  0]LogTargetPlatformManager:Display: Building Assets For Windows
[2015.03.12-13.22.41:711][  0]LogDerivedDataCache:Display: Max Cache Size: 512 MB
[2015.03.12-13.22.41:754][  0]LogDerivedDataCache: Loaded boot cache 0.04s 37MB C:/Users/sctcad/AppData/Local/UnrealEngine/4.7/DerivedDataCache/Boot.ddc.
[2015.03.12-13.22.41:755][  0]LogDerivedDataCache:Display: Loaded Boot cache: C:/Users/sctcad/AppData/Local/UnrealEngine/4.7/DerivedDataCache/Boot.ddc
[2015.03.12-13.22.41:755][  0]LogDerivedDataCache: FDerivedDataBackendGraph:  Pak pak cache file ../../../../../../Users/sctcad/Desktop/SpaceShooter/SpaceShooter/SpaceShooter/DerivedDataCache/DDC.ddp not found, will not use a pak cache.
[2015.03.12-13.22.41:755][  0]LogDerivedDataCache: Unable to find inner node Pak for hierarchical cache Hierarchy.
[2015.03.12-13.22.41:911][  0]LogDerivedDataCache:Display: Pak cache opened for reading ../../../Engine/DerivedDataCache/Compressed.ddp.
[2015.03.12-13.22.41:924][  0]LogDerivedDataCache: Using Local data cache path C:/Users/sctcad/AppData/Local/UnrealEngine/Common/DerivedDataCache: Writable
[2015.03.12-13.22.42:340][  0]LogMeshUtilities: No automatic mesh reduction module available
[2015.03.12-13.22.42:340][  0]LogMeshUtilities: No automatic mesh merging module available
[2015.03.12-13.22.42:822][  0]LogInit: WinSock: version 1.1 (2.2), MaxSocks=32767, MaxUdp=65467
[2015.03.12-13.22.42:959][  0]LogSlate:Warning: Failed to load font data from '../../../Engine/Content/Slate/Fonts/Roboto-Italic.ttf'
[2015.03.12-13.22.44:243][  0]UdpMessaging: Initializing bridge on interface 0.0.0.0:0 to multicast group 230.0.0.1:6666.
[2015.03.12-13.22.44:667][  0]SourceControl: Info Source control is disabled
[2015.03.12-13.22.44:668][  0]SourceControl: Info Source control is disabled
[2015.03.12-13.22.44:668][  0]SourceControl: Info Source control is disabled
[2015.03.12-13.22.44:668][  0]LogSourceControl: RunCommandInternalRaw: 'git version'
[2015.03.12-13.22.44:669][  0]LogSourceControl: RunCommandInternalRaw: ExecProcess ReturnCode=2 OutResults=''
[2015.03.12-13.22.44:681][  0]SourceControl: Info Source control is disabled
[2015.03.12-13.22.45:097][  0]LogObj: 24314 objects as part of root set at end of initial load.
[2015.03.12-13.22.45:097][  0]LogUObjectAllocator: 5179336 out of 0 bytes used by permanent object pool.
[2015.03.12-13.22.45:226][  0]LogEngine: Initializing Engine...
[2015.03.12-13.22.48:402][  0]LogInit: XAudio2 using 'Digital Audio (HDMI) (2- High Definition Audio Device)' : 2 channels at 44.1 kHz using 16 bits per sample (channel mask 0x3)
[2015.03.12-13.22.48:419][  0]LogInit: FAudioDevice initialized.
[2015.03.12-13.22.48:478][  0]LogAIModule: Creating AISystem for world NewWorld
[2015.03.12-13.22.48:500][  0]LogDerivedDataCache: Saved boot cache 0.02s 37MB C:/Users/sctcad/AppData/Local/UnrealEngine/4.7/DerivedDataCache/Boot.ddc.
[2015.03.12-13.22.48:507][  0]LogInit: Texture streaming: Enabled
[2015.03.12-13.22.48:636][  0]LogAnalytics: Creating configured Analytics provider AnalyticsET
[2015.03.12-13.22.48:636][  0]LogAnalytics: ET APIKey = Rocket.Release. APIServer = http://et2.epicgames.com/ET2/. AppVersion = 4.7.2-2467323+++depot+UE4-Releases+4.7
[2015.03.12-13.22.48:636][  0]LogAnalytics: ET APIKey = Rocket.Release. DataRouterUploadURL = https://datarouter-public-service-gamedev.ol.epicgames.net/datarouter/api/v1/public/data. AppVersion = 4.7.2-2467323+++depot+UE4-Releases+4.7
[2015.03.12-13.22.48:637][  0]LogAnalytics: SetUserId 64ff77f04af0b475300fe7ab8c79c2b2|d9d81cedd9384488858a28c751665a55|7fac54aa-9f69-47ad-8344-357d0c6be1ba
[2015.03.12-13.22.48:637][  0]LogAnalytics: AnalyticsET::StartSession [Rocket.Release]
[2015.03.12-13.22.48:669][  0]LogInit: Transaction tracking system initialized
[2015.03.12-13.22.49:049][  0]BlueprintLog: New page: Editor Load
[2015.03.12-13.22.49:108][  0]LogAssetRegistry: FAssetRegistry took 0.0100 seconds to start up
[2015.03.12-13.22.49:109][  0]LogDirectoryWatcher:Warning: Failed to begin reading directory changes for ../../../Engine/Plugins/Experimental/CharacterAI/Content/. Error: 0
[2015.03.12-13.22.49:936][  0]LogTargetPlatformManager:Display: Building Assets For Windows
[2015.03.12-13.22.50:406][  0]LogTargetPlatformManager:Display: Building Assets For Windows
[2015.03.12-13.22.51:040][  0]LogSlate:Warning: Failed to load font data from '../../../Engine/Content/Editor/Slate/Fonts/Roboto-Regular.ttf'
[2015.03.12-13.22.51:042][  0]LogSlate:Warning: Failed to load font data from '../../../Engine/Content/Editor/Slate/Fonts/Roboto-Bold.ttf'
[2015.03.12-13.22.51:048][  0]LogConsoleResponse:Display: 
[2015.03.12-13.22.51:239][  0]LogCook:Display: Done creating registry. It took  0.00s.
[2015.03.12-13.22.51:557][  0]SourceControl: Info Source control is disabled
[2015.03.12-13.22.51:557][  0]Cmd: MAP LOAD FILE="../../../../../../Users/sctcad/Desktop/SpaceShooter/SpaceShooter/SpaceShooter/Content/SpacyMap.umap" TEMPLATE=0 SHOWPROGRESS=1 FEATURELEVEL=2
[2015.03.12-13.22.51:558][  0]LightingResults: New page: Lighting Build
[2015.03.12-13.22.51:578][  0]MapCheck: New page: Map Check
[2015.03.12-13.22.51:578][  0]LightingResults: New page: Lighting Build
[2015.03.12-13.22.51:590][  0]LogParticles: Destroying 0 GPU particle simulations for FXSystem 0x00000000040E9800
[2015.03.12-13.22.52:547][  0]LogEditorServer: Finished looking for orphan Actors (0.000 secs)
[2015.03.12-13.22.52:548][  0]LogAIModule: Creating AISystem for world SpacyMap
[2015.03.12-13.22.52:549][  0]Cmd: MAP CHECKDEP
[2015.03.12-13.22.52:549][  0]MapCheck: New page: SpacyMap - Mar 12, 2015, 5:22:52 AM
[2015.03.12-13.22.52:653][  0]MapCheck: Info Map check complete: 0 Error(s), 0 Warning(s), took 103.391ms to complete.
[2015.03.12-13.22.52:653][  0]LogFileHelpers: Loading map 'SpacyMap' took 1.098
[2015.03.12-13.22.52:756][  0]LogCollectionManager: Loaded 0 collections in 0.002101 seconds
[2015.03.12-13.22.52:776][  0]LogContentBrowser: Native class hierarchy populated in 0.0190 seconds. Added 1701 classes and 263 folders.
[2015.03.12-13.22.52:800][  0]LogContentBrowser:Verbose: The content browser source was changed by the sources view to '/Classes_Game/SpaceShooter'
[2015.03.12-13.22.52:902][  0]LogContentBrowser: Native class hierarchy updated for 'SceneOutliner' in 0.0071 seconds. Added 1 classes and 2 folders.
[2015.03.12-13.22.53:015][  0]LogCrashTracker: Crashtracker disabled due to settings.
[2015.03.12-13.22.53:016][  0]LogSlate:Warning: Failed to load font data from 'Veranda'
[2015.03.12-13.22.53:024][  0]LogUObjectGlobals:Warning: Failed to find object 'Class None.'
[2015.03.12-13.22.53:056][  0]LogLoad: Full Startup: 17.99 seconds (BP compile: 0.13 seconds)
[2015.03.12-13.22.53:223][  0]LogRenderer:Warning: Reallocating scene render targets to support 32x32 (Frame:2).
[2015.03.12-13.22.53:312][  0]LogRenderer:Warning: Reallocating scene render targets to support 1144x928 (Frame:4).
[2015.03.12-13.22.53:461][  1]Cmd: UpdateLandscapeEditorData -warnings
[2015.03.12-13.22.53:463][  1]Cmd: UpdateLandscapeEditorData
[2015.03.12-13.22.53:631][  4]LogAssetRegistry: Asset discovery search completed in 4.5449 seconds
[2015.03.12-13.22.55:138][160]BlueprintLog: New page: Pre-PIE auto-recompile
[2015.03.12-13.22.55:139][160]LogPlayLevel: [PIE] Compiling SpacyMap before PIE...
[2015.03.12-13.22.55:204][160]LogPlayLevel: PIE:  Blueprint regeneration took 65 ms (1 blueprints)
[2015.03.12-13.22.55:204][160]PIE: New page: PIE session: SpacyMap (Mar 12, 2015, 5:22:55 AM)
[2015.03.12-13.22.55:216][160]LogPlayLevel: PIE: StaticDuplicateObject took: (0.011345s)
[2015.03.12-13.22.55:217][160]LogPlayLevel: PIE: World Init took: (0.000593s)
[2015.03.12-13.22.55:218][160]LogPlayLevel: PIE: Created PIE world by copying editor world from /Game/SpacyMap.SpacyMap to /Game/UEDPIE_0_SpacyMap.SpacyMap (0.012716s)
[2015.03.12-13.22.55:262][160]LogWorld: Game class is 'SpaceShooterGameMode'
[2015.03.12-13.22.55:268][160]LogAIModule: Creating AISystem for world SpacyMap
[2015.03.12-13.22.55:284][160]LogWorld: Bringing World /Game/UEDPIE_0_SpacyMap.SpacyMap up for play (max tick rate 0) at 2015.03.12-09.22.55
[2015.03.12-13.22.55:286][160]LogWorld: Bringing up level for play took: 0.017402
[2015.03.12-13.22.55:290][160]PIE: Info Play in editor start time for /Game/UEDPIE_0_SpacyMap -0.216
[2015.03.12-13.23.07:503][ 42]LogParticles: Destroying 0 GPU particle simulations for FXSystem 0x0000000015D40360
[2015.03.12-13.23.08:898][160]Cmd: QUIT_EDITOR
[2015.03.12-13.23.09:238][160]LogExit: Preparing to exit.
[2015.03.12-13.23.10:336][160]LogExit: Editor shut down
[2015.03.12-13.23.10:337][160]LogExit: Transaction tracking system shut down
[2015.03.12-13.23.10:338][160]LogParticles: Destroying 0 GPU particle simulations for FXSystem 0x000000000E631620
[2015.03.12-13.23.10:339][160]LogParticles: Destroying 0 GPU particle simulations for FXSystem 0x0000000015C602C0
[2015.03.12-13.23.10:339][160]LogParticles: Destroying 0 GPU particle simulations for FXSystem 0x000000001B3BBB00
[2015.03.12-13.23.10:388][160]LogExit: Object subsystem successfully closed.
[2015.03.12-13.23.10:445][160]LogModuleManager: Shutting down and abandoning module CrashTracker (178)
[2015.03.12-13.23.10:446][160]LogModuleManager: Shutting down and abandoning module SuperSearch (177)
[2015.03.12-13.23.10:446][160]LogModuleManager: Shutting down and abandoning module SceneOutliner (176)
[2015.03.12-13.23.10:446][160]LogModuleManager: Shutting down and abandoning module EditorWidgets (175)
[2015.03.12-13.23.10:446][160]LogModuleManager: Shutting down and abandoning module CollectionManager (174)
[2015.03.12-13.23.10:447][160]LogModuleManager: Shutting down and abandoning module StatsViewer (173)
[2015.03.12-13.23.10:447][160]LogModuleManager: Shutting down and abandoning module FoliageEdit (172)
[2015.03.12-13.23.10:447][160]LogModuleManager: Shutting down and abandoning module LandscapeEditor (171)
[2015.03.12-13.23.10:448][160]LogModuleManager: Shutting down and abandoning module MeshPaint (170)
[2015.03.12-13.23.10:448][160]LogModuleManager: Shutting down and abandoning module ActorPickerMode (169)
[2015.03.12-13.23.10:448][160]LogModuleManager: Shutting down and abandoning module GeometryMode (168)
[2015.03.12-13.23.10:449][160]LogModuleManager: Shutting down and abandoning module TextureAlignMode (167)
[2015.03.12-13.23.10:449][160]LogModuleManager: Shutting down and abandoning module BspMode (166)
[2015.03.12-13.23.10:449][160]LogModuleManager: Shutting down and abandoning module PlacementMode (165)
[2015.03.12-13.23.10:450][160]LogModuleManager: Shutting down and abandoning module AutomationWorker (164)
[2015.03.12-13.23.10:450][160]LogModuleManager: Shutting down and abandoning module CharacterAI (163)
[2015.03.12-13.23.10:451][160]LogModuleManager: Shutting down and abandoning module SmartSnapping (162)
[2015.03.12-13.23.10:451][160]LogModuleManager: Shutting down and abandoning module ViewportSnapping (161)
[2015.03.12-13.23.10:451][160]LogModuleManager: Shutting down and abandoning module LogVisualizer (160)
[2015.03.12-13.23.10:452][160]LogModuleManager: Shutting down and abandoning module GameProjectGeneration (159)
[2015.03.12-13.23.10:452][160]LogModuleManager: Shutting down and abandoning module IntroTutorials (158)
[2015.03.12-13.23.10:452][160]LogModuleManager: Shutting down and abandoning module EditorLiveStreaming (157)
[2015.03.12-13.23.10:453][160]LogModuleManager: Shutting down and abandoning module HardwareTargeting (156)
[2015.03.12-13.23.10:453][160]LogModuleManager: Shutting down and abandoning module DeviceProfileEditor (155)
[2015.03.12-13.23.10:453][160]LogModuleManager: Shutting down and abandoning module UndoHistory (154)
[2015.03.12-13.23.10:453][160]LogModuleManager: Shutting down and abandoning module GameplayTagsEditor (153)
[2015.03.12-13.23.10:454][160]LogModuleManager: Shutting down and abandoning module UserFeedback (152)
[2015.03.12-13.23.10:454][160]LogModuleManager: Shutting down and abandoning module XmlParser (151)
[2015.03.12-13.23.10:454][160]LogModuleManager: Shutting down and abandoning module Blutility (150)
[2015.03.12-13.23.10:454][160]LogModuleManager: Shutting down and abandoning module IOSPlatformEditor (149)
[2015.03.12-13.23.10:455][160]LogModuleManager: Shutting down and abandoning module IOSRuntimeSettings (148)
[2015.03.12-13.23.10:455][160]LogModuleManager: Shutting down and abandoning module AndroidDeviceDetection (147)
[2015.03.12-13.23.10:556][160]LogModuleManager: Shutting down and abandoning module AndroidPlatformEditor (146)
[2015.03.12-13.23.10:556][160]LogModuleManager: Shutting down and abandoning module AndroidRuntimeSettings (145)
[2015.03.12-13.23.10:557][160]LogModuleManager: Shutting down and abandoning module ProjectTargetPlatformEditor (144)
[2015.03.12-13.23.10:557][160]LogModuleManager: Shutting down and abandoning module ProjectSettingsViewer (143)
[2015.03.12-13.23.10:557][160]LogModuleManager: Shutting down and abandoning module InputBindingEditor (142)
[2015.03.12-13.23.10:558][160]LogModuleManager: Shutting down and abandoning module EditorSettingsViewer (141)
[2015.03.12-13.23.10:558][160]LogModuleManager: Shutting down and abandoning module SettingsEditor (140)
[2015.03.12-13.23.10:558][160]LogModuleManager: Shutting down and abandoning module ProjectLauncher (139)
[2015.03.12-13.23.10:559][160]LogModuleManager: Shutting down and abandoning module SessionFrontend (138)
[2015.03.12-13.23.10:559][160]LogModuleManager: Shutting down and abandoning module ProfilerClient (137)
[2015.03.12-13.23.10:559][160]LogModuleManager: Shutting down and abandoning module TargetDeviceServices (136)
[2015.03.12-13.23.10:560][160]LogModuleManager: Shutting down and abandoning module DeviceManager (135)
[2015.03.12-13.23.10:560][160]LogModuleManager: Shutting down and abandoning module AutomationController (134)
[2015.03.12-13.23.10:560][160]LogModuleManager: Shutting down and abandoning module AutomationWindow (133)
[2015.03.12-13.23.10:560][160]LogModuleManager: Shutting down and abandoning module Layers (132)
[2015.03.12-13.23.10:561][160]LogModuleManager: Shutting down and abandoning module ComponentVisualizers (131)
[2015.03.12-13.23.10:561][160]LogModuleManager: Shutting down and abandoning module DetailCustomizations (130)
[2015.03.12-13.23.10:561][160]LogModuleManager: Shutting down and abandoning module PackagesDialog (129)
[2015.03.12-13.23.10:561][160]LogModuleManager: Shutting down and abandoning module AssetRegistry (128)
[2015.03.12-13.23.10:596][160]LogModuleManager: Shutting down and abandoning module Persona (127)
[2015.03.12-13.23.10:596][160]LogModuleManager: Shutting down and abandoning module SlateReflector (126)
[2015.03.12-13.23.10:596][160]LogModuleManager: Shutting down and abandoning module LevelEditor (125)
[2015.03.12-13.23.10:598][160]LogModuleManager: Shutting down and abandoning module Kismet (124)
[2015.03.12-13.23.10:598][160]LogModuleManager: Shutting down and abandoning module GraphEditor (123)
[2015.03.12-13.23.10:598][160]LogModuleManager: Shutting down and abandoning module ClassViewer (122)
[2015.03.12-13.23.10:599][160]LogModuleManager: Shutting down and abandoning module Toolbox (121)
[2015.03.12-13.23.10:599][160]LogModuleManager: Shutting down and abandoning module ModuleUI (120)
[2015.03.12-13.23.10:599][160]LogModuleManager: Shutting down and abandoning module MovieSceneTools (119)
[2015.03.12-13.23.10:599][160]LogModuleManager: Shutting down and abandoning module OutputLog (118)
[2015.03.12-13.23.10:600][160]LogModuleManager: Shutting down and abandoning module GammaUI (117)
[2015.03.12-13.23.10:600][160]LogModuleManager: Shutting down and abandoning module Documentation (116)
[2015.03.12-13.23.10:600][160]LogModuleManager: Shutting down and abandoning module GameLiveStreaming (115)
[2015.03.12-13.23.10:601][160]LogModuleManager: Shutting down and abandoning module StreamingPauseRendering (114)
[2015.03.12-13.23.10:601][160]LogModuleManager: Shutting down and abandoning module HTTP (113)
[2015.03.12-13.23.10:602][160]LogModuleManager: Shutting down and abandoning module AnalyticsET (112)
[2015.03.12-13.23.10:602][160]LogModuleManager: Shutting down and abandoning module Analytics (111)
[2015.03.12-13.23.10:602][160]LogModuleManager: Shutting down and abandoning module AITestSuite (110)
[2015.03.12-13.23.10:602][160]LogModuleManager: Shutting down and abandoning module GameplayDebugger (109)
[2015.03.12-13.23.10:603][160]LogModuleManager: Shutting down and abandoning module AIModule (108)
[2015.03.12-13.23.10:603][160]LogModuleManager: Shutting down and abandoning module ProfilerService (107)
[2015.03.12-13.23.10:614][160]LogModuleManager: Shutting down and abandoning module TaskGraph (106)
[2015.03.12-13.23.10:614][160]LogModuleManager: Shutting down and abandoning module SlateRemote (105)
[2015.03.12-13.23.10:615][160]LogModuleManager: Shutting down and abandoning module ScriptEditorPlugin (104)
[2015.03.12-13.23.10:615][160]LogModuleManager: Shutting down and abandoning module CustomMeshComponent (103)
[2015.03.12-13.23.10:615][160]LogModuleManager: Shutting down and abandoning module CableComponent (102)
[2015.03.12-13.23.10:616][160]LogModuleManager: Shutting down and abandoning module MessagingDebugger (101)
[2015.03.12-13.23.10:616][160]LogModuleManager: Shutting down and abandoning module MediaPlayerEditor (100)
[2015.03.12-13.23.10:616][160]LogModuleManager: Shutting down and abandoning module SpeedTreeImporter (99)
[2015.03.12-13.23.10:616][160]LogModuleManager: Shutting down and abandoning module PluginsEditor (98)
[2015.03.12-13.23.10:616][160]LogModuleManager: Shutting down and abandoning module MainFrame (97)
[2015.03.12-13.23.10:616][160]LogModuleManager: Shutting down and abandoning module EpicSurvey (96)
[2015.03.12-13.23.10:617][160]LogModuleManager: Shutting down and abandoning module DesktopPlatform (95)
[2015.03.12-13.23.10:618][160]LogModuleManager: Shutting down and abandoning module DirectoryWatcher (94)
[2015.03.12-13.23.10:619][160]LogModuleManager: Shutting down and abandoning module HotReload (93)
[2015.03.12-13.23.10:619][160]LogModuleManager: Shutting down and abandoning module VisualStudioSourceCodeAccess (92)
[2015.03.12-13.23.10:619][160]LogModuleManager: Shutting down and abandoning module UObjectPlugin (91)
[2015.03.12-13.23.10:620][160]LogModuleManager: Shutting down and abandoning module SubversionSourceControl (90)
[2015.03.12-13.23.10:620][160]LogModuleManager: Shutting down and abandoning module PerforceSourceControl (89)
[2015.03.12-13.23.10:620][160]LogModuleManager: Shutting down and abandoning module SourceControl (88)
[2015.03.12-13.23.10:620][160]LogModuleManager: Shutting down and abandoning module GitSourceControl (87)
[2015.03.12-13.23.10:621][160]LogModuleManager: Shutting down and abandoning module BlankPlugin (86)
[2015.03.12-13.23.10:621][160]LogModuleManager: Shutting down and abandoning module PaperTiledImporter (85)
[2015.03.12-13.23.10:621][160]LogModuleManager: Shutting down and abandoning module PaperJsonImporter (84)
[2015.03.12-13.23.10:621][160]LogModuleManager: Shutting down and abandoning module ContentBrowser (83)
[2015.03.12-13.23.10:622][160]LogModuleManager: Shutting down and abandoning module Paper2DEditor (82)
[2015.03.12-13.23.10:622][160]LogModuleManager: Shutting down and abandoning module SpaceShooter (81)
[2015.03.12-13.23.10:623][160]LogModuleManager: Shutting down and abandoning module ScriptPlugin (80)
[2015.03.12-13.23.10:623][160]LogModuleManager: Shutting down and abandoning module UdpMessaging (79)
[2015.03.12-13.23.10:723][160]LogModuleManager: Shutting down and abandoning module Paper2D (78)
[2015.03.12-13.23.10:723][160]LogModuleManager: Shutting down and abandoning module WindowsMoviePlayer (77)
[2015.03.12-13.23.10:725][160]LogModuleManager: Shutting down and abandoning module Media (76)
[2015.03.12-13.23.10:726][160]LogModuleManager: Shutting down and abandoning module WmfMedia (75)
[2015.03.12-13.23.10:727][160]LogModuleManager: Shutting down and abandoning module OnlineBlueprintSupport (74)
[2015.03.12-13.23.10:728][160]LogModuleManager: Shutting down and abandoning module PropertyEditor (73)
[2015.03.12-13.23.10:728][160]LogModuleManager: Shutting down and abandoning module BehaviorTreeEditor (72)
[2015.03.12-13.23.10:728][160]LogModuleManager: Shutting down and abandoning module FunctionalTesting (71)
[2015.03.12-13.23.10:729][160]LogModuleManager: Shutting down and abandoning module CollisionAnalyzer (70)
[2015.03.12-13.23.10:729][160]LogModuleManager: Shutting down and abandoning module WorkspaceMenuStructure (69)
[2015.03.12-13.23.10:729][160]LogModuleManager: Shutting down and abandoning module MessageLog (68)
[2015.03.12-13.23.10:729][160]LogModuleManager: Shutting down and abandoning module Sequencer (67)
[2015.03.12-13.23.10:730][160]LogModuleManager: Shutting down and abandoning module AssetTools (66)
[2015.03.12-13.23.10:730][160]LogModuleManager: Shutting down and abandoning module UMGEditor (65)
[2015.03.12-13.23.10:730][160]LogModuleManager: Shutting down and abandoning module UMG (64)
[2015.03.12-13.23.10:730][160]LogModuleManager: Shutting down and abandoning module Slate (63)
[2015.03.12-13.23.10:731][160]LogModuleManager: Shutting down and abandoning module EditorStyle (62)
[2015.03.12-13.23.10:735][160]LogModuleManager: Shutting down and abandoning module SessionServices (61)
[2015.03.12-13.23.10:736][160]LogModuleManager: Shutting down and abandoning module SourceCodeAccess (60)
[2015.03.12-13.23.10:736][160]LogModuleManager: Shutting down and abandoning module HeadMountedDisplay (59)
[2015.03.12-13.23.10:736][160]LogModuleManager: Shutting down and abandoning module XAudio2 (58)
[2015.03.12-13.23.10:736][160]LogModuleManager: Shutting down and abandoning module Networking (56)
[2015.03.12-13.23.10:737][160]LogModuleManager: Shutting down and abandoning module Core (55)
[2015.03.12-13.23.10:737][160]LogModuleManager: Shutting down and abandoning module KismetCompiler (54)
[2015.03.12-13.23.10:737][160]LogModuleManager: Shutting down and abandoning module PhysXFormats (53)
[2015.03.12-13.23.10:737][160]LogModuleManager: Shutting down and abandoning module MeshUtilities (52)
[2015.03.12-13.23.10:738][160]LogModuleManager: Shutting down and abandoning module DerivedDataCache (51)
[2015.03.12-13.23.10:854][160]LogDerivedDataCache: Shutdown
[2015.03.12-13.23.10:854][160]LogModuleManager: Shutting down and abandoning module ShaderFormatOpenGL (50)
[2015.03.12-13.23.10:855][160]LogModuleManager: Shutting down and abandoning module ShaderFormatD3D (49)
[2015.03.12-13.23.10:855][160]LogModuleManager: Shutting down and abandoning module MetalShaderFormat (48)
[2015.03.12-13.23.10:855][160]LogModuleManager: Shutting down and abandoning module TextureFormatUncompressed (47)
[2015.03.12-13.23.10:855][160]LogModuleManager: Shutting down and abandoning module TextureFormatPVR (46)
[2015.03.12-13.23.10:856][160]LogModuleManager: Shutting down and abandoning module TextureFormatIntelISPCTexComp (45)
[2015.03.12-13.23.10:856][160]LogModuleManager: Shutting down and abandoning module TextureFormatDXT (44)
[2015.03.12-13.23.10:856][160]LogModuleManager: Shutting down and abandoning module ImageWrapper (43)
[2015.03.12-13.23.10:856][160]LogModuleManager: Shutting down and abandoning module TextureFormatASTC (42)
[2015.03.12-13.23.10:857][160]LogModuleManager: Shutting down and abandoning module TextureFormatAndroid (41)
[2015.03.12-13.23.10:857][160]LogModuleManager: Shutting down and abandoning module AudioFormatOpus (40)
[2015.03.12-13.23.10:857][160]LogModuleManager: Shutting down and abandoning module AudioFormatOgg (39)
[2015.03.12-13.23.10:857][160]LogModuleManager: Shutting down and abandoning module AudioFormatADPCM (38)
[2015.03.12-13.23.10:857][160]LogModuleManager: Shutting down and abandoning module LinuxTargetPlatform (37)
[2015.03.12-13.23.10:858][160]LogModuleManager: Shutting down and abandoning module LinuxServerTargetPlatform (36)
[2015.03.12-13.23.10:858][160]LogModuleManager: Shutting down and abandoning module LinuxNoEditorTargetPlatform (35)
[2015.03.12-13.23.10:858][160]LogModuleManager: Shutting down and abandoning module Messaging (34)
[2015.03.12-13.23.10:858][160]LogModuleManager: Shutting down and abandoning module IOSTargetPlatform (33)
[2015.03.12-13.23.10:859][160]LogModuleManager: Shutting down and abandoning module HTML5TargetPlatform (32)
[2015.03.12-13.23.10:859][160]LogModuleManager: Shutting down and abandoning module Android_PVRTCTargetPlatform (31)
[2015.03.12-13.23.10:859][160]LogModuleManager: Shutting down and abandoning module Android_ETC2TargetPlatform (30)
[2015.03.12-13.23.10:859][160]LogModuleManager: Shutting down and abandoning module Android_ETC1TargetPlatform (29)
[2015.03.12-13.23.10:860][160]LogModuleManager: Shutting down and abandoning module Android_ES31TargetPlatform (28)
[2015.03.12-13.23.10:860][160]LogModuleManager: Shutting down and abandoning module Android_DXTTargetPlatform (27)
[2015.03.12-13.23.10:860][160]LogModuleManager: Shutting down and abandoning module Android_ATCTargetPlatform (26)
[2015.03.12-13.23.10:860][160]LogModuleManager: Shutting down and abandoning module AndroidTargetPlatform (25)
[2015.03.12-13.23.10:861][160]LogModuleManager: Shutting down and abandoning module WindowsTargetPlatform (24)
[2015.03.12-13.23.10:861][160]LogModuleManager: Shutting down and abandoning module WindowsServerTargetPlatform (23)
[2015.03.12-13.23.10:861][160]LogModuleManager: Shutting down and abandoning module WindowsNoEditorTargetPlatform (22)
[2015.03.12-13.23.10:861][160]LogModuleManager: Shutting down and abandoning module WindowsClientTargetPlatform (21)
[2015.03.12-13.23.10:862][160]LogModuleManager: Shutting down and abandoning module TargetPlatform (20)
[2015.03.12-13.23.10:862][160]LogModuleManager: Shutting down and abandoning module InputCore (19)
[2015.03.12-13.23.10:862][160]LogModuleManager: Shutting down and abandoning module Settings (18)
[2015.03.12-13.23.10:862][160]LogModuleManager: Shutting down and abandoning module OnlineSubsystem (16)
[2015.03.12-13.23.10:863][160]LogModuleManager: Shutting down and abandoning module OculusRift (15)
[2015.03.12-13.23.10:863][160]LogModuleManager: Shutting down and abandoning module ExampleDeviceProfileSelector (14)
[2015.03.12-13.23.10:863][160]LogModuleManager: Shutting down and abandoning module TextureCompressor (13)
[2015.03.12-13.23.10:864][160]LogModuleManager: Shutting down and abandoning module ShaderCore (12)
[2015.03.12-13.23.10:864][160]LogModuleManager: Shutting down and abandoning module Landscape (11)
[2015.03.12-13.23.10:865][160]LogModuleManager: Shutting down and abandoning module SlateRHIRenderer (10)
[2015.03.12-13.23.10:866][160]LogModuleManager: Shutting down and abandoning module OpenGLDrv (9)
[2015.03.12-13.23.10:867][160]LogModuleManager: Shutting down and abandoning module D3D11RHI (8)
[2015.03.12-13.23.10:867][160]LogModuleManager: Shutting down and abandoning module Renderer (7)
[2015.03.12-13.23.10:867][160]LogModuleManager: Shutting down and abandoning module Engine (6)
[2015.03.12-13.23.10:868][160]LogModuleManager: Shutting down and abandoning module CoreUObject (5)
[2015.03.12-13.23.10:868][160]LogModuleManager: Shutting down and abandoning module NetworkFile (4)
[2015.03.12-13.23.10:868][160]LogModuleManager: Shutting down and abandoning module StreamingFile (3)
[2015.03.12-13.23.10:868][160]LogModuleManager: Shutting down and abandoning module SandboxFile (2)
[2015.03.12-13.23.10:869][160]LogModuleManager: Shutting down and abandoning module PakFile (1)
[2015.03.12-13.23.10:871][160]LogExit: Exiting.
[2015.03.12-13.23.10:877][160]Log file closed, 03/12/15 09:23:10
