Log file open, 03/05/15 10:18:55
LogInit:Display: Running engine for game: SpaceShooter
LogInit: Version: 4.7.2-2467323+++depot+UE4-Releases+4.7
LogInit: API Version: 2455222
LogInit: Compiled (64-bit): Mar  2 2015 23:16:34
LogInit: Compiled with Visual C++: 18.00.21005.01
LogInit: Build Configuration: DebugGame
LogInit: Branch Name: ++depot+UE4-Releases+4.7
LogInit: Command line:  -debug
LogInit: Base directory: C:/Program Files/Unreal Engine/4.7/Engine/Binaries/Win64/
LogInit: Rocket: 1
[2015.03.05-15.18.55:484][  0]LogTaskGraph: Started task graph with 3 named threads and 6 total threads.
[2015.03.05-15.18.55:544][  0]LogOnline:Warning: No default platform service specified for OnlineSubsystem
[2015.03.05-15.18.55:592][  0]LogInit: Presizing for 0 objects not considered by GC, pre-allocating 0 bytes.
[2015.03.05-15.18.55:604][  0]LogInit: Object subsystem initialized
[2015.03.05-15.18.55:607][  0]LogInit: Selected Device Profile: [Windows]
[2015.03.05-15.18.55:608][  0]LogInit: Applying CVar settings loaded from the selected device profile: [Windows]
[2015.03.05-15.18.55:617][  0]LogInit: Computer: C401IT25
[2015.03.05-15.18.55:617][  0]LogInit: User: sctcad
[2015.03.05-15.18.55:617][  0]LogInit: CPU Page size=4096, Cores=4
[2015.03.05-15.18.55:618][  0]LogInit: High frequency timer resolution =2.741259 MHz
[2015.03.05-15.18.55:618][  0]LogMemory: Memory total: Physical=4.0GB (4GB approx) Virtual=8192.0GB
[2015.03.05-15.18.55:618][  0]LogMemory: Platform Memory Stats for Windows
[2015.03.05-15.18.55:619][  0]LogMemory: Process Physical Memory: 45.97 MB used, 45.97 MB peak
[2015.03.05-15.18.55:619][  0]LogMemory: Process Virtual Memory: 24.61 MB used, 24.62 MB peak
[2015.03.05-15.18.55:619][  0]LogMemory: Physical Memory: 3289.88 MB used, 4086.93 MB total
[2015.03.05-15.18.55:619][  0]LogMemory: Virtual Memory: 275.32 MB used, 8388608.00 MB total
[2015.03.05-15.18.55:727][  0]LogD3D11RHI: Found D3D11 adapter 0: NVIDIA GeForce GTX 260   (Feature Level 10_0)
[2015.03.05-15.18.55:727][  0]LogD3D11RHI: Adapter has 1771MB of dedicated video memory, 0MB of dedicated system memory, and 1787MB of shared system memory, 1 output[s]
[2015.03.05-15.18.55:727][  0]LogD3D11RHI: Chosen D3D11 Adapter Id = 0
[2015.03.05-15.18.55:733][  0]LogRHI: Texture pool is 1239 MB (70% of 1771 MB)
[2015.03.05-15.18.55:765][  0]LogD3D11RHI: Async texture creation enabled
[2015.03.05-15.18.55:894][  0]LogTextLocalizationManager: The requested culture ('en_US') has no localization data; parent culture's ('en') localization data will be used.
[2015.03.05-15.18.56:059][  0]LogContentStreaming: Texture pool size is 0.000000MB
[2015.03.05-15.18.59:249][  0]LogTargetPlatformManager:Display: Building Assets For Windows
[2015.03.05-15.19.00:060][  0]LogTargetPlatformManager:Display: Building Assets For Windows
[2015.03.05-15.19.00:160][  0]LogDerivedDataCache:Display: Max Cache Size: 512 MB
[2015.03.05-15.19.00:343][  0]LogDerivedDataCache: Loaded boot cache 0.18s 36MB C:/Users/sctcad/AppData/Local/UnrealEngine/4.7/DerivedDataCache/Boot.ddc.
[2015.03.05-15.19.00:344][  0]LogDerivedDataCache:Display: Loaded Boot cache: C:/Users/sctcad/AppData/Local/UnrealEngine/4.7/DerivedDataCache/Boot.ddc
[2015.03.05-15.19.00:344][  0]LogDerivedDataCache: FDerivedDataBackendGraph:  Pak pak cache file ../../../../../../Users/sctcad/Desktop/SpaceShooter/SpaceShooter/SpaceShooter/DerivedDataCache/DDC.ddp not found, will not use a pak cache.
[2015.03.05-15.19.00:345][  0]LogDerivedDataCache: Unable to find inner node Pak for hierarchical cache Hierarchy.
[2015.03.05-15.19.00:523][  0]LogDerivedDataCache:Display: Pak cache opened for reading ../../../Engine/DerivedDataCache/Compressed.ddp.
[2015.03.05-15.19.00:535][  0]LogDerivedDataCache: Using Local data cache path C:/Users/sctcad/AppData/Local/UnrealEngine/Common/DerivedDataCache: Writable
[2015.03.05-15.19.01:155][  0]LogMeshUtilities: No automatic mesh reduction module available
[2015.03.05-15.19.01:156][  0]LogMeshUtilities: No automatic mesh merging module available
[2015.03.05-15.19.01:653][  0]LogInit: WinSock: version 1.1 (2.2), MaxSocks=32767, MaxUdp=65467
[2015.03.05-15.19.01:800][  0]LogSlate:Warning: Failed to load font data from '../../../Engine/Content/Slate/Fonts/Roboto-Italic.ttf'
[2015.03.05-15.19.03:718][  0]UdpMessaging: Initializing bridge on interface 0.0.0.0:0 to multicast group 230.0.0.1:6666.
[2015.03.05-15.19.04:196][  0]SourceControl: Info Source control is disabled
[2015.03.05-15.19.04:196][  0]SourceControl: Info Source control is disabled
[2015.03.05-15.19.04:197][  0]SourceControl: Info Source control is disabled
[2015.03.05-15.19.04:197][  0]LogSourceControl: RunCommandInternalRaw: 'git version'
[2015.03.05-15.19.04:197][  0]LogSourceControl: RunCommandInternalRaw: ExecProcess ReturnCode=2 OutResults=''
[2015.03.05-15.19.04:210][  0]SourceControl: Info Source control is disabled
[2015.03.05-15.19.04:649][  0]LogObj: 24280 objects as part of root set at end of initial load.
[2015.03.05-15.19.04:650][  0]LogUObjectAllocator: 5160536 out of 0 bytes used by permanent object pool.
[2015.03.05-15.19.04:796][  0]LogEngine: Initializing Engine...
[2015.03.05-15.19.07:038][  0]LogInit: XAudio2 using 'Digital Audio (HDMI) (2- High Definition Audio Device)' : 2 channels at 44.1 kHz using 16 bits per sample (channel mask 0x3)
[2015.03.05-15.19.07:064][  0]LogInit: FAudioDevice initialized.
[2015.03.05-15.19.07:130][  0]LogAIModule: Creating AISystem for world NewWorld
[2015.03.05-15.19.07:155][  0]LogDerivedDataCache: Saved boot cache 0.02s 36MB C:/Users/sctcad/AppData/Local/UnrealEngine/4.7/DerivedDataCache/Boot.ddc.
[2015.03.05-15.19.07:163][  0]LogInit: Texture streaming: Enabled
[2015.03.05-15.19.07:317][  0]LogAnalytics: Creating configured Analytics provider AnalyticsET
[2015.03.05-15.19.07:318][  0]LogAnalytics: ET APIKey = Rocket.Release. APIServer = http://et2.epicgames.com/ET2/. AppVersion = 4.7.2-2467323+++depot+UE4-Releases+4.7
[2015.03.05-15.19.07:318][  0]LogAnalytics: ET APIKey = Rocket.Release. DataRouterUploadURL = https://datarouter-public-service-gamedev.ol.epicgames.net/datarouter/api/v1/public/data. AppVersion = 4.7.2-2467323+++depot+UE4-Releases+4.7
[2015.03.05-15.19.07:318][  0]LogAnalytics: SetUserId 2a240c6f4c728f6806e6fdbc946ea52c|d9d81cedd9384488858a28c751665a55|7fac54aa-9f69-47ad-8344-357d0c6be1ba
[2015.03.05-15.19.07:319][  0]LogAnalytics: AnalyticsET::StartSession [Rocket.Release]
[2015.03.05-15.19.07:361][  0]LogInit: Transaction tracking system initialized
[2015.03.05-15.19.08:051][  0]BlueprintLog: New page: Editor Load
[2015.03.05-15.19.08:125][  0]LogAssetRegistry: FAssetRegistry took 0.0130 seconds to start up
[2015.03.05-15.19.08:126][  0]LogDirectoryWatcher:Warning: Failed to begin reading directory changes for ../../../Engine/Plugins/Experimental/CharacterAI/Content/. Error: 0
[2015.03.05-15.19.10:001][  0]LogTargetPlatformManager:Display: Building Assets For Windows
[2015.03.05-15.19.10:440][  0]LogTargetPlatformManager:Display: Building Assets For Windows
[2015.03.05-15.19.11:358][  0]LogSlate:Warning: Failed to load font data from '../../../Engine/Content/Editor/Slate/Fonts/Roboto-Regular.ttf'
[2015.03.05-15.19.11:359][  0]LogSlate:Warning: Failed to load font data from '../../../Engine/Content/Editor/Slate/Fonts/Roboto-Bold.ttf'
[2015.03.05-15.19.11:370][  0]LogConsoleResponse:Display: 
[2015.03.05-15.19.11:632][  0]LogCook:Display: Done creating registry. It took  0.00s.
[2015.03.05-15.19.12:214][  0]SourceControl: Info Source control is disabled
[2015.03.05-15.19.12:217][  0]Cmd: MAP LOAD FILE="../../../Engine/Content/Maps/Templates/Template_Default.umap" TEMPLATE=1 SHOWPROGRESS=1 FEATURELEVEL=2
[2015.03.05-15.19.12:221][  0]LightingResults: New page: Lighting Build
[2015.03.05-15.19.12:260][  0]MapCheck: New page: Map Check
[2015.03.05-15.19.12:260][  0]LightingResults: New page: Lighting Build
[2015.03.05-15.19.12:296][  0]LogParticles: Destroying 0 GPU particle simulations for FXSystem 0x0000000010BE3060
[2015.03.05-15.19.13:319][  0]LogEditorServer: Finished looking for orphan Actors (0.000 secs)
[2015.03.05-15.19.13:323][  0]LogAIModule: Creating AISystem for world Untitled_1
[2015.03.05-15.19.13:332][  0]Cmd: MAP CHECKDEP
[2015.03.05-15.19.13:335][  0]MapCheck: New page: Untitled_1 - Mar 5, 2015, 5:19:13 AM
[2015.03.05-15.19.13:441][  0]MapCheck: Info Map check complete: 0 Error(s), 0 Warning(s), took 107.949ms to complete.
[2015.03.05-15.19.13:441][  0]LogFileHelpers: Loading map 'Template_Default' took 1.229
[2015.03.05-15.19.13:685][  0]LogCollectionManager: Loaded 0 collections in 0.002183 seconds
[2015.03.05-15.19.13:708][  0]LogContentBrowser: Native class hierarchy populated in 0.0220 seconds. Added 1700 classes and 263 folders.
[2015.03.05-15.19.13:757][  0]LogContentBrowser:Verbose: The content browser source was changed by the sources view to '/Game'
[2015.03.05-15.19.13:943][  0]LogContentBrowser: Native class hierarchy updated for 'SceneOutliner' in 0.0062 seconds. Added 1 classes and 2 folders.
[2015.03.05-15.19.14:211][  0]LogCrashTracker: Crashtracker disabled due to settings.
[2015.03.05-15.19.14:219][  0]LogSlate:Warning: Failed to load font data from 'Veranda'
[2015.03.05-15.19.14:235][  0]LogUObjectGlobals:Warning: Failed to find object 'Class None.'
[2015.03.05-15.19.14:309][  0]LogLoad: Full Startup: 21.63 seconds (BP compile: 0.13 seconds)
[2015.03.05-15.19.14:517][  0]LogRenderer:Warning: Reallocating scene render targets to support 32x32 (Frame:2).
[2015.03.05-15.19.14:685][  0]LogRenderer:Warning: Reallocating scene render targets to support 1144x928 (Frame:3).
[2015.03.05-15.19.16:169][  6]LogAssetRegistry: Asset discovery search completed in 8.0772 seconds
[2015.03.05-15.19.33:661][862]MapCheck: Info SM_Template_Map_Floor_7 StaticMeshComponent0 : Repaired painted vertex colors 
[2015.03.05-15.19.33:678][862]LogUObjectGlobals:Warning: Failed to find object 'Object /Game/SpacyMapBackup-03052015.SpacyMap'
[2015.03.05-15.19.40:136][ 87]LogUObjectGlobals:Warning: Failed to find object 'Object /Game/SpacyMapBackup-03052015.SpacyMap'
[2015.03.05-15.19.42:126][149]LogLinker:Warning: Can't find file '/Game/GTFreeMaterials/Materials/Rock_JaggedCaveWall'
[2015.03.05-15.19.42:127][149]LogLinker:Warning: Can't find file for asset '/Game/GTFreeMaterials/Materials/Rock_JaggedCaveWall' while loading ../../../../../../Users/sctcad/Desktop/SpaceShooter/SpaceShooter/SpaceShooter/Content/SpacyMap.umap.
[2015.03.05-15.19.42:127][149]LoadErrors:Error: Error /Game/SpacyMap : Can't find file for asset. /Game/GTFreeMaterials/Materials/Rock_JaggedCaveWall
[2015.03.05-15.19.42:129][149]LogLinker:Warning: Can't find file '/Game/GTFreeMaterials/Materials/Rock_JaggedCaveWall'
[2015.03.05-15.19.42:129][149]LogLinker:Warning: Can't find file for asset '/Game/GTFreeMaterials/Materials/Rock_JaggedCaveWall' while loading ../../../../../../Users/sctcad/Desktop/SpaceShooter/SpaceShooter/SpaceShooter/Content/SpacyMap.umap.
[2015.03.05-15.19.42:130][149]LogLinker:Warning: Can't find file '/Game/GTFreeMaterials/Textures/Rock_JaggedCaveWall/Rock_JaggedCaveWall_2k_alb'
[2015.03.05-15.19.42:131][149]LogLinker:Warning: Can't find file for asset '/Game/GTFreeMaterials/Textures/Rock_JaggedCaveWall/Rock_JaggedCaveWall_2k_alb' while loading ../../../../../../Users/sctcad/Desktop/SpaceShooter/SpaceShooter/SpaceShooter/Content/SpacyMap.umap.
[2015.03.05-15.19.42:131][149]LoadErrors:Error: Error /Game/SpacyMap : Can't find file for asset. /Game/GTFreeMaterials/Textures/Rock_JaggedCaveWall/Rock_JaggedCaveWall_2k_alb
[2015.03.05-15.19.42:132][149]LogLinker:Warning: Can't find file '/Game/GTFreeMaterials/Textures/Rock_JaggedCaveWall/Rock_JaggedCaveWall_2k_g'
[2015.03.05-15.19.42:132][149]LogLinker:Warning: Can't find file for asset '/Game/GTFreeMaterials/Textures/Rock_JaggedCaveWall/Rock_JaggedCaveWall_2k_g' while loading ../../../../../../Users/sctcad/Desktop/SpaceShooter/SpaceShooter/SpaceShooter/Content/SpacyMap.umap.
[2015.03.05-15.19.42:133][149]LoadErrors:Error: Error /Game/SpacyMap : Can't find file for asset. /Game/GTFreeMaterials/Textures/Rock_JaggedCaveWall/Rock_JaggedCaveWall_2k_g
[2015.03.05-15.19.42:133][149]LogLinker:Warning: Can't find file '/Game/GTFreeMaterials/Textures/Rock_JaggedCaveWall/Rock_JaggedCaveWall_2k_h'
[2015.03.05-15.19.42:134][149]LogLinker:Warning: Can't find file for asset '/Game/GTFreeMaterials/Textures/Rock_JaggedCaveWall/Rock_JaggedCaveWall_2k_h' while loading ../../../../../../Users/sctcad/Desktop/SpaceShooter/SpaceShooter/SpaceShooter/Content/SpacyMap.umap.
[2015.03.05-15.19.42:134][149]LoadErrors:Error: Error /Game/SpacyMap : Can't find file for asset. /Game/GTFreeMaterials/Textures/Rock_JaggedCaveWall/Rock_JaggedCaveWall_2k_h
[2015.03.05-15.19.42:135][149]LogLinker:Warning: Can't find file '/Game/GTFreeMaterials/Textures/Rock_JaggedCaveWall/Rock_JaggedCaveWall_2k_n'
[2015.03.05-15.19.42:135][149]LogLinker:Warning: Can't find file for asset '/Game/GTFreeMaterials/Textures/Rock_JaggedCaveWall/Rock_JaggedCaveWall_2k_n' while loading ../../../../../../Users/sctcad/Desktop/SpaceShooter/SpaceShooter/SpaceShooter/Content/SpacyMap.umap.
[2015.03.05-15.19.42:135][149]LoadErrors:Error: Error /Game/SpacyMap : Can't find file for asset. /Game/GTFreeMaterials/Textures/Rock_JaggedCaveWall/Rock_JaggedCaveWall_2k_n
[2015.03.05-15.19.42:136][149]LogLinker:Warning: Can't find file '/Game/GTFreeMaterials/Textures/T_MacroVariation2'
[2015.03.05-15.19.42:137][149]LogLinker:Warning: Can't find file for asset '/Game/GTFreeMaterials/Textures/T_MacroVariation2' while loading ../../../../../../Users/sctcad/Desktop/SpaceShooter/SpaceShooter/SpaceShooter/Content/SpacyMap.umap.
[2015.03.05-15.19.42:137][149]LoadErrors:Error: Error /Game/SpacyMap : Can't find file for asset. /Game/GTFreeMaterials/Textures/T_MacroVariation2
[2015.03.05-15.19.42:139][149]LogLinker:Warning: Can't find file '/Game/GTFreeMaterials/Textures/Rock_JaggedCaveWall/Rock_JaggedCaveWall_2k_alb'
[2015.03.05-15.19.42:139][149]LogLinker:Warning: Can't find file for asset '/Game/GTFreeMaterials/Textures/Rock_JaggedCaveWall/Rock_JaggedCaveWall_2k_alb' while loading ../../../../../../Users/sctcad/Desktop/SpaceShooter/SpaceShooter/SpaceShooter/Content/SpacyMap.umap.
[2015.03.05-15.19.42:140][149]LogLinker:Warning: Can't find file '/Game/GTFreeMaterials/Textures/Rock_JaggedCaveWall/Rock_JaggedCaveWall_2k_g'
[2015.03.05-15.19.42:141][149]LogLinker:Warning: Can't find file for asset '/Game/GTFreeMaterials/Textures/Rock_JaggedCaveWall/Rock_JaggedCaveWall_2k_g' while loading ../../../../../../Users/sctcad/Desktop/SpaceShooter/SpaceShooter/SpaceShooter/Content/SpacyMap.umap.
[2015.03.05-15.19.42:141][149]LogLinker:Warning: Can't find file '/Game/GTFreeMaterials/Textures/Rock_JaggedCaveWall/Rock_JaggedCaveWall_2k_h'
[2015.03.05-15.19.42:142][149]LogLinker:Warning: Can't find file for asset '/Game/GTFreeMaterials/Textures/Rock_JaggedCaveWall/Rock_JaggedCaveWall_2k_h' while loading ../../../../../../Users/sctcad/Desktop/SpaceShooter/SpaceShooter/SpaceShooter/Content/SpacyMap.umap.
[2015.03.05-15.19.42:143][149]LogLinker:Warning: Can't find file '/Game/GTFreeMaterials/Textures/Rock_JaggedCaveWall/Rock_JaggedCaveWall_2k_n'
[2015.03.05-15.19.42:143][149]LogLinker:Warning: Can't find file for asset '/Game/GTFreeMaterials/Textures/Rock_JaggedCaveWall/Rock_JaggedCaveWall_2k_n' while loading ../../../../../../Users/sctcad/Desktop/SpaceShooter/SpaceShooter/SpaceShooter/Content/SpacyMap.umap.
[2015.03.05-15.19.42:144][149]LogLinker:Warning: Can't find file '/Game/GTFreeMaterials/Textures/T_MacroVariation2'
[2015.03.05-15.19.42:144][149]LogLinker:Warning: Can't find file for asset '/Game/GTFreeMaterials/Textures/T_MacroVariation2' while loading ../../../../../../Users/sctcad/Desktop/SpaceShooter/SpaceShooter/SpaceShooter/Content/SpacyMap.umap.
[2015.03.05-15.19.42:146][149]LogLinker:Warning: Can't find file '/Game/GTFreeMaterials/Materials/Rock_JaggedCaveWall'
[2015.03.05-15.19.42:146][149]LogLinker:Warning: Can't find file for asset '/Game/GTFreeMaterials/Materials/Rock_JaggedCaveWall' while loading NULL.
[2015.03.05-15.19.42:147][149]LogLinker:Warning: Can't find file '/Game/GTFreeMaterials/Materials/Rock_JaggedCaveWall'
[2015.03.05-15.19.42:147][149]LogLinker:Warning: Can't find file for asset '/Game/GTFreeMaterials/Materials/Rock_JaggedCaveWall' while loading NULL.
[2015.03.05-15.19.42:148][149]LogLinker:Warning: Can't find file '/Game/GTFreeMaterials/Textures/Rock_JaggedCaveWall/Rock_JaggedCaveWall_2k_alb'
[2015.03.05-15.19.42:149][149]LogLinker:Warning: Can't find file for asset '/Game/GTFreeMaterials/Textures/Rock_JaggedCaveWall/Rock_JaggedCaveWall_2k_alb' while loading NULL.
[2015.03.05-15.19.42:149][149]LogLinker:Warning: Can't find file '/Game/GTFreeMaterials/Textures/Rock_JaggedCaveWall/Rock_JaggedCaveWall_2k_g'
[2015.03.05-15.19.42:150][149]LogLinker:Warning: Can't find file for asset '/Game/GTFreeMaterials/Textures/Rock_JaggedCaveWall/Rock_JaggedCaveWall_2k_g' while loading NULL.
[2015.03.05-15.19.42:150][149]LogLinker:Warning: Can't find file '/Game/GTFreeMaterials/Textures/Rock_JaggedCaveWall/Rock_JaggedCaveWall_2k_h'
[2015.03.05-15.19.42:151][149]LogLinker:Warning: Can't find file for asset '/Game/GTFreeMaterials/Textures/Rock_JaggedCaveWall/Rock_JaggedCaveWall_2k_h' while loading NULL.
[2015.03.05-15.19.42:151][149]LogLinker:Warning: Can't find file '/Game/GTFreeMaterials/Textures/Rock_JaggedCaveWall/Rock_JaggedCaveWall_2k_n'
[2015.03.05-15.19.42:152][149]LogLinker:Warning: Can't find file for asset '/Game/GTFreeMaterials/Textures/Rock_JaggedCaveWall/Rock_JaggedCaveWall_2k_n' while loading NULL.
[2015.03.05-15.19.42:152][149]LogLinker:Warning: Can't find file '/Game/GTFreeMaterials/Textures/T_MacroVariation2'
[2015.03.05-15.19.42:153][149]LogLinker:Warning: Can't find file for asset '/Game/GTFreeMaterials/Textures/T_MacroVariation2' while loading NULL.
[2015.03.05-15.19.42:154][149]LogLinker:Warning: Can't find file '/Game/GTFreeMaterials/Textures/Rock_JaggedCaveWall/Rock_JaggedCaveWall_2k_alb'
[2015.03.05-15.19.42:154][149]LogLinker:Warning: Can't find file for asset '/Game/GTFreeMaterials/Textures/Rock_JaggedCaveWall/Rock_JaggedCaveWall_2k_alb' while loading NULL.
[2015.03.05-15.19.42:155][149]LogLinker:Warning: Can't find file '/Game/GTFreeMaterials/Textures/Rock_JaggedCaveWall/Rock_JaggedCaveWall_2k_g'
[2015.03.05-15.19.42:155][149]LogLinker:Warning: Can't find file for asset '/Game/GTFreeMaterials/Textures/Rock_JaggedCaveWall/Rock_JaggedCaveWall_2k_g' while loading NULL.
[2015.03.05-15.19.42:156][149]LogLinker:Warning: Can't find file '/Game/GTFreeMaterials/Textures/Rock_JaggedCaveWall/Rock_JaggedCaveWall_2k_h'
[2015.03.05-15.19.42:156][149]LogLinker:Warning: Can't find file for asset '/Game/GTFreeMaterials/Textures/Rock_JaggedCaveWall/Rock_JaggedCaveWall_2k_h' while loading NULL.
[2015.03.05-15.19.42:157][149]LogLinker:Warning: Can't find file '/Game/GTFreeMaterials/Textures/Rock_JaggedCaveWall/Rock_JaggedCaveWall_2k_n'
[2015.03.05-15.19.42:157][149]LogLinker:Warning: Can't find file for asset '/Game/GTFreeMaterials/Textures/Rock_JaggedCaveWall/Rock_JaggedCaveWall_2k_n' while loading NULL.
[2015.03.05-15.19.42:158][149]LogLinker:Warning: Can't find file '/Game/GTFreeMaterials/Textures/T_MacroVariation2'
[2015.03.05-15.19.42:158][149]LogLinker:Warning: Can't find file for asset '/Game/GTFreeMaterials/Textures/T_MacroVariation2' while loading NULL.
[2015.03.05-15.19.42:213][149]LogLinker:Warning: Can't find file '/Game/GTFreeMaterials/Materials/Rock_JaggedCaveWall'
[2015.03.05-15.19.42:214][149]LoadErrors: Info Failed to load /Game/GTFreeMaterials/Materials/Rock_JaggedCaveWall.Rock_JaggedCaveWall Referenced by Landscape_3
[2015.03.05-15.19.42:215][149]LogLinker:Warning: Can't find file for asset '/Game/GTFreeMaterials/Materials/Rock_JaggedCaveWall' while loading NULL.
[2015.03.05-15.19.42:222][149]LogLinker:Warning: Can't find file '/Game/GTFreeMaterials/Materials/Rock_JaggedCaveWall'
[2015.03.05-15.19.42:222][149]LoadErrors: Info Failed to load /Game/GTFreeMaterials/Materials/Rock_JaggedCaveWall.Rock_JaggedCaveWall Referenced by LandscapeMaterialInstanceConstant_0
[2015.03.05-15.19.42:223][149]LogLinker:Warning: Can't find file for asset '/Game/GTFreeMaterials/Materials/Rock_JaggedCaveWall' while loading NULL.
[2015.03.05-15.19.42:224][149]LogLinker:Warning: Can't find file '/Game/GTFreeMaterials/Textures/Rock_JaggedCaveWall/Rock_JaggedCaveWall_2k_h'
[2015.03.05-15.19.42:225][149]LoadErrors: Info Failed to load /Game/GTFreeMaterials/Textures/Rock_JaggedCaveWall/Rock_JaggedCaveWall_2k_h.Rock_JaggedCaveWall_2k_h Referenced by PersistentLevel
[2015.03.05-15.19.42:225][149]LogLinker:Warning: Can't find file for asset '/Game/GTFreeMaterials/Textures/Rock_JaggedCaveWall/Rock_JaggedCaveWall_2k_h' while loading NULL.
[2015.03.05-15.19.42:226][149]LogLinker:Warning: Can't find file '/Game/GTFreeMaterials/Textures/Rock_JaggedCaveWall/Rock_JaggedCaveWall_2k_n'
[2015.03.05-15.19.42:226][149]LoadErrors: Info Failed to load /Game/GTFreeMaterials/Textures/Rock_JaggedCaveWall/Rock_JaggedCaveWall_2k_n.Rock_JaggedCaveWall_2k_n Referenced by PersistentLevel
[2015.03.05-15.19.42:227][149]LogLinker:Warning: Can't find file for asset '/Game/GTFreeMaterials/Textures/Rock_JaggedCaveWall/Rock_JaggedCaveWall_2k_n' while loading NULL.
[2015.03.05-15.19.42:227][149]LogLinker:Warning: Can't find file '/Game/GTFreeMaterials/Textures/T_MacroVariation2'
[2015.03.05-15.19.42:228][149]LoadErrors: Info Failed to load /Game/GTFreeMaterials/Textures/T_MacroVariation2.T_MacroVariation2 Referenced by PersistentLevel
[2015.03.05-15.19.42:228][149]LogLinker:Warning: Can't find file for asset '/Game/GTFreeMaterials/Textures/T_MacroVariation2' while loading NULL.
[2015.03.05-15.19.42:229][149]LogLinker:Warning: Can't find file '/Game/GTFreeMaterials/Textures/Rock_JaggedCaveWall/Rock_JaggedCaveWall_2k_alb'
[2015.03.05-15.19.42:229][149]LoadErrors: Info Failed to load /Game/GTFreeMaterials/Textures/Rock_JaggedCaveWall/Rock_JaggedCaveWall_2k_alb.Rock_JaggedCaveWall_2k_alb Referenced by PersistentLevel
[2015.03.05-15.19.42:230][149]LogLinker:Warning: Can't find file for asset '/Game/GTFreeMaterials/Textures/Rock_JaggedCaveWall/Rock_JaggedCaveWall_2k_alb' while loading NULL.
[2015.03.05-15.19.42:231][149]LogLinker:Warning: Can't find file '/Game/GTFreeMaterials/Textures/Rock_JaggedCaveWall/Rock_JaggedCaveWall_2k_g'
[2015.03.05-15.19.42:231][149]LoadErrors: Info Failed to load /Game/GTFreeMaterials/Textures/Rock_JaggedCaveWall/Rock_JaggedCaveWall_2k_g.Rock_JaggedCaveWall_2k_g Referenced by PersistentLevel
[2015.03.05-15.19.42:231][149]LogLinker:Warning: Can't find file for asset '/Game/GTFreeMaterials/Textures/Rock_JaggedCaveWall/Rock_JaggedCaveWall_2k_g' while loading NULL.
[2015.03.05-15.19.42:383][149]Cmd: MAP LOAD FILE="../../../../../../Users/sctcad/Desktop/SpaceShooter/SpaceShooter/SpaceShooter/Content/SpacyMap.umap" TEMPLATE=0 SHOWPROGRESS=1 FEATURELEVEL=2
[2015.03.05-15.19.42:383][149]LightingResults: New page: Lighting Build
[2015.03.05-15.19.42:422][149]LoadErrors: New page: Loading map: SpacyMap.umap
[2015.03.05-15.19.42:426][149]MapCheck: New page: Map Check
[2015.03.05-15.19.42:427][149]LightingResults: New page: Lighting Build
[2015.03.05-15.19.42:442][149]LogParticles: Destroying 0 GPU particle simulations for FXSystem 0x000000000C1D6F20
[2015.03.05-15.19.42:510][149]LogEditorServer: Finished looking for orphan Actors (0.000 secs)
[2015.03.05-15.19.42:511][149]LogAIModule: Creating AISystem for world SpacyMap
[2015.03.05-15.19.42:562][149]Cmd: MAP CHECKDEP
[2015.03.05-15.19.42:563][149]MapCheck: New page: SpacyMap - Mar 5, 2015, 5:19:42 AM
[2015.03.05-15.19.42:677][149]MapCheck: Info Map check complete: 0 Error(s), 0 Warning(s), took 114.285ms to complete.
[2015.03.05-15.19.42:678][149]LogFileHelpers: Loading map 'SpacyMap' took 0.299
[2015.03.05-15.19.42:705][150]Cmd: UpdateLandscapeEditorData -warnings
[2015.03.05-15.19.42:714][150]Cmd: UpdateLandscapeEditorData
[2015.03.05-15.19.52:803][706]Cmd: QUIT_EDITOR
[2015.03.05-15.19.53:156][706]LogExit: Preparing to exit.
[2015.03.05-15.19.53:894][706]LogExit: Editor shut down
[2015.03.05-15.19.53:895][706]LogExit: Transaction tracking system shut down
[2015.03.05-15.19.53:896][706]LogParticles: Destroying 0 GPU particle simulations for FXSystem 0x0000000018F7DB20
[2015.03.05-15.19.53:896][706]LogParticles: Destroying 0 GPU particle simulations for FXSystem 0x000000001B6CED40
[2015.03.05-15.19.53:897][706]LogParticles: Destroying 0 GPU particle simulations for FXSystem 0x000000001A24C5E0
[2015.03.05-15.19.53:994][706]LogExit: Object subsystem successfully closed.
[2015.03.05-15.19.54:080][706]LogModuleManager: Shutting down and abandoning module ExternalImagePicker (179)
[2015.03.05-15.19.54:082][706]LogModuleManager: Shutting down and abandoning module CrashTracker (178)
[2015.03.05-15.19.54:083][706]LogModuleManager: Shutting down and abandoning module SuperSearch (177)
[2015.03.05-15.19.54:083][706]LogModuleManager: Shutting down and abandoning module SceneOutliner (176)
[2015.03.05-15.19.54:083][706]LogModuleManager: Shutting down and abandoning module EditorWidgets (175)
[2015.03.05-15.19.54:084][706]LogModuleManager: Shutting down and abandoning module CollectionManager (174)
[2015.03.05-15.19.54:085][706]LogModuleManager: Shutting down and abandoning module StatsViewer (173)
[2015.03.05-15.19.54:086][706]LogModuleManager: Shutting down and abandoning module FoliageEdit (172)
[2015.03.05-15.19.54:087][706]LogModuleManager: Shutting down and abandoning module LandscapeEditor (171)
[2015.03.05-15.19.54:088][706]LogModuleManager: Shutting down and abandoning module MeshPaint (170)
[2015.03.05-15.19.54:089][706]LogModuleManager: Shutting down and abandoning module ActorPickerMode (169)
[2015.03.05-15.19.54:089][706]LogModuleManager: Shutting down and abandoning module GeometryMode (168)
[2015.03.05-15.19.54:089][706]LogModuleManager: Shutting down and abandoning module TextureAlignMode (167)
[2015.03.05-15.19.54:089][706]LogModuleManager: Shutting down and abandoning module BspMode (166)
[2015.03.05-15.19.54:090][706]LogModuleManager: Shutting down and abandoning module PlacementMode (165)
[2015.03.05-15.19.54:090][706]LogModuleManager: Shutting down and abandoning module AutomationWorker (164)
[2015.03.05-15.19.54:090][706]LogModuleManager: Shutting down and abandoning module CharacterAI (163)
[2015.03.05-15.19.54:090][706]LogModuleManager: Shutting down and abandoning module SmartSnapping (162)
[2015.03.05-15.19.54:091][706]LogModuleManager: Shutting down and abandoning module ViewportSnapping (161)
[2015.03.05-15.19.54:091][706]LogModuleManager: Shutting down and abandoning module LogVisualizer (160)
[2015.03.05-15.19.54:092][706]LogModuleManager: Shutting down and abandoning module GameProjectGeneration (159)
[2015.03.05-15.19.54:093][706]LogModuleManager: Shutting down and abandoning module IntroTutorials (158)
[2015.03.05-15.19.54:097][706]LogModuleManager: Shutting down and abandoning module EditorLiveStreaming (157)
[2015.03.05-15.19.54:097][706]LogModuleManager: Shutting down and abandoning module HardwareTargeting (156)
[2015.03.05-15.19.54:097][706]LogModuleManager: Shutting down and abandoning module DeviceProfileEditor (155)
[2015.03.05-15.19.54:098][706]LogModuleManager: Shutting down and abandoning module UndoHistory (154)
[2015.03.05-15.19.54:099][706]LogModuleManager: Shutting down and abandoning module GameplayTagsEditor (153)
[2015.03.05-15.19.54:099][706]LogModuleManager: Shutting down and abandoning module UserFeedback (152)
[2015.03.05-15.19.54:100][706]LogModuleManager: Shutting down and abandoning module XmlParser (151)
[2015.03.05-15.19.54:100][706]LogModuleManager: Shutting down and abandoning module Blutility (150)
[2015.03.05-15.19.54:101][706]LogModuleManager: Shutting down and abandoning module IOSPlatformEditor (149)
[2015.03.05-15.19.54:101][706]LogModuleManager: Shutting down and abandoning module IOSRuntimeSettings (148)
[2015.03.05-15.19.54:101][706]LogModuleManager: Shutting down and abandoning module AndroidDeviceDetection (147)
[2015.03.05-15.19.54:520][706]LogModuleManager: Shutting down and abandoning module AndroidPlatformEditor (146)
[2015.03.05-15.19.54:521][706]LogModuleManager: Shutting down and abandoning module AndroidRuntimeSettings (145)
[2015.03.05-15.19.54:521][706]LogModuleManager: Shutting down and abandoning module ProjectTargetPlatformEditor (144)
[2015.03.05-15.19.54:522][706]LogModuleManager: Shutting down and abandoning module ProjectSettingsViewer (143)
[2015.03.05-15.19.54:522][706]LogModuleManager: Shutting down and abandoning module InputBindingEditor (142)
[2015.03.05-15.19.54:524][706]LogModuleManager: Shutting down and abandoning module EditorSettingsViewer (141)
[2015.03.05-15.19.54:524][706]LogModuleManager: Shutting down and abandoning module SettingsEditor (140)
[2015.03.05-15.19.54:524][706]LogModuleManager: Shutting down and abandoning module ProjectLauncher (139)
[2015.03.05-15.19.54:525][706]LogModuleManager: Shutting down and abandoning module SessionFrontend (138)
[2015.03.05-15.19.54:526][706]LogModuleManager: Shutting down and abandoning module ProfilerClient (137)
[2015.03.05-15.19.54:527][706]LogModuleManager: Shutting down and abandoning module TargetDeviceServices (136)
[2015.03.05-15.19.54:527][706]LogModuleManager: Shutting down and abandoning module DeviceManager (135)
[2015.03.05-15.19.54:528][706]LogModuleManager: Shutting down and abandoning module AutomationController (134)
[2015.03.05-15.19.54:529][706]LogModuleManager: Shutting down and abandoning module AutomationWindow (133)
[2015.03.05-15.19.54:529][706]LogModuleManager: Shutting down and abandoning module Layers (132)
[2015.03.05-15.19.54:532][706]LogModuleManager: Shutting down and abandoning module ComponentVisualizers (131)
[2015.03.05-15.19.54:532][706]LogModuleManager: Shutting down and abandoning module DetailCustomizations (130)
[2015.03.05-15.19.54:533][706]LogModuleManager: Shutting down and abandoning module PackagesDialog (129)
[2015.03.05-15.19.54:535][706]LogModuleManager: Shutting down and abandoning module AssetRegistry (128)
[2015.03.05-15.19.54:656][706]LogModuleManager: Shutting down and abandoning module Persona (127)
[2015.03.05-15.19.54:659][706]LogModuleManager: Shutting down and abandoning module SlateReflector (126)
[2015.03.05-15.19.54:662][706]LogModuleManager: Shutting down and abandoning module LevelEditor (125)
[2015.03.05-15.19.54:664][706]LogModuleManager: Shutting down and abandoning module Kismet (124)
[2015.03.05-15.19.54:667][706]LogModuleManager: Shutting down and abandoning module GraphEditor (123)
[2015.03.05-15.19.54:672][706]LogModuleManager: Shutting down and abandoning module ClassViewer (122)
[2015.03.05-15.19.54:672][706]LogModuleManager: Shutting down and abandoning module Toolbox (121)
[2015.03.05-15.19.54:672][706]LogModuleManager: Shutting down and abandoning module ModuleUI (120)
[2015.03.05-15.19.54:673][706]LogModuleManager: Shutting down and abandoning module MovieSceneTools (119)
[2015.03.05-15.19.54:679][706]LogModuleManager: Shutting down and abandoning module OutputLog (118)
[2015.03.05-15.19.54:679][706]LogModuleManager: Shutting down and abandoning module GammaUI (117)
[2015.03.05-15.19.54:681][706]LogModuleManager: Shutting down and abandoning module Documentation (116)
[2015.03.05-15.19.54:681][706]LogModuleManager: Shutting down and abandoning module GameLiveStreaming (115)
[2015.03.05-15.19.54:682][706]LogModuleManager: Shutting down and abandoning module StreamingPauseRendering (114)
[2015.03.05-15.19.54:683][706]LogModuleManager: Shutting down and abandoning module HTTP (113)
[2015.03.05-15.19.54:684][706]LogModuleManager: Shutting down and abandoning module AnalyticsET (112)
[2015.03.05-15.19.54:684][706]LogModuleManager: Shutting down and abandoning module Analytics (111)
[2015.03.05-15.19.54:684][706]LogModuleManager: Shutting down and abandoning module AITestSuite (110)
[2015.03.05-15.19.54:686][706]LogModuleManager: Shutting down and abandoning module GameplayDebugger (109)
[2015.03.05-15.19.54:686][706]LogModuleManager: Shutting down and abandoning module AIModule (108)
[2015.03.05-15.19.54:687][706]LogModuleManager: Shutting down and abandoning module ProfilerService (107)
[2015.03.05-15.19.54:938][706]LogModuleManager: Shutting down and abandoning module TaskGraph (106)
[2015.03.05-15.19.54:940][706]LogModuleManager: Shutting down and abandoning module SlateRemote (105)
[2015.03.05-15.19.54:940][706]LogModuleManager: Shutting down and abandoning module ScriptEditorPlugin (104)
[2015.03.05-15.19.54:941][706]LogModuleManager: Shutting down and abandoning module CustomMeshComponent (103)
[2015.03.05-15.19.54:941][706]LogModuleManager: Shutting down and abandoning module CableComponent (102)
[2015.03.05-15.19.54:941][706]LogModuleManager: Shutting down and abandoning module MessagingDebugger (101)
[2015.03.05-15.19.54:944][706]LogModuleManager: Shutting down and abandoning module MediaPlayerEditor (100)
[2015.03.05-15.19.54:945][706]LogModuleManager: Shutting down and abandoning module SpeedTreeImporter (99)
[2015.03.05-15.19.54:945][706]LogModuleManager: Shutting down and abandoning module PluginsEditor (98)
[2015.03.05-15.19.54:945][706]LogModuleManager: Shutting down and abandoning module MainFrame (97)
[2015.03.05-15.19.54:946][706]LogModuleManager: Shutting down and abandoning module EpicSurvey (96)
[2015.03.05-15.19.54:947][706]LogModuleManager: Shutting down and abandoning module DesktopPlatform (95)
[2015.03.05-15.19.54:948][706]LogModuleManager: Shutting down and abandoning module DirectoryWatcher (94)
[2015.03.05-15.19.54:948][706]LogModuleManager: Shutting down and abandoning module HotReload (93)
[2015.03.05-15.19.54:950][706]LogModuleManager: Shutting down and abandoning module VisualStudioSourceCodeAccess (92)
[2015.03.05-15.19.54:950][706]LogModuleManager: Shutting down and abandoning module UObjectPlugin (91)
[2015.03.05-15.19.54:950][706]LogModuleManager: Shutting down and abandoning module SubversionSourceControl (90)
[2015.03.05-15.19.54:951][706]LogModuleManager: Shutting down and abandoning module PerforceSourceControl (89)
[2015.03.05-15.19.54:953][706]LogModuleManager: Shutting down and abandoning module SourceControl (88)
[2015.03.05-15.19.54:954][706]LogModuleManager: Shutting down and abandoning module GitSourceControl (87)
[2015.03.05-15.19.54:954][706]LogModuleManager: Shutting down and abandoning module BlankPlugin (86)
[2015.03.05-15.19.54:954][706]LogModuleManager: Shutting down and abandoning module PaperTiledImporter (85)
[2015.03.05-15.19.54:955][706]LogModuleManager: Shutting down and abandoning module PaperJsonImporter (84)
[2015.03.05-15.19.54:955][706]LogModuleManager: Shutting down and abandoning module ContentBrowser (83)
[2015.03.05-15.19.54:956][706]LogModuleManager: Shutting down and abandoning module Paper2DEditor (82)
[2015.03.05-15.19.54:958][706]LogModuleManager: Shutting down and abandoning module SpaceShooter (81)
[2015.03.05-15.19.54:958][706]LogModuleManager: Shutting down and abandoning module ScriptPlugin (80)
[2015.03.05-15.19.54:958][706]LogModuleManager: Shutting down and abandoning module UdpMessaging (79)
[2015.03.05-15.19.55:059][706]LogModuleManager: Shutting down and abandoning module Paper2D (78)
[2015.03.05-15.19.55:060][706]LogModuleManager: Shutting down and abandoning module WindowsMoviePlayer (77)
[2015.03.05-15.19.55:062][706]LogModuleManager: Shutting down and abandoning module Media (76)
[2015.03.05-15.19.55:063][706]LogModuleManager: Shutting down and abandoning module WmfMedia (75)
[2015.03.05-15.19.55:064][706]LogModuleManager: Shutting down and abandoning module OnlineBlueprintSupport (74)
[2015.03.05-15.19.55:064][706]LogModuleManager: Shutting down and abandoning module PropertyEditor (73)
[2015.03.05-15.19.55:065][706]LogModuleManager: Shutting down and abandoning module BehaviorTreeEditor (72)
[2015.03.05-15.19.55:067][706]LogModuleManager: Shutting down and abandoning module FunctionalTesting (71)
[2015.03.05-15.19.55:068][706]LogModuleManager: Shutting down and abandoning module CollisionAnalyzer (70)
[2015.03.05-15.19.55:069][706]LogModuleManager: Shutting down and abandoning module WorkspaceMenuStructure (69)
[2015.03.05-15.19.55:070][706]LogModuleManager: Shutting down and abandoning module MessageLog (68)
[2015.03.05-15.19.55:070][706]LogModuleManager: Shutting down and abandoning module Sequencer (67)
[2015.03.05-15.19.55:073][706]LogModuleManager: Shutting down and abandoning module AssetTools (66)
[2015.03.05-15.19.55:075][706]LogModuleManager: Shutting down and abandoning module UMGEditor (65)
[2015.03.05-15.19.55:076][706]LogModuleManager: Shutting down and abandoning module UMG (64)
[2015.03.05-15.19.55:077][706]LogModuleManager: Shutting down and abandoning module Slate (63)
[2015.03.05-15.19.55:077][706]LogModuleManager: Shutting down and abandoning module EditorStyle (62)
[2015.03.05-15.19.55:082][706]LogModuleManager: Shutting down and abandoning module SessionServices (61)
[2015.03.05-15.19.55:082][706]LogModuleManager: Shutting down and abandoning module SourceCodeAccess (60)
[2015.03.05-15.19.55:082][706]LogModuleManager: Shutting down and abandoning module HeadMountedDisplay (59)
[2015.03.05-15.19.55:082][706]LogModuleManager: Shutting down and abandoning module XAudio2 (58)
[2015.03.05-15.19.55:083][706]LogModuleManager: Shutting down and abandoning module Networking (56)
[2015.03.05-15.19.55:083][706]LogModuleManager: Shutting down and abandoning module Core (55)
[2015.03.05-15.19.55:083][706]LogModuleManager: Shutting down and abandoning module KismetCompiler (54)
[2015.03.05-15.19.55:083][706]LogModuleManager: Shutting down and abandoning module PhysXFormats (53)
[2015.03.05-15.19.55:084][706]LogModuleManager: Shutting down and abandoning module MeshUtilities (52)
[2015.03.05-15.19.55:085][706]LogModuleManager: Shutting down and abandoning module DerivedDataCache (51)
[2015.03.05-15.19.55:200][706]LogDerivedDataCache: Shutdown
[2015.03.05-15.19.55:200][706]LogModuleManager: Shutting down and abandoning module ShaderFormatOpenGL (50)
[2015.03.05-15.19.55:201][706]LogModuleManager: Shutting down and abandoning module ShaderFormatD3D (49)
[2015.03.05-15.19.55:201][706]LogModuleManager: Shutting down and abandoning module MetalShaderFormat (48)
[2015.03.05-15.19.55:202][706]LogModuleManager: Shutting down and abandoning module TextureFormatUncompressed (47)
[2015.03.05-15.19.55:202][706]LogModuleManager: Shutting down and abandoning module TextureFormatPVR (46)
[2015.03.05-15.19.55:203][706]LogModuleManager: Shutting down and abandoning module TextureFormatIntelISPCTexComp (45)
[2015.03.05-15.19.55:204][706]LogModuleManager: Shutting down and abandoning module TextureFormatDXT (44)
[2015.03.05-15.19.55:204][706]LogModuleManager: Shutting down and abandoning module ImageWrapper (43)
[2015.03.05-15.19.55:204][706]LogModuleManager: Shutting down and abandoning module TextureFormatASTC (42)
[2015.03.05-15.19.55:204][706]LogModuleManager: Shutting down and abandoning module TextureFormatAndroid (41)
[2015.03.05-15.19.55:204][706]LogModuleManager: Shutting down and abandoning module AudioFormatOpus (40)
[2015.03.05-15.19.55:205][706]LogModuleManager: Shutting down and abandoning module AudioFormatOgg (39)
[2015.03.05-15.19.55:205][706]LogModuleManager: Shutting down and abandoning module AudioFormatADPCM (38)
[2015.03.05-15.19.55:205][706]LogModuleManager: Shutting down and abandoning module LinuxTargetPlatform (37)
[2015.03.05-15.19.55:206][706]LogModuleManager: Shutting down and abandoning module LinuxServerTargetPlatform (36)
[2015.03.05-15.19.55:206][706]LogModuleManager: Shutting down and abandoning module LinuxNoEditorTargetPlatform (35)
[2015.03.05-15.19.55:207][706]LogModuleManager: Shutting down and abandoning module Messaging (34)
[2015.03.05-15.19.55:207][706]LogModuleManager: Shutting down and abandoning module IOSTargetPlatform (33)
[2015.03.05-15.19.55:207][706]LogModuleManager: Shutting down and abandoning module HTML5TargetPlatform (32)
[2015.03.05-15.19.55:207][706]LogModuleManager: Shutting down and abandoning module Android_PVRTCTargetPlatform (31)
[2015.03.05-15.19.55:208][706]LogModuleManager: Shutting down and abandoning module Android_ETC2TargetPlatform (30)
[2015.03.05-15.19.55:208][706]LogModuleManager: Shutting down and abandoning module Android_ETC1TargetPlatform (29)
[2015.03.05-15.19.55:208][706]LogModuleManager: Shutting down and abandoning module Android_ES31TargetPlatform (28)
[2015.03.05-15.19.55:208][706]LogModuleManager: Shutting down and abandoning module Android_DXTTargetPlatform (27)
[2015.03.05-15.19.55:209][706]LogModuleManager: Shutting down and abandoning module Android_ATCTargetPlatform (26)
[2015.03.05-15.19.55:209][706]LogModuleManager: Shutting down and abandoning module AndroidTargetPlatform (25)
[2015.03.05-15.19.55:209][706]LogModuleManager: Shutting down and abandoning module WindowsTargetPlatform (24)
[2015.03.05-15.19.55:209][706]LogModuleManager: Shutting down and abandoning module WindowsServerTargetPlatform (23)
[2015.03.05-15.19.55:209][706]LogModuleManager: Shutting down and abandoning module WindowsNoEditorTargetPlatform (22)
[2015.03.05-15.19.55:210][706]LogModuleManager: Shutting down and abandoning module WindowsClientTargetPlatform (21)
[2015.03.05-15.19.55:210][706]LogModuleManager: Shutting down and abandoning module TargetPlatform (20)
[2015.03.05-15.19.55:210][706]LogModuleManager: Shutting down and abandoning module InputCore (19)
[2015.03.05-15.19.55:210][706]LogModuleManager: Shutting down and abandoning module Settings (18)
[2015.03.05-15.19.55:211][706]LogModuleManager: Shutting down and abandoning module OnlineSubsystem (16)
[2015.03.05-15.19.55:211][706]LogModuleManager: Shutting down and abandoning module OculusRift (15)
[2015.03.05-15.19.55:211][706]LogModuleManager: Shutting down and abandoning module ExampleDeviceProfileSelector (14)
[2015.03.05-15.19.55:211][706]LogModuleManager: Shutting down and abandoning module TextureCompressor (13)
[2015.03.05-15.19.55:212][706]LogModuleManager: Shutting down and abandoning module ShaderCore (12)
[2015.03.05-15.19.55:213][706]LogModuleManager: Shutting down and abandoning module Landscape (11)
[2015.03.05-15.19.55:213][706]LogModuleManager: Shutting down and abandoning module SlateRHIRenderer (10)
[2015.03.05-15.19.55:216][706]LogModuleManager: Shutting down and abandoning module OpenGLDrv (9)
[2015.03.05-15.19.55:217][706]LogModuleManager: Shutting down and abandoning module D3D11RHI (8)
[2015.03.05-15.19.55:217][706]LogModuleManager: Shutting down and abandoning module Renderer (7)
[2015.03.05-15.19.55:217][706]LogModuleManager: Shutting down and abandoning module Engine (6)
[2015.03.05-15.19.55:218][706]LogModuleManager: Shutting down and abandoning module CoreUObject (5)
[2015.03.05-15.19.55:218][706]LogModuleManager: Shutting down and abandoning module NetworkFile (4)
[2015.03.05-15.19.55:219][706]LogModuleManager: Shutting down and abandoning module StreamingFile (3)
[2015.03.05-15.19.55:219][706]LogModuleManager: Shutting down and abandoning module SandboxFile (2)
[2015.03.05-15.19.55:220][706]LogModuleManager: Shutting down and abandoning module PakFile (1)
[2015.03.05-15.19.55:223][706]LogExit: Exiting.
[2015.03.05-15.19.55:229][706]Log file closed, 03/05/15 10:19:55
