Log file open, 03/12/15 10:14:28
LogInit:Display: Running engine for game: SpaceShooter
LogInit: Version: 4.7.2-2467323+++depot+UE4-Releases+4.7
LogInit: API Version: 2455222
LogInit: Compiled (64-bit): Mar  2 2015 23:16:34
LogInit: Compiled with Visual C++: 18.00.21005.01
LogInit: Build Configuration: DebugGame
LogInit: Branch Name: ++depot+UE4-Releases+4.7
LogInit: Command line:  -debug
LogInit: Base directory: C:/Program Files/Unreal Engine/4.7/Engine/Binaries/Win64/
LogInit: Rocket: 1
[2015.03.12-14.14.28:150][  0]LogTaskGraph: Started task graph with 3 named threads and 6 total threads.
[2015.03.12-14.14.28:210][  0]LogOnline:Warning: No default platform service specified for OnlineSubsystem
[2015.03.12-14.14.28:320][  0]LogInit: Presizing for 0 objects not considered by GC, pre-allocating 0 bytes.
[2015.03.12-14.14.28:340][  0]LogInit: Object subsystem initialized
[2015.03.12-14.14.28:373][  0]LogInit: Selected Device Profile: [Windows]
[2015.03.12-14.14.28:374][  0]LogInit: Applying CVar settings loaded from the selected device profile: [Windows]
[2015.03.12-14.14.28:387][  0]LogInit: Computer: C401IT37
[2015.03.12-14.14.28:388][  0]LogInit: User: npham
[2015.03.12-14.14.28:388][  0]LogInit: CPU Page size=4096, Cores=4
[2015.03.12-14.14.28:388][  0]LogInit: High frequency timer resolution =2.741250 MHz
[2015.03.12-14.14.28:389][  0]LogMemory: Memory total: Physical=6.0GB (6GB approx) Virtual=8192.0GB
[2015.03.12-14.14.28:389][  0]LogMemory: Platform Memory Stats for Windows
[2015.03.12-14.14.28:390][  0]LogMemory: Process Physical Memory: 46.04 MB used, 46.04 MB peak
[2015.03.12-14.14.28:390][  0]LogMemory: Process Virtual Memory: 24.59 MB used, 24.59 MB peak
[2015.03.12-14.14.28:390][  0]LogMemory: Physical Memory: 5903.80 MB used, 6134.93 MB total
[2015.03.12-14.14.28:390][  0]LogMemory: Virtual Memory: 275.32 MB used, 8388608.00 MB total
[2015.03.12-14.14.28:485][  0]LogD3D11RHI: Found D3D11 adapter 0: NVIDIA GeForce GTX 260   (Feature Level 10_0)
[2015.03.12-14.14.28:485][  0]LogD3D11RHI: Adapter has 1767MB of dedicated video memory, 0MB of dedicated system memory, and 2303MB of shared system memory, 1 output[s]
[2015.03.12-14.14.28:486][  0]LogD3D11RHI: Chosen D3D11 Adapter Id = 0
[2015.03.12-14.14.28:492][  0]LogRHI: Texture pool is 1237 MB (70% of 1767 MB)
[2015.03.12-14.14.28:528][  0]LogD3D11RHI: Async texture creation enabled
[2015.03.12-14.14.28:808][  0]LogTextLocalizationManager: The requested culture ('en_US') has no localization data; parent culture's ('en') localization data will be used.
[2015.03.12-14.14.28:994][  0]LogContentStreaming: Texture pool size is 0.000000MB
[2015.03.12-14.14.32:410][  0]LogTargetPlatformManager:Display: Building Assets For Windows
[2015.03.12-14.14.33:411][  0]LogTargetPlatformManager:Display: Building Assets For Windows
[2015.03.12-14.14.33:525][  0]LogDerivedDataCache:Display: Max Cache Size: 512 MB
[2015.03.12-14.14.33:716][  0]LogDerivedDataCache: Loaded boot cache 0.19s 36MB C:/Users/npham/AppData/Local/UnrealEngine/4.7/DerivedDataCache/Boot.ddc.
[2015.03.12-14.14.33:716][  0]LogDerivedDataCache:Display: Loaded Boot cache: C:/Users/npham/AppData/Local/UnrealEngine/4.7/DerivedDataCache/Boot.ddc
[2015.03.12-14.14.33:717][  0]LogDerivedDataCache: FDerivedDataBackendGraph:  Pak pak cache file ../../../../../../Users/npham/Desktop/SpaceShooter/SpaceShooter/DerivedDataCache/DDC.ddp not found, will not use a pak cache.
[2015.03.12-14.14.33:717][  0]LogDerivedDataCache: Unable to find inner node Pak for hierarchical cache Hierarchy.
[2015.03.12-14.14.33:883][  0]LogDerivedDataCache:Display: Pak cache opened for reading ../../../Engine/DerivedDataCache/Compressed.ddp.
[2015.03.12-14.14.33:895][  0]LogDerivedDataCache: Using Local data cache path C:/Users/npham/AppData/Local/UnrealEngine/Common/DerivedDataCache: Writable
[2015.03.12-14.14.35:224][  0]LogMeshUtilities: No automatic mesh reduction module available
[2015.03.12-14.14.35:224][  0]LogMeshUtilities: No automatic mesh merging module available
[2015.03.12-14.14.36:114][  0]LogInit: WinSock: version 1.1 (2.2), MaxSocks=32767, MaxUdp=65467
[2015.03.12-14.14.36:380][  0]LogSlate:Warning: Failed to load font data from '../../../Engine/Content/Slate/Fonts/Roboto-Italic.ttf'
[2015.03.12-14.14.41:377][  0]UdpMessaging: Initializing bridge on interface 0.0.0.0:0 to multicast group 230.0.0.1:6666.
[2015.03.12-14.14.42:632][  0]SourceControl: Info Source control is disabled
[2015.03.12-14.14.42:636][  0]SourceControl: Info Source control is disabled
[2015.03.12-14.14.42:637][  0]SourceControl: Info Source control is disabled
[2015.03.12-14.14.42:637][  0]LogSourceControl: RunCommandInternalRaw: 'git version'
[2015.03.12-14.14.42:638][  0]LogSourceControl: RunCommandInternalRaw: ExecProcess ReturnCode=2 OutResults=''
[2015.03.12-14.14.42:651][  0]SourceControl: Info Source control is disabled
[2015.03.12-14.14.43:519][  0]LogObj: 24315 objects as part of root set at end of initial load.
[2015.03.12-14.14.43:520][  0]LogUObjectAllocator: 5180648 out of 0 bytes used by permanent object pool.
[2015.03.12-14.14.43:816][  0]LogEngine: Initializing Engine...
[2015.03.12-14.14.46:064][  0]LogInit: XAudio2 using 'Digital Audio (HDMI) (2- High Definition Audio Device)' : 2 channels at 44.1 kHz using 16 bits per sample (channel mask 0x3)
[2015.03.12-14.14.46:153][  0]LogInit: FAudioDevice initialized.
[2015.03.12-14.14.46:325][  0]LogAIModule: Creating AISystem for world NewWorld
[2015.03.12-14.14.46:374][  0]LogDerivedDataCache: Saved boot cache 0.02s 37MB C:/Users/npham/AppData/Local/UnrealEngine/4.7/DerivedDataCache/Boot.ddc.
[2015.03.12-14.14.46:383][  0]LogInit: Texture streaming: Enabled
[2015.03.12-14.14.46:568][  0]LogAnalytics: Creating configured Analytics provider AnalyticsET
[2015.03.12-14.14.46:568][  0]LogAnalytics: ET APIKey = Rocket.Release. APIServer = http://et2.epicgames.com/ET2/. AppVersion = 4.7.2-2467323+++depot+UE4-Releases+4.7
[2015.03.12-14.14.46:568][  0]LogAnalytics: ET APIKey = Rocket.Release. DataRouterUploadURL = https://datarouter-public-service-gamedev.ol.epicgames.net/datarouter/api/v1/public/data. AppVersion = 4.7.2-2467323+++depot+UE4-Releases+4.7
[2015.03.12-14.14.46:569][  0]LogAnalytics: SetUserId 6e18bf77418cf5fdc440188b8673b2fd|10bf102e156545339967f48793d967ad|7fac54aa-9f69-47ad-8344-357d0c6be1ba
[2015.03.12-14.14.46:571][  0]LogAnalytics: AnalyticsET::StartSession [Rocket.Release]
[2015.03.12-14.14.46:626][  0]LogInit: Transaction tracking system initialized
[2015.03.12-14.14.48:422][  0]BlueprintLog: New page: Editor Load
[2015.03.12-14.14.48:512][  0]LogAssetRegistry: FAssetRegistry took 0.0147 seconds to start up
[2015.03.12-14.14.48:513][  0]LogDirectoryWatcher:Warning: Failed to begin reading directory changes for ../../../Engine/Plugins/Experimental/CharacterAI/Content/. Error: 0
[2015.03.12-14.14.50:488][  0]LogTargetPlatformManager:Display: Building Assets For Windows
[2015.03.12-14.14.50:954][  0]LogTargetPlatformManager:Display: Building Assets For Windows
[2015.03.12-14.14.52:071][  0]LogSlate:Warning: Failed to load font data from '../../../Engine/Content/Editor/Slate/Fonts/Roboto-Regular.ttf'
[2015.03.12-14.14.52:072][  0]LogSlate:Warning: Failed to load font data from '../../../Engine/Content/Editor/Slate/Fonts/Roboto-Bold.ttf'
[2015.03.12-14.14.52:098][  0]LogConsoleResponse:Display: 
[2015.03.12-14.14.52:372][  0]LogCook:Display: Done creating registry. It took  0.00s.
[2015.03.12-14.14.53:265][  0]SourceControl: Info Source control is disabled
[2015.03.12-14.14.53:270][  0]Cmd: MAP LOAD FILE="../../../../../../Users/npham/Desktop/SpaceShooter/SpaceShooter/Content/SpacyMap.umap" TEMPLATE=0 SHOWPROGRESS=1 FEATURELEVEL=2
[2015.03.12-14.14.53:274][  0]LightingResults: New page: Lighting Build
[2015.03.12-14.14.53:328][  0]MapCheck: New page: Map Check
[2015.03.12-14.14.53:328][  0]LightingResults: New page: Lighting Build
[2015.03.12-14.14.53:384][  0]LogParticles: Destroying 0 GPU particle simulations for FXSystem 0x00000000126EE520
[2015.03.12-14.14.54:770][  0]LogEditorServer: Finished looking for orphan Actors 