Log file open, 03/05/15 09:39:58
LogInit:Display: Running engine for game: SpaceShooter
LogInit: Version: 4.7.2-2467323+++depot+UE4-Releases+4.7
LogInit: API Version: 2455222
LogInit: Compiled (64-bit): Mar  2 2015 23:16:34
LogInit: Compiled with Visual C++: 18.00.21005.01
LogInit: Build Configuration: DebugGame
LogInit: Branch Name: ++depot+UE4-Releases+4.7
LogInit: Command line:  -debug
LogInit: Base directory: C:/Program Files/Unreal Engine/4.7/Engine/Binaries/Win64/
LogInit: Rocket: 1
[2015.03.05-14.39.58:652][  0]LogTaskGraph: Started task graph with 3 named threads and 6 total threads.
[2015.03.05-14.39.58:712][  0]LogOnline:Warning: No default platform service specified for OnlineSubsystem
[2015.03.05-14.39.58:759][  0]LogInit: Presizing for 0 objects not considered by GC, pre-allocating 0 bytes.
[2015.03.05-14.39.58:772][  0]LogInit: Object subsystem initialized
[2015.03.05-14.39.58:776][  0]LogInit: Selected Device Profile: [Windows]
[2015.03.05-14.39.58:776][  0]LogInit: Applying CVar settings loaded from the selected device profile: [Windows]
[2015.03.05-14.39.58:786][  0]LogInit: Computer: C401IT26
[2015.03.05-14.39.58:787][  0]LogInit: User: jsmalley
[2015.03.05-14.39.58:787][  0]LogInit: CPU Page size=4096, Cores=4
[2015.03.05-14.39.58:787][  0]LogInit: High frequency timer resolution =2.741210 MHz
[2015.03.05-14.39.58:787][  0]LogMemory: Memory total: Physical=6.0GB (6GB approx) Virtual=8192.0GB
[2015.03.05-14.39.58:788][  0]LogMemory: Platform Memory Stats for Windows
[2015.03.05-14.39.58:788][  0]LogMemory: Process Physical Memory: 46.32 MB used, 46.32 MB peak
[2015.03.05-14.39.58:788][  0]LogMemory: Process Virtual Memory: 26.70 MB used, 26.71 MB peak
[2015.03.05-14.39.58:789][  0]LogMemory: Physical Memory: 4654.71 MB used, 6134.93 MB total
[2015.03.05-14.39.58:789][  0]LogMemory: Virtual Memory: 277.25 MB used, 8388608.00 MB total
[2015.03.05-14.39.58:891][  0]LogD3D11RHI: Found D3D11 adapter 0: NVIDIA GeForce GTX 260   (Feature Level 10_0)
[2015.03.05-14.39.58:891][  0]LogD3D11RHI: Adapter has 1767MB of dedicated video memory, 0MB of dedicated system memory, and 2303MB of shared system memory, 1 output[s]
[2015.03.05-14.39.58:891][  0]LogD3D11RHI: Chosen D3D11 Adapter Id = 0
[2015.03.05-14.39.58:896][  0]LogRHI: Texture pool is 1237 MB (70% of 1767 MB)
[2015.03.05-14.39.58:929][  0]LogD3D11RHI: Async texture creation enabled
[2015.03.05-14.39.59:056][  0]LogTextLocalizationManager: The requested culture ('en_US') has no localization data; parent culture's ('en') localization data will be used.
[2015.03.05-14.39.59:235][  0]LogContentStreaming: Texture pool size is 0.000000MB
[2015.03.05-14.40.02:693][  0]LogTargetPlatformManager:Display: Building Assets For Windows
[2015.03.05-14.40.03:485][  0]LogTargetPlatformManager:Display: Building Assets For Windows
[2015.03.05-14.40.03:588][  0]LogDerivedDataCache:Display: Max Cache Size: 512 MB
[2015.03.05-14.40.03:770][  0]LogDerivedDataCache: Loaded boot cache 0.18s 36MB C:/Users/jsmalley/AppData/Local/UnrealEngine/4.7/DerivedDataCache/Boot.ddc.
[2015.03.05-14.40.03:771][  0]LogDerivedDataCache:Display: Loaded Boot cache: C:/Users/jsmalley/AppData/Local/UnrealEngine/4.7/DerivedDataCache/Boot.ddc
[2015.03.05-14.40.03:772][  0]LogDerivedDataCache: FDerivedDataBackendGraph:  Pak pak cache file ../../../../../../Users/jsmalley/Desktop/SpaceShooter/SpaceShooter/DerivedDataCache/DDC.ddp not found, will not use a pak cache.
[2015.03.05-14.40.03:772][  0]LogDerivedDataCache: Unable to find inner node Pak for hierarchical cache Hierarchy.
[2015.03.05-14.40.03:946][  0]LogDerivedDataCache:Display: Pak cache opened for reading ../../../Engine/DerivedDataCache/Compressed.ddp.
[2015.03.05-14.40.03:958][  0]LogDerivedDataCache: Using Local data cache path C:/Users/jsmalley/AppData/Local/UnrealEngine/Common/DerivedDataCache: Writable
[2015.03.05-14.40.04:611][  0]LogMeshUtilities: No automatic mesh reduction module available
[2015.03.05-14.40.04:611][  0]LogMeshUtilities: No automatic mesh merging module available
[2015.03.05-14.40.05:157][  0]LogInit: WinSock: version 1.1 (2.2), MaxSocks=32767, MaxUdp=65467
[2015.03.05-14.40.05:325][  0]LogSlate:Warning: Failed to load font data from '../../../Engine/Content/Slate/Fonts/Roboto-Italic.ttf'
[2015.03.05-14.40.07:560][  0]UdpMessaging: Initializing bridge on interface 0.0.0.0:0 to multicast group 230.0.0.1:6666.
[2015.03.05-14.40.08:358][  0]SourceControl: Info Source control is disabled
[2015.03.05-14.40.08:359][  0]SourceControl: Info Source control is disabled
[2015.03.05-14.40.08:359][  0]SourceControl: Info Source control is disabled
[2015.03.05-14.40.08:360][  0]LogSourceControl: RunCommandInternalRaw: 'git version'
[2015.03.05-14.40.08:360][  0]LogSourceControl: RunCommandInternalRaw: ExecProcess ReturnCode=2 OutResults=''
[2015.03.05-14.40.08:373][  0]SourceControl: Info Source control is disabled
[2015.03.05-14.40.09:078][  0]LogObj: 24280 objects as part of root set at end of initial load.
[2015.03.05-14.40.09:078][  0]LogUObjectAllocator: 5160536 out of 0 bytes used by permanent object pool.
[2015.03.05-14.40.09:257][  0]LogEngine: Initializing Engine...
[2015.03.05-14.40.12:481][  0]LogInit: XAudio2 using 'Digital Audio (HDMI) (2- High Definition Audio Device)' : 2 channels at 44.1 kHz using 16 bits per sample (channel mask 0x3)
[2015.03.05-14.40.12:502][  0]LogInit: FAudioDevice initialized.
[2015.03.05-14.40.12:581][  0]LogAIModule: Creating AISystem for world NewWorld
[2015.03.05-14.40.12:603][  0]LogDerivedDataCache: Saved boot cache 0.02s 36MB C:/Users/jsmalley/AppData/Local/UnrealEngine/4.7/DerivedDataCache/Boot.ddc.
[2015.03.05-14.40.12:610][  0]LogInit: Texture streaming: Enabled
[2015.03.05-14.40.12:787][  0]LogAnalytics: Creating configured Analytics provider AnalyticsET
[2015.03.05-14.40.12:787][  0]LogAnalytics: ET APIKey = Rocket.Release. APIServer = http://et2.epicgames.com/ET2/. AppVersion = 4.7.2-2467323+++depot+UE4-Releases+4.7
[2015.03.05-14.40.12:788][  0]LogAnalytics: ET APIKey = Rocket.Release. DataRouterUploadURL = https://datarouter-public-service-gamedev.ol.epicgames.net/datarouter/api/v1/public/data. AppVersion = 4.7.2-2467323+++depot+UE4-Releases+4.7
[2015.03.05-14.40.12:788][  0]LogAnalytics: SetUserId 187efc5a49528de797d5679c3e8d323a|4e5a11952d0c4e33b84c12e29de0c125|7fac54aa-9f69-47ad-8344-357d0c6be1ba
[2015.03.05-14.40.12:789][  0]LogAnalytics: AnalyticsET::StartSession [Rocket.Release]
[2015.03.05-14.40.12:832][  0]LogInit: Transaction tracking system initialized
[2015.03.05-14.40.13:633][  0]BlueprintLog: New page: Editor Load
[2015.03.05-14.40.13:708][  0]LogAssetRegistry: FAssetRegistry took 0.0162 seconds to start up
[2015.03.05-14.40.13:711][  0]LogDirectoryWatcher:Warning: Failed to begin reading directory changes for ../../../Engine/Plugins/Experimental/CharacterAI/Content/. Error: 0
[2015.03.05-14.40.14:982][  0]LogTargetPlatformManager:Display: Building Assets For Windows
[2015.03.05-14.40.15:511][  0]LogTargetPlatformManager:Display: Building Assets For Windows
[2015.03.05-14.40.16:501][  0]LogSlate:Warning: Failed to load font data from '../../../Engine/Content/Editor/Slate/Fonts/Roboto-Regular.ttf'
[2015.03.05-14.40.16:502][  0]LogSlate:Warning: Failed to load font data from '../../../Engine/Content/Editor/Slate/Fonts/Roboto-Bold.ttf'
[2015.03.05-14.40.16:511][  0]LogConsoleResponse:Display: 
[2015.03.05-14.40.16:767][  0]LogCook:Display: Done creating registry. It took  0.00s.
[2015.03.05-14.40.17:354][  0]SourceControl: Info Source control is disabled
[2015.03.05-14.40.17:355][  0]Cmd: MAP LOAD FILE="../../../Engine/Content/Maps/Templates/Template_Default.umap" TEMPLATE=1 SHOWPROGRESS=1 FEATURELEVEL=2
[2015.03.05-14.40.17:356][  0]LightingResults: New page: Lighting Build
[2015.03.05-14.40.17:376][  0]MapCheck: New page: Map Check
[2015.03.05-14.40.17:376][  0]LightingResults: New page: Lighting Build
[2015.03.05-14.40.17:385][  0]LogParticles: Destroying 0 GPU particle simulations for FXSystem 0x00000000110C3060
[2015.03.05-14.40.18:471][  0]LogEditorServer: Finished looking for orphan Actors (0.000 secs)
[2015.03.05-14.40.18:472][  0]LogAIModule: Creating AISystem for world Untitled_1
[2015.03.05-14.40.18:473][  0]Cmd: MAP CHECKDEP
[2015.03.05-14.40.18:474][  0]MapCheck: New page: Untitled_1 - Mar 5, 2015, 4:40:18 AM
[2015.03.05-14.40.18:603][  0]MapCheck: Info Map check complete: 0 Error(s), 0 Warning(s), took 129.789ms to complete.
[2015.03.05-14.40.18:604][  0]LogFileHelpers: Loading map 'Template_Default' took 1.252
[2015.03.05-14.40.18:775][  0]LogCollectionManager: Loaded 0 collections in 0.003211 seconds
[2015.03.05-14.40.18:802][  0]LogContentBrowser: Native class hierarchy populated in 0.0261 seconds. Added 1700 classes and 263 folders.
[2015.03.05-14.40.18:840][  0]LogContentBrowser:Verbose: The content browser source was changed by the sources view to '/Game'
[2015.03.05-14.40.19:069][  0]LogContentBrowser: Native class hierarchy updated for 'SceneOutliner' in 0.0136 seconds. Added 1 classes and 2 folders.
[2015.03.05-14.40.19:271][  0]LogCrashTracker: Crashtracker disabled due to settings.
[2015.03.05-14.40.19:279][  0]LogSlate:Warning: Failed to load font data from 'Veranda'
[2015.03.05-14.40.19:342][  0]LogLoad: Full Startup: 23.46 seconds (BP compile: 0.15 seconds)
[2015.03.05-14.40.19:531][  0]LogRenderer:Warning: Reallocating scene render targets to support 32x32 (Frame:2).
[2015.03.05-14.40.19:669][  0]LogRenderer:Warning: Reallocating scene render targets to support 1144x928 (Frame:3).
[2015.03.05-14.40.20:308][  1]LogEditorViewport: Clicking on Actor (context menu): BP_Sky_Sphere_C (Sky Sphere)
[2015.03.05-14.40.20:418][  1]LogEditorViewport: Clicking on Actor (LMB): BP_Sky_Sphere_C (Sky Sphere)
[2015.03.05-14.40.20:728][  6]LogAssetRegistry: Asset discovery search completed in 7.0535 seconds
[2015.03.05-14.40.22:415][ 55]Cmd: QUIT_EDITOR
[2015.03.05-14.40.22:790][ 55]LogExit: Preparing to exit.
[2015.03.05-14.40.23:639][ 55]LogExit: Editor shut down
[2015.03.05-14.40.23:640][ 55]LogExit: Transaction tracking system shut down
[2015.03.05-14.40.23:641][ 55]LogParticles: Destroying 0 GPU particle simulations for FXSystem 0x000000000C52AB60
[2015.03.05-14.40.23:641][ 55]LogParticles: Destroying 0 GPU particle simulations for FXSystem 0x000000001603A700
[2015.03.05-14.40.23:727][ 55]LogExit: Object subsystem successfully closed.
[2015.03.05-14.40.23:807][ 55]LogModuleManager: Shutting down and abandoning module CrashTracker (178)
[2015.03.05-14.40.23:808][ 55]LogModuleManager: Shutting down and abandoning module SuperSearch (177)
[2015.03.05-14.40.23:809][ 55]LogModuleManager: Shutting down and abandoning module SceneOutliner (176)
[2015.03.05-14.40.23:809][ 55]LogModuleManager: Shutting down and abandoning module EditorWidgets (175)
[2015.03.05-14.40.23:809][ 55]LogModuleManager: Shutting down and abandoning module CollectionManager (174)
[2015.03.05-14.40.23:810][ 55]LogModuleManager: Shutting down and abandoning module StatsViewer (173)
[2015.03.05-14.40.23:811][ 55]LogModuleManager: Shutting down and abandoning module FoliageEdit (172)
[2015.03.05-14.40.23:812][ 55]LogModuleManager: Shutting down and abandoning module LandscapeEditor (171)
[2015.03.05-14.40.23:812][ 55]LogModuleManager: Shutting down and abandoning module MeshPaint (170)
[2015.03.05-14.40.23:813][ 55]LogModuleManager: Shutting down and abandoning module ActorPickerMode (169)
[2015.03.05-14.40.23:813][ 55]LogModuleManager: Shutting down and abandoning module GeometryMode (168)
[2015.03.05-14.40.23:813][ 55]LogModuleManager: Shutting down and abandoning module TextureAlignMode (167)
[2015.03.05-14.40.23:813][ 55]LogModuleManager: Shutting down and abandoning module BspMode (166)
[2015.03.05-14.40.23:814][ 55]LogModuleManager: Shutting down and abandoning module PlacementMode (165)
[2015.03.05-14.40.23:814][ 55]LogModuleManager: Shutting down and abandoning module AutomationWorker (164)
[2015.03.05-14.40.23:814][ 55]LogModuleManager: Shutting down and abandoning module CharacterAI (163)
[2015.03.05-14.40.23:814][ 55]LogModuleManager: Shutting down and abandoning module SmartSnapping (162)
[2015.03.05-14.40.23:815][ 55]LogModuleManager: Shutting down and abandoning module ViewportSnapping (161)
[2015.03.05-14.40.23:815][ 55]LogModuleManager: Shutting down and abandoning module LogVisualizer (160)
[2015.03.05-14.40.23:816][ 55]LogModuleManager: Shutting down and abandoning module GameProjectGeneration (159)
[2015.03.05-14.40.23:817][ 55]LogModuleManager: Shutting down and abandoning module IntroTutorials (158)
[2015.03.05-14.40.23:818][ 55]LogModuleManager: Shutting down and abandoning module EditorLiveStreaming (157)
[2015.03.05-14.40.23:818][ 55]LogModuleManager: Shutting down and abandoning module HardwareTargeting (156)
[2015.03.05-14.40.23:818][ 55]LogModuleManager: Shutting down and abandoning module DeviceProfileEditor (155)
[2015.03.05-14.40.23:819][ 55]LogModuleManager: Shutting down and abandoning module UndoHistory (154)
[2015.03.05-14.40.23:819][ 55]LogModuleManager: Shutting down and abandoning module GameplayTagsEditor (153)
[2015.03.05-14.40.23:819][ 55]LogModuleManager: Shutting down and abandoning module UserFeedback (152)
[2015.03.05-14.40.23:819][ 55]LogModuleManager: Shutting down and abandoning module XmlParser (151)
[2015.03.05-14.40.23:819][ 55]LogModuleManager: Shutting down and abandoning module Blutility (150)
[2015.03.05-14.40.23:820][ 55]LogModuleManager: Shutting down and abandoning module IOSPlatformEditor (149)
[2015.03.05-14.40.23:820][ 55]LogModuleManager: Shutting down and abandoning module IOSRuntimeSettings (148)
[2015.03.05-14.40.23:820][ 55]LogModuleManager: Shutting down and abandoning module AndroidDeviceDetection (147)
[2015.03.05-14.40.24:708][ 55]LogModuleManager: Shutting down and abandoning module AndroidPlatformEditor (146)
[2015.03.05-14.40.24:709][ 55]LogModuleManager: Shutting down and abandoning module AndroidRuntimeSettings (145)
[2015.03.05-14.40.24:709][ 55]LogModuleManager: Shutting down and abandoning module ProjectTargetPlatformEditor (144)
[2015.03.05-14.40.24:710][ 55]LogModuleManager: Shutting down and abandoning module ProjectSettingsViewer (143)
[2015.03.05-14.40.24:710][ 55]LogModuleManager: Shutting down and abandoning module InputBindingEditor (142)
[2015.03.05-14.40.24:710][ 55]LogModuleManager: Shutting down and abandoning module EditorSettingsViewer (141)
[2015.03.05-14.40.24:711][ 55]LogModuleManager: Shutting down and abandoning module SettingsEditor (140)
[2015.03.05-14.40.24:712][ 55]LogModuleManager: Shutting down and abandoning module ProjectLauncher (139)
[2015.03.05-14.40.24:712][ 55]LogModuleManager: Shutting down and abandoning module SessionFrontend (138)
[2015.03.05-14.40.24:712][ 55]LogModuleManager: Shutting down and abandoning module ProfilerClient (137)
[2015.03.05-14.40.24:713][ 55]LogModuleManager: Shutting down and abandoning module TargetDeviceServices (136)
[2015.03.05-14.40.24:713][ 55]LogModuleManager: Shutting down and abandoning module DeviceManager (135)
[2015.03.05-14.40.24:714][ 55]LogModuleManager: Shutting down and abandoning module AutomationController (134)
[2015.03.05-14.40.24:716][ 55]LogModuleManager: Shutting down and abandoning module AutomationWindow (133)
[2015.03.05-14.40.24:716][ 55]LogModuleManager: Shutting down and abandoning module Layers (132)
[2015.03.05-14.40.24:718][ 55]LogModuleManager: Shutting down and abandoning module ComponentVisualizers (131)
[2015.03.05-14.40.24:718][ 55]LogModuleManager: Shutting down and abandoning module DetailCustomizations (130)
[2015.03.05-14.40.24:719][ 55]LogModuleManager: Shutting down and abandoning module PackagesDialog (129)
[2015.03.05-14.40.24:720][ 55]LogModuleManager: Shutting down and abandoning module AssetRegistry (128)
[2015.03.05-14.40.24:760][ 55]LogModuleManager: Shutting down and abandoning module Persona (127)
[2015.03.05-14.40.24:761][ 55]LogModuleManager: Shutting down and abandoning module SlateReflector (126)
[2015.03.05-14.40.24:762][ 55]LogModuleManager: Shutting down and abandoning module LevelEditor (125)
[2015.03.05-14.40.24:764][ 55]LogModuleManager: Shutting down and abandoning module Kismet (124)
[2015.03.05-14.40.24:764][ 55]LogModuleManager: Shutting down and abandoning module GraphEditor (123)
[2015.03.05-14.40.24:768][ 55]LogModuleManager: Shutting down and abandoning module ClassViewer (122)
[2015.03.05-14.40.24:769][ 55]LogModuleManager: Shutting down and abandoning module Toolbox (121)
[2015.03.05-14.40.24:769][ 55]LogModuleManager: Shutting down and abandoning module ModuleUI (120)
[2015.03.05-14.40.24:770][ 55]LogModuleManager: Shutting down and abandoning module MovieSceneTools (119)
[2015.03.05-14.40.24:771][ 55]LogModuleManager: Shutting down and abandoning module OutputLog (118)
[2015.03.05-14.40.24:771][ 55]LogModuleManager: Shutting down and abandoning module GammaUI (117)
[2015.03.05-14.40.24:772][ 55]LogModuleManager: Shutting down and abandoning module Documentation (116)
[2015.03.05-14.40.24:772][ 55]LogModuleManager: Shutting down and abandoning module GameLiveStreaming (115)
[2015.03.05-14.40.24:772][ 55]LogModuleManager: Shutting down and abandoning module StreamingPauseRendering (114)
[2015.03.05-14.40.24:773][ 55]LogModuleManager: Shutting down and abandoning module HTTP (113)
[2015.03.05-14.40.24:773][ 55]LogModuleManager: Shutting down and abandoning module AnalyticsET (112)
[2015.03.05-14.40.24:773][ 55]LogModuleManager: Shutting down and abandoning module Analytics (111)
[2015.03.05-14.40.24:773][ 55]LogModuleManager: Shutting down and abandoning module AITestSuite (110)
[2015.03.05-14.40.24:774][ 55]LogModuleManager: Shutting down and abandoning module GameplayDebugger (109)
[2015.03.05-14.40.24:774][ 55]LogModuleManager: Shutting down and abandoning module AIModule (108)
[2015.03.05-14.40.24:775][ 55]LogModuleManager: Shutting down and abandoning module ProfilerService (107)
[2015.03.05-14.40.24:837][ 55]LogModuleManager: Shutting down and abandoning module TaskGraph (106)
[2015.03.05-14.40.24:839][ 55]LogModuleManager: Shutting down and abandoning module SlateRemote (105)
[2015.03.05-14.40.24:839][ 55]LogModuleManager: Shutting down and abandoning module ScriptEditorPlugin (104)
[2015.03.05-14.40.24:839][ 55]LogModuleManager: Shutting down and abandoning module CustomMeshComponent (103)
[2015.03.05-14.40.24:839][ 55]LogModuleManager: Shutting down and abandoning module CableComponent (102)
[2015.03.05-14.40.24:840][ 55]LogModuleManager: Shutting down and abandoning module MessagingDebugger (101)
[2015.03.05-14.40.24:841][ 55]LogModuleManager: Shutting down and abandoning module MediaPlayerEditor (100)
[2015.03.05-14.40.24:841][ 55]LogModuleManager: Shutting down and abandoning module SpeedTreeImporter (99)
[2015.03.05-14.40.24:841][ 55]LogModuleManager: Shutting down and abandoning module PluginsEditor (98)
[2015.03.05-14.40.24:842][ 55]LogModuleManager: Shutting down and abandoning module MainFrame (97)
[2015.03.05-14.40.24:842][ 55]LogModuleManager: Shutting down and abandoning module EpicSurvey (96)
[2015.03.05-14.40.24:842][ 55]LogModuleManager: Shutting down and abandoning module DesktopPlatform (95)
[2015.03.05-14.40.24:844][ 55]LogModuleManager: Shutting down and abandoning module DirectoryWatcher (94)
[2015.03.05-14.40.24:845][ 55]LogModuleManager: Shutting down and abandoning module HotReload (93)
[2015.03.05-14.40.24:845][ 55]LogModuleManager: Shutting down and abandoning module VisualStudioSourceCodeAccess (92)
[2015.03.05-14.40.24:845][ 55]LogModuleManager: Shutting down and abandoning module UObjectPlugin (91)
[2015.03.05-14.40.24:846][ 55]LogModuleManager: Shutting down and abandoning module SubversionSourceControl (90)
[2015.03.05-14.40.24:846][ 55]LogModuleManager: Shutting down and abandoning module PerforceSourceControl (89)
[2015.03.05-14.40.24:846][ 55]LogModuleManager: Shutting down and abandoning module SourceControl (88)
[2015.03.05-14.40.24:847][ 55]LogModuleManager: Shutting down and abandoning module GitSourceControl (87)
[2015.03.05-14.40.24:848][ 55]LogModuleManager: Shutting down and abandoning module BlankPlugin (86)
[2015.03.05-14.40.24:848][ 55]LogModuleManager: Shutting down and abandoning module PaperTiledImporter (85)
[2015.03.05-14.40.24:849][ 55]LogModuleManager: Shutting down and abandoning module PaperJsonImporter (84)
[2015.03.05-14.40.24:849][ 55]LogModuleManager: Shutting down and abandoning module ContentBrowser (83)
[2015.03.05-14.40.24:850][ 55]LogModuleManager: Shutting down and abandoning module Paper2DEditor (82)
[2015.03.05-14.40.24:851][ 55]LogModuleManager: Shutting down and abandoning module SpaceShooter (81)
[2015.03.05-14.40.24:851][ 55]LogModuleManager: Shutting down and abandoning module ScriptPlugin (80)
[2015.03.05-14.40.24:852][ 55]LogModuleManager: Shutting down and abandoning module UdpMessaging (79)
[2015.03.05-14.40.24:952][ 55]LogModuleManager: Shutting down and abandoning module Paper2D (78)
[2015.03.05-14.40.24:952][ 55]LogModuleManager: Shutting down and abandoning module WindowsMoviePlayer (77)
[2015.03.05-14.40.24:954][ 55]LogModuleManager: Shutting down and abandoning module Media (76)
[2015.03.05-14.40.24:955][ 55]LogModuleManager: Shutting down and abandoning module WmfMedia (75)
[2015.03.05-14.40.24:956][ 55]LogModuleManager: Shutting down and abandoning module OnlineBlueprintSupport (74)
[2015.03.05-14.40.24:957][ 55]LogModuleManager: Shutting down and abandoning module PropertyEditor (73)
[2015.03.05-14.40.24:957][ 55]LogModuleManager: Shutting down and abandoning module BehaviorTreeEditor (72)
[2015.03.05-14.40.24:958][ 55]LogModuleManager: Shutting down and abandoning module FunctionalTesting (71)
[2015.03.05-14.40.24:958][ 55]LogModuleManager: Shutting down and abandoning module CollisionAnalyzer (70)
[2015.03.05-14.40.24:959][ 55]LogModuleManager: Shutting down and abandoning module WorkspaceMenuStructure (69)
[2015.03.05-14.40.24:960][ 55]LogModuleManager: Shutting down and abandoning module MessageLog (68)
[2015.03.05-14.40.24:960][ 55]LogModuleManager: Shutting down and abandoning module Sequencer (67)
[2015.03.05-14.40.24:961][ 55]LogModuleManager: Shutting down and abandoning module AssetTools (66)
[2015.03.05-14.40.24:963][ 55]LogModuleManager: Shutting down and abandoning module UMGEditor (65)
[2015.03.05-14.40.24:964][ 55]LogModuleManager: Shutting down and abandoning module UMG (64)
[2015.03.05-14.40.24:964][ 55]LogModuleManager: Shutting down and abandoning module Slate (63)
[2015.03.05-14.40.24:966][ 55]LogModuleManager: Shutting down and abandoning module EditorStyle (62)
[2015.03.05-14.40.24:971][ 55]LogModuleManager: Shutting down and abandoning module SessionServices (61)
[2015.03.05-14.40.24:971][ 55]LogModuleManager: Shutting down and abandoning module SourceCodeAccess (60)
[2015.03.05-14.40.24:972][ 55]LogModuleManager: Shutting down and abandoning module HeadMountedDisplay (59)
[2015.03.05-14.40.24:972][ 55]LogModuleManager: Shutting down and abandoning module XAudio2 (58)
[2015.03.05-14.40.24:972][ 55]LogModuleManager: Shutting down and abandoning module Networking (56)
[2015.03.05-14.40.24:972][ 55]LogModuleManager: Shutting down and abandoning module Core (55)
[2015.03.05-14.40.24:973][ 55]LogModuleManager: Shutting down and abandoning module KismetCompiler (54)
[2015.03.05-14.40.24:973][ 55]LogModuleManager: Shutting down and abandoning module PhysXFormats (53)
[2015.03.05-14.40.24:973][ 55]LogModuleManager: Shutting down and abandoning module MeshUtilities (52)
[2015.03.05-14.40.24:973][ 55]LogModuleManager: Shutting down and abandoning module DerivedDataCache (51)
[2015.03.05-14.40.25:034][ 55]LogDerivedDataCache: Shutdown
[2015.03.05-14.40.25:034][ 55]LogModuleManager: Shutting down and abandoning module ShaderFormatOpenGL (50)
[2015.03.05-14.40.25:035][ 55]LogModuleManager: Shutting down and abandoning module ShaderFormatD3D (49)
[2015.03.05-14.40.25:035][ 55]LogModuleManager: Shutting down and abandoning module MetalShaderFormat (48)
[2015.03.05-14.40.25:036][ 55]LogModuleManager: Shutting down and abandoning module TextureFormatUncompressed (47)
[2015.03.05-14.40.25:036][ 55]LogModuleManager: Shutting down and abandoning module TextureFormatPVR (46)
[2015.03.05-14.40.25:037][ 55]LogModuleManager: Shutting down and abandoning module TextureFormatIntelISPCTexComp (45)
[2015.03.05-14.40.25:037][ 55]LogModuleManager: Shutting down and abandoning module TextureFormatDXT (44)
[2015.03.05-14.40.25:038][ 55]LogModuleManager: Shutting down and abandoning module ImageWrapper (43)
[2015.03.05-14.40.25:038][ 55]LogModuleManager: Shutting down and abandoning module TextureFormatASTC (42)
[2015.03.05-14.40.25:039][ 55]LogModuleManager: Shutting down and abandoning module TextureFormatAndroid (41)
[2015.03.05-14.40.25:039][ 55]LogModuleManager: Shutting down and abandoning module AudioFormatOpus (40)
[2015.03.05-14.40.25:040][ 55]LogModuleManager: Shutting down and abandoning module AudioFormatOgg (39)
[2015.03.05-14.40.25:040][ 55]LogModuleManager: Shutting down and abandoning module AudioFormatADPCM (38)
[2015.03.05-14.40.25:040][ 55]LogModuleManager: Shutting down and abandoning module LinuxTargetPlatform (37)
[2015.03.05-14.40.25:040][ 55]LogModuleManager: Shutting down and abandoning module LinuxServerTargetPlatform (36)
[2015.03.05-14.40.25:041][ 55]LogModuleManager: Shutting down and abandoning module LinuxNoEditorTargetPlatform (35)
[2015.03.05-14.40.25:042][ 55]LogModuleManager: Shutting down and abandoning module Messaging (34)
[2015.03.05-14.40.25:042][ 55]LogModuleManager: Shutting down and abandoning module IOSTargetPlatform (33)
[2015.03.05-14.40.25:042][ 55]LogModuleManager: Shutting down and abandoning module HTML5TargetPlatform (32)
[2015.03.05-14.40.25:042][ 55]LogModuleManager: Shutting down and abandoning module Android_PVRTCTargetPlatform (31)
[2015.03.05-14.40.25:043][ 55]LogModuleManager: Shutting down and abandoning module Android_ETC2TargetPlatform (30)
[2015.03.05-14.40.25:043][ 55]LogModuleManager: Shutting down and abandoning module Android_ETC1TargetPlatform (29)
[2015.03.05-14.40.25:043][ 55]LogModuleManager: Shutting down and abandoning module Android_ES31TargetPlatform (28)
[2015.03.05-14.40.25:043][ 55]LogModuleManager: Shutting down and abandoning module Android_DXTTargetPlatform (27)
[2015.03.05-14.40.25:044][ 55]LogModuleManager: Shutting down and abandoning module Android_ATCTargetPlatform (26)
[2015.03.05-14.40.25:044][ 55]LogModuleManager: Shutting down and abandoning module AndroidTargetPlatform (25)
[2015.03.05-14.40.25:044][ 55]LogModuleManager: Shutting down and abandoning module WindowsTargetPlatform (24)
[2015.03.05-14.40.25:045][ 55]LogModuleManager: Shutting down and abandoning module WindowsServerTargetPlatform (23)
[2015.03.05-14.40.25:045][ 55]LogModuleManager: Shutting down and abandoning module WindowsNoEditorTargetPlatform (22)
[2015.03.05-14.40.25:045][ 55]LogModuleManager: Shutting down and abandoning module WindowsClientTargetPlatform (21)
[2015.03.05-14.40.25:045][ 55]LogModuleManager: Shutting down and abandoning module TargetPlatform (20)
[2015.03.05-14.40.25:045][ 55]LogModuleManager: Shutting down and abandoning module InputCore (19)
[2015.03.05-14.40.25:045][ 55]LogModuleManager: Shutting down and abandoning module Settings (18)
[2015.03.05-14.40.25:046][ 55]LogModuleManager: Shutting down and abandoning module OnlineSubsystem (16)
[2015.03.05-14.40.25:046][ 55]LogModuleManager: Shutting down and abandoning module OculusRift (15)
[2015.03.05-14.40.25:046][ 55]LogModuleManager: Shutting down and abandoning module ExampleDeviceProfileSelector (14)
[2015.03.05-14.40.25:047][ 55]LogModuleManager: Shutting down and abandoning module TextureCompressor (13)
[2015.03.05-14.40.25:048][ 55]LogModuleManager: Shutting down and abandoning module ShaderCore (12)
[2015.03.05-14.40.25:048][ 55]LogModuleManager: Shutting down and abandoning module Landscape (11)
[2015.03.05-14.40.25:048][ 55]LogModuleManager: Shutting down and abandoning module SlateRHIRenderer (10)
[2015.03.05-14.40.25:051][ 55]LogModuleManager: Shutting down and abandoning module OpenGLDrv (9)
[2015.03.05-14.40.25:051][ 55]LogModuleManager: Shutting down and abandoning module D3D11RHI (8)
[2015.03.05-14.40.25:052][ 55]LogModuleManager: Shutting down and abandoning module Renderer (7)
[2015.03.05-14.40.25:052][ 55]LogModuleManager: Shutting down and abandoning module Engine (6)
[2015.03.05-14.40.25:052][ 55]LogModuleManager: Shutting down and abandoning module CoreUObject (5)
[2015.03.05-14.40.25:053][ 55]LogModuleManager: Shutting down and abandoning module NetworkFile (4)
[2015.03.05-14.40.25:053][ 55]LogModuleManager: Shutting down and abandoning module StreamingFile (3)
[2015.03.05-14.40.25:054][ 55]LogModuleManager: Shutting down and abandoning module SandboxFile (2)
[2015.03.05-14.40.25:055][ 55]LogModuleManager: Shutting down and abandoning module PakFile (1)
[2015.03.05-14.40.25:059][ 55]LogExit: Exiting.
[2015.03.05-14.40.25:067][ 55]Log file closed, 03/05/15 09:40:25
