Log file open, 03/05/15 10:17:36
LogInit:Display: Running engine for game: SpaceShooter
LogInit: Version: 4.7.2-2467323+++depot+UE4-Releases+4.7
LogInit: API Version: 2455222
LogInit: Compiled (64-bit): Mar  2 2015 23:16:34
LogInit: Compiled with Visual C++: 18.00.21005.01
LogInit: Build Configuration: DebugGame
LogInit: Branch Name: ++depot+UE4-Releases+4.7
LogInit: Command line:  -debug
LogInit: Base directory: C:/Program Files/Unreal Engine/4.7/Engine/Binaries/Win64/
LogInit: Rocket: 1
[2015.03.05-15.17.36:371][  0]LogTaskGraph: Started task graph with 3 named threads and 6 total threads.
[2015.03.05-15.17.36:429][  0]LogOnline:Warning: No default platform service specified for OnlineSubsystem
[2015.03.05-15.17.36:483][  0]LogInit: Presizing for 0 objects not considered by GC, pre-allocating 0 bytes.
[2015.03.05-15.17.36:496][  0]LogInit: Object subsystem initialized
[2015.03.05-15.17.36:501][  0]LogInit: Selected Device Profile: [Windows]
[2015.03.05-15.17.36:502][  0]LogInit: Applying CVar settings loaded from the selected device profile: [Windows]
[2015.03.05-15.17.36:512][  0]LogInit: Computer: C401IT25
[2015.03.05-15.17.36:513][  0]LogInit: User: sctcad
[2015.03.05-15.17.36:513][  0]LogInit: CPU Page size=4096, Cores=4
[2015.03.05-15.17.36:513][  0]LogInit: High frequency timer resolution =2.741259 MHz
[2015.03.05-15.17.36:514][  0]LogMemory: Memory total: Physical=4.0GB (4GB approx) Virtual=8192.0GB
[2015.03.05-15.17.36:514][  0]LogMemory: Platform Memory Stats for Windows
[2015.03.05-15.17.36:514][  0]LogMemory: Process Physical Memory: 46.07 MB used, 46.07 MB peak
[2015.03.05-15.17.36:514][  0]LogMemory: Process Virtual Memory: 26.55 MB used, 26.55 MB peak
[2015.03.05-15.17.36:515][  0]LogMemory: Physical Memory: 3488.17 MB used, 4086.93 MB total
[2015.03.05-15.17.36:515][  0]LogMemory: Virtual Memory: 277.25 MB used, 8388608.00 MB total
[2015.03.05-15.17.36:649][  0]LogD3D11RHI: Found D3D11 adapter 0: NVIDIA GeForce GTX 260   (Feature Level 10_0)
[2015.03.05-15.17.36:650][  0]LogD3D11RHI: Adapter has 1771MB of dedicated video memory, 0MB of dedicated system memory, and 1787MB of shared system memory, 1 output[s]
[2015.03.05-15.17.36:650][  0]LogD3D11RHI: Chosen D3D11 Adapter Id = 0
[2015.03.05-15.17.36:656][  0]LogRHI: Texture pool is 1239 MB (70% of 1771 MB)
[2015.03.05-15.17.36:690][  0]LogD3D11RHI: Async texture creation enabled
[2015.03.05-15.17.36:850][  0]LogTextLocalizationManager: The requested culture ('en_US') has no localization data; parent culture's ('en') localization data will be used.
[2015.03.05-15.17.37:018][  0]LogContentStreaming: Texture pool size is 0.000000MB
[2015.03.05-15.17.40:481][  0]LogTargetPlatformManager:Display: Building Assets For Windows
[2015.03.05-15.17.41:467][  0]LogTargetPlatformManager:Display: Building Assets For Windows
[2015.03.05-15.17.41:580][  0]LogDerivedDataCache:Display: Max Cache Size: 512 MB
[2015.03.05-15.17.41:764][  0]LogDerivedDataCache: Loaded boot cache 0.18s 36MB C:/Users/sctcad/AppData/Local/UnrealEngine/4.7/DerivedDataCache/Boot.ddc.
[2015.03.05-15.17.41:765][  0]LogDerivedDataCache:Display: Loaded Boot cache: C:/Users/sctcad/AppData/Local/UnrealEngine/4.7/DerivedDataCache/Boot.ddc
[2015.03.05-15.17.41:765][  0]LogDerivedDataCache: FDerivedDataBackendGraph:  Pak pak cache file ../../../../../../Users/sctcad/Desktop/SpaceShooter/SpaceShooter/SpaceShooter/DerivedDataCache/DDC.ddp not found, will not use a pak cache.
[2015.03.05-15.17.41:766][  0]LogDerivedDataCache: Unable to find inner node Pak for hierarchical cache Hierarchy.
[2015.03.05-15.17.41:936][  0]LogDerivedDataCache:Display: Pak cache opened for reading ../../../Engine/DerivedDataCache/Compressed.ddp.
[2015.03.05-15.17.41:948][  0]LogDerivedDataCache: Using Local data cache path C:/Users/sctcad/AppData/Local/UnrealEngine/Common/DerivedDataCache: Writable
[2015.03.05-15.17.42:594][  0]LogMeshUtilities: No automatic mesh reduction module available
[2015.03.05-15.17.42:594][  0]LogMeshUtilities: No automatic mesh merging module available
[2015.03.05-15.17.43:195][  0]LogInit: WinSock: version 1.1 (2.2), MaxSocks=32767, MaxUdp=65467
[2015.03.05-15.17.43:346][  0]LogSlate:Warning: Failed to load font data from '../../../Engine/Content/Slate/Fonts/Roboto-Italic.ttf'
[2015.03.05-15.17.46:000][  0]UdpMessaging: Initializing bridge on interface 0.0.0.0:0 to multicast group 230.0.0.1:6666.
[2015.03.05-15.17.47:049][  0]SourceControl: Info Source control is disabled
[2015.03.05-15.17.47:050][  0]SourceControl: Info Source control is disabled
[2015.03.05-15.17.47:050][  0]SourceControl: Info Source control is disabled
[2015.03.05-15.17.47:051][  0]LogSourceControl: RunCommandInternalRaw: 'git version'
[2015.03.05-15.17.47:051][  0]LogSourceControl: RunCommandInternalRaw: ExecProcess ReturnCode=2 OutResults=''
[2015.03.05-15.17.47:063][  0]SourceControl: Info Source control is disabled
[2015.03.05-15.17.47:756][  0]LogObj: 24280 objects as part of root set at end of initial load.
[2015.03.05-15.17.47:756][  0]LogUObjectAllocator: 5160536 out of 0 bytes used by permanent object pool.
[2015.03.05-15.17.47:996][  0]LogEngine: Initializing Engine...
[2015.03.05-15.17.51:207][  0]LogInit: XAudio2 using 'Digital Audio (HDMI) (2- High Definition Audio Device)' : 2 channels at 44.1 kHz using 16 bits per sample (channel mask 0x3)
[2015.03.05-15.17.51:234][  0]LogInit: FAudioDevice initialized.
[2015.03.05-15.17.51:381][  0]LogAIModule: Creating AISystem for world NewWorld
[2015.03.05-15.17.51:426][  0]LogDerivedDataCache: Saved boot cache 0.02s 36MB C:/Users/sctcad/AppData/Local/UnrealEngine/4.7/DerivedDataCache/Boot.ddc.
[2015.03.05-15.17.51:437][  0]LogInit: Texture streaming: Enabled
[2015.03.05-15.17.51:613][  0]LogAnalytics: Creating configured Analytics provider AnalyticsET
[2015.03.05-15.17.51:614][  0]LogAnalytics: ET APIKey = Rocket.Release. APIServer = http://et2.epicgames.com/ET2/. AppVersion = 4.7.2-2467323+++depot+UE4-Releases+4.7
[2015.03.05-15.17.51:614][  0]LogAnalytics: ET APIKey = Rocket.Release. DataRouterUploadURL = https://datarouter-public-service-gamedev.ol.epicgames.net/datarouter/api/v1/public/data. AppVersion = 4.7.2-2467323+++depot+UE4-Releases+4.7
[2015.03.05-15.17.51:614][  0]LogAnalytics: SetUserId 2a240c6f4c728f6806e6fdbc946ea52c|d9d81cedd9384488858a28c751665a55|7fac54aa-9f69-47ad-8344-357d0c6be1ba
[2015.03.05-15.17.51:616][  0]LogAnalytics: AnalyticsET::StartSession [Rocket.Release]
[2015.03.05-15.17.51:670][  0]LogInit: Transaction tracking system initialized
[2015.03.05-15.17.52:969][  0]BlueprintLog: New page: Editor Load
[2015.03.05-15.17.53:057][  0]LogAssetRegistry: FAssetRegistry took 0.0136 seconds to start up
[2015.03.05-15.17.53:058][  0]LogDirectoryWatcher:Warning: Failed to begin reading directory changes for ../../../Engine/Plugins/Experimental/CharacterAI/Content/. Error: 0
[2015.03.05-15.17.55:369][  0]LogTargetPlatformManager:Display: Building Assets For Windows
[2015.03.05-15.17.55:996][  0]LogTargetPlatformManager:Display: Building Assets For Windows
[2015.03.05-15.17.57:602][  0]LogSlate:Warning: Failed to load font data from '../../../Engine/Content/Editor/Slate/Fonts/Roboto-Regular.ttf'
[2015.03.05-15.17.57:604][  0]LogSlate:Warning: Failed to load font data from '../../../Engine/Content/Editor/Slate/Fonts/Roboto-Bold.ttf'
[2015.03.05-15.17.57:661][  0]LogConsoleResponse:Display: 
[2015.03.05-15.17.58:019][  0]LogCook:Display: Done creating registry. It took  0.00s.
[2015.03.05-15.17.58:806][  0]SourceControl: Info Source control is disabled
[2015.03.05-15.17.58:814][  0]Cmd: MAP LOAD FILE="../../../Engine/Content/Maps/Templates/Template_Default.umap" TEMPLATE=1 SHOWPROGRESS=1 FEATURELEVEL=2
[2015.03.05-15.17.58:820][  0]LightingResults: New page: Lighting Build
[2015.03.05-15.17.58:880][  0]MapCheck: New page: Map Check
[2015.03.05-15.17.58:881][  0]LightingResults: New page: Lighting Build
[2015.03.05-15.17.59:085][  0]LogParticles: Destroying 0 GPU particle simulations for FXSystem 0x00000000128FB060
[2015.03.05-15.18.00:879][  0]LogEditorServer: Finished looking for orphan Actors (0.000 secs)
[2015.03.05-15.18.00:884][  0]LogAIModule: Creating AISystem for world Untitled_1
[2015.03.05-15.18.00:892][  0]Cmd: MAP CHECKDEP
[2015.03.05-15.18.00:893][  0]MapCheck: New page: Untitled_1 - Mar 5, 2015, 5:18:00 AM
[2015.03.05-15.18.01:003][  0]MapCheck: Info Map check complete: 0 Error(s), 0 Warning(s), took 111.143ms to complete.
[2015.03.05-15.18.01:003][  0]LogFileHelpers: Loading map 'Template_Default' took 2.198
[2015.03.05-15.18.01:301][  0]LogCollectionManager: Loaded 0 collections in 0.003076 seconds
[2015.03.05-15.18.01:330][  0]LogContentBrowser: Native class hierarchy populated in 0.0290 seconds. Added 1700 classes and 263 folders.
[2015.03.05-15.18.01:378][  0]LogContentBrowser:Verbose: The content browser source was changed by the sources view to '/Game'
[2015.03.05-15.18.01:740][  0]LogContentBrowser: Native class hierarchy updated for 'SceneOutliner' in 0.0064 seconds. Added 1 classes and 2 folders.
[2015.03.05-15.18.02:321][  0]LogCrashTracker: Crashtracker disabled due to settings.
[2015.03.05-15.18.02:338][  0]LogSlate:Warning: Failed to load font data from 'Veranda'
[2015.03.05-15.18.02:470][  0]LogLoad: Full Startup: 28.91 seconds (BP compile: 0.17 seconds)
[2015.03.05-15.18.03:076][  0]LogRenderer:Warning: Reallocating scene render targets to support 32x32 (Frame:2).
[2015.03.05-15.18.03:302][  0]LogRenderer:Warning: Reallocating scene render targets to support 1144x928 (Frame:3).
[2015.03.05-15.18.06:074][  6]LogAssetRegistry: Asset discovery search completed in 13.0622 seconds
[2015.03.05-15.18.41:387][502]Cmd: QUIT_EDITOR
[2015.03.05-15.18.41:770][502]LogExit: Preparing to exit.
[2015.03.05-15.18.42:811][502]LogExit: Editor shut down
[2015.03.05-15.18.42:812][502]LogExit: Transaction tracking system shut down
[2015.03.05-15.18.42:813][502]LogParticles: Destroying 0 GPU particle simulations for FXSystem 0x000000000E2B7F60
[2015.03.05-15.18.42:813][502]LogParticles: Destroying 0 GPU particle simulations for FXSystem 0x0000000012E567A0
[2015.03.05-15.18.42:967][502]LogExit: Object subsystem successfully closed.
[2015.03.05-15.18.43:065][502]LogModuleManager: Shutting down and abandoning module ExternalImagePicker (179)
[2015.03.05-15.18.43:066][502]LogModuleManager: Shutting down and abandoning module CrashTracker (178)
[2015.03.05-15.18.43:066][502]LogModuleManager: Shutting down and abandoning module SuperSearch (177)
[2015.03.05-15.18.43:066][502]LogModuleManager: Shutting down and abandoning module SceneOutliner (176)
[2015.03.05-15.18.43:067][502]LogModuleManager: Shutting down and abandoning module EditorWidgets (175)
[2015.03.05-15.18.43:067][502]LogModuleManager: Shutting down and abandoning module CollectionManager (174)
[2015.03.05-15.18.43:068][502]LogModuleManager: Shutting down and abandoning module StatsViewer (173)
[2015.03.05-15.18.43:069][502]LogModuleManager: Shutting down and abandoning module FoliageEdit (172)
[2015.03.05-15.18.43:070][502]LogModuleManager: Shutting down and abandoning module LandscapeEditor (171)
[2015.03.05-15.18.43:071][502]LogModuleManager: Shutting down and abandoning module MeshPaint (170)
[2015.03.05-15.18.43:072][502]LogModuleManager: Shutting down and abandoning module ActorPickerMode (169)
[2015.03.05-15.18.43:072][502]LogModuleManager: Shutting down and abandoning module GeometryMode (168)
[2015.03.05-15.18.43:072][502]LogModuleManager: Shutting down and abandoning module TextureAlignMode (167)
[2015.03.05-15.18.43:072][502]LogModuleManager: Shutting down and abandoning module BspMode (166)
[2015.03.05-15.18.43:073][502]LogModuleManager: Shutting down and abandoning module PlacementMode (165)
[2015.03.05-15.18.43:073][502]LogModuleManager: Shutting down and abandoning module AutomationWorker (164)
[2015.03.05-15.18.43:073][502]LogModuleManager: Shutting down and abandoning module CharacterAI (163)
[2015.03.05-15.18.43:073][502]LogModuleManager: Shutting down and abandoning module SmartSnapping (162)
[2015.03.05-15.18.43:074][502]LogModuleManager: Shutting down and abandoning module ViewportSnapping (161)
[2015.03.05-15.18.43:074][502]LogModuleManager: Shutting down and abandoning module LogVisualizer (160)
[2015.03.05-15.18.43:075][502]LogModuleManager: Shutting down and abandoning module GameProjectGeneration (159)
[2015.03.05-15.18.43:076][502]LogModuleManager: Shutting down and abandoning module IntroTutorials (158)
[2015.03.05-15.18.43:078][502]LogModuleManager: Shutting down and abandoning module EditorLiveStreaming (157)
[2015.03.05-15.18.43:079][502]LogModuleManager: Shutting down and abandoning module HardwareTargeting (156)
[2015.03.05-15.18.43:079][502]LogModuleManager: Shutting down and abandoning module DeviceProfileEditor (155)
[2015.03.05-15.18.43:080][502]LogModuleManager: Shutting down and abandoning module UndoHistory (154)
[2015.03.05-15.18.43:080][502]LogModuleManager: Shutting down and abandoning module GameplayTagsEditor (153)
[2015.03.05-15.18.43:081][502]LogModuleManager: Shutting down and abandoning module UserFeedback (152)
[2015.03.05-15.18.43:081][502]LogModuleManager: Shutting down and abandoning module XmlParser (151)
[2015.03.05-15.18.43:082][502]LogModuleManager: Shutting down and abandoning module Blutility (150)
[2015.03.05-15.18.43:082][502]LogModuleManager: Shutting down and abandoning module IOSPlatformEditor (149)
[2015.03.05-15.18.43:082][502]LogModuleManager: Shutting down and abandoning module IOSRuntimeSettings (148)
[2015.03.05-15.18.43:083][502]LogModuleManager: Shutting down and abandoning module AndroidDeviceDetection (147)
[2015.03.05-15.18.43:613][502]LogModuleManager: Shutting down and abandoning module AndroidPlatformEditor (146)
[2015.03.05-15.18.43:614][502]LogModuleManager: Shutting down and abandoning module AndroidRuntimeSettings (145)
[2015.03.05-15.18.43:614][502]LogModuleManager: Shutting down and abandoning module ProjectTargetPlatformEditor (144)
[2015.03.05-15.18.43:615][502]LogModuleManager: Shutting down and abandoning module ProjectSettingsViewer (143)
[2015.03.05-15.18.43:615][502]LogModuleManager: Shutting down and abandoning module InputBindingEditor (142)
[2015.03.05-15.18.43:617][502]LogModuleManager: Shutting down and abandoning module EditorSettingsViewer (141)
[2015.03.05-15.18.43:617][502]LogModuleManager: Shutting down and abandoning module SettingsEditor (140)
[2015.03.05-15.18.43:617][502]LogModuleManager: Shutting down and abandoning module ProjectLauncher (139)
[2015.03.05-15.18.43:619][502]LogModuleManager: Shutting down and abandoning module SessionFrontend (138)
[2015.03.05-15.18.43:619][502]LogModuleManager: Shutting down and abandoning module ProfilerClient (137)
[2015.03.05-15.18.43:620][502]LogModuleManager: Shutting down and abandoning module TargetDeviceServices (136)
[2015.03.05-15.18.43:621][502]LogModuleManager: Shutting down and abandoning module DeviceManager (135)
[2015.03.05-15.18.43:621][502]LogModuleManager: Shutting down and abandoning module AutomationController (134)
[2015.03.05-15.18.43:622][502]LogModuleManager: Shutting down and abandoning module AutomationWindow (133)
[2015.03.05-15.18.43:623][502]LogModuleManager: Shutting down and abandoning module Layers (132)
[2015.03.05-15.18.43:625][502]LogModuleManager: Shutting down and abandoning module ComponentVisualizers (131)
[2015.03.05-15.18.43:626][502]LogModuleManager: Shutting down and abandoning module DetailCustomizations (130)
[2015.03.05-15.18.43:627][502]LogModuleManager: Shutting down and abandoning module PackagesDialog (129)
[2015.03.05-15.18.43:629][502]LogModuleManager: Shutting down and abandoning module AssetRegistry (128)
[2015.03.05-15.18.43:743][502]LogModuleManager: Shutting down and abandoning module Persona (127)
[2015.03.05-15.18.43:746][502]LogModuleManager: Shutting down and abandoning module SlateReflector (126)
[2015.03.05-15.18.43:747][502]LogModuleManager: Shutting down and abandoning module LevelEditor (125)
[2015.03.05-15.18.43:749][502]LogModuleManager: Shutting down and abandoning module Kismet (124)
[2015.03.05-15.18.43:751][502]LogModuleManager: Shutting down and abandoning module GraphEditor (123)
[2015.03.05-15.18.43:754][502]LogModuleManager: Shutting down and abandoning module ClassViewer (122)
[2015.03.05-15.18.43:754][502]LogModuleManager: Shutting down and abandoning module Toolbox (121)
[2015.03.05-15.18.43:754][502]LogModuleManager: Shutting down and abandoning module ModuleUI (120)
[2015.03.05-15.18.43:755][502]LogModuleManager: Shutting down and abandoning module MovieSceneTools (119)
[2015.03.05-15.18.43:756][502]LogModuleManager: Shutting down and abandoning module OutputLog (118)
[2015.03.05-15.18.43:757][502]LogModuleManager: Shutting down and abandoning module GammaUI (117)
[2015.03.05-15.18.43:757][502]LogModuleManager: Shutting down and abandoning module Documentation (116)
[2015.03.05-15.18.43:758][502]LogModuleManager: Shutting down and abandoning module GameLiveStreaming (115)
[2015.03.05-15.18.43:759][502]LogModuleManager: Shutting down and abandoning module StreamingPauseRendering (114)
[2015.03.05-15.18.43:759][502]LogModuleManager: Shutting down and abandoning module HTTP (113)
[2015.03.05-15.18.43:760][502]LogModuleManager: Shutting down and abandoning module AnalyticsET (112)
[2015.03.05-15.18.43:760][502]LogModuleManager: Shutting down and abandoning module Analytics (111)
[2015.03.05-15.18.43:761][502]LogModuleManager: Shutting down and abandoning module AITestSuite (110)
[2015.03.05-15.18.43:761][502]LogModuleManager: Shutting down and abandoning module GameplayDebugger (109)
[2015.03.05-15.18.43:762][502]LogModuleManager: Shutting down and abandoning module AIModule (108)
[2015.03.05-15.18.43:763][502]LogModuleManager: Shutting down and abandoning module ProfilerService (107)
[2015.03.05-15.18.43:865][502]LogModuleManager: Shutting down and abandoning module TaskGraph (106)
[2015.03.05-15.18.43:866][502]LogModuleManager: Shutting down and abandoning module SlateRemote (105)
[2015.03.05-15.18.43:867][502]LogModuleManager: Shutting down and abandoning module ScriptEditorPlugin (104)
[2015.03.05-15.18.43:867][502]LogModuleManager: Shutting down and abandoning module CustomMeshComponent (103)
[2015.03.05-15.18.43:867][502]LogModuleManager: Shutting down and abandoning module CableComponent (102)
[2015.03.05-15.18.43:868][502]LogModuleManager: Shutting down and abandoning module MessagingDebugger (101)
[2015.03.05-15.18.43:870][502]LogModuleManager: Shutting down and abandoning module MediaPlayerEditor (100)
[2015.03.05-15.18.43:872][502]LogModuleManager: Shutting down and abandoning module SpeedTreeImporter (99)
[2015.03.05-15.18.43:872][502]LogModuleManager: Shutting down and abandoning module PluginsEditor (98)
[2015.03.05-15.18.43:872][502]LogModuleManager: Shutting down and abandoning module MainFrame (97)
[2015.03.05-15.18.43:873][502]LogModuleManager: Shutting down and abandoning module EpicSurvey (96)
[2015.03.05-15.18.43:873][502]LogModuleManager: Shutting down and abandoning module DesktopPlatform (95)
[2015.03.05-15.18.43:875][502]LogModuleManager: Shutting down and abandoning module DirectoryWatcher (94)
[2015.03.05-15.18.43:876][502]LogModuleManager: Shutting down and abandoning module HotReload (93)
[2015.03.05-15.18.43:877][502]LogModuleManager: Shutting down and abandoning module VisualStudioSourceCodeAccess (92)
[2015.03.05-15.18.43:877][502]LogModuleManager: Shutting down and abandoning module UObjectPlugin (91)
[2015.03.05-15.18.43:878][502]LogModuleManager: Shutting down and abandoning module SubversionSourceControl (90)
[2015.03.05-15.18.43:879][502]LogModuleManager: Shutting down and abandoning module PerforceSourceControl (89)
[2015.03.05-15.18.43:881][502]LogModuleManager: Shutting down and abandoning module SourceControl (88)
[2015.03.05-15.18.43:882][502]LogModuleManager: Shutting down and abandoning module GitSourceControl (87)
[2015.03.05-15.18.43:882][502]LogModuleManager: Shutting down and abandoning module BlankPlugin (86)
[2015.03.05-15.18.43:883][502]LogModuleManager: Shutting down and abandoning module PaperTiledImporter (85)
[2015.03.05-15.18.43:883][502]LogModuleManager: Shutting down and abandoning module PaperJsonImporter (84)
[2015.03.05-15.18.43:883][502]LogModuleManager: Shutting down and abandoning module ContentBrowser (83)
[2015.03.05-15.18.43:884][502]LogModuleManager: Shutting down and abandoning module Paper2DEditor (82)
[2015.03.05-15.18.43:886][502]LogModuleManager: Shutting down and abandoning module SpaceShooter (81)
[2015.03.05-15.18.43:886][502]LogModuleManager: Shutting down and abandoning module ScriptPlugin (80)
[2015.03.05-15.18.43:887][502]LogModuleManager: Shutting down and abandoning module UdpMessaging (79)
[2015.03.05-15.18.43:987][502]LogModuleManager: Shutting down and abandoning module Paper2D (78)
[2015.03.05-15.18.43:988][502]LogModuleManager: Shutting down and abandoning module WindowsMoviePlayer (77)
[2015.03.05-15.18.43:990][502]LogModuleManager: Shutting down and abandoning module Media (76)
[2015.03.05-15.18.43:991][502]LogModuleManager: Shutting down and abandoning module WmfMedia (75)
[2015.03.05-15.18.43:992][502]LogModuleManager: Shutting down and abandoning module OnlineBlueprintSupport (74)
[2015.03.05-15.18.43:993][502]LogModuleManager: Shutting down and abandoning module PropertyEditor (73)
[2015.03.05-15.18.43:995][502]LogModuleManager: Shutting down and abandoning module BehaviorTreeEditor (72)
[2015.03.05-15.18.43:997][502]LogModuleManager: Shutting down and abandoning module FunctionalTesting (71)
[2015.03.05-15.18.43:997][502]LogModuleManager: Shutting down and abandoning module CollisionAnalyzer (70)
[2015.03.05-15.18.43:999][502]LogModuleManager: Shutting down and abandoning module WorkspaceMenuStructure (69)
[2015.03.05-15.18.43:999][502]LogModuleManager: Shutting down and abandoning module MessageLog (68)
[2015.03.05-15.18.43:999][502]LogModuleManager: Shutting down and abandoning module Sequencer (67)
[2015.03.05-15.18.44:002][502]LogModuleManager: Shutting down and abandoning module AssetTools (66)
[2015.03.05-15.18.44:004][502]LogModuleManager: Shutting down and abandoning module UMGEditor (65)
[2015.03.05-15.18.44:005][502]LogModuleManager: Shutting down and abandoning module UMG (64)
[2015.03.05-15.18.44:006][502]LogModuleManager: Shutting down and abandoning module Slate (63)
[2015.03.05-15.18.44:006][502]LogModuleManager: Shutting down and abandoning module EditorStyle (62)
[2015.03.05-15.18.44:013][502]LogModuleManager: Shutting down and abandoning module SessionServices (61)
[2015.03.05-15.18.44:013][502]LogModuleManager: Shutting down and abandoning module SourceCodeAccess (60)
[2015.03.05-15.18.44:013][502]LogModuleManager: Shutting down and abandoning module HeadMountedDisplay (59)
[2015.03.05-15.18.44:014][502]LogModuleManager: Shutting down and abandoning module XAudio2 (58)
[2015.03.05-15.18.44:014][502]LogModuleManager: Shutting down and abandoning module Networking (56)
[2015.03.05-15.18.44:014][502]LogModuleManager: Shutting down and abandoning module Core (55)
[2015.03.05-15.18.44:014][502]LogModuleManager: Shutting down and abandoning module KismetCompiler (54)
[2015.03.05-15.18.44:014][502]LogModuleManager: Shutting down and abandoning module PhysXFormats (53)
[2015.03.05-15.18.44:015][502]LogModuleManager: Shutting down and abandoning module MeshUtilities (52)
[2015.03.05-15.18.44:016][502]LogModuleManager: Shutting down and abandoning module DerivedDataCache (51)
[2015.03.05-15.18.44:121][502]LogDerivedDataCache: Shutdown
[2015.03.05-15.18.44:121][502]LogModuleManager: Shutting down and abandoning module ShaderFormatOpenGL (50)
[2015.03.05-15.18.44:122][502]LogModuleManager: Shutting down and abandoning module ShaderFormatD3D (49)
[2015.03.05-15.18.44:123][502]LogModuleManager: Shutting down and abandoning module MetalShaderFormat (48)
[2015.03.05-15.18.44:123][502]LogModuleManager: Shutting down and abandoning module TextureFormatUncompressed (47)
[2015.03.05-15.18.44:124][502]LogModuleManager: Shutting down and abandoning module TextureFormatPVR (46)
[2015.03.05-15.18.44:124][502]LogModuleManager: Shutting down and abandoning module TextureFormatIntelISPCTexComp (45)
[2015.03.05-15.18.44:125][502]LogModuleManager: Shutting down and abandoning module TextureFormatDXT (44)
[2015.03.05-15.18.44:125][502]LogModuleManager: Shutting down and abandoning module ImageWrapper (43)
[2015.03.05-15.18.44:125][502]LogModuleManager: Shutting down and abandoning module TextureFormatASTC (42)
[2015.03.05-15.18.44:125][502]LogModuleManager: Shutting down and abandoning module TextureFormatAndroid (41)
[2015.03.05-15.18.44:126][502]LogModuleManager: Shutting down and abandoning module AudioFormatOpus (40)
[2015.03.05-15.18.44:126][502]LogModuleManager: Shutting down and abandoning module AudioFormatOgg (39)
[2015.03.05-15.18.44:127][502]LogModuleManager: Shutting down and abandoning module AudioFormatADPCM (38)
[2015.03.05-15.18.44:127][502]LogModuleManager: Shutting down and abandoning module LinuxTargetPlatform (37)
[2015.03.05-15.18.44:127][502]LogModuleManager: Shutting down and abandoning module LinuxServerTargetPlatform (36)
[2015.03.05-15.18.44:128][502]LogModuleManager: Shutting down and abandoning module LinuxNoEditorTargetPlatform (35)
[2015.03.05-15.18.44:128][502]LogModuleManager: Shutting down and abandoning module Messaging (34)
[2015.03.05-15.18.44:129][502]LogModuleManager: Shutting down and abandoning module IOSTargetPlatform (33)
[2015.03.05-15.18.44:129][502]LogModuleManager: Shutting down and abandoning module HTML5TargetPlatform (32)
[2015.03.05-15.18.44:129][502]LogModuleManager: Shutting down and abandoning module Android_PVRTCTargetPlatform (31)
[2015.03.05-15.18.44:129][502]LogModuleManager: Shutting down and abandoning module Android_ETC2TargetPlatform (30)
[2015.03.05-15.18.44:129][502]LogModuleManager: Shutting down and abandoning module Android_ETC1TargetPlatform (29)
[2015.03.05-15.18.44:130][502]LogModuleManager: Shutting down and abandoning module Android_ES31TargetPlatform (28)
[2015.03.05-15.18.44:130][502]LogModuleManager: Shutting down and abandoning module Android_DXTTargetPlatform (27)
[2015.03.05-15.18.44:130][502]LogModuleManager: Shutting down and abandoning module Android_ATCTargetPlatform (26)
[2015.03.05-15.18.44:131][502]LogModuleManager: Shutting down and abandoning module AndroidTargetPlatform (25)
[2015.03.05-15.18.44:131][502]LogModuleManager: Shutting down and abandoning module WindowsTargetPlatform (24)
[2015.03.05-15.18.44:131][502]LogModuleManager: Shutting down and abandoning module WindowsServerTargetPlatform (23)
[2015.03.05-15.18.44:131][502]LogModuleManager: Shutting down and abandoning module WindowsNoEditorTargetPlatform (22)
[2015.03.05-15.18.44:132][502]LogModuleManager: Shutting down and abandoning module WindowsClientTargetPlatform (21)
[2015.03.05-15.18.44:132][502]LogModuleManager: Shutting down and abandoning module TargetPlatform (20)
[2015.03.05-15.18.44:132][502]LogModuleManager: Shutting down and abandoning module InputCore (19)
[2015.03.05-15.18.44:132][502]LogModuleManager: Shutting down and abandoning module Settings (18)
[2015.03.05-15.18.44:133][502]LogModuleManager: Shutting down and abandoning module OnlineSubsystem (16)
[2015.03.05-15.18.44:133][502]LogModuleManager: Shutting down and abandoning module OculusRift (15)
[2015.03.05-15.18.44:133][502]LogModuleManager: Shutting down and abandoning module ExampleDeviceProfileSelector (14)
[2015.03.05-15.18.44:133][502]LogModuleManager: Shutting down and abandoning module TextureCompressor (13)
[2015.03.05-15.18.44:136][502]LogModuleManager: Shutting down and abandoning module ShaderCore (12)
[2015.03.05-15.18.44:136][502]LogModuleManager: Shutting down and abandoning module Landscape (11)
[2015.03.05-15.18.44:136][502]LogModuleManager: Shutting down and abandoning module SlateRHIRenderer (10)
[2015.03.05-15.18.44:139][502]LogModuleManager: Shutting down and abandoning module OpenGLDrv (9)
[2015.03.05-15.18.44:140][502]LogModuleManager: Shutting down and abandoning module D3D11RHI (8)
[2015.03.05-15.18.44:140][502]LogModuleManager: Shutting down and abandoning module Renderer (7)
[2015.03.05-15.18.44:140][502]LogModuleManager: Shutting down and abandoning module Engine (6)
[2015.03.05-15.18.44:140][502]LogModuleManager: Shutting down and abandoning module CoreUObject (5)
[2015.03.05-15.18.44:141][502]LogModuleManager: Shutting down and abandoning module NetworkFile (4)
[2015.03.05-15.18.44:142][502]LogModuleManager: Shutting down and abandoning module StreamingFile (3)
[2015.03.05-15.18.44:143][502]LogModuleManager: Shutting down and abandoning module SandboxFile (2)
[2015.03.05-15.18.44:143][502]LogModuleManager: Shutting down and abandoning module PakFile (1)
[2015.03.05-15.18.44:147][502]LogExit: Exiting.
[2015.03.05-15.18.44:176][502]Log file closed, 03/05/15 10:18:44
