Log file open, 03/12/15 09:20:14
LogInit:Display: Running engine for game: SpaceShooter
LogInit: Version: 4.7.2-2467323+++depot+UE4-Releases+4.7
LogInit: API Version: 2455222
LogInit: Compiled (64-bit): Mar  2 2015 23:16:34
LogInit: Compiled with Visual C++: 18.00.21005.01
LogInit: Build Configuration: Development
LogInit: Branch Name: ++depot+UE4-Releases+4.7
LogInit: Command line: 
LogInit: Base directory: C:/Program Files/Unreal Engine/4.7/Engine/Binaries/Win64/
LogInit: Rocket: 1
[2015.03.12-13.20.14:940][  0]LogTaskGraph: Started task graph with 3 named threads and 6 total threads.
[2015.03.12-13.20.14:999][  0]LogOnline:Warning: No default platform service specified for OnlineSubsystem
[2015.03.12-13.20.15:045][  0]LogInit: Presizing for 0 objects not considered by GC, pre-allocating 0 bytes.
[2015.03.12-13.20.15:057][  0]LogInit: Object subsystem initialized
[2015.03.12-13.20.15:060][  0]LogInit: Selected Device Profile: [Windows]
[2015.03.12-13.20.15:061][  0]LogInit: Applying CVar settings loaded from the selected device profile: [Windows]
[2015.03.12-13.20.15:070][  0]LogInit: Computer: C401IT34
[2015.03.12-13.20.15:070][  0]LogInit: User: sctcad
[2015.03.12-13.20.15:071][  0]LogInit: CPU Page size=4096, Cores=4
[2015.03.12-13.20.15:071][  0]LogInit: High frequency timer resolution =2.741210 MHz
[2015.03.12-13.20.15:071][  0]LogMemory: Memory total: Physical=6.0GB (6GB approx) Virtual=8192.0GB
[2015.03.12-13.20.15:072][  0]LogMemory: Platform Memory Stats for Windows
[2015.03.12-13.20.15:072][  0]LogMemory: Process Physical Memory: 46.01 MB used, 46.01 MB peak
[2015.03.12-13.20.15:073][  0]LogMemory: Process Virtual Memory: 22.67 MB used, 22.67 MB peak
[2015.03.12-13.20.15:073][  0]LogMemory: Physical Memory: 4520.51 MB used, 6134.93 MB total
[2015.03.12-13.20.15:073][  0]LogMemory: Virtual Memory: 273.25 MB used, 8388608.00 MB total
[2015.03.12-13.20.15:148][  0]LogD3D11RHI: Found D3D11 adapter 0: NVIDIA GeForce GTX 260   (Feature Level 10_0)
[2015.03.12-13.20.15:148][  0]LogD3D11RHI: Adapter has 1767MB of dedicated video memory, 0MB of dedicated system memory, and 2303MB of shared system memory, 1 output[s]
[2015.03.12-13.20.15:148][  0]LogD3D11RHI: Chosen D3D11 Adapter Id = 0
[2015.03.12-13.20.15:153][  0]LogRHI: Texture pool is 1237 MB (70% of 1767 MB)
[2015.03.12-13.20.15:187][  0]LogD3D11RHI: Async texture creation enabled
[2015.03.12-13.20.15:293][  0]LogTextLocalizationManager: The requested culture ('en_US') has no localization data; parent culture's ('en') localization data will be used.
[2015.03.12-13.20.15:457][  0]LogContentStreaming: Texture pool size is 0.000000MB
[2015.03.12-13.20.18:667][  0]LogTargetPlatformManager:Display: Building Assets For Windows
[2015.03.12-13.20.19:468][  0]LogTargetPlatformManager:Display: Building Assets For Windows
[2015.03.12-13.20.19:566][  0]LogDerivedDataCache:Display: Max Cache Size: 512 MB
[2015.03.12-13.20.19:606][  0]LogDerivedDataCache: Loaded boot cache 0.04s 37MB C:/Users/sctcad/AppData/Local/UnrealEngine/4.7/DerivedDataCache/Boot.ddc.
[2015.03.12-13.20.19:606][  0]LogDerivedDataCache:Display: Loaded Boot cache: C:/Users/sctcad/AppData/Local/UnrealEngine/4.7/DerivedDataCache/Boot.ddc
[2015.03.12-13.20.19:607][  0]LogDerivedDataCache: FDerivedDataBackendGraph:  Pak pak cache file ../../../../../../Users/sctcad/Desktop/SpaceShooter/SpaceShooter/SpaceShooter/DerivedDataCache/DDC.ddp not found, will not use a pak cache.
[2015.03.12-13.20.19:607][  0]LogDerivedDataCache: Unable to find inner node Pak for hierarchical cache Hierarchy.
[2015.03.12-13.20.19:758][  0]LogDerivedDataCache:Display: Pak cache opened for reading ../../../Engine/DerivedDataCache/Compressed.ddp.
[2015.03.12-13.20.19:771][  0]LogDerivedDataCache: Using Local data cache path C:/Users/sctcad/AppData/Local/UnrealEngine/Common/DerivedDataCache: Writable
[2015.03.12-13.20.20:156][  0]LogMeshUtilities: No automatic mesh reduction module available
[2015.03.12-13.20.20:157][  0]LogMeshUtilities: No automatic mesh merging module available
[2015.03.12-13.20.20:653][  0]LogInit: WinSock: version 1.1 (2.2), MaxSocks=32767, MaxUdp=65467
[2015.03.12-13.20.20:795][  0]LogSlate:Warning: Failed to load font data from '../../../Engine/Content/Slate/Fonts/Roboto-Italic.ttf'
[2015.03.12-13.20.22:128][  0]UdpMessaging: Initializing bridge on interface 0.0.0.0:0 to multicast group 230.0.0.1:6666.
[2015.03.12-13.20.22:676][  0]SourceControl: Info Source control is disabled
[2015.03.12-13.20.22:677][  0]SourceControl: Info Source control is disabled
[2015.03.12-13.20.22:677][  0]SourceControl: Info Source control is disabled
[2015.03.12-13.20.22:678][  0]LogSourceControl: RunCommandInternalRaw: 'git version'
[2015.03.12-13.20.22:678][  0]LogSourceControl: RunCommandInternalRaw: ExecProcess ReturnCode=2 OutResults=''
[2015.03.12-13.20.22:690][  0]SourceControl: Info Source control is disabled
[2015.03.12-13.20.23:103][  0]LogObj: 24314 objects as part of root set at end of initial load.
[2015.03.12-13.20.23:103][  0]LogUObjectAllocator: 5179336 out of 0 bytes used by permanent object pool.
[2015.03.12-13.20.23:233][  0]LogEngine: Initializing Engine...
[2015.03.12-13.20.26:414][  0]LogInit: XAudio2 using 'Digital Audio (HDMI) (2- High Definition Audio Device)' : 2 channels at 44.1 kHz using 16 bits per sample (channel mask 0x3)
[2015.03.12-13.20.26:430][  0]LogInit: FAudioDevice initialized.
[2015.03.12-13.20.26:490][  0]LogAIModule: Creating AISystem for world NewWorld
[2015.03.12-13.20.26:512][  0]LogDerivedDataCache: Saved boot cache 0.02s 37MB C:/Users/sctcad/AppData/Local/UnrealEngine/4.7/DerivedDataCache/Boot.ddc.
[2015.03.12-13.20.26:519][  0]LogInit: Texture streaming: Enabled
[2015.03.12-13.20.26:652][  0]LogAnalytics: Creating configured Analytics provider AnalyticsET
[2015.03.12-13.20.26:652][  0]LogAnalytics: ET APIKey = Rocket.Release. APIServer = http://et2.epicgames.com/ET2/. AppVersion = 4.7.2-2467323+++depot+UE4-Releases+4.7
[2015.03.12-13.20.26:652][  0]LogAnalytics: ET APIKey = Rocket.Release. DataRouterUploadURL = https://datarouter-public-service-gamedev.ol.epicgames.net/datarouter/api/v1/public/data. AppVersion = 4.7.2-2467323+++depot+UE4-Releases+4.7
[2015.03.12-13.20.26:653][  0]LogAnalytics: SetUserId 64ff77f04af0b475300fe7ab8c79c2b2|d9d81cedd9384488858a28c751665a55|7fac54aa-9f69-47ad-8344-357d0c6be1ba
[2015.03.12-13.20.26:653][  0]LogAnalytics: AnalyticsET::StartSession [Rocket.Release]
[2015.03.12-13.20.26:684][  0]LogInit: Transaction tracking system initialized
[2015.03.12-13.20.27:081][  0]BlueprintLog: New page: Editor Load
[2015.03.12-13.20.27:135][  0]LogAssetRegistry: FAssetRegistry took 0.0101 seconds to start up
[2015.03.12-13.20.27:136][  0]LogDirectoryWatcher:Warning: Failed to begin reading directory changes for ../../../Engine/Plugins/Experimental/CharacterAI/Content/. Error: 0
[2015.03.12-13.20.27:933][  0]LogTargetPlatformManager:Display: Building Assets For Windows
[2015.03.12-13.20.28:372][  0]LogTargetPlatformManager:Display: Building Assets For Windows
[2015.03.12-13.20.28:974][  0]LogSlate:Warning: Failed to load font data from '../../../Engine/Content/Editor/Slate/Fonts/Roboto-Regular.ttf'
[2015.03.12-13.20.28:975][  0]LogSlate:Warning: Failed to load font data from '../../../Engine/Content/Editor/Slate/Fonts/Roboto-Bold.ttf'
[2015.03.12-13.20.28:981][  0]LogConsoleResponse:Display: 
[2015.03.12-13.20.29:152][  0]LogCook:Display: Done creating registry. It took  0.00s.
[2015.03.12-13.20.29:487][  0]SourceControl: Info Source control is disabled
[2015.03.12-13.20.29:488][  0]Cmd: MAP LOAD FILE="../../../../../../Users/sctcad/Desktop/SpaceShooter/SpaceShooter/SpaceShooter/Content/SpacyMap.umap" TEMPLATE=0 SHOWPROGRESS=1 FEATURELEVEL=2
[2015.03.12-13.20.29:489][  0]LightingResults: New page: Lighting Build
[2015.03.12-13.20.29:509][  0]MapCheck: New page: Map Check
[2015.03.12-13.20.29:509][  0]LightingResults: New page: Lighting Build
[2015.03.12-13.20.29:517][  0]LogParticles: Destroying 0 GPU particle simulations for FXSystem 0x0000000004021800
[2015.03.12-13.20.30:472][  0]LogEditorServer: Finished looking for orphan Actors (0.000 secs)
[2015.03.12-13.20.30:473][  0]LogAIModule: Creating AISystem for world SpacyMap
[2015.03.12-13.20.30:474][  0]Cmd: MAP CHECKDEP
[2015.03.12-13.20.30:474][  0]MapCheck: New page: SpacyMap - Mar 12, 2015, 5:20:30 AM
[2015.03.12-13.20.30:582][  0]MapCheck: Info Map check complete: 0 Error(s), 0 Warning(s), took 107.024ms to complete.
[2015.03.12-13.20.30:582][  0]LogFileHelpers: Loading map 'SpacyMap' took 1.096
[2015.03.12-13.20.30:689][  0]LogCollectionManager: Loaded 0 collections in 0.002080 seconds
[2015.03.12-13.20.30:710][  0]LogContentBrowser: Native class hierarchy populated in 0.0204 seconds. Added 1701 classes and 263 folders.
[2015.03.12-13.20.30:735][  0]LogContentBrowser:Verbose: The content browser source was changed by the sources view to '/Classes_Game/SpaceShooter'
[2015.03.12-13.20.30:840][  0]LogContentBrowser: Native class hierarchy updated for 'SceneOutliner' in 0.0082 seconds. Added 1 classes and 2 folders.
[2015.03.12-13.20.30:976][  0]LogCrashTracker: Crashtracker disabled due to settings.
[2015.03.12-13.20.30:978][  0]LogSlate:Warning: Failed to load font data from 'Veranda'
[2015.03.12-13.20.30:986][  0]LogUObjectGlobals:Warning: Failed to find object 'Class None.'
[2015.03.12-13.20.31:021][  0]LogLoad: Full Startup: 18.41 seconds (BP compile: 0.13 seconds)
[2015.03.12-13.20.31:208][  0]LogRenderer:Warning: Reallocating scene render targets to support 32x32 (Frame:2).
[2015.03.12-13.20.31:302][  0]LogRenderer:Warning: Reallocating scene render targets to support 1144x928 (Frame:4).
[2015.03.12-13.20.31:486][  1]Cmd: UpdateLandscapeEditorData -warnings
[2015.03.12-13.20.31:488][  1]Cmd: UpdateLandscapeEditorData
[2015.03.12-13.20.31:680][  5]LogAssetRegistry: Asset discovery search completed in 4.5663 seconds
[2015.03.12-13.20.33:365][163]BlueprintLog: New page: Pre-PIE auto-recompile
[2015.03.12-13.20.33:366][163]LogPlayLevel: [PIE] Compiling SpacyMap before PIE...
[2015.03.12-13.20.33:445][163]LogPlayLevel: PIE:  Blueprint regeneration took 80 ms (1 blueprints)
[2015.03.12-13.20.33:446][163]PIE: New page: PIE session: SpacyMap (Mar 12, 2015, 5:20:33 AM)
[2015.03.12-13.20.33:458][163]LogPlayLevel: PIE: StaticDuplicateObject took: (0.011476s)
[2015.03.12-13.20.33:459][163]LogPlayLevel: PIE: World Init took: (0.000739s)
[2015.03.12-13.20.33:460][163]LogPlayLevel: PIE: Created PIE world by copying editor world from /Game/SpacyMap.SpacyMap to /Game/UEDPIE_0_SpacyMap.SpacyMap (0.013088s)
[2015.03.12-13.20.33:509][163]LogWorld: Game class is 'SpaceShooterGameMode'
[2015.03.12-13.20.33:514][163]LogAIModule: Creating AISystem for world SpacyMap
[2015.03.12-13.20.33:531][163]LogWorld: Bringing World /Game/UEDPIE_0_SpacyMap.SpacyMap up for play (max tick rate 0) at 2015.03.12-09.20.33
[2015.03.12-13.20.33:534][163]LogWorld: Bringing up level for play took: 0.019126
[2015.03.12-13.20.33:539][163]PIE: Info Play in editor start time for /Game/UEDPIE_0_SpacyMap -0.314
[2015.03.12-13.20.36:592][348]LogParticles: Destroying 0 GPU particle simulations for FXSystem 0x000000000BFC1BC0
[2015.03.12-13.21.11:737][405]Cmd: QUIT_EDITOR
[2015.03.12-13.21.12:040][405]LogExit: Preparing to exit.
[2015.03.12-13.21.12:172][405]LogExit: Editor shut down
[2015.03.12-13.21.12:172][405]LogExit: Transaction tracking system shut down
[2015.03.12-13.21.12:173][405]LogParticles: Destroying 0 GPU particle simulations for FXSystem 0x000000000E5714E0
[2015.03.12-13.21.12:174][405]LogParticles: Destroying 0 GPU particle simulations for FXSystem 0x0000000019AC82C0
[2015.03.12-13.21.12:174][405]LogParticles: Destroying 0 GPU particle simulations for FXSystem 0x000000001AF13B00
[2015.03.12-13.21.12:216][405]LogExit: Object subsystem successfully closed.
[2015.03.12-13.21.12:275][405]LogModuleManager: Shutting down and abandoning module ExternalImagePicker (179)
[2015.03.12-13.21.12:276][405]LogModuleManager: Shutting down and abandoning module CrashTracker (178)
[2015.03.12-13.21.12:276][405]LogModuleManager: Shutting down and abandoning module SuperSearch (177)
[2015.03.12-13.21.12:276][405]LogModuleManager: Shutting down and abandoning module SceneOutliner (176)
[2015.03.12-13.21.12:277][405]LogModuleManager: Shutting down and abandoning module EditorWidgets (175)
[2015.03.12-13.21.12:277][405]LogModuleManager: Shutting down and abandoning module CollectionManager (174)
[2015.03.12-13.21.12:277][405]LogModuleManager: Shutting down and abandoning module StatsViewer (173)
[2015.03.12-13.21.12:278][405]LogModuleManager: Shutting down and abandoning module FoliageEdit (172)
[2015.03.12-13.21.12:278][405]LogModuleManager: Shutting down and abandoning module LandscapeEditor (171)
[2015.03.12-13.21.12:278][405]LogModuleManager: Shutting down and abandoning module MeshPaint (170)
[2015.03.12-13.21.12:278][405]LogModuleManager: Shutting down and abandoning module ActorPickerMode (169)
[2015.03.12-13.21.12:279][405]LogModuleManager: Shutting down and abandoning module GeometryMode (168)
[2015.03.12-13.21.12:279][405]LogModuleManager: Shutting down and abandoning module TextureAlignMode (167)
[2015.03.12-13.21.12:279][405]LogModuleManager: Shutting down and abandoning module BspMode (166)
[2015.03.12-13.21.12:279][405]LogModuleManager: Shutting down and abandoning module PlacementMode (165)
[2015.03.12-13.21.12:280][405]LogModuleManager: Shutting down and abandoning module AutomationWorker (164)
[2015.03.12-13.21.12:280][405]LogModuleManager: Shutting down and abandoning module CharacterAI (163)
[2015.03.12-13.21.12:280][405]LogModuleManager: Shutting down and abandoning module SmartSnapping (162)
[2015.03.12-13.21.12:280][405]LogModuleManager: Shutting down and abandoning module ViewportSnapping (161)
[2015.03.12-13.21.12:281][405]LogModuleManager: Shutting down and abandoning module LogVisualizer (160)
[2015.03.12-13.21.12:281][405]LogModuleManager: Shutting down and abandoning module GameProjectGeneration (159)
[2015.03.12-13.21.12:281][405]LogModuleManager: Shutting down and abandoning module IntroTutorials (158)
[2015.03.12-13.21.12:282][405]LogModuleManager: Shutting down and abandoning module EditorLiveStreaming (157)
[2015.03.12-13.21.12:282][405]LogModuleManager: Shutting down and abandoning module HardwareTargeting (156)
[2015.03.12-13.21.12:282][405]LogModuleManager: Shutting down and abandoning module DeviceProfileEditor (155)
[2015.03.12-13.21.12:282][405]LogModuleManager: Shutting down and abandoning module UndoHistory (154)
[2015.03.12-13.21.12:283][405]LogModuleManager: Shutting down and abandoning module GameplayTagsEditor (153)
[2015.03.12-13.21.12:283][405]LogModuleManager: Shutting down and abandoning module UserFeedback (152)
[2015.03.12-13.21.12:283][405]LogModuleManager: Shutting down and abandoning module XmlParser (151)
[2015.03.12-13.21.12:283][405]LogModuleManager: Shutting down and abandoning module Blutility (150)
[2015.03.12-13.21.12:284][405]LogModuleManager: Shutting down and abandoning module IOSPlatformEditor (149)
[2015.03.12-13.21.12:284][405]LogModuleManager: Shutting down and abandoning module IOSRuntimeSettings (148)
[2015.03.12-13.21.12:284][405]LogModuleManager: Shutting down and abandoning module AndroidDeviceDetection (147)
[2015.03.12-13.21.12:427][405]LogModuleManager: Shutting down and abandoning module AndroidPlatformEditor (146)
[2015.03.12-13.21.12:427][405]LogModuleManager: Shutting down and abandoning module AndroidRuntimeSettings (145)
[2015.03.12-13.21.12:427][405]LogModuleManager: Shutting down and abandoning module ProjectTargetPlatformEditor (144)
[2015.03.12-13.21.12:428][405]LogModuleManager: Shutting down and abandoning module ProjectSettingsViewer (143)
[2015.03.12-13.21.12:428][405]LogModuleManager: Shutting down and abandoning module InputBindingEditor (142)
[2015.03.12-13.21.12:429][405]LogModuleManager: Shutting down and abandoning module EditorSettingsViewer (141)
[2015.03.12-13.21.12:429][405]LogModuleManager: Shutting down and abandoning module SettingsEditor (140)
[2015.03.12-13.21.12:429][405]LogModuleManager: Shutting down and abandoning module ProjectLauncher (139)
[2015.03.12-13.21.12:429][405]LogModuleManager: Shutting down and abandoning module SessionFrontend (138)
[2015.03.12-13.21.12:430][405]LogModuleManager: Shutting down and abandoning module ProfilerClient (137)
[2015.03.12-13.21.12:430][405]LogModuleManager: Shutting down and abandoning module TargetDeviceServices (136)
[2015.03.12-13.21.12:430][405]LogModuleManager: Shutting down and abandoning module DeviceManager (135)
[2015.03.12-13.21.12:431][405]LogModuleManager: Shutting down and abandoning module AutomationController (134)
[2015.03.12-13.21.12:431][405]LogModuleManager: Shutting down and abandoning module AutomationWindow (133)
[2015.03.12-13.21.12:431][405]LogModuleManager: Shutting down and abandoning module Layers (132)
[2015.03.12-13.21.12:431][405]LogModuleManager: Shutting down and abandoning module ComponentVisualizers (131)
[2015.03.12-13.21.12:432][405]LogModuleManager: Shutting down and abandoning module DetailCustomizations (130)
[2015.03.12-13.21.12:432][405]LogModuleManager: Shutting down and abandoning module PackagesDialog (129)
[2015.03.12-13.21.12:432][405]LogModuleManager: Shutting down and abandoning module AssetRegistry (128)
[2015.03.12-13.21.12:460][405]LogModuleManager: Shutting down and abandoning module Persona (127)
[2015.03.12-13.21.12:461][405]LogModuleManager: Shutting down and abandoning module SlateReflector (126)
[2015.03.12-13.21.12:461][405]LogModuleManager: Shutting down and abandoning module LevelEditor (125)
[2015.03.12-13.21.12:462][405]LogModuleManager: Shutting down and abandoning module Kismet (124)
[2015.03.12-13.21.12:463][405]LogModuleManager: Shutting down and abandoning module GraphEditor (123)
[2015.03.12-13.21.12:463][405]LogModuleManager: Shutting down and abandoning module ClassViewer (122)
[2015.03.12-13.21.12:463][405]LogModuleManager: Shutting down and abandoning module Toolbox (121)
[2015.03.12-13.21.12:464][405]LogModuleManager: Shutting down and abandoning module ModuleUI (120)
[2015.03.12-13.21.12:464][405]LogModuleManager: Shutting down and abandoning module MovieSceneTools (119)
[2015.03.12-13.21.12:464][405]LogModuleManager: Shutting down and abandoning module OutputLog (118)
[2015.03.12-13.21.12:464][405]LogModuleManager: Shutting down and abandoning module GammaUI (117)
[2015.03.12-13.21.12:465][405]LogModuleManager: Shutting down and abandoning module Documentation (116)
[2015.03.12-13.21.12:465][405]LogModuleManager: Shutting down and abandoning module GameLiveStreaming (115)
[2015.03.12-13.21.12:465][405]LogModuleManager: Shutting down and abandoning module StreamingPauseRendering (114)
[2015.03.12-13.21.12:465][405]LogModuleManager: Shutting down and abandoning module HTTP (113)
[2015.03.12-13.21.12:466][405]LogModuleManager: Shutting down and abandoning module AnalyticsET (112)
[2015.03.12-13.21.12:466][405]LogModuleManager: Shutting down and abandoning module Analytics (111)
[2015.03.12-13.21.12:466][405]LogModuleManager: Shutting down and abandoning module AITestSuite (110)
[2015.03.12-13.21.12:466][405]LogModuleManager: Shutting down and abandoning module GameplayDebugger (109)
[2015.03.12-13.21.12:467][405]LogModuleManager: Shutting down and abandoning module AIModule (108)
[2015.03.12-13.21.12:467][405]LogModuleManager: Shutting down and abandoning module ProfilerService (107)
[2015.03.12-13.21.12:564][405]LogModuleManager: Shutting down and abandoning module TaskGraph (106)
[2015.03.12-13.21.12:564][405]LogModuleManager: Shutting down and abandoning module SlateRemote (105)
[2015.03.12-13.21.12:564][405]LogModuleManager: Shutting down and abandoning module ScriptEditorPlugin (104)
[2015.03.12-13.21.12:565][405]LogModuleManager: Shutting down and abandoning module CustomMeshComponent (103)
[2015.03.12-13.21.12:565][405]LogModuleManager: Shutting down and abandoning module CableComponent (102)
[2015.03.12-13.21.12:565][405]LogModuleManager: Shutting down and abandoning module MessagingDebugger (101)
[2015.03.12-13.21.12:565][405]LogModuleManager: Shutting down and abandoning module MediaPlayerEditor (100)
[2015.03.12-13.21.12:566][405]LogModuleManager: Shutting down and abandoning module SpeedTreeImporter (99)
[2015.03.12-13.21.12:566][405]LogModuleManager: Shutting down and abandoning module PluginsEditor (98)
[2015.03.12-13.21.12:566][405]LogModuleManager: Shutting down and abandoning module MainFrame (97)
[2015.03.12-13.21.12:566][405]LogModuleManager: Shutting down and abandoning module EpicSurvey (96)
[2015.03.12-13.21.12:567][405]LogModuleManager: Shutting down and abandoning module DesktopPlatform (95)
[2015.03.12-13.21.12:567][405]LogModuleManager: Shutting down and abandoning module DirectoryWatcher (94)
[2015.03.12-13.21.12:567][405]LogModuleManager: Shutting down and abandoning module HotReload (93)
[2015.03.12-13.21.12:567][405]LogModuleManager: Shutting down and abandoning module VisualStudioSourceCodeAccess (92)
[2015.03.12-13.21.12:567][405]LogModuleManager: Shutting down and abandoning module UObjectPlugin (91)
[2015.03.12-13.21.12:567][405]LogModuleManager: Shutting down and abandoning module SubversionSourceControl (90)
[2015.03.12-13.21.12:567][405]LogModuleManager: Shutting down and abandoning module PerforceSourceControl (89)
[2015.03.12-13.21.12:568][405]LogModuleManager: Shutting down and abandoning module SourceControl (88)
[2015.03.12-13.21.12:568][405]LogModuleManager: Shutting down and abandoning module GitSourceControl (87)
[2015.03.12-13.21.12:568][405]LogModuleManager: Shutting down and abandoning module BlankPlugin (86)
[2015.03.12-13.21.12:569][405]LogModuleManager: Shutting down and abandoning module PaperTiledImporter (85)
[2015.03.12-13.21.12:569][405]LogModuleManager: Shutting down and abandoning module PaperJsonImporter (84)
[2015.03.12-13.21.12:569][405]LogModuleManager: Shutting down and abandoning module ContentBrowser (83)
[2015.03.12-13.21.12:570][405]LogModuleManager: Shutting down and abandoning module Paper2DEditor (82)
[2015.03.12-13.21.12:570][405]LogModuleManager: Shutting down and abandoning module SpaceShooter (81)
[2015.03.12-13.21.12:571][405]LogModuleManager: Shutting down and abandoning module ScriptPlugin (80)
[2015.03.12-13.21.12:571][405]LogModuleManager: Shutting down and abandoning module UdpMessaging (79)
[2015.03.12-13.21.12:671][405]LogModuleManager: Shutting down and abandoning module Paper2D (78)
[2015.03.12-13.21.12:671][405]LogModuleManager: Shutting down and abandoning module WindowsMoviePlayer (77)
[2015.03.12-13.21.12:674][405]LogModuleManager: Shutting down and abandoning module Media (76)
[2015.03.12-13.21.12:674][405]LogModuleManager: Shutting down and abandoning module WmfMedia (75)
[2015.03.12-13.21.12:675][405]LogModuleManager: Shutting down and abandoning module OnlineBlueprintSupport (74)
[2015.03.12-13.21.12:676][405]LogModuleManager: Shutting down and abandoning module PropertyEditor (73)
[2015.03.12-13.21.12:676][405]LogModuleManager: Shutting down and abandoning module BehaviorTreeEditor (72)
[2015.03.12-13.21.12:676][405]LogModuleManager: Shutting down and abandoning module FunctionalTesting (71)
[2015.03.12-13.21.12:676][405]LogModuleManager: Shutting down and abandoning module CollisionAnalyzer (70)
[2015.03.12-13.21.12:677][405]LogModuleManager: Shutting down and abandoning module WorkspaceMenuStructure (69)
[2015.03.12-13.21.12:677][405]LogModuleManager: Shutting down and abandoning module MessageLog (68)
[2015.03.12-13.21.12:677][405]LogModuleManager: Shutting down and abandoning module Sequencer (67)
[2015.03.12-13.21.12:677][405]LogModuleManager: Shutting down and abandoning module AssetTools (66)
[2015.03.12-13.21.12:678][405]LogModuleManager: Shutting down and abandoning module UMGEditor (65)
[2015.03.12-13.21.12:678][405]LogModuleManager: Shutting down and abandoning module UMG (64)
[2015.03.12-13.21.12:678][405]LogModuleManager: Shutting down and abandoning module Slate (63)
[2015.03.12-13.21.12:678][405]LogModuleManager: Shutting down and abandoning module EditorStyle (62)
[2015.03.12-13.21.12:683][405]LogModuleManager: Shutting down and abandoning module SessionServices (61)
[2015.03.12-13.21.12:683][405]LogModuleManager: Shutting down and abandoning module SourceCodeAccess (60)
[2015.03.12-13.21.12:684][405]LogModuleManager: Shutting down and abandoning module HeadMountedDisplay (59)
[2015.03.12-13.21.12:684][405]LogModuleManager: Shutting down and abandoning module XAudio2 (58)
[2015.03.12-13.21.12:684][405]LogModuleManager: Shutting down and abandoning module Networking (56)
[2015.03.12-13.21.12:684][405]LogModuleManager: Shutting down and abandoning module Core (55)
[2015.03.12-13.21.12:685][405]LogModuleManager: Shutting down and abandoning module KismetCompiler (54)
[2015.03.12-13.21.12:685][405]LogModuleManager: Shutting down and abandoning module PhysXFormats (53)
[2015.03.12-13.21.12:685][405]LogModuleManager: Shutting down and abandoning module MeshUtilities (52)
[2015.03.12-13.21.12:685][405]LogModuleManager: Shutting down and abandoning module DerivedDataCache (51)
[2015.03.12-13.21.12:764][405]LogDerivedDataCache: Shutdown
[2015.03.12-13.21.12:764][405]LogModuleManager: Shutting down and abandoning module ShaderFormatOpenGL (50)
[2015.03.12-13.21.12:764][405]LogModuleManager: Shutting down and abandoning module ShaderFormatD3D (49)
[2015.03.12-13.21.12:765][405]LogModuleManager: Shutting down and abandoning module MetalShaderFormat (48)
[2015.03.12-13.21.12:765][405]LogModuleManager: Shutting down and abandoning module TextureFormatUncompressed (47)
[2015.03.12-13.21.12:765][405]LogModuleManager: Shutting down and abandoning module TextureFormatPVR (46)
[2015.03.12-13.21.12:765][405]LogModuleManager: Shutting down and abandoning module TextureFormatIntelISPCTexComp (45)
[2015.03.12-13.21.12:766][405]LogModuleManager: Shutting down and abandoning module TextureFormatDXT (44)
[2015.03.12-13.21.12:766][405]LogModuleManager: Shutting down and abandoning module ImageWrapper (43)
[2015.03.12-13.21.12:766][405]LogModuleManager: Shutting down and abandoning module TextureFormatASTC (42)
[2015.03.12-13.21.12:766][405]LogModuleManager: Shutting down and abandoning module TextureFormatAndroid (41)
[2015.03.12-13.21.12:767][405]LogModuleManager: Shutting down and abandoning module AudioFormatOpus (40)
[2015.03.12-13.21.12:767][405]LogModuleManager: Shutting down and abandoning module AudioFormatOgg (39)
[2015.03.12-13.21.12:767][405]LogModuleManager: Shutting down and abandoning module AudioFormatADPCM (38)
[2015.03.12-13.21.12:767][405]LogModuleManager: Shutting down and abandoning module LinuxTargetPlatform (37)
[2015.03.12-13.21.12:768][405]LogModuleManager: Shutting down and abandoning module LinuxServerTargetPlatform (36)
[2015.03.12-13.21.12:768][405]LogModuleManager: Shutting down and abandoning module LinuxNoEditorTargetPlatform (35)
[2015.03.12-13.21.12:768][405]LogModuleManager: Shutting down and abandoning module Messaging (34)
[2015.03.12-13.21.12:768][405]LogModuleManager: Shutting down and abandoning module IOSTargetPlatform (33)
[2015.03.12-13.21.12:769][405]LogModuleManager: Shutting down and abandoning module HTML5TargetPlatform (32)
[2015.03.12-13.21.12:769][405]LogModuleManager: Shutting down and abandoning module Android_PVRTCTargetPlatform (31)
[2015.03.12-13.21.12:769][405]LogModuleManager: Shutting down and abandoning module Android_ETC2TargetPlatform (30)
[2015.03.12-13.21.12:769][405]LogModuleManager: Shutting down and abandoning module Android_ETC1TargetPlatform (29)
[2015.03.12-13.21.12:770][405]LogModuleManager: Shutting down and abandoning module Android_ES31TargetPlatform (28)
[2015.03.12-13.21.12:770][405]LogModuleManager: Shutting down and abandoning module Android_DXTTargetPlatform (27)
[2015.03.12-13.21.12:770][405]LogModuleManager: Shutting down and abandoning module Android_ATCTargetPlatform (26)
[2015.03.12-13.21.12:770][405]LogModuleManager: Shutting down and abandoning module AndroidTargetPlatform (25)
[2015.03.12-13.21.12:770][405]LogModuleManager: Shutting down and abandoning module WindowsTargetPlatform (24)
[2015.03.12-13.21.12:771][405]LogModuleManager: Shutting down and abandoning module WindowsServerTargetPlatform (23)
[2015.03.12-13.21.12:771][405]LogModuleManager: Shutting down and abandoning module WindowsNoEditorTargetPlatform (22)
[2015.03.12-13.21.12:771][405]LogModuleManager: Shutting down and abandoning module WindowsClientTargetPlatform (21)
[2015.03.12-13.21.12:771][405]LogModuleManager: Shutting down and abandoning module TargetPlatform (20)
[2015.03.12-13.21.12:772][405]LogModuleManager: Shutting down and abandoning module InputCore (19)
[2015.03.12-13.21.12:772][405]LogModuleManager: Shutting down and abandoning module Settings (18)
[2015.03.12-13.21.12:772][405]LogModuleManager: Shutting down and abandoning module OnlineSubsystem (16)
[2015.03.12-13.21.12:772][405]LogModuleManager: Shutting down and abandoning module OculusRift (15)
[2015.03.12-13.21.12:773][405]LogModuleManager: Shutting down and abandoning module ExampleDeviceProfileSelector (14)
[2015.03.12-13.21.12:773][405]LogModuleManager: Shutting down and abandoning module TextureCompressor (13)
[2015.03.12-13.21.12:774][405]LogModuleManager: Shutting down and abandoning module ShaderCore (12)
[2015.03.12-13.21.12:774][405]LogModuleManager: Shutting down and abandoning module Landscape (11)
[2015.03.12-13.21.12:775][405]LogModuleManager: Shutting down and abandoning module SlateRHIRenderer (10)
[2015.03.12-13.21.12:776][405]LogModuleManager: Shutting down and abandoning module OpenGLDrv (9)
[2015.03.12-13.21.12:777][405]LogModuleManager: Shutting down and abandoning module D3D11RHI (8)
[2015.03.12-13.21.12:777][405]LogModuleManager: Shutting down and abandoning module Renderer (7)
[2015.03.12-13.21.12:777][405]LogModuleManager: Shutting down and abandoning module Engine (6)
[2015.03.12-13.21.12:777][405]LogModuleManager: Shutting down and abandoning module CoreUObject (5)
[2015.03.12-13.21.12:778][405]LogModuleManager: Shutting down and abandoning module NetworkFile (4)
[2015.03.12-13.21.12:778][405]LogModuleManager: Shutting down and abandoning module StreamingFile (3)
[2015.03.12-13.21.12:778][405]LogModuleManager: Shutting down and abandoning module SandboxFile (2)
[2015.03.12-13.21.12:778][405]LogModuleManager: Shutting down and abandoning module PakFile (1)
[2015.03.12-13.21.12:781][405]LogExit: Exiting.
[2015.03.12-13.21.12:787][405]Log file closed, 03/12/15 09:21:12
