Log file open, 02/12/15 09:14:23
LogInit:Display: Running engine for game: SpaceShooter
LogInit: Version: 4.4.3-2296771+++depot+UE4-Releases+4.4
LogInit: API Version: 2255576
LogInit: Compiled (64-bit): Sep 13 2014 22:30:58
LogInit: Build Configuration: DebugGame
LogInit: Branch Name: ++depot+UE4-Releases+4.4
LogInit: Command line:  -debug
LogInit: Base directory: C:/Program Files/Unreal Engine/4.4/Engine/Binaries/Win64/
LogInit: Rocket: 1
[2015.02.12-14.14.23:986][  0]LogTaskGraph: Started task graph with 3 named threads and 4 total threads.
[2015.02.12-14.14.24:016][  0]LogOnline:Warning: No default platform service specified for OnlineSubsystem
[2015.02.12-14.14.24:046][  0]LogInit: Presizing for 0 objects not considered by GC, pre-allocating 0 bytes.
[2015.02.12-14.14.24:074][  0]LogInit: Object subsystem initialized
[2015.02.12-14.14.24:091][  0]LogInit: Selected Device Profile: [Windows]
[2015.02.12-14.14.24:091][  0]LogInit: Applying CVar settings loaded from the selected device profile: [Windows]
[2015.02.12-14.14.24:101][  0]LogInit: Computer: C401IT27
[2015.02.12-14.14.24:101][  0]LogInit: User: sctcad
[2015.02.12-14.14.24:102][  0]LogInit: CPU Page size=4096, Cores=4
[2015.02.12-14.14.24:103][  0]LogInit: High frequency timer resolution =2.741230 MHz
[2015.02.12-14.14.24:103][  0]LogMemory: Memory total: Physical=6.0GB (6GB approx) Virtual=8192.0GB
[2015.02.12-14.14.24:104][  0]LogMemory: Platform Memory Stats for Windows
[2015.02.12-14.14.24:104][  0]LogMemory: Process Physical Memory: 60.71 MB used, 60.71 MB peak
[2015.02.12-14.14.24:104][  0]LogMemory: Process Virtual Memory: 36.33 MB used, 36.33 MB peak
[2015.02.12-14.14.24:105][  0]LogMemory: Physical Memory: 5646.41 MB used, 6134.93 MB total
[2015.02.12-14.14.24:105][  0]LogMemory: Virtual Memory: 256.68 MB used, 8388608.00 MB total
[2015.02.12-14.14.24:220][  0]LogD3D11RHI: Found D3D11 adapter 0: NVIDIA GeForce GTX 260   (Feature Level 10_0)
[2015.02.12-14.14.24:220][  0]LogD3D11RHI: Adapter has 1767MB of dedicated video memory, 0MB of dedicated system memory, and 2303MB of shared system memory, 1 output[s]
[2015.02.12-14.14.24:221][  0]LogD3D11RHI: Chosen D3D11 Adapter Id = 0
[2015.02.12-14.14.24:227][  0]LogRHI: Texture pool is 1237 MB (70% of 1767 MB)
[2015.02.12-14.14.24:261][  0]LogD3D11RHI: Async texture creation enabled
[2015.02.12-14.14.24:602][  0]LogContentStreaming: Texture pool size is 0.000000MB
[2015.02.12-14.14.26:511][  0]LogTargetPlatformManager:Display: Building Assets For Windows
[2015.02.12-14.14.26:946][  0]LogTargetPlatformManager:Display: Building Assets For Windows
[2015.02.12-14.14.27:001][  0]LogDerivedDataCache:Display: Max Cache Size: 512 MB
[2015.02.12-14.14.27:168][  0]LogDerivedDataCache: Loaded boot cache 0.17s 34MB C:/Users/sctcad/AppData/Local/UnrealEngine/4.4/DerivedDataCache/Boot.ddc.
[2015.02.12-14.14.27:168][  0]LogDerivedDataCache:Display: Loaded Boot cache: C:/Users/sctcad/AppData/Local/UnrealEngine/4.4/DerivedDataCache/Boot.ddc
[2015.02.12-14.14.27:169][  0]LogDerivedDataCache: FDerivedDataBackendGraph:  Pak pak cache file ../../../../../../Users/sctcad/Desktop/SpaceShooter/SpaceShooter/DerivedDataCache/DDC.ddp not found, will not use a pak cache.
[2015.02.12-14.14.27:169][  0]LogDerivedDataCache: Unable to find inner node Pak for hierarchical cache Hierarchy.
[2015.02.12-14.14.27:194][  0]LogDerivedDataCache:Display: Pak cache opened for reading ../../../Engine/DerivedDataCache/DDC.ddp.
[2015.02.12-14.14.27:206][  0]LogDerivedDataCache: Using Local data cache path C:/Users/sctcad/AppData/Local/UnrealEngine/4.4/DerivedDataCache: Writable
[2015.02.12-14.14.27:776][  0]LogMeshUtilities: No automatic mesh reduction module available
[2015.02.12-14.14.27:776][  0]LogMeshUtilities: No automatic mesh merging module available
[2015.02.12-14.14.28:353][  0]LogInit: WinSock: version 1.1 (2.2), MaxSocks=32767, MaxUdp=65467
[2015.02.12-14.14.29:874][  0]LogStats:Warning: MetaData mismatch. Did you assign a stat to two groups? New //STATGROUP_Threads//FMonitoredProcess///Thread_1c78_0///////STATCAT_Advanced//// old //STATGROUP_Threads//FMonitoredProcess///Thread_4cc_0///////STATCAT_Advanced////
[2015.02.12-14.14.29:874][  0]UdpMessaging: Initializing bridge on interface 0.0.0.0:0 to multicast group 230.0.0.1:6666.
[2015.02.12-14.14.30:012][  0]LogPackageName:Error: DoesPackageExist: DoesPackageExist FAILED: '/SpaceShooter/SpaceShooter/Content/UFO' is not a standard unreal filename or a long path name. Reason: Path does not start with a valid root. Path must begin with: '/Engine/', '/Game/', '/Paper2D/', '/Script/', or '/Temp/'
[2015.02.12-14.14.30:013][  0]LogLinker:Warning: Can't find file '/SpaceShooter/SpaceShooter/Content/UFO'
[2015.02.12-14.14.30:013][  0]LogPackageName:Error: DoesPackageExist: DoesPackageExist FAILED: '/SpaceShooter/SpaceShooter/Content/UFO' is not a standard unreal filename or a long path name. Reason: Path does not start with a valid root. Path must begin with: '/Engine/', '/Game/', '/Paper2D/', '/Script/', or '/Temp/'
[2015.02.12-14.14.30:013][  0]LogLinker:Warning: Can't find file '/SpaceShooter/SpaceShooter/Content/UFO'
[2015.02.12-14.14.30:014][  0]LogUObjectGlobals:Warning: Failed to find object 'StaticMesh /SpaceShooter/SpaceShooter/Content/UFO.uasset'
[2015.02.12-14.14.30:014][  0]Error: CDO Constructor: Failed to find /SpaceShooter/SpaceShooter/Content/UFO.uasset
[2015.02.12-14.14.30:014][  0]LogUObjectBase:Warning: -------------- Default Property warnings and errors:
[2015.02.12-14.14.30:015][  0]LogUObjectBase:Warning: Error: CDO Constructor: Failed to find /SpaceShooter/SpaceShooter/Content/UFO.uasset
[2015.02.12-14.14.36:349][  0]SourceControl: Info Source control is disabled
[2015.02.12-14.14.36:350][  0]SourceControl: Info Source control is disabled
[2015.02.12-14.14.36:356][  0]SourceControl: Info Source control is disabled
[2015.02.12-14.14.36:717][  0]BlueprintLog: New page: Editor Load
[2015.02.12-14.14.36:872][  0]LogObj: 21459 objects as part of root set at end of initial load.
[2015.02.12-14.14.36:873][  0]LogUObjectAllocator: 4232768 out of 0 bytes used by permanent object pool.
[2015.02.12-14.14.37:106][  0]LogEngine: Initializing Engine...
[2015.02.12-14.14.37:237][  0]LogInit: XAudio2 using 'Digital Audio (HDMI) (2- High Definition Audio Device)' : 2 channels at 44.1 kHz using 16 bits per sample (channel mask 0x3)
[2015.02.12-14.14.37:260][  0]LogInit: FAudioDevice initialized.
[2015.02.12-14.14.37:307][  0]LogAIModule: Creating AISystem for world NewWorld
[2015.02.12-14.14.37:333][  0]LogDerivedDataCache: Saved boot cache 0.02s 34MB C:/Users/sctcad/AppData/Local/UnrealEngine/4.4/DerivedDataCache/Boot.ddc.
[2015.02.12-14.14.37:340][  0]LogInit: Texture streaming: Enabled
[2015.02.12-14.14.37:377][  0]LogInit: Transaction tracking system initialized
[2015.02.12-14.14.37:557][  0]LogAssetRegistry: FAssetRegistry took 0.0118 seconds to start up
[2015.02.12-14.14.38:076][  0]LogTargetPlatformManager:Display: Building Assets For Windows
[2015.02.12-14.14.38:374][  0]LogTargetPlatformManager:Display: Building Assets For Windows
[2015.02.12-14.14.38:581][  0]LogConsoleResponse:Display: 
[2015.02.12-14.14.38:869][  0]LogStats:Warning: MetaData mismatch. Did you assign a stat to two groups? New //STATGROUP_Threads//FMonitoredProcess///Thread_17b8_0///////STATCAT_Advanced//// old //STATGROUP_Threads//FMonitoredProcess///Thread_4cc_0///////STATCAT_Advanced////
[2015.02.12-14.14.38:870][  0]LogStats:Warning: MetaData mismatch. Did you assign a stat to two groups? New //STATGROUP_Threads//FMonitoredProcess///Thread_103c_0///////STATCAT_Advanced//// old //STATGROUP_Threads//FMonitoredProcess///Thread_4cc_0///////STATCAT_Advanced////
[2015.02.12-14.14.38:870][  0]SourceControl: Info Source control is disabled
[2015.02.12-14.14.38:872][  0]Cmd: MAP LOAD FILE="../../../Engine/Content/Maps/Templates/Template_Default.umap" TEMPLATE=1 SHOWPROGRESS=1
[2015.02.12-14.14.38:874][  0]LightingResults: New page: Lighting Build
[2015.02.12-14.14.38:887][  0]MapCheck: New page: Map Check
[2015.02.12-14.14.38:888][  0]LightingResults: New page: Lighting Build
[2015.02.12-14.14.38:907][  0]LogParticles: Destroying 0 GPU particle simulations for FXSystem 0x0000000012498540
[2015.02.12-14.14.39:142][  0]LogEditorServer: Finished looking for orphan Actors (0.000 secs)
[2015.02.12-14.14.39:143][  0]LogAIModule: Creating AISystem for world Template_Default
[2015.02.12-14.14.39:144][  0]Cmd: MAP CHECKDEP
[2015.02.12-14.14.39:145][  0]MapCheck: New page: Untitled_1 - Feb 12, 2015, 4:14:39 AM
[2015.02.12-14.14.39:201][  0]MapCheck: Info ========== Map Check: 0 Error(s), 0 Warning(s), [56.576ms] ==========
[2015.02.12-14.14.39:202][  0]LogFileHelpers: Loading map 'Template_Default' took 0.330
[2015.02.12-14.14.39:345][  0]LogCollectionManager: Loaded 0 collections in 0.001077 seconds
[2015.02.12-14.14.39:370][  0]LogContentBrowser:Verbose: The content browser source was changed by the sources view to '/Game'
[2015.02.12-14.14.39:641][  0]LogCrashTracker: Crashtracker disabled due to settings.
[2015.02.12-14.14.39:704][  0]LogLoad: Full Startup: 18.21 seconds (BP compile: 0.09 seconds)
[2015.02.12-14.14.39:874][  0]LogRenderer:Warning: Reallocating scene render targets to support 1136x896.
[2015.02.12-14.14.40:037][  1]LogAssetRegistry: Asset discovery search completed in 2.4916 seconds
[2015.02.12-14.15.28:060][ 39]Cmd: QUIT_EDITOR
[2015.02.12-14.15.28:206][ 39]LogWindowsTextInputMethodSystem:Error: Terminating failed while unadvising the language notification sink from the TSF source.
[2015.02.12-14.15.28:214][ 39]LogExit: Preparing to exit.
[2015.02.12-14.15.28:969][ 39]LogExit: Editor shut down
[2015.02.12-14.15.28:970][ 39]LogExit: Transaction tracking system shut down
[2015.02.12-14.15.28:971][ 39]LogParticles: Destroying 0 GPU particle simulations for FXSystem 0x0000000010657100
[2015.02.12-14.15.29:008][ 39]LogExit: Object subsystem successfully closed.
[2015.02.12-14.15.29:071][ 39]LogModuleManager: Shutting down and abandoning module AndroidDeviceDetection (162)
[2015.02.12-14.15.29:072][ 39]LogModuleManager: Shutting down and abandoning module HTTP (161)
[2015.02.12-14.15.29:073][ 39]LogModuleManager: Shutting down and abandoning module CrashTracker (160)
[2015.02.12-14.15.29:074][ 39]LogModuleManager: Shutting down and abandoning module SuperSearch (159)
[2015.02.12-14.15.29:075][ 39]LogModuleManager: Shutting down and abandoning module SceneOutliner (158)
[2015.02.12-14.15.29:075][ 39]LogModuleManager: Shutting down and abandoning module EditorWidgets (157)
[2015.02.12-14.15.29:075][ 39]LogModuleManager: Shutting down and abandoning module CollectionManager (156)
[2015.02.12-14.15.29:076][ 39]LogModuleManager: Shutting down and abandoning module StatsViewer (155)
[2015.02.12-14.15.29:077][ 39]LogModuleManager: Shutting down and abandoning module FoliageEdit (154)
[2015.02.12-14.15.29:077][ 39]LogModuleManager: Shutting down and abandoning module LandscapeEditor (153)
[2015.02.12-14.15.29:078][ 39]LogModuleManager: Shutting down and abandoning module MeshPaint (152)
[2015.02.12-14.15.29:078][ 39]LogModuleManager: Shutting down and abandoning module ActorPickerMode (151)
[2015.02.12-14.15.29:078][ 39]LogModuleManager: Shutting down and abandoning module GeometryMode (150)
[2015.02.12-14.15.29:079][ 39]LogModuleManager: Shutting down and abandoning module TextureAlignMode (149)
[2015.02.12-14.15.29:079][ 39]LogModuleManager: Shutting down and abandoning module BspMode (148)
[2015.02.12-14.15.29:079][ 39]LogModuleManager: Shutting down and abandoning module PlacementMode (147)
[2015.02.12-14.15.29:079][ 39]LogModuleManager: Shutting down and abandoning module DesktopPlatform (146)
[2015.02.12-14.15.29:081][ 39]LogModuleManager: Shutting down and abandoning module AutomationWorker (145)
[2015.02.12-14.15.29:081][ 39]LogModuleManager: Shutting down and abandoning module EditorLiveStreaming (144)
[2015.02.12-14.15.29:082][ 39]LogModuleManager: Shutting down and abandoning module BehaviorTreeEditor (143)
[2015.02.12-14.15.29:083][ 39]LogModuleManager: Shutting down and abandoning module DeviceProfileEditor (142)
[2015.02.12-14.15.29:083][ 39]LogModuleManager: Shutting down and abandoning module UndoHistory (141)
[2015.02.12-14.15.29:084][ 39]LogModuleManager: Shutting down and abandoning module GameplayTagsEditor (140)
[2015.02.12-14.15.29:084][ 39]LogModuleManager: Shutting down and abandoning module UserFeedback (139)
[2015.02.12-14.15.29:084][ 39]LogModuleManager: Shutting down and abandoning module XmlParser (138)
[2015.02.12-14.15.29:084][ 39]LogModuleManager: Shutting down and abandoning module Blutility (137)
[2015.02.12-14.15.29:085][ 39]LogModuleManager: Shutting down and abandoning module IOSPlatformEditor (136)
[2015.02.12-14.15.29:085][ 39]LogModuleManager: Shutting down and abandoning module IOSRuntimeSettings (135)
[2015.02.12-14.15.29:085][ 39]LogModuleManager: Shutting down and abandoning module AndroidPlatformEditor (134)
[2015.02.12-14.15.29:085][ 39]LogModuleManager: Shutting down and abandoning module AndroidRuntimeSettings (133)
[2015.02.12-14.15.29:085][ 39]LogModuleManager: Shutting down and abandoning module ProjectTargetPlatformEditor (132)
[2015.02.12-14.15.29:086][ 39]LogModuleManager: Shutting down and abandoning module ProjectSettingsViewer (131)
[2015.02.12-14.15.29:086][ 39]LogModuleManager: Shutting down and abandoning module InputBindingEditor (130)
[2015.02.12-14.15.29:086][ 39]LogModuleManager: Shutting down and abandoning module EditorSettingsViewer (129)
[2015.02.12-14.15.29:087][ 39]LogModuleManager: Shutting down and abandoning module SettingsEditor (128)
[2015.02.12-14.15.29:087][ 39]LogModuleManager: Shutting down and abandoning module SessionLauncher (127)
[2015.02.12-14.15.29:087][ 39]LogModuleManager: Shutting down and abandoning module SessionFrontend (126)
[2015.02.12-14.15.29:088][ 39]LogModuleManager: Shutting down and abandoning module ProfilerClient (125)
[2015.02.12-14.15.29:088][ 39]LogModuleManager: Shutting down and abandoning module TargetDeviceServices (124)
[2015.02.12-14.15.29:089][ 39]LogModuleManager: Shutting down and abandoning module DeviceManager (123)
[2015.02.12-14.15.29:089][ 39]LogModuleManager: Shutting down and abandoning module AutomationController (122)
[2015.02.12-14.15.29:089][ 39]LogModuleManager: Shutting down and abandoning module AutomationWindow (121)
[2015.02.12-14.15.29:090][ 39]LogModuleManager: Shutting down and abandoning module Layers (120)
[2015.02.12-14.15.29:091][ 39]LogModuleManager: Shutting down and abandoning module ComponentVisualizers (119)
[2015.02.12-14.15.29:091][ 39]LogModuleManager: Shutting down and abandoning module DetailCustomizations (118)
[2015.02.12-14.15.29:091][ 39]LogModuleManager: Shutting down and abandoning module PackagesDialog (117)
[2015.02.12-14.15.29:092][ 39]LogModuleManager: Shutting down and abandoning module DirectoryWatcher (116)
[2015.02.12-14.15.29:092][ 39]LogModuleManager: Shutting down and abandoning module AssetRegistry (115)
[2015.02.12-14.15.29:110][ 39]LogModuleManager: Shutting down and abandoning module Persona (114)
[2015.02.12-14.15.29:112][ 39]LogModuleManager: Shutting down and abandoning module GraphEditor (113)
[2015.02.12-14.15.29:112][ 39]LogModuleManager: Shutting down and abandoning module ClassViewer (112)
[2015.02.12-14.15.29:113][ 39]LogModuleManager: Shutting down and abandoning module Toolbox (111)
[2015.02.12-14.15.29:113][ 39]LogModuleManager: Shutting down and abandoning module ModuleUI (110)
[2015.02.12-14.15.29:114][ 39]LogModuleManager: Shutting down and abandoning module Sequencer (109)
[2015.02.12-14.15.29:116][ 39]LogModuleManager: Shutting down and abandoning module MovieSceneTools (108)
[2015.02.12-14.15.29:117][ 39]LogModuleManager: Shutting down and abandoning module OutputLog (107)
[2015.02.12-14.15.29:117][ 39]LogModuleManager: Shutting down and abandoning module GammaUI (106)
[2015.02.12-14.15.29:118][ 39]LogModuleManager: Shutting down and abandoning module Documentation (105)
[2015.02.12-14.15.29:118][ 39]LogModuleManager: Shutting down and abandoning module GameLiveStreaming (104)
[2015.02.12-14.15.29:118][ 39]LogModuleManager: Shutting down and abandoning module StreamingPauseRendering (103)
[2015.02.12-14.15.29:118][ 39]LogModuleManager: Shutting down and abandoning module AnalyticsET (102)
[2015.02.12-14.15.29:119][ 39]LogModuleManager: Shutting down and abandoning module Analytics (101)
[2015.02.12-14.15.29:119][ 39]LogModuleManager: Shutting down and abandoning module GameplayDebugger (100)
[2015.02.12-14.15.29:119][ 39]LogModuleManager: Shutting down and abandoning module AIModule (99)
[2015.02.12-14.15.29:119][ 39]LogModuleManager: Shutting down and abandoning module ProfilerService (98)
[2015.02.12-14.15.29:152][ 39]LogModuleManager: Shutting down and abandoning module TaskGraph (97)
[2015.02.12-14.15.29:154][ 39]LogModuleManager: Shutting down and abandoning module SlateRemote (96)
[2015.02.12-14.15.29:154][ 39]LogModuleManager: Shutting down and abandoning module ScriptEditorPlugin (95)
[2015.02.12-14.15.29:155][ 39]LogModuleManager: Shutting down and abandoning module CustomMeshComponent (94)
[2015.02.12-14.15.29:155][ 39]LogModuleManager: Shutting down and abandoning module CableComponent (93)
[2015.02.12-14.15.29:155][ 39]LogModuleManager: Shutting down and abandoning module MessagingDebugger (92)
[2015.02.12-14.15.29:156][ 39]LogModuleManager: Shutting down and abandoning module ViewportSnapping (91)
[2015.02.12-14.15.29:156][ 39]LogModuleManager: Shutting down and abandoning module SmartSnapping (90)
[2015.02.12-14.15.29:157][ 39]LogModuleManager: Shutting down and abandoning module PaperTiledImporter (89)
[2015.02.12-14.15.29:157][ 39]LogModuleManager: Shutting down and abandoning module PaperJsonImporter (88)
[2015.02.12-14.15.29:157][ 39]LogModuleManager: Shutting down and abandoning module GameProjectGeneration (87)
[2015.02.12-14.15.29:157][ 39]LogModuleManager: Shutting down and abandoning module Matinee (86)
[2015.02.12-14.15.29:158][ 39]LogModuleManager: Shutting down and abandoning module Kismet (85)
[2015.02.12-14.15.29:159][ 39]LogModuleManager: Shutting down and abandoning module SlateReflector (84)
[2015.02.12-14.15.29:160][ 39]LogModuleManager: Shutting down and abandoning module LevelEditor (83)
[2015.02.12-14.15.29:161][ 39]LogModuleManager: Shutting down and abandoning module IntroTutorials (82)
[2015.02.12-14.15.29:161][ 39]LogModuleManager: Shutting down and abandoning module ContentBrowser (81)
[2015.02.12-14.15.29:161][ 39]LogModuleManager: Shutting down and abandoning module PropertyEditor (80)
[2015.02.12-14.15.29:161][ 39]LogModuleManager: Shutting down and abandoning module AssetTools (79)
[2015.02.12-14.15.29:163][ 39]LogModuleManager: Shutting down and abandoning module Paper2DEditor (78)
[2015.02.12-14.15.29:163][ 39]LogModuleManager: Shutting down and abandoning module SpeedTreeImporter (77)
[2015.02.12-14.15.29:163][ 39]LogModuleManager: Shutting down and abandoning module PluginsEditor (76)
[2015.02.12-14.15.29:164][ 39]LogModuleManager: Shutting down and abandoning module MainFrame (75)
[2015.02.12-14.15.29:164][ 39]LogModuleManager: Shutting down and abandoning module EpicSurvey (74)
[2015.02.12-14.15.29:164][ 39]LogModuleManager: Shutting down and abandoning module VisualStudioSourceCodeAccess (73)
[2015.02.12-14.15.29:164][ 39]LogModuleManager: Shutting down and abandoning module UObjectPlugin (72)
[2015.02.12-14.15.29:165][ 39]LogModuleManager: Shutting down and abandoning module SubversionSourceControl (71)
[2015.02.12-14.15.29:165][ 39]LogModuleManager: Shutting down and abandoning module SourceControl (70)
[2015.02.12-14.15.29:165][ 39]LogModuleManager: Shutting down and abandoning module PerforceSourceControl (69)
[2015.02.12-14.15.29:166][ 39]LogModuleManager: Shutting down and abandoning module BlankPlugin (68)
[2015.02.12-14.15.29:166][ 39]LogModuleManager: Shutting down and abandoning module SpaceShooter (67)
[2015.02.12-14.15.29:166][ 39]LogModuleManager: Shutting down and abandoning module ScriptPlugin (66)
[2015.02.12-14.15.29:167][ 39]LogModuleManager: Shutting down and abandoning module UdpMessaging (65)
[2015.02.12-14.15.29:267][ 39]LogModuleManager: Shutting down and abandoning module Paper2D (64)
[2015.02.12-14.15.29:268][ 39]LogModuleManager: Shutting down and abandoning module WindowsMoviePlayer (63)
[2015.02.12-14.15.29:271][ 39]LogModuleManager: Shutting down and abandoning module ImageWrapper (62)
[2015.02.12-14.15.29:272][ 39]LogModuleManager: Shutting down and abandoning module OnlineBlueprintSupport (61)
[2015.02.12-14.15.29:272][ 39]LogModuleManager: Shutting down and abandoning module FunctionalTesting (60)
[2015.02.12-14.15.29:272][ 39]LogModuleManager: Shutting down and abandoning module CollisionAnalyzer (59)
[2015.02.12-14.15.29:273][ 39]LogModuleManager: Shutting down and abandoning module WorkspaceMenuStructure (58)
[2015.02.12-14.15.29:274][ 39]LogModuleManager: Shutting down and abandoning module MessageLog (57)
[2015.02.12-14.15.29:274][ 39]LogModuleManager: Shutting down and abandoning module UMGEditor (56)
[2015.02.12-14.15.29:274][ 39]LogModuleManager: Shutting down and abandoning module UMG (55)
[2015.02.12-14.15.29:275][ 39]LogModuleManager: Shutting down and abandoning module Slate (54)
[2015.02.12-14.15.29:275][ 39]LogModuleManager: Shutting down and abandoning module EditorStyle (53)
[2015.02.12-14.15.29:277][ 39]LogModuleManager: Shutting down and abandoning module SessionServices (52)
[2015.02.12-14.15.29:277][ 39]LogModuleManager: Shutting down and abandoning module SourceCodeAccess (51)
[2015.02.12-14.15.29:277][ 39]LogModuleManager: Shutting down and abandoning module HeadMountedDisplay (50)
[2015.02.12-14.15.29:278][ 39]LogModuleManager: Shutting down and abandoning module XAudio2 (49)
[2015.02.12-14.15.29:278][ 39]LogModuleManager: Shutting down and abandoning module Networking (47)
[2015.02.12-14.15.29:278][ 39]LogModuleManager: Shutting down and abandoning module Core (46)
[2015.02.12-14.15.29:278][ 39]LogModuleManager: Shutting down and abandoning module KismetCompiler (45)
[2015.02.12-14.15.29:279][ 39]LogModuleManager: Shutting down and abandoning module PhysXFormats (44)
[2015.02.12-14.15.29:279][ 39]LogModuleManager: Shutting down and abandoning module MeshUtilities (43)
[2015.02.12-14.15.29:279][ 39]LogModuleManager: Shutting down and abandoning module DerivedDataCache (42)
[2015.02.12-14.15.29:697][ 39]LogDerivedDataCache: Shutdown
[2015.02.12-14.15.29:697][ 39]LogModuleManager: Shutting down and abandoning module ShaderFormatOpenGL (41)
[2015.02.12-14.15.29:698][ 39]LogModuleManager: Shutting down and abandoning module ShaderFormatD3D (40)
[2015.02.12-14.15.29:699][ 39]LogModuleManager: Shutting down and abandoning module MetalShaderFormat (39)
[2015.02.12-14.15.29:699][ 39]LogModuleManager: Shutting down and abandoning module TextureFormatUncompressed (38)
[2015.02.12-14.15.29:699][ 39]LogModuleManager: Shutting down and abandoning module TextureFormatPVR (37)
[2015.02.12-14.15.29:700][ 39]LogModuleManager: Shutting down and abandoning module TextureFormatDXT (36)
[2015.02.12-14.15.29:700][ 39]LogModuleManager: Shutting down and abandoning module TextureFormatAndroid (35)
[2015.02.12-14.15.29:700][ 39]LogModuleManager: Shutting down and abandoning module AudioFormatOpus (34)
[2015.02.12-14.15.29:701][ 39]LogModuleManager: Shutting down and abandoning module AudioFormatOgg (33)
[2015.02.12-14.15.29:701][ 39]LogModuleManager: Shutting down and abandoning module AudioFormatADPCM (32)
[2015.02.12-14.15.29:701][ 39]LogModuleManager: Shutting down and abandoning module Messaging (31)
[2015.02.12-14.15.29:701][ 39]LogModuleManager: Shutting down and abandoning module IOSTargetPlatform (30)
[2015.02.12-14.15.29:702][ 39]LogModuleManager: Shutting down and abandoning module Android_PVRTCTargetPlatform (29)
[2015.02.12-14.15.29:702][ 39]LogModuleManager: Shutting down and abandoning module Android_ETC2TargetPlatform (28)
[2015.02.12-14.15.29:702][ 39]LogModuleManager: Shutting down and abandoning module Android_ETC1TargetPlatform (27)
[2015.02.12-14.15.29:702][ 39]LogModuleManager: Shutting down and abandoning module Android_DXTTargetPlatform (26)
[2015.02.12-14.15.29:703][ 39]LogModuleManager: Shutting down and abandoning module Android_ATCTargetPlatform (25)
[2015.02.12-14.15.29:703][ 39]LogModuleManager: Shutting down and abandoning module AndroidTargetPlatform (24)
[2015.02.12-14.15.29:703][ 39]LogModuleManager: Shutting down and abandoning module WindowsTargetPlatform (23)
[2015.02.12-14.15.29:703][ 39]LogModuleManager: Shutting down and abandoning module WindowsServerTargetPlatform (22)
[2015.02.12-14.15.29:704][ 39]LogModuleManager: Shutting down and abandoning module WindowsNoEditorTargetPlatform (21)
[2015.02.12-14.15.29:704][ 39]LogModuleManager: Shutting down and abandoning module WindowsClientTargetPlatform (20)
[2015.02.12-14.15.29:704][ 39]LogModuleManager: Shutting down and abandoning module TargetPlatform (19)
[2015.02.12-14.15.29:704][ 39]LogModuleManager: Shutting down and abandoning module InputCore (18)
[2015.02.12-14.15.29:704][ 39]LogModuleManager: Shutting down and abandoning module Settings (17)
[2015.02.12-14.15.29:705][ 39]LogModuleManager: Shutting down and abandoning module ExampleDeviceProfileSelector (14)
[2015.02.12-14.15.29:705][ 39]LogModuleManager: Shutting down and abandoning module OculusRift (13)
[2015.02.12-14.15.29:705][ 39]LogModuleManager: Shutting down and abandoning module TextureCompressor (12)
[2015.02.12-14.15.29:706][ 39]LogModuleManager: Shutting down and abandoning module ShaderCore (11)
[2015.02.12-14.15.29:707][ 39]LogModuleManager: Shutting down and abandoning module OpenGLDrv (10)
[2015.02.12-14.15.29:707][ 39]LogModuleManager: Shutting down and abandoning module D3D11RHI (9)
[2015.02.12-14.15.29:707][ 39]LogModuleManager: Shutting down and abandoning module SlateRHIRenderer (8)
[2015.02.12-14.15.29:707][ 39]LogModuleManager: Shutting down and abandoning module Renderer (7)
[2015.02.12-14.15.29:708][ 39]LogModuleManager: Shutting down and abandoning module Engine (6)
[2015.02.12-14.15.29:708][ 39]LogModuleManager: Shutting down and abandoning module CoreUObject (5)
[2015.02.12-14.15.29:708][ 39]LogModuleManager: Shutting down and abandoning module NetworkFile (4)
[2015.02.12-14.15.29:709][ 39]LogModuleManager: Shutting down and abandoning module StreamingFile (3)
[2015.02.12-14.15.29:709][ 39]LogModuleManager: Shutting down and abandoning module SandboxFile (2)
[2015.02.12-14.15.29:710][ 39]LogModuleManager: Shutting down and abandoning module PakFile (1)
[2015.02.12-14.15.29:711][ 39]LogExit: Exiting.
[2015.02.12-14.15.29:714][ 39]Log file closed, 02/12/15 09:15:29
