Log file open, 03/12/15 09:21:56
LogInit:Display: Running engine for game: SpaceShooter
LogInit: Version: 4.7.2-2467323+++depot+UE4-Releases+4.7
LogInit: API Version: 2455222
LogInit: Compiled (64-bit): Mar  2 2015 23:16:34
LogInit: Compiled with Visual C++: 18.00.21005.01
LogInit: Build Configuration: Development
LogInit: Branch Name: ++depot+UE4-Releases+4.7
LogInit: Command line: 
LogInit: Base directory: C:/Program Files/Unreal Engine/4.7/Engine/Binaries/Win64/
LogInit: Rocket: 1
[2015.03.12-13.21.56:228][  0]LogTaskGraph: Started task graph with 3 named threads and 6 total threads.
[2015.03.12-13.21.56:287][  0]LogOnline:Warning: No default platform service specified for OnlineSubsystem
[2015.03.12-13.21.56:332][  0]LogInit: Presizing for 0 objects not considered by GC, pre-allocating 0 bytes.
[2015.03.12-13.21.56:345][  0]LogInit: Object subsystem initialized
[2015.03.12-13.21.56:348][  0]LogInit: Selected Device Profile: [Windows]
[2015.03.12-13.21.56:348][  0]LogInit: Applying CVar settings loaded from the selected device profile: [Windows]
[2015.03.12-13.21.56:356][  0]LogInit: Computer: C401IT34
[2015.03.12-13.21.56:357][  0]LogInit: User: sctcad
[2015.03.12-13.21.56:357][  0]LogInit: CPU Page size=4096, Cores=4
[2015.03.12-13.21.56:357][  0]LogInit: High frequency timer resolution =2.741210 MHz
[2015.03.12-13.21.56:358][  0]LogMemory: Memory total: Physical=6.0GB (6GB approx) Virtual=8192.0GB
[2015.03.12-13.21.56:358][  0]LogMemory: Platform Memory Stats for Windows
[2015.03.12-13.21.56:358][  0]LogMemory: Process Physical Memory: 46.20 MB used, 46.20 MB peak
[2015.03.12-13.21.56:358][  0]LogMemory: Process Virtual Memory: 24.61 MB used, 24.61 MB peak
[2015.03.12-13.21.56:359][  0]LogMemory: Physical Memory: 4650.92 MB used, 6134.93 MB total
[2015.03.12-13.21.56:359][  0]LogMemory: Virtual Memory: 275.32 MB used, 8388608.00 MB total
[2015.03.12-13.21.56:425][  0]LogD3D11RHI: Found D3D11 adapter 0: NVIDIA GeForce GTX 260   (Feature Level 10_0)
[2015.03.12-13.21.56:425][  0]LogD3D11RHI: Adapter has 1767MB of dedicated video memory, 0MB of dedicated system memory, and 2303MB of shared system memory, 1 output[s]
[2015.03.12-13.21.56:425][  0]LogD3D11RHI: Chosen D3D11 Adapter Id = 0
[2015.03.12-13.21.56:430][  0]LogRHI: Texture pool is 1237 MB (70% of 1767 MB)
[2015.03.12-13.21.56:462][  0]LogD3D11RHI: Async texture creation enabled
[2015.03.12-13.21.56:572][  0]LogTextLocalizationManager: The requested culture ('en_US') has no localization data; parent culture's ('en') localization data will be used.
[2015.03.12-13.21.56:735][  0]LogContentStreaming: Texture pool size is 0.000000MB
[2015.03.12-13.21.59:826][  0]LogTargetPlatformManager:Display: Building Assets For Windows
[2015.03.12-13.22.00:598][  0]LogTargetPlatformManager:Display: Building Assets For Windows
[2015.03.12-13.22.00:694][  0]LogDerivedDataCache:Display: Max Cache Size: 512 MB
[2015.03.12-13.22.00:734][  0]LogDerivedDataCache: Loaded boot cache 0.04s 37MB C:/Users/sctcad/AppData/Local/UnrealEngine/4.7/DerivedDataCache/Boot.ddc.
[2015.03.12-13.22.00:735][  0]LogDerivedDataCache:Display: Loaded Boot cache: C:/Users/sctcad/AppData/Local/UnrealEngine/4.7/DerivedDataCache/Boot.ddc
[2015.03.12-13.22.00:735][  0]LogDerivedDataCache: FDerivedDataBackendGraph:  Pak pak cache file ../../../../../../Users/sctcad/Desktop/SpaceShooter/SpaceShooter/SpaceShooter/DerivedDataCache/DDC.ddp not found, will not use a pak cache.
[2015.03.12-13.22.00:735][  0]LogDerivedDataCache: Unable to find inner node Pak for hierarchical cache Hierarchy.
[2015.03.12-13.22.00:912][  0]LogDerivedDataCache:Display: Pak cache opened for reading ../../../Engine/DerivedDataCache/Compressed.ddp.
[2015.03.12-13.22.00:924][  0]LogDerivedDataCache: Using Local data cache path C:/Users/sctcad/AppData/Local/UnrealEngine/Common/DerivedDataCache: Writable
[2015.03.12-13.22.01:328][  0]LogMeshUtilities: No automatic mesh reduction module available
[2015.03.12-13.22.01:328][  0]LogMeshUtilities: No automatic mesh merging module available
[2015.03.12-13.22.01:825][  0]LogInit: WinSock: version 1.1 (2.2), MaxSocks=32767, MaxUdp=65467
[2015.03.12-13.22.01:963][  0]LogSlate:Warning: Failed to load font data from '../../../Engine/Content/Slate/Fonts/Roboto-Italic.ttf'
[2015.03.12-13.22.03:303][  0]UdpMessaging: Initializing bridge on interface 0.0.0.0:0 to multicast group 230.0.0.1:6666.
[2015.03.12-13.22.03:794][  0]SourceControl: Info Source control is disabled
[2015.03.12-13.22.03:795][  0]SourceControl: Info Source control is disabled
[2015.03.12-13.22.03:795][  0]SourceControl: Info Source control is disabled
[2015.03.12-13.22.03:795][  0]LogSourceControl: RunCommandInternalRaw: 'git version'
[2015.03.12-13.22.03:796][  0]LogSourceControl: RunCommandInternalRaw: ExecProcess ReturnCode=2 OutResults=''
[2015.03.12-13.22.03:808][  0]SourceControl: Info Source control is disabled
[2015.03.12-13.22.04:242][  0]LogObj: 24314 objects as part of root set at end of initial load.
[2015.03.12-13.22.04:243][  0]LogUObjectAllocator: 5179336 out of 0 bytes used by permanent object pool.
[2015.03.12-13.22.04:374][  0]LogEngine: Initializing Engine...
[2015.03.12-13.22.07:551][  0]LogInit: XAudio2 using 'Digital Audio (HDMI) (2- High Definition Audio Device)' : 2 channels at 44.1 kHz using 16 bits per sample (channel mask 0x3)
[2015.03.12-13.22.07:569][  0]LogInit: FAudioDevice initialized.
[2015.03.12-13.22.07:627][  0]LogAIModule: Creating AISystem for world NewWorld
[2015.03.12-13.22.07:649][  0]LogDerivedDataCache: Saved boot cache 0.02s 37MB C:/Users/sctcad/AppData/Local/UnrealEngine/4.7/DerivedDataCache/Boot.ddc.
[2015.03.12-13.22.07:655][  0]LogInit: Texture streaming: Enabled
[2015.03.12-13.22.07:784][  0]LogAnalytics: Creating configured Analytics provider AnalyticsET
[2015.03.12-13.22.07:785][  0]LogAnalytics: ET APIKey = Rocket.Release. APIServer = http://et2.epicgames.com/ET2/. AppVersion = 4.7.2-2467323+++depot+UE4-Releases+4.7
[2015.03.12-13.22.07:785][  0]LogAnalytics: ET APIKey = Rocket.Release. DataRouterUploadURL = https://datarouter-public-service-gamedev.ol.epicgames.net/datarouter/api/v1/public/data. AppVersion = 4.7.2-2467323+++depot+UE4-Releases+4.7
[2015.03.12-13.22.07:785][  0]LogAnalytics: SetUserId 64ff77f04af0b475300fe7ab8c79c2b2|d9d81cedd9384488858a28c751665a55|7fac54aa-9f69-47ad-8344-357d0c6be1ba
[2015.03.12-13.22.07:786][  0]LogAnalytics: AnalyticsET::StartSession [Rocket.Release]
[2015.03.12-13.22.07:817][  0]LogInit: Transaction tracking system initialized
[2015.03.12-13.22.08:224][  0]BlueprintLog: New page: Editor Load
[2015.03.12-13.22.08:276][  0]LogAssetRegistry: FAssetRegistry took 0.0097 seconds to start up
[2015.03.12-13.22.08:277][  0]LogDirectoryWatcher:Warning: Failed to begin reading directory changes for ../../../Engine/Plugins/Experimental/CharacterAI/Content/. Error: 0
[2015.03.12-13.22.09:064][  0]LogTargetPlatformManager:Display: Building Assets For Windows
[2015.03.12-13.22.09:507][  0]LogTargetPlatformManager:Display: Building Assets For Windows
[2015.03.12-13.22.10:090][  0]LogSlate:Warning: Failed to load font data from '../../../Engine/Content/Editor/Slate/Fonts/Roboto-Regular.ttf'
[2015.03.12-13.22.10:091][  0]LogSlate:Warning: Failed to load font data from '../../../Engine/Content/Editor/Slate/Fonts/Roboto-Bold.ttf'
[2015.03.12-13.22.10:097][  0]LogConsoleResponse:Display: 
[2015.03.12-13.22.10:275][  0]LogCook:Display: Done creating registry. It took  0.00s.
[2015.03.12-13.22.10:616][  0]SourceControl: Info Source control is disabled
[2015.03.12-13.22.10:617][  0]Cmd: MAP LOAD FILE="../../../../../../Users/sctcad/Desktop/SpaceShooter/SpaceShooter/SpaceShooter/Content/SpacyMap.umap" TEMPLATE=0 SHOWPROGRESS=1 FEATURELEVEL=2
[2015.03.12-13.22.10:618][  0]LightingResults: New page: Lighting Build
[2015.03.12-13.22.10:636][  0]MapCheck: New page: Map Check
[2015.03.12-13.22.10:637][  0]LightingResults: New page: Lighting Build
[2015.03.12-13.22.10:646][  0]LogParticles: Destroying 0 GPU particle simulations for FXSystem 0x0000000010BF9800
[2015.03.12-13.22.11:599][  0]LogEditorServer: Finishe