Log file open, 03/05/15 10:05:56
LogInit:Display: Running engine for game: SpaceShooter
LogInit: Version: 4.7.2-2467323+++depot+UE4-Releases+4.7
LogInit: API Version: 2455222
LogInit: Compiled (64-bit): Mar  2 2015 23:16:34
LogInit: Compiled with Visual C++: 18.00.21005.01
LogInit: Build Configuration: DebugGame
LogInit: Branch Name: ++depot+UE4-Releases+4.7
LogInit: Command line:  -debug
LogInit: Base directory: C:/Program Files/Unreal Engine/4.7/Engine/Binaries/Win64/
LogInit: Rocket: 1
[2015.03.05-15.05.56:167][  0]LogTaskGraph: Started task graph with 3 named threads and 6 total threads.
[2015.03.05-15.05.56:228][  0]LogOnline:Warning: No default platform service specified for OnlineSubsystem
[2015.03.05-15.05.56:319][  0]LogInit: Presizing for 0 objects not considered by GC, pre-allocating 0 bytes.
[2015.03.05-15.05.56:344][  0]LogInit: Object subsystem initialized
[2015.03.05-15.05.56:364][  0]LogInit: Selected Device Profile: [Windows]
[2015.03.05-15.05.56:364][  0]LogInit: Applying CVar settings loaded from the selected device profile: [Windows]
[2015.03.05-15.05.56:378][  0]LogInit: Computer: C401IT25
[2015.03.05-15.05.56:379][  0]LogInit: User: sctcad
[2015.03.05-15.05.56:379][  0]LogInit: CPU Page size=4096, Cores=4
[2015.03.05-15.05.56:380][  0]LogInit: High frequency timer resolution =2.741259 MHz
[2015.03.05-15.05.56:380][  0]LogMemory: Memory total: Physical=4.0GB (4GB approx) Virtual=8192.0GB
[2015.03.05-15.05.56:381][  0]LogMemory: Platform Memory Stats for Windows
[2015.03.05-15.05.56:381][  0]LogMemory: Process Physical Memory: 46.16 MB used, 46.16 MB peak
[2015.03.05-15.05.56:382][  0]LogMemory: Process Virtual Memory: 24.73 MB used, 24.73 MB peak
[2015.03.05-15.05.56:382][  0]LogMemory: Physical Memory: 3163.02 MB used, 4086.93 MB total
[2015.03.05-15.05.56:382][  0]LogMemory: Virtual Memory: 275.44 MB used, 8388608.00 MB total
[2015.03.05-15.05.56:497][  0]LogD3D11RHI: Found D3D11 adapter 0: NVIDIA GeForce GTX 260   (Feature Level 10_0)
[2015.03.05-15.05.56:497][  0]LogD3D11RHI: Adapter has 1771MB of dedicated video memory, 0MB of dedicated system memory, and 1787MB of shared system memory, 1 output[s]
[2015.03.05-15.05.56:498][  0]LogD3D11RHI: Chosen D3D11 Adapter Id = 0
[2015.03.05-15.05.56:505][  0]LogRHI: Texture pool is 1239 MB (70% of 1771 MB)
[2015.03.05-15.05.56:561][  0]LogD3D11RHI: Async texture creation enabled
[2015.03.05-15.05.56:833][  0]LogTextLocalizationManager: The requested culture ('en_US') has no localization data; parent culture's ('en') localization data will be used.
[2015.03.05-15.05.57:059][  0]LogContentStreaming: Texture pool size is 0.000000MB
[2015.03.05-15.06.01:023][  0]LogTargetPlatformManager:Display: Building Assets For Windows
[2015.03.05-15.06.02:044][  0]LogTargetPlatformManager:Display: Building Assets For Windows
[2015.03.05-15.06.02:173][  0]LogDerivedDataCache:Display: Max Cache Size: 512 MB
[2015.03.05-15.06.02:359][  0]LogDerivedDataCache: Loaded boot cache 0.19s 36MB C:/Users/sctcad/AppData/Local/UnrealEngine/4.7/DerivedDataCache/Boot.ddc.
[2015.03.05-15.06.02:360][  0]LogDerivedDataCache:Display: Loaded Boot cache: C:/Users/sctcad/AppData/Local/UnrealEngine/4.7/DerivedDataCache/Boot.ddc
[2015.03.05-15.06.02:360][  0]LogDerivedDataCache: FDerivedDataBackendGraph:  Pak pak cache file ../../../../../../Users/sctcad/Desktop/SpaceShooter/SpaceShooter/SpaceShooter/DerivedDataCache/DDC.ddp not found, will not use a pak cache.
[2015.03.05-15.06.02:361][  0]LogDerivedDataCache: Unable to find inner node Pak for hierarchical cache Hierarchy.
[2015.03.05-15.06.02:559][  0]LogDerivedDataCache:Display: Pak cache opened for reading ../../../Engine/DerivedDataCache/Compressed.ddp.
[2015.03.05-15.06.02:572][  0]LogDerivedDataCache: Using Local data cache path C:/Users/sctcad/AppData/Local/UnrealEngine/Common/DerivedDataCache: Writable
[2015.03.05-15.06.03:673][  0]LogMeshUtilities: No automatic mesh reduction module available
[2015.03.05-15.06.03:673][  0]LogMeshUtilities: No automatic mesh merging module available
[2015.03.05-15.06.04:866][  0]LogInit: WinSock: version 1.1 (2.2), MaxSocks=32767, MaxUdp=65467
[2015.03.05-15.06.05:589][  0]LogSlate:Warning: Failed to load font data from '../../../Engine/Content/Slate/Fonts/Roboto-Italic.ttf'
[2015.03.05-15.06.09:078][  0]UdpMessaging: Initializing bridge on interface 0.0.0.0:0 to multicast group 230.0.0.1:6666.
[2015.03.05-15.06.09:295][  0]LogMaterial: Missing cached shader map for material M_Pixel_Cube, compiling. 
[2015.03.05-15.06.09:390][  0]LogStaticMesh: Building static mesh SM_Pixel_Player...
[2015.03.05-15.06.09:575][  0]LogStaticMesh: Built static mesh [208.582626ms] /Game/ExampleContent/Input_Examples/Meshes/SM_Pixel_Player.SM_Pixel_Player
[2015.03.05-15.06.10:732][  0]SourceControl: Info Source control is disabled
[2015.03.05-15.06.10:735][  0]SourceControl: Info Source control is disabled
[2015.03.05-15.06.10:735][  0]SourceControl: Info Source control is disabled
[2015.03.05-15.06.10:736][  0]LogSourceControl: RunCommandInternalRaw: 'git version'
[2015.03.05-15.06.10:736][  0]LogSourceControl: RunCommandInternalRaw: ExecProcess ReturnCode=2 OutResults=''
[2015.03.05-15.06.10:764][  0]SourceControl: Info Source control is disabled
[2015.03.05-15.06.13:612][  0]LogObj: 24280 objects as part of root set at end of initial load.
[2015.03.05-15.06.13:613][  0]LogUObjectAllocator: 5160536 out of 0 bytes used by permanent object pool.
[2015.03.05-15.06.14:866][  0]LogEngine: Initializing Engine...
[2015.03.05-15.06.17:310][  0]LogInit: XAudio2 using 'Digital Audio (HDMI) (2- High Definition Audio Device)' : 2 channels at 44.1 kHz using 16 bits per sample (channel mask 0x3)
[2015.03.05-15.06.17:372][  0]LogInit: FAudioDevice initialized.
[2015.03.05-15.06.17:745][  0]LogAIModule: Creating AISystem for world NewWorld
[2015.03.05-15.06.17:806][  0]LogDerivedDataCache: Saved boot cache 0.03s 36MB C:/Users/sctcad/AppData/Local/UnrealEngine/4.7/DerivedDataCache/Boot.ddc.
[2015.03.05-15.06.17:820][  0]LogInit: Texture streaming: Enabled
[2015.03.05-15.06.18:154][  0]LogAnalytics: Creating configured Analytics provider AnalyticsET
[2015.03.05-15.06.18:155][  0]LogAnalytics: ET APIKey = Rocket.Release. APIServer = http://et2.epicgames.com/ET2/. AppVersion = 4.7.2-2467323+++depot+UE4-Releases+4.7
[2015.03.05-15.06.18:155][  0]LogAnalytics: ET APIKey = Rocket.Release. DataRouterUploadURL = https://datarouter-public-service-gamedev.ol.epicgames.net/datarouter/api/v1/public/data. AppVersion = 4.7.2-2467323+++depot+UE4-Releases+4.7
[2015.03.05-15.06.18:158][  0]LogAnalytics: SetUserId 2a240c6f4c728f6806e6fdbc946ea52c|d9d81cedd9384488858a28c751665a55|7fac54aa-9f69-47ad-8344-357d0c6be1ba
[2015.03.05-15.06.18:160][  0]LogAnalytics: AnalyticsET::StartSession [Rocket.Release]
[2015.03.05-15.06.18:237][  0]LogInit: Transaction tracking system initialized
[2015.03.05-15.06.20:092][  0]BlueprintLog: New page: Editor Load
[2015.03.05-15.06.20:174][  0]LogAssetRegistry: FAssetRegistry took 0.0134 seconds to start up
[2015.03.05-15.06.20:176][  0]LogDirectoryWatcher:Warning: Failed to begin reading directory changes for ../../../Engine/Plugins/Experimental/CharacterAI/Content/. Error: 0
[2015.03.05-15.06.23:710][  0]LogTargetPlatformManager:Display: Building Assets For Windows
[2015.03.05-15.06.24:406][  0]LogTargetPlatformManager:Display: Building Assets For Windows
[2015.03.05-15.06.26:830][  0]LogSlate:Warning: Failed to load font data from '../../../Engine/Content/Editor/Slate/Fonts/Roboto-Regular.ttf'
[2015.03.05-15.06.26:835][  0]LogSlate:Warning: Failed to load font data from '../../../Engine/Content/Editor/Slate/Fonts/Roboto-Bold.ttf'
[2015.03.05-15.06.26:877][  0]LogConsoleResponse:Display: 
[2015.03.05-15.06.27:210][  0]LogCook:Display: Done creating registry. It took  0.00s.
[2015.03.05-15.06.27:853][  0]SourceControl: Info Source control is disabled
[2015.03.05-15.06.27:858][  0]Cmd: MAP LOAD FILE="../../../Engine/Content/Maps/Templates/Template_Default.umap" TEMPLATE=1 SHOWPROGRESS=1 FEATURELEVEL=2
[2015.03.05-15.06.27:863][  0]LightingResults: New page: Lighting Build
[2015.03.05-15.06.27:912][  0]MapCheck: New page: Map Check
[2015.03.05-15.06.27:912][  0]LightingResults: New page: Lighting Build
[2015.03.05-15.06.28:015][  0]LogParticles: Destroying 0 GPU particle simulations for FXSystem 0x0000000015BEE660
[2015.03.05-15.06.29:092][  0]LogEditorServer: Finished looking for orphan Actors (0.000 secs)
[2015.03.05-15.06.29:094][  0]LogAIModule: Creating AISystem for world Untitled_1
[2015.03.05-15.06.29:097][  0]Cmd: MAP CHECKDEP
[2015.03.05-15.06.29:105][  0]MapCheck: New page: Untitled_1 - Mar 5, 2015, 5:06:29 AM
[2015.03.05-15.06.29:208][  0]MapCheck: Info Map check complete: 0 Error(s), 0 Warning(s), took 110.722ms to complete.
[2015.03.05-15.06.29:209][  0]LogFileHelpers: Loading map 'Template_Default' took 1.352
[2015.03.05-15.06.29:494][  0]LogCollectionManager: Loaded 0 collections in 0.002216 seconds
[2015.03.05-15.06.29:575][  0]LogContentBrowser: Native class hierarchy populated in 0.0791 seconds. Added 1700 classes and 263 folders.
[2015.03.05-15.06.29:634][  0]LogContentBrowser:Verbose: The content browser source was changed by the sources view to '/Game'
[2015.03.05-15.06.29:862][  0]LogContentBrowser: Native class hierarchy updated for 'SceneOutliner' in 0.0064 seconds. Added 1 classes and 2 folders.
[2015.03.05-15.06.30:142][  0]LogCrashTracker: Crashtracker disabled due to settings.
[2015.03.05-15.06.30:153][  0]LogSlate:Warning: Failed to load font data from 'Veranda'
[2015.03.05-15.06.30:235][  0]LogLoad: Full Startup: 37.38 seconds (BP compile: 0.21 seconds)
[2015.03.05-15.06.30:836][  0]LogRenderer:Warning: Reallocating scene render targets to support 32x32 (Frame:2).
[2015.03.05-15.06.32:004][  0]LogRenderer:Warning: Reallocating scene render targets to support 1144x928 (Frame:3).
[2015.03.05-15.06.32:918][  6]LogAssetRegistry: Asset discovery search completed in 12.7572 seconds
[2015.03.05-15.06.33:001][  7]AssetReimport: New page: Outstanding source content changes 5:06:32 AM
[2015.03.05-15.06.38:381][248]LogLinker:Warning: Can't find file '/Game/GTFreeMaterials/Materials/Rock_JaggedCaveWall'
[2015.03.05-15.06.38:382][248]LogLinker:Warning: Can't find file for asset '/Game/GTFreeMaterials/Materials/Rock_JaggedCaveWall' while loading ../../../../../../Users/sctcad/Desktop/SpaceShooter/SpaceShooter/SpaceShooter/Content/SpacyMap.umap.
[2015.03.05-15.06.38:383][248]LoadErrors:Error: Error /Game/SpacyMap : Can't find file for asset. /Game/GTFreeMaterials/Materials/Rock_JaggedCaveWall
[2015.03.05-15.06.38:384][248]LogLinker:Warning: Can't find file '/Game/GTFreeMaterials/Materials/Rock_JaggedCaveWall'
[2015.03.05-15.06.38:385][248]LogLinker:Warning: Can't find file for asset '/Game/GTFreeMaterials/Materials/Rock_JaggedCaveWall' while loading ../../../../../../Users/sctcad/Desktop/SpaceShooter/SpaceShooter/SpaceShooter/Content/SpacyMap.umap.
[2015.03.05-15.06.38:385][248]LogLinker:Warning: Can't find file '/Game/GTFreeMaterials/Textures/Rock_JaggedCaveWall/Rock_JaggedCaveWall_2k_alb'
[2015.03.05-15.06.38:386][248]LogLinker:Warning: Can't find file for asset '/Game/GTFreeMaterials/Textures/Rock_JaggedCaveWall/Rock_JaggedCaveWall_2k_alb' while loading ../../../../../../Users/sctcad/Desktop/SpaceShooter/SpaceShooter/SpaceShooter/Content/SpacyMap.umap.
[2015.03.05-15.06.38:386][248]LoadErrors:Error: Error /Game/SpacyMap : Can't find file for asset. /Game/GTFreeMaterials/Textures/Rock_JaggedCaveWall/Rock_JaggedCaveWall_2k_alb
[2015.03.05-15.06.38:387][248]LogLinker:Warning: Can't find file '/Game/GTFreeMaterials/Textures/Rock_JaggedCaveWall/Rock_JaggedCaveWall_2k_g'
[2015.03.05-15.06.38:387][248]LogLinker:Warning: Can't find file for asset '/Game/GTFreeMaterials/Textures/Rock_JaggedCaveWall/Rock_JaggedCaveWall_2k_g' while loading ../../../../../../Users/sctcad/Desktop/SpaceShooter/SpaceShooter/SpaceShooter/Content/SpacyMap.umap.
[2015.03.05-15.06.38:388][248]LoadErrors:Error: Error /Game/SpacyMap : Can't find file for asset. /Game/GTFreeMaterials/Textures/Rock_JaggedCaveWall/Rock_JaggedCaveWall_2k_g
[2015.03.05-15.06.38:388][248]LogLinker:Warning: Can't find file '/Game/GTFreeMaterials/Textures/Rock_JaggedCaveWall/Rock_JaggedCaveWall_2k_h'
[2015.03.05-15.06.38:389][248]LogLinker:Warning: Can't find file for asset '/Game/GTFreeMaterials/Textures/Rock_JaggedCaveWall/Rock_JaggedCaveWall_2k_h' while loading ../../../../../../Users/sctcad/Desktop/SpaceShooter/SpaceShooter/SpaceShooter/Content/SpacyMap.umap.
[2015.03.05-15.06.38:390][248]LoadErrors:Error: Error /Game/SpacyMap : Can't find file for asset. /Game/GTFreeMaterials/Textures/Rock_JaggedCaveWall/Rock_JaggedCaveWall_2k_h
[2015.03.05-15.06.38:390][248]LogLinker:Warning: Can't find file '/Game/GTFreeMaterials/Textures/Rock_JaggedCaveWall/Rock_JaggedCaveWall_2k_n'
[2015.03.05-15.06.38:391][248]LogLinker:Warning: Can't find file for asset '/Game/GTFreeMaterials/Textures/Rock_JaggedCaveWall/Rock_JaggedCaveWall_2k_n' while loading ../../../../../../Users/sctcad/Desktop/SpaceShooter/SpaceShooter/SpaceShooter/Content/SpacyMap.umap.
[2015.03.05-15.06.38:391][248]LoadErrors:Error: Error /Game/SpacyMap : Can't find file for asset. /Game/GTFreeMaterials/Textures/Rock_JaggedCaveWall/Rock_JaggedCaveWall_2k_n
[2015.03.05-15.06.38:392][248]LogLinker:Warning: Can't find file '/Game/GTFreeMaterials/Textures/T_MacroVariation2'
[2015.03.05-15.06.38:392][248]LogLinker:Warning: Can't find file for asset '/Game/GTFreeMaterials/Textures/T_MacroVariation2' while loading ../../../../../../Users/sctcad/Desktop/SpaceShooter/SpaceShooter/SpaceShooter/Content/SpacyMap.umap.
[2015.03.05-15.06.38:393][248]LoadErrors:Error: Error /Game/SpacyMap : Can't find file for asset. /Game/GTFreeMaterials/Textures/T_MacroVariation2
[2015.03.05-15.06.38:395][248]LogLinker:Warning: Can't find file '/Game/GTFreeMaterials/Textures/Rock_JaggedCaveWall/Rock_JaggedCaveWall_2k_alb'
[2015.03.05-15.06.38:395][248]LogLinker:Warning: Can't find file for asset '/Game/GTFreeMaterials/Textures/Rock_JaggedCaveWall/Rock_JaggedCaveWall_2k_alb' while loading ../../../../../../Users/sctcad/Desktop/SpaceShooter/SpaceShooter/SpaceShooter/Content/SpacyMap.umap.
[2015.03.05-15.06.38:396][248]LogLinker:Warning: Can't find file '/Game/GTFreeMaterials/Textures/Rock_JaggedCaveWall/Rock_JaggedCaveWall_2k_g'
[2015.03.05-15.06.38:396][248]LogLinker:Warning: Can't find file for asset '/Game/GTFreeMaterials/Textures/Rock_JaggedCaveWall/Rock_JaggedCaveWall_2k_g' while loading ../../../../../../Users/sctcad/Desktop/SpaceShooter/SpaceShooter/SpaceShooter/Content/SpacyMap.umap.
[2015.03.05-15.06.38:397][248]LogLinker:Warning: Can't find file '/Game/GTFreeMaterials/Textures/Rock_JaggedCaveWall/Rock_JaggedCaveWall_2k_h'
[2015.03.05-15.06.38:398][248]LogLinker:Warning: Can't find file for asset '/Game/GTFreeMaterials/Textures/Rock_JaggedCaveWall/Rock_JaggedCaveWall_2k_h' while loading ../../../../../../Users/sctcad/Desktop/SpaceShooter/SpaceShooter/SpaceShooter/Content/SpacyMap.umap.
[2015.03.05-15.06.38:398][248]LogLinker:Warning: Can't find file '/Game/GTFreeMaterials/Textures/Rock_JaggedCaveWall/Rock_JaggedCaveWall_2k_n'
[2015.03.05-15.06.38:399][248]LogLinker:Warning: Can't find file for asset '/Game/GTFreeMaterials/Textures/Rock_JaggedCaveWall/Rock_JaggedCaveWall_2k_n' while loading ../../../../../../Users/sctcad/Desktop/SpaceShooter/SpaceShooter/SpaceShooter/Content/SpacyMap.umap.
[2015.03.05-15.06.38:399][248]LogLinker:Warning: Can't find file '/Game/GTFreeMaterials/Textures/T_MacroVariation2'
[2015.03.05-15.06.38:400][248]LogLinker:Warning: Can't find file for asset '/Game/GTFreeMaterials/Textures/T_MacroVariation2' while loading ../../../../../../Users/sctcad/Desktop/SpaceShooter/SpaceShooter/SpaceShooter/Content/SpacyMap.umap.
[2015.03.05-15.06.38:401][248]LogLinker:Warning: Can't find file '/Game/GTFreeMaterials/Materials/Rock_JaggedCaveWall'
[2015.03.05-15.06.38:402][248]LogLinker:Warning: Can't find file for asset '/Game/GTFreeMaterials/Materials/Rock_JaggedCaveWall' while loading NULL.
[2015.03.05-15.06.38:402][248]LogLinker:Warning: Can't find file '/Game/GTFreeMaterials/Materials/Rock_JaggedCaveWall'
[2015.03.05-15.06.38:403][248]LogLinker:Warning: Can't find file for asset '/Game/GTFreeMaterials/Materials/Rock_JaggedCaveWall' while loading NULL.
[2015.03.05-15.06.38:403][248]LogLinker:Warning: Can't find file '/Game/GTFreeMaterials/Textures/Rock_JaggedCaveWall/Rock_JaggedCaveWall_2k_alb'
[2015.03.05-15.06.38:404][248]LogLinker:Warning: Can't find file for asset '/Game/GTFreeMaterials/Textures/Rock_JaggedCaveWall/Rock_JaggedCaveWall_2k_alb' while loading NULL.
[2015.03.05-15.06.38:405][248]LogLinker:Warning: Can't find file '/Game/GTFreeMaterials/Textures/Rock_JaggedCaveWall/Rock_JaggedCaveWall_2k_g'
[2015.03.05-15.06.38:405][248]LogLinker:Warning: Can't find file for asset '/Game/GTFreeMaterials/Textures/Rock_JaggedCaveWall/Rock_JaggedCaveWall_2k_g' while loading NULL.
[2015.03.05-15.06.38:406][248]LogLinker:Warning: Can't find file '/Game/GTFreeMaterials/Textures/Rock_JaggedCaveWall/Rock_JaggedCaveWall_2k_h'
[2015.03.05-15.06.38:406][248]LogLinker:Warning: Can't find file for asset '/Game/GTFreeMaterials/Textures/Rock_JaggedCaveWall/Rock_JaggedCaveWall_2k_h' while loading NULL.
[2015.03.05-15.06.38:407][248]LogLinker:Warning: Can't find file '/Game/GTFreeMaterials/Textures/Rock_JaggedCaveWall/Rock_JaggedCaveWall_2k_n'
[2015.03.05-15.06.38:407][248]LogLinker:Warning: Can't find file for asset '/Game/GTFreeMaterials/Textures/Rock_JaggedCaveWall/Rock_JaggedCaveWall_2k_n' while loading NULL.
[2015.03.05-15.06.38:408][248]LogLinker:Warning: Can't find file '/Game/GTFreeMaterials/Textures/T_MacroVariation2'
[2015.03.05-15.06.38:408][248]LogLinker:Warning: Can't find file for asset '/Game/GTFreeMaterials/Textures/T_MacroVariation2' while loading NULL.
[2015.03.05-15.06.38:409][248]LogLinker:Warning: Can't find file '/Game/GTFreeMaterials/Textures/Rock_JaggedCaveWall/Rock_JaggedCaveWall_2k_alb'
[2015.03.05-15.06.38:409][248]LogLinker:Warning: Can't find file for asset '/Game/GTFreeMaterials/Textures/Rock_JaggedCaveWall/Rock_JaggedCaveWall_2k_alb' while loading NULL.
[2015.03.05-15.06.38:410][248]LogLinker:Warning: Can't find file '/Game/GTFreeMaterials/Textures/Rock_JaggedCaveWall/Rock_JaggedCaveWall_2k_g'
[2015.03.05-15.06.38:411][248]LogLinker:Warning: Can't find file for asset '/Game/GTFreeMaterials/Textures/Rock_JaggedCaveWall/Rock_JaggedCaveWall_2k_g' while loading NULL.
[2015.03.05-15.06.38:411][248]LogLinker:Warning: Can't find file '/Game/GTFreeMaterials/Textures/Rock_JaggedCaveWall/Rock_JaggedCaveWall_2k_h'
[2015.03.05-15.06.38:412][248]LogLinker:Warning: Can't find file for asset '/Game/GTFreeMaterials/Textures/Rock_JaggedCaveWall/Rock_JaggedCaveWall_2k_h' while loading NULL.
[2015.03.05-15.06.38:412][248]LogLinker:Warning: Can't find file '/Game/GTFreeMaterials/Textures/Rock_JaggedCaveWall/Rock_JaggedCaveWall_2k_n'
[2015.03.05-15.06.38:413][248]LogLinker:Warning: Can't find file for asset '/Game/GTFreeMaterials/Textures/Rock_JaggedCaveWall/Rock_JaggedCaveWall_2k_n' while loading NULL.
[2015.03.05-15.06.38:413][248]LogLinker:Warning: Can't find file '/Game/GTFreeMaterials/Textures/T_MacroVariation2'
[2015.03.05-15.06.38:414][248]LogLinker:Warning: Can't find file for asset '/Game/GTFreeMaterials/Textures/T_MacroVariation2' while loading NULL.
[2015.03.05-15.06.38:501][248]LogLinker:Warning: Can't find file '/Game/GTFreeMaterials/Materials/Rock_JaggedCaveWall'
[2015.03.05-15.06.38:502][248]LoadErrors: Info Failed to load /Game/GTFreeMaterials/Materials/Rock_JaggedCaveWall.Rock_JaggedCaveWall Referenced by Landscape_3
[2015.03.05-15.06.38:502][248]LogLinker:Warning: Can't find file for asset '/Game/GTFreeMaterials/Materials/Rock_JaggedCaveWall' while loading NULL.
[2015.03.05-15.06.38:511][248]LogLinker:Warning: Can't find file '/Game/GTFreeMaterials/Materials/Rock_JaggedCaveWall'
[2015.03.05-15.06.38:511][248]LoadErrors: Info Failed to load /Game/GTFreeMaterials/Materials/Rock_JaggedCaveWall.Rock_JaggedCaveWall Referenced by LandscapeMaterialInstanceConstant_0
[2015.03.05-15.06.38:512][248]LogLinker:Warning: Can't find file for asset '/Game/GTFreeMaterials/Materials/Rock_JaggedCaveWall' while loading NULL.
[2015.03.05-15.06.38:514][248]LogLinker:Warning: Can't find file '/Game/GTFreeMaterials/Textures/Rock_JaggedCaveWall/Rock_JaggedCaveWall_2k_h'
[2015.03.05-15.06.38:514][248]LoadErrors: Info Failed to load /Game/GTFreeMaterials/Textures/Rock_JaggedCaveWall/Rock_JaggedCaveWall_2k_h.Rock_JaggedCaveWall_2k_h Referenced by PersistentLevel
[2015.03.05-15.06.38:515][248]LogLinker:Warning: Can't find file for asset '/Game/GTFreeMaterials/Textures/Rock_JaggedCaveWall/Rock_JaggedCaveWall_2k_h' while loading NULL.
[2015.03.05-15.06.38:515][248]LogLinker:Warning: Can't find file '/Game/GTFreeMaterials/Textures/Rock_JaggedCaveWall/Rock_JaggedCaveWall_2k_n'
[2015.03.05-15.06.38:516][248]LoadErrors: Info Failed to load /Game/GTFreeMaterials/Textures/Rock_JaggedCaveWall/Rock_JaggedCaveWall_2k_n.Rock_JaggedCaveWall_2k_n Referenced by PersistentLevel
[2015.03.05-15.06.38:516][248]LogLinker:Warning: Can't find file for asset '/Game/GTFreeMaterials/Textures/Rock_JaggedCaveWall/Rock_JaggedCaveWall_2k_n' while loading NULL.
[2015.03.05-15.06.38:517][248]LogLinker:Warning: Can't find file '/Game/GTFreeMaterials/Textures/T_MacroVariation2'
[2015.03.05-15.06.38:517][248]LoadErrors: Info Failed to load /Game/GTFreeMaterials/Textures/T_MacroVariation2.T_MacroVariation2 Referenced by PersistentLevel
[2015.03.05-15.06.38:518][248]LogLinker:Warning: Can't find file for asset '/Game/GTFreeMaterials/Textures/T_MacroVariation2' while loading NULL.
[2015.03.05-15.06.38:519][248]LogLinker:Warning: Can't find file '/Game/GTFreeMaterials/Textures/Rock_JaggedCaveWall/Rock_JaggedCaveWall_2k_alb'
[2015.03.05-15.06.38:519][248]LoadErrors: Info Failed to load /Game/GTFreeMaterials/Textures/Rock_JaggedCaveWall/Rock_JaggedCaveWall_2k_alb.Rock_JaggedCaveWall_2k_alb Referenced by PersistentLevel
[2015.03.05-15.06.38:520][248]LogLinker:Warning: Can't find file for asset '/Game/GTFreeMaterials/Textures/Rock_JaggedCaveWall/Rock_JaggedCaveWall_2k_alb' while loading NULL.
[2015.03.05-15.06.38:520][248]LogLinker:Warning: Can't find file '/Game/GTFreeMaterials/Textures/Rock_JaggedCaveWall/Rock_JaggedCaveWall_2k_g'
[2015.03.05-15.06.38:521][248]LoadErrors: Info Failed to load /Game/GTFreeMaterials/Textures/Rock_JaggedCaveWall/Rock_JaggedCaveWall_2k_g.Rock_JaggedCaveWall_2k_g Referenced by PersistentLevel
[2015.03.05-15.06.38:521][248]LogLinker:Warning: Can't find file for asset '/Game/GTFreeMaterials/Textures/Rock_JaggedCaveWall/Rock_JaggedCaveWall_2k_g' while loading NULL.
[2015.03.05-15.06.38:532][248]LogTexture:Display: Building textures: Texture2D_13 (BGRA8)
[2015.03.05-15.06.38:547][248]LogTexture:Display: Building textures: HQ_Lightmap1_1 (AutoDXT)
[2015.03.05-15.06.38:600][248]LogTexture:Display: Building textures: LQ_Lightmap_1_1 (DXT1)
[2015.03.05-15.06.38:636][248]LogTexture:Display: Building textures: ShadowMapTexture2D_1 (BGRA8)
[2015.03.05-15.06.38:640][248]LogTexture:Display: Building textures: Texture2D_14 (BGRA8)
[2015.03.05-15.06.38:641][248]LogTexture:Display: Building textures: Texture2D_15 (BGRA8)
[2015.03.05-15.06.38:641][248]LogTexture:Display: Building textures: Texture2D_16 (BGRA8)
[2015.03.05-15.06.38:643][248]LogTexture:Display: Building textures: Texture2D_17 (BGRA8)
[2015.03.05-15.06.38:643][248]LogTexture:Display: Building textures: Texture2D_18 (BGRA8)
[2015.03.05-15.06.38:646][248]LogTexture:Display: Building textures: Texture2D_19 (BGRA8)
[2015.03.05-15.06.38:647][248]LogTexture:Display: Building textures: Texture2D_20 (BGRA8)
[2015.03.05-15.06.38:648][248]LogTexture:Display: Building textures: Texture2D_21 (BGRA8)
[2015.03.05-15.06.38:772][248]Cmd: MAP LOAD FILE="../../../../../../Users/sctcad/Desktop/SpaceShooter/SpaceShooter/SpaceShooter/Content/SpacyMap.umap" TEMPLATE=0 SHOWPROGRESS=1 FEATURELEVEL=2
[2015.03.05-15.06.38:773][248]LightingResults: New page: Lighting Build
[2015.03.05-15.06.38:813][248]LoadErrors: New page: Loading map: SpacyMap.umap
[2015.03.05-15.06.38:817][248]MapCheck: New page: Map Check
[2015.03.05-15.06.38:817][248]LightingResults: New page: Lighting Build
[2015.03.05-15.06.38:829][248]LogParticles: Destr