Log file open, 03/12/15 09:38:04
LogInit:Display: Running engine for game: SpaceShooter
LogInit: Version: 4.7.2-2467323+++depot+UE4-Releases+4.7
LogInit: API Version: 2455222
LogInit: Compiled (64-bit): Mar  2 2015 23:16:34
LogInit: Compiled with Visual C++: 18.00.21005.01
LogInit: Build Configuration: DebugGame
LogInit: Branch Name: ++depot+UE4-Releases+4.7
LogInit: Command line:  -debug
LogInit: Base directory: C:/Program Files/Unreal Engine/4.7/Engine/Binaries/Win64/
LogInit: Rocket: 1
[2015.03.12-13.38.04:574][  0]LogTaskGraph: Started task graph with 3 named threads and 6 total threads.
[2015.03.12-13.38.04:637][  0]LogOnline:Warning: No default platform service specified for OnlineSubsystem
[2015.03.12-13.38.04:698][  0]LogInit: Presizing for 0 objects not considered by GC, pre-allocating 0 bytes.
[2015.03.12-13.38.04:718][  0]LogInit: Object subsystem initialized
[2015.03.12-13.38.04:741][  0]LogInit: Selected Device Profile: [Windows]
[2015.03.12-13.38.04:742][  0]LogInit: Applying CVar settings loaded from the selected device profile: [Windows]
[2015.03.12-13.38.04:753][  0]LogInit: Computer: C401IT34
[2015.03.12-13.38.04:754][  0]LogInit: User: sctcad
[2015.03.12-13.38.04:754][  0]LogInit: CPU Page size=4096, Cores=4
[2015.03.12-13.38.04:754][  0]LogInit: High frequency timer resolution =2.741210 MHz
[2015.03.12-13.38.04:755][  0]LogMemory: Memory total: Physical=6.0GB (6GB approx) Virtual=8192.0GB
[2015.03.12-13.38.04:755][  0]LogMemory: Platform Memory Stats for Windows
[2015.03.12-13.38.04:756][  0]LogMemory: Process Physical Memory: 46.27 MB used, 46.27 MB peak
[2015.03.12-13.38.04:756][  0]LogMemory: Process Virtual Memory: 24.75 MB used, 24.75 MB peak
[2015.03.12-13.38.04:756][  0]LogMemory: Physical Memory: 4350.78 MB used, 6134.93 MB total
[2015.03.12-13.38.04:756][  0]LogMemory: Virtual Memory: 275.32 MB used, 8388608.00 MB total
[2015.03.12-13.38.04:841][  0]LogD3D11RHI: Found D3D11 adapter 0: NVIDIA GeForce GTX 260   (Feature Level 10_0)
[2015.03.12-13.38.04:841][  0]LogD3D11RHI: Adapter has 1767MB of dedicated video memory, 0MB of dedicated system memory, and 2303MB of shared system memory, 1 output[s]
[2015.03.12-13.38.04:841][  0]LogD3D11RHI: Chosen D3D11 Adapter Id = 0
[2015.03.12-13.38.04:847][  0]LogRHI: Texture pool is 1237 MB (70% of 1767 MB)
[2015.03.12-13.38.04:881][  0]LogD3D11RHI: Async texture creation enabled
[2015.03.12-13.38.05:132][  0]LogTextLocalizationManager: The requested culture ('en_US') has no localization data; parent culture's ('en') localization data will be used.
[2015.03.12-13.38.05:310][  0]LogContentStreaming: Texture pool size is 0.000000MB
[2015.03.12-13.38.08:993][  0]LogTargetPlatformManager:Display: Building Assets For Windows
[2015.03.12-13.38.09:870][  0]LogTargetPlatformManager:Display: Building Assets For Windows
[2015.03.12-13.38.09:985][  0]LogDerivedDataCache:Display: Max Cache Size: 512 MB
[2015.03.12-13.38.10:181][  0]LogDerivedDataCache: Loaded boot cache 0.20s 37MB C:/Users/sctcad/AppData/Local/UnrealEngine/4.7/DerivedDataCache/Boot.ddc.
[2015.03.12-13.38.10:181][  0]LogDerivedDataCache:Display: Loaded Boot cache: C:/Users/sctcad/AppData/Local/UnrealEngine/4.7/DerivedDataCache/Boot.ddc
[2015.03.12-13.38.10:182][  0]LogDerivedDataCache: FDerivedDataBackendGraph:  Pak pak cache file ../../../../../../Users/sctcad/Desktop/SpaceShooter/SpaceShooter/SpaceShooter/DerivedDataCache/DDC.ddp not found, will not use a pak cache.
[2015.03.12-13.38.10:182][  0]LogDerivedDataCache: Unable to find inner node Pak for hierarchical cache Hierarchy.
[2015.03.12-13.38.10:344][  0]LogDerivedDataCache:Display: Pak cache opened for reading ../../../Engine/DerivedDataCache/Compressed.ddp.
[2015.03.12-13.38.10:356][  0]LogDerivedDataCache: Using Local data cache path C:/Users/sctcad/AppData/Local/UnrealEngine/Common/DerivedDataCache: Writable
[2015.03.12-13.38.11:370][  0]LogMeshUtilities: No automatic mesh reduction module available
[2015.03.12-13.38.11:371][  0]LogMeshUtilities: No automatic mesh merging module available
[2015.03.12-13.38.12:052][  0]LogInit: WinSock: version 1.1 (2.2), MaxSocks=32767, MaxUdp=65467
[2015.03.12-13.38.12:249][  0]LogSlate:Warning: Failed to load font data from '../../../Engine/Content/Slate/Fonts/Roboto-Italic.ttf'
[2015.03.12-13.38.15:030][  0]UdpMessaging: Initializing bridge on interface 0.0.0.0:0 to multicast group 230.0.0.1:6666.
[2015.03.12-13.38.15:854][  0]SourceControl: Info Source control is disabled
[2015.03.12-13.38.15:855][  0]SourceControl: Info Source control is disabled
[2015.03.12-13.38.15:855][  0]SourceControl: Info Source control is disabled
[2015.03.12-13.38.15:856][  0]LogSourceControl: RunCommandInternalRaw: 'git version'
[2015.03.12-13.38.15:856][  0]LogSourceControl: RunCommandInternalRaw: ExecProcess ReturnCode=2 OutResults=''
[2015.03.12-13.38.15:871][  0]SourceControl: Info Source control is disabled
[2015.03.12-13.38.16:567][  0]LogObj: 24314 objects as part of root set at end of initial load.
[2015.03.12-13.38.16:567][  0]LogUObjectAllocator: 5179336 out of 0 bytes used by permanent object pool.
[2015.03.12-13.38.16:771][  0]LogEngine: Initializing Engine...
[2015.03.12-13.38.19:036][  0]LogInit: XAudio2 using 'Digital Audio (HDMI) (2- High Definition Audio Device)' : 2 channels at 44.1 kHz using 16 bits per sample (channel mask 0x3)
[2015.03.12-13.38.19:059][  0]LogInit: FAudioDevice initialized.
[2015.03.12-13.38.19:171][  0]LogAIModule: Creating AISystem for world NewWorld
[2015.03.12-13.38.19:203][  0]LogDerivedDataCache: Saved boot cache 0.03s 37MB C:/Users/sctcad/AppData/Local/UnrealEngine/4.7/DerivedDataCache/Boot.ddc.
[2015.03.12-13.38.19:211][  0]LogInit: Texture streaming: Enabled
[2015.03.12-13.38.19:389][  0]LogAnalytics: Creating configured Analytics provider AnalyticsET
[2015.03.12-13.38.19:390][  0]LogAnalytics: ET APIKey = Rocket.Release. APIServer = http://et2.epicgames.com/ET2/. AppVersion = 4.7.2-2467323+++depot+UE4-Releases+4.7
[2015.03.12-13.38.19:390][  0]LogAnalytics: ET APIKey = Rocket.Release. DataRouterUploadURL = https://datarouter-public-service-gamedev.ol.epicgames.net/datarouter/api/v1/public/data. AppVersion = 4.7.2-2467323+++depot+UE4-Releases+4.7
[2015.03.12-13.38.19:390][  0]LogAnalytics: SetUserId 64ff77f04af0b475300fe7ab8c79c2b2|d9d81cedd9384488858a28c751665a55|7fac54aa-9f69-47ad-8344-357d0c6be1ba
[2015.03.12-13.38.19:391][  0]LogAnalytics: AnalyticsET::StartSession [Rocket.Release]
[2015.03.12-13.38.19:440][  0]LogInit: Transaction tracking system initialized
[2015.03.12-13.38.20:281][  0]BlueprintLog: New page: Editor Load
[2015.03.12-13.38.20:357][  0]LogAssetRegistry: FAssetRegistry took 0.0128 seconds to start up
[2015.03.12-13.38.20:359][  0]LogDirectoryWatcher:Warning: Failed to begin reading directory changes for ../../../Engine/Plugins/Experimental/CharacterAI/Content/. Error: 0
[2015.03.12-13.38.21:655][  0]LogTargetPlatformManager:Display: Building Assets For Windows
[2015.03.12-13.38.22:155][  0]LogTargetPlatformManager:Display: Building Assets For Windows
[2015.03.12-13.38.23:111][  0]LogSlate:Warning: Failed to load font data from '../../../Engine/Content/Editor/Slate/Fonts/Roboto-Regular.ttf'
[2015.03.12-13.38.23:112][  0]LogSlate:Warning: Failed to load font data from '../../../Engine/Content/Editor/Slate/Fonts/Roboto-Bold.ttf'
[2015.03.12-13.38.23:122][  0]LogConsoleResponse:Display: 
[2015.03.12-13.38.23:373][  0]LogCook:Display: Done creating registry. It took  0.00s.
[2015.03.12-13.38.23:931][  0]SourceControl: Info Source control is disabled
[2015.03.12-13.38.23:934][  0]Cmd: MAP LOAD FILE="../../../../../../Users/sctcad/Desktop/SpaceShooter/SpaceShooter/SpaceShooter/Content/SpacyMap.umap" TEMPLATE=0 SHOWPROGRESS=1 FEATURELEVEL=2
[2015.03.12-13.38.23:935][  0]LightingResults: New page: Lighting Build
[2015.03.12-13.38.23:962][  0]MapCheck: New page: Map Check
[2015.03.12-13.38.23:963][  0]LightingResults: New page: Lighting Build
[2015.03.12-13.38.23:981][  0]LogParticles: Destroying 0 GPU particle simulations for FXSystem 0x00000000040D1800
[2015.03.12-13.38.25:142][  0]LogEditorServer: Finished looking for orphan Actors (0.000 secs)
[2015.03.12-13.38.25:143][  0]LogAIModule: Creating AISystem for world SpacyMap
[2015.03.12-13.38.25:144][  0]Cmd: MAP CHECKDEP
[2015.03.12-13.38.25:144][  0]MapCheck: New page: SpacyMap - Mar 12, 2015, 5:38:25 AM
[2015.03.12-13.38.25:257][  0]MapCheck: Info Map check complete: 0 Error(s), 0 Warning(s), took 112.767ms to complete.
[2015.03.12-13.38.25:258][  0]LogFileHelpers: Loading map 'SpacyMap' took 1.327
[2015.03.12-13.38.25:429][  0]LogCollectionManager: Loaded 0 collections in 0.002134 seconds
[2015.03.12-13.38.25:454][  0]LogContentBrowser: Native class hierarchy populated in 0.0244 seconds. Added 1701 classes and 263 folders.
[2015.03.12-13.38.25:496][  0]LogContentBrowser:Verbose: The content browser source was changed by the sources view to '/Classes_Game/SpaceShooter'
[2015.03.12-13.38.25:679][  0]LogContentBrowser: Native class hierarchy updated for 'SceneOutliner' in 0.0064 seconds. Added 1 classes and 2 folders.
[2015.03.12-13.38.25:935][  0]LogCrashTracker: Crashtracker disabled due to settings.
[2015.03.12-13.38.25:944][  0]LogSlate:Warning: Failed to load font data from 'Veranda'
[2015.03.12-13.38.25:955][  0]LogUObjectGlobals:Warning: Failed to find object 'Class None.'
[2015.03.12-13.38.26:004][  0]LogLoad: Full Startup: 24.26 seconds (BP compile: 0.17 seconds)
[2015.03.12-13.38.26:200][  0]LogRenderer:Warning: Reallocating scene render targets to support 32x32 (Frame:2).
[2015.03.12-13.38.26:310][  0]LogRenderer:Warning: Reallocating scene render targets to support 1144x928 (Frame:3).
[2015.03.12-13.38.26:500][  1]Cmd: UpdateLandscapeEditorData -warnings
[2015.03.12-13.38.26:505][  1]Cmd: UpdateLandscapeEditorData
[2015.03.12-13.38.27:853][  5]LogAssetRegistry: Asset discovery search completed in 7.5211 seconds
[2015.03.12-13.38.30:280][119]BlueprintLog: New page: Pre-PIE auto-recompile
[2015.03.12-13.38.30:281][119]LogPlayLevel: [PIE] Compiling SpacyMap before PIE...
[2015.03.12-13.38.30:362][119]LogPlayLevel: PIE:  Blueprint regeneration took 82 ms (1 blueprints)
[2015.03.12-13.38.30:364][119]PIE: New page: PIE session: SpacyMap (Mar 12, 2015, 5:38:30 AM)
[2015.03.12-13.38.30:378][119]LogPlayLevel: PIE: StaticDuplicateObject took: (0.012445s)
[2015.03.12-13.38.30:379][119]LogPlayLevel: PIE: World Init took: (0.000729s)
[2015.03.12-13.38.30:379][119]LogPlayLevel: PIE: Created PIE world by copying editor world from /Game/SpacyMap.SpacyMap to /Game/UEDPIE_0_SpacyMap.SpacyMap (0.014365s)
[2015.03.12-13.38.30:437][119]LogWorld: Game class is 'SpaceShooterGameMode'
[2015.03.12-13.38.30:460][119]LogAIModule: Creating AISystem for world SpacyMap
[2015.03.12-13.38.30:477][119]LogWorld: Bringing World /Game/UEDPIE_0_SpacyMap.SpacyMap up for play (max tick rate 0) at 2015.03.12-09.38.30
[2015.03.12-13.38.30:487][119]LogWorld: Bringing up level for play took: 0.025410
[2015.03.12-13.38.30:501][119]PIE: Info Play in editor start time for /Game/UEDPIE_0_SpacyMap 0.326
[2015.03.12-13.38.35:218][416]LogParticles: Destroying 0 GPU particle simulations for FXSystem 0x000000000BFA9A80
[2015.03.12-13.38.36:889][563]Cmd: QUIT_EDITOR
[2015.03.12-13.38.37:202][563]LogExit: Preparing to exit.
[2015.03.12-13.38.38:273][563]LogExit: Editor shut down
[2015.03.12-13.38.38:274][563]LogExit: Transaction tracking system shut down
[2015.03.12-13.38.38:275][563]LogParticles: Destroying 0 GPU particle simulations for FXSystem 0x000000000EA394E0
[2015.03.12-13.38.38:276][563]LogParticles: Destroying 0 GPU particle simulations for FXSystem 0x0000000012F682C0
[2015.03.12-13.38.38:277][563]LogParticles: Destroying 0 GPU particle simulations for FXSystem 0x0000000019563B00
[2015.03.12-13.38.38:369][563]LogExit: Object subsystem successfully closed.
[2015.03.12-13.38.38:460][563]LogModuleManager: Shutting down and abandoning module CrashTracker (178)
[2015.03.12-13.38.38:461][563]LogModuleManager: Shutting down and abandoning module SuperSearch (177)
[2015.03.12-13.38.38:462][563]LogModuleManager: Shutting down and abandoning module SceneOutliner (176)
[2015.03.12-13.38.38:462][563]LogModuleManager: Shutting down and abandoning module EditorWidgets (175)
[2015.03.12-13.38.38:463][563]LogModuleManager: Shutting down and abandoning module CollectionManager (174)
[2015.03.12-13.38.38:463][563]LogModuleManager: Shutting down and abandoning module StatsViewer (173)
[2015.03.12-13.38.38:464][563]LogModuleManager: Shutting down and abandoning module FoliageEdit (172)
[2015.03.12-13.38.38:465][563]LogModuleManager: Shutting down and abandoning module LandscapeEditor (171)
[2015.03.12-13.38.38:466][563]LogModuleManager: Shutting down and abandoning module MeshPaint (170)
[2015.03.12-13.38.38:466][563]LogModuleManager: Shutting down and abandoning module ActorPickerMode (169)
[2015.03.12-13.38.38:466][563]LogModuleManager: Shutting down and abandoning module GeometryMode (168)
[2015.03.12-13.38.38:466][563]LogModuleManager: Shutting down and abandoning module TextureAlignMode (167)
[2015.03.12-13.38.38:467][563]LogModuleManager: Shutting down and abandoning module BspMode (166)
[2015.03.12-13.38.38:467][563]LogModuleManager: Shutting down and abandoning module PlacementMode (165)
[2015.03.12-13.38.38:467][563]LogModuleManager: Shutting down and abandoning module AutomationWorker (164)
[2015.03.12-13.38.38:467][563]LogModuleManager: Shutting down and abandoning module CharacterAI (163)
[2015.03.12-13.38.38:468][563]LogModuleManager: Shutting down and abandoning module SmartSnapping (162)
[2015.03.12-13.38.38:468][563]LogModuleManager: Shutting down and abandoning module ViewportSnapping (161)
[2015.03.12-13.38.38:468][563]LogModuleManager: Shutting down and abandoning module LogVisualizer (160)
[2015.03.12-13.38.38:469][563]LogModuleManager: Shutting down and abandoning module GameProjectGeneration (159)
[2015.03.12-13.38.38:470][563]LogModuleManager: Shutting down and abandoning module IntroTutorials (158)
[2015.03.12-13.38.38:471][563]LogModuleManager: Shutting down and abandoning module EditorLiveStreaming (157)
[2015.03.12-13.38.38:471][563]LogModuleManager: Shutting down and abandoning module HardwareTargeting (156)
[2015.03.12-13.38.38:472][563]LogModuleManager: Shutting down and abandoning module DeviceProfileEditor (155)
[2015.03.12-13.38.38:472][563]LogModuleManager: Shutting down and abandoning module UndoHistory (154)
[2015.03.12-13.38.38:472][563]LogModuleManager: Shutting down and abandoning module GameplayTagsEditor (153)
[2015.03.12-13.38.38:472][563]LogModuleManager: Shutting down and abandoning module UserFeedback (152)
[2015.03.12-13.38.38:473][563]LogModuleManager: Shutting down and abandoning module XmlParser (151)
[2015.03.12-13.38.38:473][563]LogModuleManager: Shutting down and abandoning module Blutility (150)
[2015.03.12-13.38.38:473][563]LogModuleManager: Shutting down and abandoning module IOSPlatformEditor (149)
[2015.03.12-13.38.38:474][563]LogModuleManager: Shutting down and abandoning module IOSRuntimeSettings (148)
[2015.03.12-13.38.38:474][563]LogModuleManager: Shutting down and abandoning module AndroidDeviceDetection (147)
[2015.03.12-13.38.39:328][563]LogModuleManager: Shutting down and abandoning module AndroidPlatformEditor (146)
[2015.03.12-13.38.39:328][563]LogModuleManager: Shutting down and abandoning module AndroidRuntimeSettings (145)
[2015.03.12-13.38.39:328][563]LogModuleManager: Shutting down and abandoning module ProjectTargetPlatformEditor (144)
[2015.03.12-13.38.39:329][563]LogModuleManager: Shutting down and abandoning module ProjectSettingsViewer (143)
[2015.03.12-13.38.39:329][563]LogModuleManager: Shutting down and abandoning module InputBindingEditor (142)
[2015.03.12-13.38.39:329][563]LogModuleManager: Shutting down and abandoning module EditorSettingsViewer (141)
[2015.03.12-13.38.39:330][563]LogModuleManager: Shutting down and abandoning module SettingsEditor (140)
[2015.03.12-13.38.39:330][563]LogModuleManager: Shutting down and abandoning module ProjectLauncher (139)
[2015.03.12-13.38.39:330][563]LogModuleManager: Shutting down and abandoning module SessionFrontend (138)
[2015.03.12-13.38.39:331][563]LogModuleManager: Shutting down and abandoning module ProfilerClient (137)
[2015.03.12-13.38.39:331][563]LogModuleManager: Shutting down and abandoning module TargetDeviceServices (136)
[2015.03.12-13.38.39:332][563]LogModuleManager: Shutting down and abandoning module DeviceManager (135)
[2015.03.12-13.38.39:332][563]LogModuleManager: Shutting down and abandoning module AutomationController (134)
[2015.03.12-13.38.39:333][563]LogModuleManager: Shutting down and abandoning module AutomationWindow (133)
[2015.03.12-13.38.39:333][563]LogModuleManager: Shutting down and abandoning module Layers (132)
[2015.03.12-13.38.39:335][563]LogModuleManager: Shutting down and abandoning module ComponentVisualizers (131)
[2015.03.12-13.38.39:335][563]LogModuleManager: Shutting down and abandoning module DetailCustomizations (130)
[2015.03.12-13.38.39:336][563]LogModuleManager: Shutting down and abandoning module PackagesDialog (129)
[2015.03.12-13.38.39:336][563]LogModuleManager: Shutting down and abandoning module AssetRegistry (128)
[2015.03.12-13.38.39:396][563]LogModuleManager: Shutting down and abandoning module Persona (127)
[2015.03.12-13.38.39:397][563]LogModuleManager: Shutting down and abandoning module SlateReflector (126)
[2015.03.12-13.38.39:397][563]LogModuleManager: Shutting down and abandoning module LevelEditor (125)
[2015.03.12-13.38.39:399][563]LogModuleManager: Shutting down and abandoning module Kismet (124)
[2015.03.12-13.38.39:399][563]LogModuleManager: Shutting down and abandoning module GraphEditor (123)
[2015.03.12-13.38.39:402][563]LogModuleManager: Shutting down and abandoning module ClassViewer (122)
[2015.03.12-13.38.39:402][563]LogModuleManager: Shutting down and abandoning module Toolbox (121)
[2015.03.12-13.38.39:402][563]LogModuleManager: Shutting down and abandoning module ModuleUI (120)
[2015.03.12-13.38.39:403][563]LogModuleManager: Shutting down and abandoning module MovieSceneTools (119)
[2015.03.12-13.38.39:404][563]LogModuleManager: Shutting down and abandoning module OutputLog (118)
[2015.03.12-13.38.39:404][563]LogModuleManager: Shutting down and abandoning module GammaUI (117)
[2015.03.12-13.38.39:405][563]LogModuleManager: Shutting down and abandoning module Documentation (116)
[2015.03.12-13.38.39:405][563]LogModuleManager: Shutting down and abandoning module GameLiveStreaming (115)
[2015.03.12-13.38.39:405][563]LogModuleManager: Shutting down and abandoning module StreamingPauseRendering (114)
[2015.03.12-13.38.39:406][563]LogModuleManager: Shutting down and abandoning module HTTP (113)
[2015.03.12-13.38.39:406][563]LogModuleManager: Shutting down and abandoning module AnalyticsET (112)
[2015.03.12-13.38.39:406][563]LogModuleManager: Shutting down and abandoning module Analytics (111)
[2015.03.12-13.38.39:406][563]LogModuleManager: Shutting down and abandoning module AITestSuite (110)
[2015.03.12-13.38.39:407][563]LogModuleManager: Shutting down and abandoning module GameplayDebugger (109)
[2015.03.12-13.38.39:407][563]LogModuleManager: Shutting down and abandoning module AIModule (108)
[2015.03.12-13.38.39:407][563]LogModuleManager: Shutting down and abandoning module ProfilerService (107)
[2015.03.12-13.38.39:505][563]LogModuleManager: Shutting down and abandoning module TaskGraph (106)
[2015.03.12-13.38.39:507][563]LogModuleManager: Shutting down and abandoning module SlateRemote (105)
[2015.03.12-13.38.39:507][563]LogModuleManager: Shutting down and abandoning module ScriptEditorPlugin (104)
[2015.03.12-13.38.39:508][563]LogModuleManager: Shutting down and abandoning module CustomMeshComponent (103)
[2015.03.12-13.38.39:508][563]LogModuleManager: Shutting down and abandoning module CableComponent (102)
[2015.03.12-13.38.39:508][563]LogModuleManager: Shutting down and abandoning module MessagingDebugger (101)
[2015.03.12-13.38.39:511][563]LogModuleManager: Shutting down and abandoning module MediaPlayerEditor (100)
[2015.03.12-13.38.39:512][563]LogModuleManager: Shutting down and abandoning module SpeedTreeImporter (99)
[2015.03.12-13.38.39:512][563]LogModuleManager: Shutting down and abandoning module PluginsEditor (98)
[2015.03.12-13.38.39:513][563]LogModuleManager: Shutting down and abandoning module MainFrame (97)
[2015.03.12-13.38.39:513][563]LogModuleManager: Shutting down and abandoning module EpicSurvey (96)
[2015.03.12-13.38.39:514][563]LogModuleManager: Shutting down and abandoning module DesktopPlatform (95)
[2015.03.12-13.38.39:516][563]LogModuleManager: Shutting down and abandoning module DirectoryWatcher (94)
[2015.03.12-13.38.39:516][563]LogModuleManager: Shutting down and abandoning module HotReload (93)
[2015.03.12-13.38.39:517][563]LogModuleManager: Shutting down and abandoning module VisualStudioSourceCodeAccess (92)
[2015.03.12-13.38.39:517][563]LogModuleManager: Shutting down and abandoning module UObjectPlugin (91)
[2015.03.12-13.38.39:518][563]LogModuleManager: Shutting down and abandoning module SubversionSourceControl (90)
[2015.03.12-13.38.39:519][563]LogModuleManager: Shutting down and abandoning module PerforceSourceControl (89)
[2015.03.12-13.38.39:520][563]LogModuleManager: Shutting down and abandoning module SourceControl (88)
[2015.03.12-13.38.39:521][563]LogModuleManager: Shutting down and abandoning module GitSourceControl (87)
[2015.03.12-13.38.39:522][563]LogModuleManager: Shutting down and abandoning module BlankPlugin (86)
[2015.03.12-13.38.39:522][563]LogModuleManager: Shutting down and abandoning module PaperTiledImporter (85)
[2015.03.12-13.38.39:522][563]LogModuleManager: Shutting down and abandoning module PaperJsonImporter (84)
[2015.03.12-13.38.39:523][563]LogModuleManager: Shutting down and abandoning module ContentBrowser (83)
[2015.03.12-13.38.39:524][563]LogModuleManager: Shutting down and abandoning module Paper2DEditor (82)
[2015.03.12-13.38.39:525][563]LogModuleManager: Shutting down and abandoning module SpaceShooter (81)
[2015.03.12-13.38.39:525][563]LogModuleManager: Shutting down and abandoning module ScriptPlugin (80)
[2015.03.12-13.38.39:526][563]LogModuleManager: Shutting down and abandoning module UdpMessaging (79)
[2015.03.12-13.38.39:626][563]LogModuleManager: Shutting down and abandoning module Paper2D (78)
[2015.03.12-13.38.39:627][563]LogModuleManager: Shutting down and abandoning module WindowsMoviePlayer (77)
[2015.03.12-13.38.39:629][563]LogModuleManager: Shutting down and abandoning module Media (76)
[2015.03.12-13.38.39:630][563]LogModuleManager: Shutting down and abandoning module WmfMedia (75)
[2015.03.12-13.38.39:632][563]LogModuleManager: Shutting down and abandoning module OnlineBlueprintSupport (74)
[2015.03.12-13.38.39:632][563]LogModuleManager: Shutting down and abandoning module PropertyEditor (73)
[2015.03.12-13.38.39:633][563]LogModuleManager: Shutting down and abandoning module BehaviorTreeEditor (72)
[2015.03.12-13.38.39:634][563]LogModuleManager: Shutting down and abandoning module FunctionalTesting (71)
[2015.03.12-13.38.39:635][563]LogModuleManager: Shutting down and abandoning module CollisionAnalyzer (70)
[2015.03.12-13.38.39:637][563]LogModuleManager: Shutting down and abandoning module WorkspaceMenuStructure (69)
[2015.03.12-13.38.39:637][563]LogModuleManager: Shutting down and abandoning module MessageLog (68)
[2015.03.12-13.38.39:638][563]LogModuleManager: Shutting down and abandoning module Sequencer (67)
[2015.03.12-13.38.39:640][563]LogModuleManager: Shutting down and abandoning module AssetTools (66)
[2015.03.12-13.38.39:642][563]LogModuleManager: Shutting down and abandoning module UMGEditor (65)
[2015.03.12-13.38.39:643][563]LogModuleManager: Shutting down and abandoning module UMG (64)
[2015.03.12-13.38.39:644][563]LogModuleManager: Shutting down and abandoning module Slate (63)
[2015.03.12-13.38.39:644][563]LogModuleManager: Shutting down and abandoning module EditorStyle (62)
[2015.03.12-13.38.39:650][563]LogModuleManager: Shutting down and abandoning module SessionServices (61)
[2015.03.12-13.38.39:650][563]LogModuleManager: Shutting down and abandoning module SourceCodeAccess (60)
[2015.03.12-13.38.39:650