Log file open, 03/03/15 12:58:09
LogInit:Display: Running engine for game: SpaceShooter
LogInit: Version: 4.4.3-2296771+++depot+UE4-Releases+4.4
LogInit: API Version: 2255576
LogInit: Compiled (64-bit): Sep 13 2014 22:30:58
LogInit: Build Configuration: Development
LogInit: Branch Name: ++depot+UE4-Releases+4.4
LogInit: Command line: 
LogInit: Base directory: C:/Program Files/Unreal Engine/4.4/Engine/Binaries/Win64/
LogInit: Rocket: 1
[2015.03.03-17.58.09:707][  0]LogTaskGraph: Started task graph with 3 named threads and 4 total threads.
[2015.03.03-17.58.09:741][  0]LogOnline:Warning: No default platform service specified for OnlineSubsystem
[2015.03.03-17.58.09:774][  0]LogInit: Presizing for 0 objects not considered by GC, pre-allocating 0 bytes.
[2015.03.03-17.58.09:806][  0]LogInit: Object subsystem initialized
[2015.03.03-17.58.09:822][  0]LogInit: Selected Device Profile: [Windows]
[2015.03.03-17.58.09:822][  0]LogInit: Applying CVar settings loaded from the selected device profile: [Windows]
[2015.03.03-17.58.09:833][  0]LogInit: Computer: C401IT35
[2015.03.03-17.58.09:834][  0]LogInit: User: npham
[2015.03.03-17.58.09:835][  0]LogInit: CPU Page size=4096, Cores=4
[2015.03.03-17.58.09:836][  0]LogInit: High frequency timer resolution =2.741230 MHz
[2015.03.03-17.58.09:836][  0]LogMemory: Memory total: Physical=6.0GB (6GB approx) Virtual=8192.0GB
[2015.03.03-17.58.09:837][  0]LogMemory: Platform Memory Stats for Windows
[2015.03.03-17.58.09:837][  0]LogMemory: Process Physical Memory: 60.75 MB used, 60.75 MB peak
[2015.03.03-17.58.09:837][  0]LogMemory: Process Virtual Memory: 36.21 MB used, 36.21 MB peak
[2015.03.03-17.58.09:838][  0]LogMemory: Physical Memory: 5104.63 MB used, 6134.93 MB total
[2015.03.03-17.58.09:838][  0]LogMemory: Virtual Memory: 256.68 MB used, 8388608.00 MB total
[2015.03.03-17.58.09:990][  0]LogD3D11RHI: Found D3D11 adapter 0: NVIDIA GeForce GTX 260   (Feature Level 10_0)
[2015.03.03-17.58.09:991][  0]LogD3D11RHI: Adapter has 1767MB of dedicated video memory, 0MB of dedicated system memory, and 2303MB of shared system memory, 1 output[s]
[2015.03.03-17.58.09:991][  0]LogD3D11RHI: Chosen D3D11 Adapter Id = 0
[2015.03.03-17.58.09:999][  0]LogRHI: Texture pool is 1237 MB (70% of 1767 MB)
[2015.03.03-17.58.10:036][  0]LogD3D11RHI: Async texture creation enabled
[2015.03.03-17.58.10:322][  0]LogContentStreaming: Texture pool size is 0.000000MB
[2015.03.03-17.58.12:384][  0]LogTargetPlatformManager:Display: Building Assets For Windows
[2015.03.03-17.58.12:985][  0]LogTargetPlatformManager:Display: Building Assets For Windows
[2015.03.03-17.58.13:050][  0]LogDerivedDataCache:Display: Max Cache Size: 512 MB
[2015.03.03-17.58.13:237][  0]LogDerivedDataCache: Loaded boot cache 0.19s 35MB C:/Users/npham/AppData/Local/UnrealEngine/4.4/DerivedDataCache/Boot.ddc.
[2015.03.03-17.58.13:237][  0]LogDerivedDataCache:Display: Loaded Boot cache: C:/Users/npham/AppData/Local/UnrealEngine/4.4/DerivedDataCache/Boot.ddc
[2015.03.03-17.58.13:237][  0]LogDerivedDataCache: FDerivedDataBackendGraph:  Pak pak cache file ../../../../../../Users/npham/Desktop/SpaceShooter/SpaceShooter/DerivedDataCache/DDC.ddp not found, will not use a pak cache.
[2015.03.03-17.58.13:238][  0]LogDerivedDataCache: Unable to find inner node Pak for hierarchical cache Hierarchy.
[2015.03.03-17.58.13:260][  0]LogDerivedDataCache:Display: Pak cache opened for reading ../../../Engine/DerivedDataCache/DDC.ddp.
[2015.03.03-17.58.13:273][  0]LogDerivedDataCache: Using Local data cache path C:/Users/npham/AppData/Local/UnrealEngine/4.4/DerivedDataCache: Writable
[2015.03.03-17.58.13:849][  0]LogMeshUtilities: No automatic mesh reduction module available
[2015.03.03-17.58.13:850][  0]LogMeshUtilities: No automatic mesh merging module available
[2015.03.03-17.58.14:412][  0]LogInit: WinSock: version 1.1 (2.2), MaxSocks=32767, MaxUdp=65467
[2015.03.03-17.58.16:078][  0]LogStats:Warning: MetaData mismatch. Did you assign a stat to two groups? New //STATGROUP_Threads//FMonitoredProcess///Thread_1180_0///////STATCAT_Advanced//// old //STATGROUP_Threads//FMonitoredProcess///Thread_2344_0///////STATCAT_Advanced////
[2015.03.03-17.58.16:079][  0]UdpMessaging: Initializing bridge on interface 0.0.0.0:0 to multicast group 230.0.0.1:6666.
[2015.03.03-17.58.16:256][  0]SourceControl: Info Source control is disabled
[2015.03.03-17.58.16:257][  0]SourceControl: Info Source control is disabled
[2015.03.03-17.58.16:266][  0]SourceControl: Info Source control is disabled
[2015.03.03-17.58.16:652][  0]BlueprintLog: New page: Editor Load
[2015.03.03-17.58.16:823][  0]LogObj: 21465 objects as part of root set at end of initial load.
[2015.03.03-17.58.16:824][  0]LogUObjectAllocator: 4235968 out of 0 bytes used by permanent object pool.
[2015.03.03-17.58.17:044][  0]LogEngine: Initializing Engine...
[2015.03.03-17.58.17:181][  0]LogInit: XAudio2 using 'Digital Audio (HDMI) (2- High Definition Audio Device)' : 2 channels at 44.1 kHz using 16 bits per sample (channel mask 0x3)
[2015.03.03-17.58.17:205][  0]LogInit: FAudioDevice initialized.
[2015.03.03-17.58.17:228][  0]LogAIModule: Creating AISystem for world NewWorld
[2015.03.03-17.58.17:259][  0]LogDerivedDataCache: Saved boot cache 0.03s 35MB C:/Users/npham/AppData/Local/UnrealEngine/4.4/DerivedDataCache/Boot.ddc.
[2015.03.03-17.58.17:267][  0]LogInit: Texture streaming: Enabled
[2015.03.03-17.58.17:333][  0]LogInit: Transaction tracking system initialized
[2015.03.03-17.58.17:525][  0]LogAssetRegistry: FAssetRegistry took 0.0121 seconds to start up
[2015.03.03-17.58.18:107][  0]LogTargetPlatformManager:Display: Building Assets For Windows
[2015.03.03-17.58.18:452][  0]LogTargetPlatformManager:Display: Building Assets For Windows
[2015.03.03-17.58.18:689][  0]LogConsoleResponse:Display: 
[2015.03.03-17.58.18:982][  0]LogStats:Warning: MetaData mismatch. Did you assign a stat to two groups? New //STATGROUP_Threads//FMonitoredProcess///Thread_314_0///////STATCAT_Advanced//// old //STATGROUP_Threads//FMonitoredProcess///Thread_2344_0///////STATCAT_Advanced////
[2015.03.03-17.58.18:982][  0]LogStats:Warning: MetaData mismatch. Did you assign a stat to two groups? New //STATGROUP_Threads//FMonitoredProcess///Thread_8f0_0///////STATCAT_Advanced//// old //STATGROUP_Threads//FMonitoredProcess///Thread_2344_0///////STATCAT_Advanced////
[2015.03.03-17.58.18:983][  0]SourceControl: Info Source control is disabled
[2015.03.03-17.58.18:983][  0]Cmd: MAP LOAD FILE="../../../Engine/Content/Maps/Templates/Template_Default.umap" TEMPLATE=1 SHOWPROGRESS=1
[2015.03.03-17.58.18:985][  0]LightingResults: New page: Lighting Build
[2015.03.03-17.58.18:999][  0]MapCheck: New page: Map Check
[2015.03.03-17.58.18:999][  0]LightingResults: New page: Lighting Build
[2015.03.03-17.58.19:014][  0]LogParticles: Destroying 0 GPU particle simulations for FXSystem 0x0000000010460400
[2015.03.03-17.58.19:299][  0]LogEditorServer: Finished looking for orphan Actors (0.000 secs)
[2015.03.03-17.58.19:299][  0]LogAIModule: Creating AISystem for world Template_Default
[2015.03.03-17.58.19:300][  0]Cmd: MAP CHECKDEP
[2015.03.03-17.58.19:300][  0]MapCheck: New page: Untitled_1 - Mar 3, 2015, 7:58:19 AM
[2015.03.03-17.58.19:359][  0]MapCheck: Info ========== Map Check: 0 Error(s), 0 Warning(s), [58.7ms] ==========
[2015.03.03-17.58.19:359][  0]LogFileHelpers: Loading map 'Template_Default' took 0.376
[2015.03.03-17.58.19:492][  0]LogCollectionManager: Loaded 0 collections in 0.001400 seconds
[2015.03.03-17.58.19:707][  0]LogCrashTracker: Crashtracker disabled due to settings.
[2015.03.03-17.58.19:784][  0]LogLoad: Full Startup: 12.73 seconds (BP compile: 0.10 seconds)
[2015.03.03-17.58.19:796][  0]LogContentBrowser:Verbose: The content browser source was changed by the sources view to '/Game/ExampleContent/Input_Examples/Blueprints'
[2015.03.03-17.58.19:947][  0]LogRenderer:Warning: Reallocating scene render targets to support 1136x896.
[2015.03.03-17.58.20:142][  2]LogAssetRegistry: Asset discovery search completed in 2.6315 seconds
[2015.03.03-17.58.27:355][302]LogBlueprint:Warning: [compiler] Warning Get Input Axis references unknown Axis 'MoveRight' for  MoveRight 
[2015.03.03-17.58.27:361][302]LogBlueprint:Warning: [compiler] Warning [0020.32] Compile of BP_Pixel_Ship_Player successful, but with 1 Warning(s) [in 19 ms]
[2015.03.03-17.58.27:385][302]LogBlueprint:Warning: [compiler] Warning Get Input Axis references unknown Axis 'MoveRight' for  MoveRight 
[2015.03.03-17.58.27:390][302]LogBlueprint:Warning: [compiler] Warning [0020.35] Compile of BP_Pixel_Ship_Player successful, but with 1 Warning(s) [in 16 ms]
[2015.03.03-17.58.27:555][302]BlueprintLog:Warning: Warning Blueprint BP_Pixel_Projectile has been migrated and requires re-saving to avoid import errors
[2015.03.03-17.58.27:567][302]BlueprintLog:Warning: Warning Blueprint BP_Pixel_Ship_Enemy has been migrated and requires re-saving to avoid import errors
[2015.03.03-17.58.27:586][302]BlueprintLog:Warning: Warning Blueprint BP_Pixel_Ship_Player has been migrated and requires re-saving to avoid import errors
[2015.03.03-17.59.01:201][912]LogPlayLevel: PIE:  No blueprints needed recompiling
[2015.03.03-17.59.01:203][912]PIE: New page: SIE session: Untitled_1 (Mar 3, 2015, 7:59:01 AM)
[2015.03.03-17.59.01:205][912]LogPlayLevel: PIE: StaticDuplicateObject took: (0.001725s)
[2015.03.03-17.59.01:206][912]LogPlayLevel: PIE: World Init took: (0.000635s)
[2015.03.03-17.59.01:207][912]LogPlayLevel: PIE: Created PIE world by copying editor world from /Temp/Untitled_1.Template_Default to /Temp/UEDPIE_0_Untitled_1.Template_Default (0.003339s)
[2015.03.03-17.59.01:231][912]LogSelection:Warning: PIE object was selected: "BP_Pixel_Ship_Game_Controller_C /Temp/UEDPIE_0_Untitled_1.Template_Default:PersistentLevel.BP_Pixel_Ship_Game_Controller_18"
[2015.03.03-17.59.01:273][912]LogWorld: Game class is 'SpaceShooterGameMode'
[2015.03.03-17.59.01:276][912]LogAIModule: Creating AISystem for world Template_Default
[2015.03.03-17.59.01:278][912]LogWorld: Bringing World /Temp/UEDPIE_0_Untitled_1.Template_Default up for play (max tick rate 0) at 2015.03.03-12.59.01
[2015.03.03-17.59.01:278][912]LogWorld: Bringing up level for play took: 0.001916
[2015.03.03-17.59.01:279][912]PIE: Info Play in editor start time for /Temp/UEDPIE_0_Untitled_1 -0.732
[2015.03.03-17.59.01:322][912]LogSelection:Warning: PIE object was selected: "BP_Pixel_Ship_Game_Controller_C /Temp/UEDPIE_0_Untitled_1.Template_Default:PersistentLevel.BP_Pixel_Ship_Game_Controller_18"
[2015.03.03-17.59.01:381][913]LogRenderer:Warning: Reallocating scene render targets to support 1136x904.
[2015.03.03-17.59.11:613][176]LogParticles: Destroying 0 GPU particle simulations for FXSystem 0x000000000BE50CC0
[2015.03.03-17.59.20:817][467]LogPlayLevel: PIE:  No blueprints needed recompiling
[2015.03.03-17.59.20:817][467]PIE: New page: PIE session: Untitled_1 (Mar 3, 2015, 7:59:20 AM)
[2015.03.03-17.59.20:820][467]LogPlayLevel: PIE: StaticDuplicateObject took: (0.001767s)
[2015.03.03-17.59.20:821][467]LogPlayLevel: PIE: World Init took: (0.000617s)
[2015.03.03-17.59.20:821][467]LogPlayLevel: PIE: Created PIE world by copying editor world from /Temp/Untitled_1.Template_Default to /Temp/UEDPIE_0_Untitled_1.Template_Default (0.003288s)
[2015.03.03-17.59.20:874][467]LogWorld: Game class is 'SpaceShooterGameMode'
[2015.03.03-17.59.20:876][467]LogAIModule: Creating AISystem for world Template_Default
[2015.03.03-17.59.20:877][467]LogWorld: Bringing World /Temp/UEDPIE_0_Untitled_1.Template_Default up for play (max tick rate 0) at 2015.03.03-12.59.20
[2015.03.03-17.59.20:878][467]LogWorld: Bringing up level for play took: 0.001833
[2015.03.03-17.59.20:880][467]PIE: Info Play in editor start time for /Temp/UEDPIE_0_Untitled_1 0.892
[2015.03.03-17.59.22:527][522]LogParticles: Destroying 0 GPU particle simulations for FXSystem 0x0000000004628680
[2015.03.03-17.59.38:427][ 52]Cmd: DELETE
[2015.03.03-17.59.38:427][ 52]Cmd: ACTOR DELETE
[2015.03.03-17.59.38:429][ 52]LogEditorActor: Deleted Actor: BP_Pixel_Ship_Enemy_C
[2015.03.03-17.59.38:452][ 52]LogEditorActor: Deleted 1 Actors (0.023 secs)
[2015.03.03-17.59.39:184][ 84]LogEditorViewport: Clicking on Actor (LMB): BP_Pixel_Ship_Game_Controller_C (BP_Pixel_Ship_Game_Controller)
[2015.03.03-18.00.04:002][955]LogSlate:Warning: GetFontFace failed to load or process 'Roboto-Regular'
[2015.03.03-18.00.04:003][955]LogSlate:Warning: GetFontFace failed to load or process 'Roboto-Regular'
[2015.03.03-18.00.04:019][955]LogSlate:Warning: GetFontFace failed to load or process 'Roboto-Regular'
[2015.03.03-18.00.04:020][955]LogSlate:Warning: GetFontFace failed to load or process 'Roboto-Regular'
[2015.03.03-18.00.04:021][955]LogSlate:Warning: GetFontFace failed to load or process 'Roboto-Regular'
[2015.03.03-18.00.04:021][955]LogSlate:Warning: GetFontFace failed to load or process 'Roboto-Regular'
[2015.03.03-18.00.04:022][955]LogSlate:Warning: GetFontFace failed to load or process 'Roboto-Regular'
[2015.03.03-18.00.04:022][955]LogSlate:Warning: GetFontFace failed to load or process 'Roboto-Regular'
[2015.03.03-18.00.04:022][955]LogSlate:Warning: GetFontFace failed to load or process 'Roboto-Regular'
[2015.03.03-18.00.04:023][955]LogSlate:Warning: GetFontFace failed to load or process 'Roboto-Regular'
[2015.03.03-18.00.04:023][955]LogSlate:Warning: GetFontFace failed to load or process 'Roboto-Regular'
[2015.03.03-18.00.04:023][955]LogSlate:Warning: GetFontFace failed to load or process 'Roboto-Regular'
[2015.03.03-18.00.04:023][955]LogSlate:Warning: GetFontFace failed to load or process 'Roboto-Regular'
[2015.03.03-18.00.04:024][955]LogSlate:Warning: GetFontFace failed to load or process 'Roboto-Regular'
[2015.03.03-18.00.04:024][955]LogSlate:Warning: GetFontFace failed to load or process 'Roboto-Regular'
[2015.03.03-18.00.04:024][955]LogSlate:Warning: GetFontFace failed to load or process 'Roboto-Regular'
[2015.03.03-18.00.04:025][955]LogSlate:Warning: GetFontFace failed to load or process 'Roboto-Regular'
[2015.03.03-18.00.04:025][955]LogSlate:Warning: GetFontFace failed to load or process 'Roboto-Regular'
[2015.03.03-18.00.09:624][166]BlueprintLog: New page: Pre-PIE auto-recompile
[2015.03.03-18.00.09:640][166]LogPlayLevel: [PIE] Compiling BP_Pixel_Ship_Game_Controller before PIE...
[2015.03.03-18.00.09:860][166]LogPlayLevel: PIE:  Blueprint regeneration took 235 ms (1 blueprints)
[2015.03.03-18.00.09:860][166]PIE: New page: PIE session: Untitled_1 (Mar 3, 2015, 8:00:09 AM)
[2015.03.03-18.00.09:866][166]LogPlayLevel: PIE: StaticDuplicateObject took: (0.005256s)
[2015.03.03-18.00.09:868][166]LogPlayLevel: PIE: World Init took: (0.000743s)
[2015.03.03-18.00.09:868][166]LogPlayLevel: PIE: Created PIE world by copying editor world from /Temp/Untitled_1.Template_Default to /Temp/UEDPIE_0_Untitled_1.Template_Default (0.007228s)
[2015.03.03-18.00.09:922][166]LogWorld: Game class is 'SpaceShooterGameMode'
[2015.03.03-18.00.09:924][166]LogAIModule: Creating AISystem for world Template_Default
[2015.03.03-18.00.09:926][166]LogWorld: Bringing World /Temp/UEDPIE_0_Untitled_1.Template_Default up for play (max tick rate 0) at 2015.03.03-13.00.09
[2015.03.03-18.00.09:926][166]LogWorld: Bringing up level for play took: 0.002041
[2015.03.03-18.00.09:928][166]PIE: Info Play in editor start time for /Temp/UEDPIE_0_Untitled_1 -0.005
[2015.03.03-18.00.14:620][325]LogParticles: Destroying 0 GPU particle simulations for FXSystem 0x000000001AFF5940
[2015.03.03-18.00.17:595][424]LogPlayLevel: PIE:  No blueprints needed recompiling
[2015.03.03-18.00.17:596][424]PIE: New page: SIE session: Untitled_1 (Mar 3, 2015, 8:00:17 AM)
[2015.03.03-18.00.17:598][424]LogPlayLevel: PIE: StaticDuplicateObject took: (0.001716s)
[2015.03.03-18.00.17:599][424]LogPlayLevel: PIE: World Init took: (0.000600s)
[2015.03.03-18.00.17:600][424]LogPlayLevel: PIE: Created PIE world by copying editor world from /Temp/Untitled_1.Template_Default to /Temp/UEDPIE_0_Untitled_1.Template_Default (0.003102s)
[2015.03.03-18.00.17:623][424]LogSelection:Warning: PIE object was selected: "BP_Pixel_Ship_Game_Controller_C /Temp/UEDPIE_0_Untitled_1.Template_Default:PersistentLevel.BP_Pixel_Ship_Game_Controller_C_0"
[2015.03.03-18.00.17:650][424]LogWorld: Game class is 'SpaceShooterGameMode'
[2015.03.03-18.00.17:652][424]LogAIModule: Creating AISystem for world Template_Default
[2015.03.03-18.00.17:654][424]LogWorld: Bringing World /Temp/UEDPIE_0_Untitled_1.Template_Default up for play (max tick rate 0) at 2015.03.03-13.00.17
[2015.03.03-18.00.17:654][424]LogWorld: Bringing up level for play took: 0.001856
[2015.03.03-18.00.17:655][424]PIE: Info Play in editor start time for /Temp/UEDPIE_0_Untitled_1 -0.269
[2015.03.03-18.00.17:689][424]LogSelection:Warning: PIE object was selected: "BP_Pixel_Ship_Game_Controller_C /Temp/UEDPIE_0_Untitled_1.Template_Default:PersistentLevel.BP_Pixel_Ship_Game_Controller_C_0"
[2015.03.03-18.00.19:720][483]LogParticles: Destroying 0 GPU particle simulations for FXSystem 0x000000001E4136A0
[2015.03.03-18.00.37:857][ 91]BlueprintLog: New page: Pre-PIE auto-recompile
[2015.03.03-18.00.37:873][ 91]LogPlayLevel: [PIE] Compiling BP_Pixel_Ship_Game_Controller before PIE...
[2015.03.03-18.00.38:062][ 91]LogPlayLevel: PIE:  Blueprint regeneration took 204 ms (1 blueprints)
[2015.03.03-18.00.38:063][ 91]PIE: New page: SIE session: Untitled_1 (Mar 3, 2015, 8:00:38 AM)
[2015.03.03-18.00.38:066][ 91]LogPlayLevel: PIE: StaticDuplicateObject took: (0.001724s)
[2015.03.03-18.00.38:067][ 91]LogPlayLevel: PIE: World Init took: (0.000659s)
[2015.03.03-18.00.38:068][ 91]LogPlayLevel: PIE: Created PIE world by copying editor world from /Temp/Untitled_1.Template_Default to /Temp/UEDPIE_0_Untitled_1.Template_Default (0.003807s)
[2015.03.03-18.00.38:094][ 91]LogSelection:Warning: PIE object was selected: "BP_Pixel_Ship_Game_Controller_C /Temp/UEDPIE_0_Untitled_1.Template_Default:PersistentLevel.BP_Pixel_Ship_Game_Controller_C_1"
[2015.03.03-18.00.38:121][ 91]LogWorld: Game class is 'SpaceShooterGameMode'
[2015.03.03-18.00.38:124][ 91]LogAIModule: Creating AISystem for world Template_Default
[2015.03.03-18.00.38:126][ 91]LogWorld: Bringing World /Temp/UEDPIE_0_Untitled_1.Template_Default up for play (max tick rate 0) at 2015.03.03-13.00.38
[2015.03.03-18.00.38:126][ 91]LogWorld: Bringing up level for play took: 0.001802
[2015.03.03-18.00.38:127][ 91]PIE: Info Play in editor start time for /Temp/UEDPIE_0_Untitled_1 0.227
[2015.03.03-18.00.38:162][ 91]LogSelection:Warning: PIE object was selected: "BP_Pixel_Ship_Game_Controller_C /Temp/UEDPIE_0_Untitled_1.Template_Default:PersistentLevel.BP_Pixel_Ship_Game_Controller_C_1"
[2015.03.03-18.00.40:800][167]LogParticles: Destroying 0 GPU particle simulations for FXSystem 0x000000001EB0BB00
[2015.03.03-18.00.45:836][473]LogPlayLevel: PIE:  No blueprints needed recompiling
[2015.03.03-18.00.45:836][473]PIE: New page: PIE session: Untitled_1 (Mar 3, 2015, 8:00:45 AM)
[2015.03.03-18.00.45:838][473]LogPlayLevel: PIE: StaticDuplicateObject took: (0.001774s)
[2015.03.03-18.00.45:840][473]LogPlayLevel: PIE: World Init took: (0.000642s)
[2015.03.03-18.00.45:840][473]LogPlayLevel: PIE: Created PIE world by copying editor world from /Temp/Untitled_1.Template_Default to /Temp/UEDPIE_0_Untitled_1.Template_Default (0.003351s)
[2015.03.03-18.00.45:894][473]LogWorld: Game class is 'SpaceShooterGameMode'
[2015.03.03-18.00.45:895][473]LogAIModule: Creating AISystem for world Template_Default
[2015.03.03-18.00.45:897][473]LogWorld: Bringing World /Temp/UEDPIE_0_Untitled_1.Template_Default up for play (max tick rate 0) at 2015.03.03-13.00.45
[2015.03.03-18.00.45:898][473]LogWorld: Bringing up level for play took: 0.001812
[2015.03.03-18.00.45:899][473]PIE: Info Play in editor start time for /Temp/UEDPIE_0_Untitled_1 0.008
[2015.03.03-18.00.47:421][525]LogParticles: Destroying 0 GPU particle simulations for FXSystem 0x000000001E4136A0
[2015.03.03-18.00.51:308][651]LogEditorViewport: Clicking on Actor (LMB): BP_Pixel_Ship_Game_Controller_C (BP_Pixel_Ship_Game_Controller)
[2015.03.03-18.00.52:475][689]LogEditorViewport: Clicking on Actor (LMB): PlayerStart (Player Start)
[2015.03.03-18.04.13:922][932]LogSlate:Warning: Prevented a slow task dialog from being summoned while a context menu was open
[2015.03.03-18.05.34:468][171]BlueprintLog: New page: Compile BP_Pixel_Ship_Game_Controller
[2015.03.03-18.05.34:644][171]LogParticles: Destroying 0 GPU particle simulations for FXSystem 0x000000001E302E80
[2015.03.03-18.05.34:658][171]BlueprintEditorCompileResults: Info [0446.49] Compile of BP_Pixel_Ship_Game_Controller successful! [in 17 ms]
[2015.03.03-18.05.37:150][274]LogRenderer:Warning: Reallocating scene render targets to support 1144x904.
[2015.03.03-18.07.07:907][579]BlueprintLog: New page: Pre-PIE auto-recompile
[2015.03.03-18.07.07:924][579]LogPlayLevel: [PIE] Compiling BP_Pixel_Ship_Game_Controller before PIE...
[2015.03.03-18.07.08:159][579]LogPlayLevel: PIE:  Blueprint regeneration took 252 ms (1 blueprints)
[2015.03.03-18.07.08:160][579]PIE: New page: PIE session: Untitled_1 (Mar 3, 2015, 8:07:08 AM)
[2015.03.03-18.07.08:163][579]LogPlayLevel: PIE: StaticDuplicateObject took: (0.002429s)
[2015.03.03-18.07.08:164][579]LogPlayLevel: PIE: World Init took: (0.000737s)
[2015.03.03-18.07.08:165][579]LogPlayLevel: PIE: Created PIE world by copying editor world from /Temp/Untitled_1.Template_Default to /Temp/UEDPIE_0_Untitled_1.Template_Default (0.004136s)
[2015.03.03-18.07.08:192][579]LogWorld: Game class is 'SpaceShooterGameMode'
[2015.03.03-18.07.08:194][579]LogAIModule: Creating AISystem for world Template_Default
[2015.03.03-18.07.08:196][579]LogWorld: Bringing World /Temp/UEDPIE_0_Untitled_1.Template_Default up for play (max tick rate 0) at 2015.03.03-13.07.08
[2015.03.03-18.07.08:197][579]LogWorld: Bringing up level for play took: 0.001977
[2015.03.03-18.07.08:198][579]PIE: Info Play in editor start time for /Temp/UEDPIE_0_Untitled_1 -0.624
[2015.03.03-18.07.13:679][789]LogParticles: Destroying 0 GPU particle simulations for FXSystem 0x00000000200725C0
[2015.03.03-18.07.17:137][934]LogPlayLevel: PIE:  No blueprints needed recompiling
[2015.03.03-18.07.17:138][934]PIE: New page: SIE session: Untitled_1 (Mar 3, 2015, 8:07:17 AM)
[2015.03.03-18.07.17:140][934]LogPlayLevel: PIE: StaticDuplicateObject took: (0.001736s)
[2015.03.03-18.07.17:141][934]LogPlayLevel: PIE: World Init took: (0.000604s)
[2015.03.03-18.07.17:141][934]LogPlayLevel: PIE: Created PIE world by copying editor world from /Temp/Untitled_1.Template_Default to /Temp/UEDPIE_0_Untitled_1.Template_Default (0.003069s)
[2015.03.03-18.07.17:142][934]LogSelection:Warning: PIE object was selected: "PlayerStart /Temp/UEDPIE_0_Untitled_1.Template_Default:PersistentLevel.PlayerStart"
[2015.03.03-18.07.17:169][934]LogWorld: Game class is 'SpaceShooterGameMode'
[2015.03.03-18.07.17:170][934]LogAIModule: Creating AISystem for world Template_Default
[2015.03.03-18.07.17:172][934]LogWorld: Bringing World /Temp/UEDPIE_0_Untitled_1.Template_Default up for play (max tick rate 0) at 2015.03.03-13.07.17
[2015.03.03-18.07.17:173][934]LogWorld: Bringing up level for play took: 0.001833
[2015.03.03-18.07.17:173][934]PIE: Info Play in editor start time for /Temp/UEDPIE_0_Untitled_1 0.373
[2015.03.03-18.07.17:182][934]LogSelection:Warning: PIE object was selected: "PlayerStart /Temp/UEDPIE_0_Untitled_1.Template_Default:PersistentLevel.PlayerStart"
[2015.03.03-18.07.22:596][ 97]LogParticles: Destroying 0 GPU particle simulations for FXSystem 0x0000000012A95580
[2015.03.03-18.07.36:681][706]LogSlate:Warning: GetFontFace failed to load or process 'Roboto-Regular'
[2015.03.03-18.07.36:681][706]LogSlate:Warning: GetFontFace failed to load or process 'Roboto-Regular'
[2015.03.03-18.07.36:682][706]LogSlate:Warning: GetFontFace failed to load or process 'Roboto-Regular'
[2015.03.03-18.07.36:682][706]LogSlate:Warning: GetFontFace failed to load or process 'Roboto-Regular'
[2015.03.03-18.07.36:682][706]LogSlate:Warning: GetFontFace failed to load or process 'Roboto-Regular'
[2015.03.03-18.07.36:683][706]LogSlate:Warning: GetFontFace failed to load or process 'Roboto-Regular'
[2015.03.03-18.07.36:683][706]LogSlate:Warning: GetFontFace failed to load or process 'Roboto-Regular'
[2015.03.03-18.07.36:684][706]LogSlate:Warning: GetFontFace failed to load or process 'Roboto-Regular'
[2015.03.03-18.08.55:969][144]LogSavePackage: Save=45.736038ms
[2015.03.03-18.08.55:970][144]LogSavePackage: Moving '../../../../../../Users/npham/Desktop/SpaceShooter/SpaceShooter/Saved/Untitled_1_Auto19A6ED1F149CF3A96C3C2FC9E158AE07A.tmp' to '../../../../../../Users/npham/Desktop/SpaceShooter/SpaceShooter/Saved/Autosaves/Temp/Untitled_1_Auto1.umap'
[2015.03.03-18.08.55:980][144]LogFileHelpers: Editor autosave (incl. sublevels) for '/Temp/Untitled_1' took 0.129
[2015.03.03-18.08.55:981][144]LogFileHelpers: Editor autosave (incl. sublevels) for all levels took 0.129
[2015.03.03-18.08.55:990][144]OBJ SavePackage: Generating thumbnails for [0] asset(s) in package [/Game/ExampleContent/Input_Examples/Blueprints/BP_Pixel_Ship_Game_Controller] ([1] browsable assets)...
[2015.03.03-18.08.56:021][144]OBJ SavePackage: Finished generating thumbnails for package [/Game/ExampleContent/Input_Examples/Blueprints/BP_Pixel_Ship_Game_Controller]
[2015.03.03-18.08.56:109][144]LogSavePackage: Save=56.902557ms
[2015.03.03-18.08.56:110][144]LogSavePackage: Moving '../../../../../../Users/npham/Desktop/SpaceShooter/SpaceShooter/Saved/BP_Pixel_Ship_Game_Controller_Auto1D2F4BDAE47C10CE11D87F381F1747C6A.tmp' to '../../../../../../Users/npham/Desktop/SpaceShooter/SpaceShooter/Saved/Autosaves/Game/ExampleContent/Input_Examples/Blueprints/BP_Pixel_Ship_Game_Controller_Auto1.uasset'
[2015.03.03-18.08.56:118][144]LogFileHelpers: Auto-saving content packages took 0.138
[2015.03.03-18.12.50:080][691]LogEditorViewport: Clicking on Actor (LMB): BP_Pixel_Ship_Game_Controller_C (BP_Pixel_Ship_Game_Controller)
[2015.03.03-18.12.52:317][746]LogEditorViewport: Clicking on Actor (LMB): StaticMeshActor (SM_Template_Map_Floor)
[2015.03.03-18.12.52:508][750]LogEditorViewport: Clicking on Actor (double click): StaticMeshActor (SM_Template_Map_Floor)
[2015.03.03-18.12.53:553][794]LogEditorViewport: Clicking on Actor (LMB): BP_Pixel_Ship_Game_Controller_C (BP_Pixel_Ship_Game_Controller)
[2015.03.03-18.13.17:471][382]LogContentBrowser:Verbose: The content browser source was changed by the sources view to 'None'
[2015.03.03-18.13.17:472][382]LogContentBrowser:Verbose: The content browser source was changed by the sources view to '/Game/ExampleContent/Input_Examples/Blueprints'
[2015.03.03-18.13.18:004][395]LogSavePackage: Save=54.087765ms
[2015.03.03-18.13.18:005][395]LogSavePackage: Moving '../../../../../../Users/npham/Desktop/SpaceShooter/SpaceShooter/Saved/BP_Pixel_Ship_Game_Controller2C715CF7479488F23FDB45A67D1C3FCD.tmp' to '../../../../../../Users/npham/Desktop/SpaceShooter/SpaceShooter/Content/ExampleContent/Input_Examples/Blueprints/BP_Pixel_Ship_Game_Controller.uasset'
[2015.03.03-18.17.38:599][ 49]LogEditorViewport: Clicking on Actor (LMB): BP_Pixel_Ship_Game_Controller_C (BP_Pixel_Ship_Game_Controller)
[2015.03.03-18.17.38:752][ 54]Cmd: DELETE
[2015.03.03-18.17.38:753][ 54]Cmd: ACTOR DELETE
[2015.03.03-18.17.38:753][ 54]LogEditorActor: Deleted Actor: BP_Pixel_Ship_Game_Controller_C
[2015.03.03-18.17.38:835][ 54]LogParticles: Destroying 0 GPU particle simulations for FXSystem 0x000000002ADF2DE0
[2015.03.03-18.17.38:836][ 54]LogParticles: Destroying 0 GPU particle simulations for FXSystem 0x0000000018D4E840
[2015.03.03-18.17.38:838][ 54]LogParticles: Destroying 0 GPU particle simulations for FXSystem 0x00000000281F2840
[2015.03.03-18.17.38:845][ 54]LogEditorActor: Deleted 1 Actors (0.092 secs)
[2015.03.03-18.18.17:625][917]BlueprintLog: New page: Pre-PIE auto-recompile
[2015.03.03-18.18.17:625][917]LogPlayLevel: [PIE] Compiling BP_Pixel_Ship_Game_Controller before PIE...
[2015.03.03-18.18.17:755][917]LogPlayLevel: PIE:  Blueprint regeneration took 130 ms (1 blueprints)
[2015.03.03-18.18.17:755][917]PIE: New page: SIE session: Untitled_1 (Mar 3, 2015, 8:18:17 AM)
[2015.03.03-18.18.17:758][917]LogPlayLevel: PIE: StaticDuplicateObject took: (0.001604s)
[2015.03.03-18.18.17:759][917]LogPlayLevel: PIE: World Init took: (0.000616s)
[2015.03.03-18.18.17:759][917]LogPlayLevel: PIE: Created PIE world by copying editor world from /Temp/Untitled_1.Template_Default to /Temp/UEDPIE_0_Untitled_1.Template_Default (0.003149s)
[2015.03.03-18.18.17:760][917]LogSelection:Warning: PIE object was selected: "BP_Pixel_Ship_Player_C /Temp/UEDPIE_0_Untitled_1.Template_Default:PersistentLevel.BP_Pixel_Ship_Player_8"
[2015.03.03-18.18.17:791][917]LogWorld: Game class is 'SpaceShooterGameMode'
[2015.03.03-18.18.17:793][917]LogAIModule: Creating AISystem for world Template_Default
[2015.03.03-18.18.17:794][917]LogWorld: Bringing World /Temp/UEDPIE_0_Untitled_1.Template_Default up for play (max tick rate 0) at 2015.03.03-13.18.17
[2015.03.03-18.18.17:798][917]LogWorld: Bringing up level for play took: 0.004998
[2015.03.03-18.18.17:800][917]PIE: Info Play in editor start time for /Temp/UEDPIE_0_Untitled_1 0.613
[2015.03.03-18.18.17:810][917]LogSelection:Warning: PIE object was selected: "BP_Pixel_Ship_Player_C /Temp/UEDPIE_0_Untitled_1.Template_Default:PersistentLevel.BP_Pixel_Ship_Player_8"
[2015.03.03-18.18.20:458][  8]LogParticles: Destroying 0 GPU particle simulations for FXSystem 0x000000000C2C02C0
[2015.03.03-18.18.21:332][ 49]LogPlayLevel: PIE:  No blueprints needed recompiling
[2015.03.03-18.18.21:333][ 49]PIE: New page: SIE session: Untitled_1 (Mar 3, 2015, 8:18:21 AM)
[2015.03.03-18.18.21:336][ 49]LogPlayLevel: PIE: StaticDuplicateObject took: (0.002137s)
[2015.03.03-18.18.21:337][ 49]LogPlayLevel: PIE: World Init took: (0.000737s)
[2015.03.03-18.18.21:337][ 49]LogPlayLevel: PIE: Created PIE world by copying editor world from /Temp/Untitled_1.Template_Default to /Temp/UEDPIE_0_Untitled_1.Template_Default (0.003664s)
[2015.03.03-18.18.21:338][ 49]LogSelection:Warning: PIE object was selected: "BP_Pixel_Ship_Player_C /Temp/UEDPIE_0_Untitled_1.Template_Default:PersistentLevel.BP_Pixel_Ship_Player_8"
[2015.03.03-18.18.21:366][ 49]LogWorld: Game class is 'SpaceShooterGameMode'
[2015.03.03-18.18.21:368][ 49]LogAIModule: Creating AISystem for world Template_Default
[2015.03.03-18.18.21:370][ 49]LogWorld: Bringing World /Temp/UEDPIE_0_Untitled_1.Template_Default up for play (max tick rate 0) at 2015.03.03-13.18.21
[2015.03.03-18.18.21:370][ 49]LogWorld: Bringing up level for play took: 0.002088
[2015.03.03-18.18.21:371][ 49]PIE: Info Play in editor start time for /Temp/UEDPIE_0_Untitled_1 0.194
[2015.03.03-18.18.21:386][ 49]LogSelection:Warning: PIE object was selected: "BP_Pixel_Ship_Player_C /Temp/UEDPIE_0_Untitled_1.Template_Default:PersistentLevel.BP_Pixel_Ship_Player_8"
[2015.03.03-18.18.23:464][119]LogParticles: Destroying 0 GPU particle simulations for FXSystem 0x000000002ADE5620
[2015.03.03-18.18.24:328][160]LogPlayLevel: PIE:  No blueprints needed recompiling
[2015.03.03-18.18.24:329][160]PIE: New page: PIE session: Untitled_1 (Mar 3, 2015, 8:18:24 AM)
[2015.03.03-18.18.24:331][160]LogPlayLevel: PIE: StaticDuplicateObject took: (0.001572s)
[2015.03.03-18.18.24:332][160]LogPlayLevel: PIE: World Init took: (0.000763s)
[2015.03.03-18.18.24:332][160]LogPlayLevel: PIE: Created PIE world by copying editor world from /Temp/Untitled_1.Template_Default to /Temp/UEDPIE_0_Untitled_1.Template_Default (0.003139s)
[2015.03.03-18.18.24:363][160]LogWorld: Game class is 'SpaceShooterGameMode'
[2015.03.03-18.18.24:365][160]LogAIModule: Creating AISystem for world Template_Default
[2015.03.03-18.18.24:367][160]LogWorld: Bringing World /Temp/UEDPIE_0_Untitled_1.Template_Default up for play (max tick rate 0) at 2015.03.03-13.18.24
[2015.03.03-18.18.24:368][160]LogWorld: Bringing up level for play took: 0.002290
[2015.03.03-18.18.24:370][160]PIE: Info Play in editor start time for /Temp/UEDPIE_0_Untitled_1 -0.8
[2015.03.03-18.18.27:746][292]LogParticles: Destroying 0 GPU particle simulations for FXSystem 0x000000000C2C2480
[2015.03.03-18.19.03:209][822]LogSavePackage: Save=42.874550ms
[2015.03.03-18.19.03:210][822]LogSavePackage: Moving '../../../../../../Users/npham/Desktop/SpaceShooter/SpaceShooter/Saved/Untitled_1_Auto2EEA1D79747AC38EF5E74CB988E34B228.tmp' to '../../../../../../Users/npham/Desktop/SpaceShooter/SpaceShooter/Saved/Autosaves/Temp/Untitled_1_Auto2.umap'
[2015.03.03-18.19.03:219][822]LogFileHelpers: Editor autosave (incl. sublevels) for '/Temp/Untitled_1' took 0.139
[2015.03.03-18.19.03:219][822]LogFileHelpers: Editor autosave (incl. sublevels) for all levels took 0.139
[2015.03.03-18.23.23:921][933]LogEditorViewport: Clicking on Actor (LMB): BP_Sky_Sphere_C (BP_Sky_Shere)
[2015.03.03-18.23.28:582][157]LogEditorActor: Deleted Actor: BP_Pixel_Ship_Player_C
[2015.03.03-18.23.28:603][157]LogParticles: Destroying 0 GPU particle simulations for FXSystem 0x000000002ABD6DE0
[2015.03.03-18.23.28:605][157]LogEditorActor: Deleted 1 Actors (0.023 secs)
[2015.03.03-18.29.04:597][981]LogSavePackage: Save=45.172787ms
[2015.03.03-18.29.04:598][981]LogSavePackage: Moving '../../../../../../Users/npham/Desktop/SpaceShooter/SpaceShooter/Saved/Untitled_1_Auto3BDACD3164428B7A9E9DC75865C348769.tmp' to '../../../../../../Users/npham/Desktop/SpaceShooter/SpaceShooter/Saved/Autosaves/Temp/Untitled_1_Auto3.umap'
[2015.03.03-18.29.04:609][981]LogFileHelpers: Editor autosave (incl. sublevels) for '/Temp/Untitled_1' took 0.148
[2015.03.03-18.29.04:610][981]LogFileHelpers: Editor autosave (incl. sublevels) for all levels took 0.148
[2015.03.03-18.35.15:488][990]LogContentBrowser:Verbose: The content browser source was changed by the sources view to '/Game/ExampleContent/Input_Examples'
[2015.03.03-18.35.16:389][ 36]LogContentBrowser:Verbose: The content browser source was changed by the sources view to '/Game/ExampleContent/Input_Examples/Blueprints'
[2015.03.03-18.37.03:278][930]Recompiling SpaceShooter...
[2015.03.03-18.37.03:279][930]Launching UnrealBuildTool... [C:/Program Files/Unreal Engine/4.4/Engine/Binaries/DotNET/UnrealBuildTool.exe SpaceShooter -ModuleWithSuffix SpaceShooter 6508 Win64 Development -editorrecompile -FailIfGeneratedCodeChanges "C:/Users/npham/Desktop/SpaceShooter/SpaceShooter/SpaceShooter.uproject" -rocket  -rocket]
[2015.03.03-18.37.03:291][930]Warning: Starting HotReload took  0.1s.
[2015.03.03-18.37.21:603][748]CompilerResultsLog: New page: Compilation - Mar 3, 2015, 8:37:21 AM
[2015.03.03-18.37.21:604][748]CompilerResultsLog: Info Parsing headers for SpaceShooterEditor
[2015.03.03-18.37.21:604][748]CompilerResultsLog: Info Reflection code generation finished for SpaceShooterEditor and took 3.625
[2015.03.03-18.37.21:605][748]CompilerResultsLog: Info Performing 3 actions (max 4 parallel jobs)
[2015.03.03-18.37.21:605][748]CompilerResultsLog: Info SpaceShooterGameMode.cpp
[2015.03.03-18.37.21:605][748]CompilerResultsLog: Info Ship.cpp
[2015.03.03-18.37.21:605][748]CompilerResultsLog: Info [3/3] link.exe UE4Editor-SpaceShooter-6508.dll
[2015.03.03-18.37.21:606][748]CompilerResultsLog:Error: Error LINK : fatal error LNK1181: cannot open input file 'delayimp.lib'
[2015.03.03-18.37.21:606][748]CompilerResultsLog: Info -------- End Detailed Actions Stats -----------------------------------------------------------
[2015.03.03-18.37.21:606][748]CompilerResultsLog: Info ERROR: UBT ERROR: Failed to produce item: C:\Users\npham\Desktop\SpaceShooter\SpaceShooter\Binaries\Win64\UE4Editor-SpaceShooter-6508.dll
[2015.03.03-18.37.21:607][748]CompilerResultsLog:Error: Error Cumulative action seconds (8 processors) : 0.00 building projects, 16.23 compiling, 0.00 creating app bundles, 0.00 generating debug info, 0.11 linking, 0.00 other
[2015.03.03-18.37.21:607][748]CompilerResultsLog: Info UBT execution time: 17.98 seconds
[2015.03.03-18.37.21:607][748]LogMainFrame: MainFrame: Module compiling took 18.442 seconds
[2015.03.03-18.37.21:608][748]Warning: HotReload failed, recompile failed
[2015.03.03-18.37.30:562][138]Recompiling SpaceShooter...
[2015.03.03-18.37.30:563][138]Launching UnrealBuildTool... [C:/Program Files/Unreal Engine/4.4/Engine/Binaries/DotNET/UnrealBuildTool.exe SpaceShooter -ModuleWithSuffix SpaceShooter 3849 Win64 Development -editorrecompile -FailIfGeneratedCodeChanges "C:/Users/npham/Desktop/SpaceShooter/SpaceShooter/SpaceShooter.uproject" -rocket  -roc