Log file open, 03/04/15 22:59:52
LogInit:Display: Running engine for game: SpaceShooter
LogInit: Version: 4.4.3-2296771+++depot+UE4-Releases+4.4
LogInit: API Version: 2255576
LogInit: Compiled (64-bit): Sep 13 2014 22:30:58
LogInit: Build Configuration: DebugGame
LogInit: Branch Name: ++depot+UE4-Releases+4.4
LogInit: Command line:  -debug
LogInit: Base directory: C:/Program Files/Epic Games/4.4/Engine/Binaries/Win64/
LogInit: Rocket: 1
[2015.03.05-03.59.52:435][  0]LogTaskGraph: Started task graph with 3 named threads and 4 total threads.
[2015.03.05-03.59.52:461][  0]LogOnline:Warning: No default platform service specified for OnlineSubsystem
[2015.03.05-03.59.52:474][  0]LogInit: Presizing for 0 objects not considered by GC, pre-allocating 0 bytes.
[2015.03.05-03.59.52:478][  0]LogInit: Object subsystem initialized
[2015.03.05-03.59.52:480][  0]LogInit: Selected Device Profile: [Windows]
[2015.03.05-03.59.52:480][  0]LogInit: Applying CVar settings loaded from the selected device profile: [Windows]
[2015.03.05-03.59.52:486][  0]LogInit: Computer: ROB-PC
[2015.03.05-03.59.52:486][  0]LogInit: User: Rob
[2015.03.05-03.59.52:487][  0]LogInit: CPU Page size=4096, Cores=4
[2015.03.05-03.59.52:488][  0]LogInit: High frequency timer resolution =3.416025 MHz
[2015.03.05-03.59.52:488][  0]LogMemory: Memory total: Physical=15.9GB (16GB approx) Virtual=8192.0GB
[2015.03.05-03.59.52:488][  0]LogMemory: Platform Memory Stats for Windows
[2015.03.05-03.59.52:489][  0]LogMemory: Process Physical Memory: 60.64 MB used, 60.64 MB peak
[2015.03.05-03.59.52:489][  0]LogMemory: Process Virtual Memory: 36.17 MB used, 36.17 MB peak
[2015.03.05-03.59.52:489][  0]LogMemory: Physical Memory: 4107.07 MB used, 16327.09 MB total
[2015.03.05-03.59.52:489][  0]LogMemory: Virtual Memory: 257.09 MB used, 8388608.00 MB total
[2015.03.05-03.59.52:600][  0]LogD3D11RHI: Found D3D11 adapter 0: NVIDIA GeForce GTX 460 SE (Feature Level 11_0)
[2015.03.05-03.59.52:600][  0]LogD3D11RHI: Adapter has 977MB of dedicated video memory, 0MB of dedicated system memory, and 3071MB of shared system memory, 1 output[s]
[2015.03.05-03.59.52:600][  0]LogD3D11RHI: Chosen D3D11 Adapter Id = 0
[2015.03.05-03.59.52:603][  0]LogRHI: Texture pool is 684 MB (70% of 977 MB)
[2015.03.05-03.59.52:621][  0]LogD3D11RHI: Async texture creation enabled
[2015.03.05-03.59.52:728][  0]LogContentStreaming: Texture pool size is 0.000000MB
[2015.03.05-03.59.53:765][  0]LogTargetPlatformManager:Display: Building Assets For Windows
[2015.03.05-03.59.54:057][  0]LogTargetPlatformManager:Display: Building Assets For Windows
[2015.03.05-03.59.54:088][  0]LogDerivedDataCache:Display: Max Cache Size: 512 MB
[2015.03.05-03.59.54:119][  0]LogDerivedDataCache: Loaded boot cache 0.03s 39MB C:/Users/Rob/AppData/Local/UnrealEngine/4.4/DerivedDataCache/Boot.ddc.
[2015.03.05-03.59.54:120][  0]LogDerivedDataCache:Display: Loaded Boot cache: C:/Users/Rob/AppData/Local/UnrealEngine/4.4/DerivedDataCache/Boot.ddc
[2015.03.05-03.59.54:120][  0]LogDerivedDataCache: FDerivedDataBackendGraph:  Pak pak cache file ../../../../../../Users/Rob/Desktop/SpaceShooter/SpaceShooter/DerivedDataCache/DDC.ddp not found, will not use a pak cache.
[2015.03.05-03.59.54:121][  0]LogDerivedDataCache: Unable to find inner node Pak for hierarchical cache Hierarchy.
[2015.03.05-03.59.54:134][  0]LogDerivedDataCache:Display: Pak cache opened for reading ../../../Engine/DerivedDataCache/DDC.ddp.
[2015.03.05-03.59.54:146][  0]LogDerivedDataCache: Using Local data cache path C:/Users/Rob/AppData/Local/UnrealEngine/4.4/DerivedDataCache: Writable
[2015.03.05-03.59.54:270][  0]LogMeshUtilities: No automatic mesh reduction module available
[2015.03.05-03.59.54:270][  0]LogMeshUtilities: No automatic mesh merging module available
[2015.03.05-03.59.54:535][  0]LogInit: WinSock: version 1.1 (2.2), MaxSocks=32767, MaxUdp=65467
[2015.03.05-03.59.55:368][  0]LogStats:Warning: MetaData mismatch. Did you assign a stat to two groups? New //STATGROUP_Threads//FMonitoredProcess///Thread_23f0_0///////STATCAT_Advanced//// old //STATGROUP_Threads//FMonitoredProcess///Thread_20fc_0///////STATCAT_Advanced////
[2015.03.05-03.59.55:369][  0]UdpMessaging: Initializing bridge on interface 0.0.0.0:0 to multicast group 230.0.0.1:6666.
[2015.03.05-03.59.55:487][  0]SourceControl: Info Source control is disabled
[2015.03.05-03.59.55:487][  0]SourceControl: Info Source control is disabled
[2015.03.05-03.59.55:492][  0]SourceControl: Info Source control is disabled
[2015.03.05-03.59.55:665][  0]BlueprintLog: New page: Editor Load
[2015.03.05-03.59.55:764][  0]LogObj: 21487 objects as part of root set at end of initial load.
[2015.03.05-03.59.55:764][  0]LogUObjectAllocator: 4241760 out of 0 bytes used by permanent object pool.
[2015.03.05-03.59.55:927][  0]LogEngine: Initializing Engine...
[2015.03.05-03.59.56:011][  0]LogInit: XAudio2 using 'Speakers (Realtek High Definition Audio)' : 2 channels at 48 kHz using 32 bits per sample (channel mask 0x3)
[2015.03.05-03.59.56:042][  0]LogInit: FAudioDevice initialized.
[2015.03.05-03.59.56:055][  0]LogAIModule: Creating AISystem for world NewWorld
[2015.03.05-03.59.56:074][  0]LogDerivedDataCache: Saved boot cache 0.02s 39MB C:/Users/Rob/AppData/Local/UnrealEngine/4.4/DerivedDataCache/Boot.ddc.
[2015.03.05-03.59.56:077][  0]LogInit: Texture streaming: Enabled
[2015.03.05-03.59.56:105][  0]LogInit: Transaction tracking system initialized
[2015.03.05-03.59.56:213][  0]LogAssetRegistry: FAssetRegistry took 0.0100 seconds to start up
[2015.03.05-03.59.56:545][  0]LogTargetPlatformManager:Display: Building Assets For Windows
[2015.03.05-03.59.56:772][  0]LogTargetPlatformManager:Display: Building Assets For Windows
[2015.03.05-03.59.56:889][  0]LogConsoleResponse:Display: 
[2015.03.05-03.59.57:024][  0]LogStats:Warning: MetaData mismatch. Did you assign a stat to two groups? New //STATGROUP_Threads//FMonitoredProcess///Thread_132c_0///////STATCAT_Advanced//// old //STATGROUP_Threads//FMonitoredProcess///Thread_20fc_0///////STATCAT_Advanced////
[2015.03.05-03.59.57:025][  0]LogStats:Warning: MetaData mismatch. Did you assign a stat to two groups? New //STATGROUP_Threads//FMonitoredProcess///Thread_178c_0///////STATCAT_Advanced//// old //STATGROUP_Threads//FMonitoredProcess///Thread_20fc_0///////STATCAT_Advanced////
[2015.03.05-03.59.57:025][  0]SourceControl: Info Source control is disabled
[2015.03.05-03.59.57:025][  0]Cmd: MAP LOAD FILE="../../../Engine/Content/Maps/Templates/Template_Default.umap" TEMPLATE=1 SHOWPROGRESS=1
[2015.03.05-03.59.57:026][  0]LightingResults: New page: Lighting Build
[2015.03.05-03.59.57:033][  0]MapCheck: New page: Map Check
[2015.03.05-03.59.57:033][  0]LightingResults: New page: Lighting Build
[2015.03.05-03.59.57:042][  0]LogParticles: Destroying 0 GPU particle simulations for FXSystem 0x000000000EBE6DE0
[2015.03.05-03.59.57:145][  0]LogEditorServer: Finished looking for orphan Actors (0.000 secs)
[2015.03.05-03.59.57:146][  0]LogAIModule: Creating AISystem for world Template_Default
[2015.03.05-03.59.57:146][  0]Cmd: MAP CHECKDEP
[2015.03.05-03.59.57:147][  0]MapCheck: New page: Untitled_1 - Mar 4, 2015, 5:59:57 PM
[2015.03.05-03.59.57:220][  0]MapCheck: Info ========== Map Check: 0 Error(s), 0 Warning(s), [72.917ms] ==========
[2015.03.05-03.59.57:220][  0]LogFileHelpers: Loading map 'Template_Default' took 0.195
[2015.03.05-03.59.57:307][  0]LogCollectionManager: Loaded 0 collections in 0.000928 seconds
[2015.03.05-03.59.57:418][  0]LogCrashTracker: Crashtracker disabled due to settings.
[2015.03.05-03.59.57:491][  0]LogLoad: Full Startup: 6.72 seconds (BP compile: 0.04 seconds)
[2015.03.05-03.59.57:505][  0]LogContentBrowser:Verbose: The content browser source was changed by the sources view to '/Game/ExampleContent/Input_Examples/Meshes'
[2015.03.05-03.59.57:605][  0]LogRenderer:Warning: Reallocating scene render targets to support 992x872.
[2015.03.05-03.59.57:700][  1]LogAssetRegistry: Asset discovery search completed in 1.4971 seconds
[2015.03.05-04.00.03:616][294]Cmd: MAP LOAD FILE="../../../../../../Users/Rob/Desktop/SpaceShooter/SpaceShooter/Content/NewMap.umap" TEMPLATE=0 SHOWPROGRESS=1
[2015.03.05-04.00.03:617][294]LightingResults: New page: Lighting Build
[2015.03.05-04.00.03:630][294]LoadErrors: New page: Loading map: NewMap.umap
[2015.03.05-04.00.03:630][294]MapCheck: New page: Map Check
[2015.03.05-04.00.03:631][294]LightingResults: New page: Lighting Build
[2015.03.05-04.00.03:644][294]LogParticles: Destroying 0 GPU particle simulations for FXSystem 0x000000000A5AFF60
[2015.03.05-04.00.03:688][294]LogEditorServer: Finished looking for orphan Actors (0.000 secs)
[2015.03.05-04.00.03:689][294]LogAIModule: Creating AISystem for world NewMap
[2015.03.05-04.00.03:699][294]Cmd: MAP CHECKDEP
[2015.03.05-04.00.03:700][294]MapCheck: New page: NewMap - Mar 4, 2015, 6:00:03 PM
[2015.03.05-04.00.03:755][294]MapCheck: Info ========== Map Check: 0 Error(s), 0 Warning(s), [54.926ms] ==========
[2015.03.05-04.00.03:755][294]LogFileHelpers: Loading map 'NewMap' took 0.140
[2015.03.05-04.00.12:640][685]LogSlate: Only BGRA pngs, bmps or icos are supported in by External Image Picker
[2015.03.05-04.00.33:525][ 41]LogSlate: Only BGRA pngs, bmps or icos are supported in by External Image Picker
[2015.03.05-04.00.58:700][383]LogSlate: Only BGRA pngs, bmps or icos are supported in by External Image Picker
[2015.03.05-04.01.24:945][986]LogSlate: Only BGRA pngs, bmps or icos are supported in by External Image Picker
[2015.03.05-04.01.38:972][891]LogSlate: Only BGRA pngs, bmps or icos are supported in by External Image Picker
[2015.03.05-04.02.23:852][933]LogSlate: Only BGRA pngs, bmps or icos are supported in by External Image Picker
[2015.03.05-04.03.01:574][402]LogSlate: Only BGRA pngs, bmps or icos are supported in by External Image Picker
[2015.03.05-04.04.18:848][735]LogContentBrowser:Verbose: The content browser source was changed by the sources view to '/Game'
[2015.03.05-04.04.21:004][904]LogContentBrowser:Verbose: The content browser source was changed by the sources view to '/Game/ExampleContent'
[2015.03.05-04.04.21:688][961]LogContentBrowser:Verbose: The content browser source was changed by the sources view to '/Game'
[2015.03.05-04.04.29:333][262]LogFactory: FactoryCreateBinary: Texture with TextureFactory (0 0 ../../../../../../Users/Rob/Desktop/SpaceShooter/SpaceShooter/Content/SpacyKevin.png)
[2015.03.05-04.04.32:571][262]0.000031 seconds to analyze Texture2D /Game/SpacyKevin.SpacyKevin

[2015.03.05-04.04.32:575][262]LogTexture:Display: Building textures: SpacyKevin (AutoDXT)
[2015.03.05-04.04.32:782][262]LogContentBrowser:Verbose: The content browser source was changed by the sources view to 'None'
[2015.03.05-04.04.32:783][262]LogContentBrowser:Verbose: The content browser source was changed by the sources view to '/Game'
[2015.03.05-04.04.34:498][404]LogMaterial: Missing cached shader map for material SpacyKevin_Mat, compiling.
[2015.03.05-04.04.34:520][404]LogMaterial:Warning: Material /Game/SpacyKevin_Mat.SpacyKevin_Mat needed to have new flag set bUsedWithStaticLighting !
[2015.03.05-04.04.34:522][404]LogMaterial: Missing cached shader map for material SpacyKevin_Mat, compiling.
[2015.03.05-04.04.34:533][404]LogMaterial: 0.000235 seconds spent updating 1 materials, 1 interfaces, 0 instances, 0 with static permutations.
[2015.03.05-04.04.41:242][867]Cmd: TRANSACTION UNDO
[2015.03.05-04.04.41:242][867]LogEditorTransaction: Undo Create Actors
[2015.03.05-04.05.05:564][907]LogMaterial: Missing cached shader map for material SpacyKevin_Mat, compiling.
[2015.03.05-04.05.05:565][907]LogMaterial:Warning: Failed to compile Material /Game/SpacyKevin_Mat.SpacyKevin_Mat for platform PCD3D_SM5, Default Material will be used in game.
[2015.03.05-04.05.05:565][907]LogMaterial:Warning: 	(Node TextureSample) TextureSample> Missing input texture
[2015.03.05-04.05.18:311][688]Cmd: OBJ SAVEPACKAGE PACKAGE="/Game/NewMap" FILE="../../../../../../Users/Rob/Desktop/SpaceShooter/SpaceShooter/Content/NewMap.umap" SILENT=true AUTOSAVING=false KEEPDIRTY=false
[2015.03.05-04.05.18:354][688]LogSavePackage: Save=24.443029ms
[2015.03.05-04.05.18:355][688]LogSavePackage: Moving '../../../../../../Users/Rob/Desktop/SpaceShooter/SpaceShooter/Saved/NewMap0B07DF0745F908747CC113A2F2249E9E.tmp' to '../../../../../../Users/Rob/Desktop/SpaceShooter/SpaceShooter/Content/NewMap.umap'
[2015.03.05-04.05.22:977][740]Cmd: QUIT_EDITOR
[2015.03.05-04.05.23:064][740]LogWindowsTextInputMethodSystem:Error: Terminating failed while unadvising the language notification sink from the TSF source.
[2015.03.05-04.05.23:066][740]LogExit: Preparing to exit.
[2015.03.05-04.05.24:138][740]LogExit: Editor shut down
[2015.03.05-04.05.24:139][740]LogExit: Transaction tracking system shut down
[2015.03.05-04.05.24:140][740]LogParticles: Destroying 0 GPU particle simulations for FXSystem 0x000000000A76C0E0
[2015.03.05-04.05.24:140][740]LogParticles: Destroying 0 GPU particle simulations for FXSystem 0x000000000C41B060
[2015.03.05-04.05.24:154][740]LogParticles: Destroying 0 GPU particle simulations for FXSystem 0x00000000167B7F60
[2015.03.05-04.05.24:155][740]LogExit: Object subsystem successfully closed.
[2015.03.05-04.05.24:182][740]LogModuleManager: Shutting down and abandoning module ExternalImagePicker (163)
[2015.03.05-04.05.24:183][740]LogModuleManager: Shutting down and abandoning module AndroidDeviceDetection (162)
[2015.03.05-04.05.24:184][740]LogModuleManager: Shutting down and abandoning module HTTP (161)
[2015.03.05-04.05.24:184][740]LogModuleManager: Shutting down and abandoning module CrashTracker (160)
[2015.03.05-04.05.24:185][740]LogModuleManager: Shutting down and abandoning module SuperSearch (159)
[2015.03.05-04.05.24:185][740]LogModuleManager: Shutting down and abandoning module SceneOutliner (158)
[2015.03.05-04.05.24:185][740]LogModuleManager: Shutting down and abandoning module EditorWidgets (157)
[2015.03.05-04.05.24:185][740]LogModuleManager: Shutting down and abandoning module CollectionManager (156)
[2015.03.05-04.05.24:186][740]LogModuleManager: Shutting down and abandoning module StatsViewer (155)
[2015.03.05-04.05.24:186][740]LogModuleManager: Shutting down and abandoning module FoliageEdit (154)
[2015.03.05-04.05.24:186][740]LogModuleManager: Shutting down and abandoning module LandscapeEditor (153)
[2015.03.05-04.05.24:186][740]LogModuleManager: Shutting down and abandoning module MeshPaint (152)
[2015.03.05-04.05.24:187][740]LogModuleManager: Shutting down and abandoning module ActorPickerMode (151)
[2015.03.05-04.05.24:187][740]LogModuleManager: Shutting down and abandoning module GeometryMode (150)
[2015.03.05-04.05.24:187][740]LogModuleManager: Shutting down and abandoning module TextureAlignMode (149)
[2015.03.05-04.05.24:187][740]LogModuleManager: Shutting down and abandoning module BspMode (148)
[2015.03.05-04.05.24:187][740]LogModuleManager: Shutting down and abandoning module PlacementMode (147)
[2015.03.05-04.05.24:188][740]LogModuleManager: Shutting down and abandoning module DesktopPlatform (146)
[2015.03.05-04.05.24:188][740]LogModuleManager: Shutting down and abandoning module AutomationWorker (145)
[2015.03.05-04.05.24:188][740]LogModuleManager: Shutting down and abandoning module EditorLiveStreaming (144)
[2015.03.05-04.05.24:188][740]LogModuleManager: Shutting down and abandoning module BehaviorTreeEditor (143)
[2015.03.05-04.05.24:188][740]LogModuleManager: Shutting down and abandoning module DeviceProfileEditor (142)
[2015.03.05-04.05.24:188][740]LogModuleManager: Shutting down and abandoning module UndoHistory (141)
[2015.03.05-04.05.24:189][740]LogModuleManager: Shutting down and abandoning module GameplayTagsEditor (140)
[2015.03.05-04.05.24:189][740]LogModuleManager: Shutting down and abandoning module UserFeedback (139)
[2015.03.05-04.05.24:189][740]LogModuleManager: Shutting down and abandoning module XmlParser (138)
[2015.03.05-04.05.24:189][740]LogModuleManager: Shutting down and abandoning module Blutility (137)
[2015.03.05-04.05.24:189][740]LogModuleManager: Shutting down and abandoning module IOSPlatformEditor (136)
[2015.03.05-04.05.24:190][740]LogModuleManager: Shutting down and abandoning module IOSRuntimeSettings (135)
[2015.03.05-04.05.24:190][740]LogModuleManager: Shutting down and abandoning module AndroidPlatformEditor (134)
[2015.03.05-04.05.24:190][740]LogModuleManager: Shutting down and abandoning module AndroidRuntimeSettings (133)
[2015.03.05-04.05.24:190][740]LogModuleManager: Shutting down and abandoning module ProjectTargetPlatformEditor (132)
[2015.03.05-04.05.24:190][740]LogModuleManager: Shutting down and abandoning module ProjectSettingsViewer (131)
[2015.03.05-04.05.24:191][740]LogModuleManager: Shutting down and abandoning module InputBindingEditor (130)
[2015.03.05-04.05.24:191][740]LogModuleManager: Shutting down and abandoning module EditorSettingsViewer (129)
[2015.03.05-04.05.24:191][740]LogModuleManager: Shutting down and abandoning module SettingsEditor (128)
[2015.03.05-04.05.24:191][740]LogModuleManager: Shutting down and abandoning module SessionLauncher (127)
[2015.03.05-04.05.24:191][740]LogModuleManager: Shutting down and abandoning module SessionFrontend (126)
[2015.03.05-04.05.24:192][740]LogModuleManager: Shutting down and abandoning module ProfilerClient (125)
[2015.03.05-04.05.24:192][740]LogModuleManager: Shutting down and abandoning module TargetDeviceServices (124)
[2015.03.05-04.05.24:192][740]LogModuleManager: Shutting down and abandoning module DeviceManager (123)
[2015.03.05-04.05.24:192][740]LogModuleManager: Shutting down and abandoning module AutomationController (122)
[2015.03.05-04.05.24:192][740]LogModuleManager: Shutting down and abandoning module AutomationWindow (121)
[2015.03.05-04.05.24:192][740]LogModuleManager: Shutting down and abandoning module Layers (120)
[2015.03.05-04.05.24:193][740]LogModuleManager: Shutting down and abandoning module ComponentVisualizers (119)
[2015.03.05-04.05.24:193][740]LogModuleManager: Shutting down and abandoning module DetailCustomizations (118)
[2015.03.05-04.05.24:193][740]LogModuleManager: Shutting down and abandoning module PackagesDialog (117)
[2015.03.05-04.05.24:193][740]LogModuleManager: Shutting down and abandoning module DirectoryWatcher (116)
[2015.03.05-04.05.24:194][740]LogModuleManager: Shutting down and abandoning module AssetRegistry (115)
[2015.03.05-04.05.24:211][740]LogModuleManager: Shutting down and abandoning module Persona (114)
[2015.03.05-04.05.24:212][740]LogModuleManager: Shutting down and abandoning module GraphEditor (113)
[2015.03.05-04.05.24:212][740]LogModuleManager: Shutting down and abandoning module ClassViewer (112)
[2015.03.05-04.05.24:213][740]LogModuleManager: Shutting down and abandoning module Toolbox (111)
[2015.03.05-04.05.24:213][740]LogModuleManager: Shutting down and abandoning module ModuleUI (110)
[2015.03.05-04.05.24:214][740]LogModuleManager: Shutting down and abandoning module Sequencer (109)
[2015.03.05-04.05.24:214][740]LogModuleManager: Shutting down and abandoning module MovieSceneTools (108)
[2015.03.05-04.05.24:214][740]LogModuleManager: Shutting down and abandoning module OutputLog (107)
[2015.03.05-04.05.24:215][740]LogModuleManager: Shutting down and abandoning module GammaUI (106)
[2015.03.05-04.05.24:215][740]LogModuleManager: Shutting down and abandoning module Documentation (105)
[2015.03.05-04.05.24:215][740]LogModuleManager: Shutting down and abandoning module GameLiveStreaming (104)
[2015.03.05-04.05.24:215][740]LogModuleManager: Shutting down and abandoning module StreamingPauseRendering (103)
[2015.03.05-04.05.24:215][740]LogModuleManager: Shutting down and abandoning module AnalyticsET (102)
[2015.03.05-04.05.24:216][740]LogModuleManager: Shutting down and abandoning module Analytics (101)
[2015.03.05-04.05.24:216][740]LogModuleManager: Shutting down and abandoning module GameplayDebugger (100)
[2015.03.05-04.05.24:216][740]LogModuleManager: Shutting down and abandoning module AIModule (99)
[2015.03.05-04.05.24:216][740]LogModuleManager: Shutting down and abandoning module ProfilerService (98)
[2015.03.05-04.05.24:425][740]LogModuleManager: Shutting down and abandoning module TaskGraph (97)
[2015.03.05-04.05.24:426][740]LogModuleManager: Shutting down and abandoning module SlateRemote (96)
[2015.03.05-04.05.24:426][740]LogModuleManager: Shutting down and abandoning module ScriptEditorPlugin (95)
[2015.03.05-04.05.24:427][740]LogModuleManager: Shutting down and abandoning module CustomMeshComponent (94)
[2015.03.05-04.05.24:427][740]LogModuleManager: Shutting down and abandoning module CableComponent (93)
[2015.03.05-04.05.24:428][740]LogModuleManager: Shutting down and abandoning module MessagingDebugger (92)
[2015.03.05-04.05.24:428][740]LogModuleManager: Shutting down and abandoning module ViewportSnapping (91)
[2015.03.05-04.05.24:428][740]LogModuleManager: Shutting down and abandoning module SmartSnapping (90)
[2015.03.05-04.05.24:428][740]LogModuleManager: Shutting down and abandoning module PaperTiledImporter (89)
[2015.03.05-04.05.24:428][740]LogModuleManager: Shutting down and abandoning module PaperJsonImporter (88)
[2015.03.05-04.05.24:429][740]LogModuleManager: Shutting down and abandoning module GameProjectGeneration (87)
[2015.03.05-04.05.24:429][740]LogModuleManager: Shutting down and abandoning module Matinee (86)
[2015.03.05-04.05.24:429][740]LogModuleManager: Shutting down and abandoning module Kismet (85)
[2015.03.05-04.05.24:429][740]LogModuleManager: Shutting down and abandoning module SlateReflector (84)
[2015.03.05-04.05.24:429][740]LogModuleManager: Shutting down and abandoning module LevelEditor (83)
[2015.03.05-04.05.24:430][740]LogModuleManager: Shutting down and abandoning module IntroTutorials (82)
[2015.03.05-04.05.24:430][740]LogModuleManager: Shutting down and abandoning module ContentBrowser (81)
[2015.03.05-04.05.24:431][740]LogModuleManager: Shutting down and abandoning module PropertyEditor (80)
[2015.03.05-04.05.24:431][740]LogModuleManager: Shutting down and abandoning module AssetTools (79)
[2015.03.05-04.05.24:431][740]LogModuleManager: Shutting down and abandoning module Paper2DEditor (78)
[2015.03.05-04.05.24:431][740]LogModuleManager: Shutting down and abandoning module SpeedTreeImporter (77)
[2015.03.05-04.05.24:431][740]LogModuleManager: Shutting down and abandoning module PluginsEditor (76)
[2015.03.05-04.05.24:432][740]LogModuleManager: Shutting down and abandoning module MainFrame (75)
[2015.03.05-04.05.24:432][740]LogModuleManager: Shutting down and abandoning module EpicSurvey (74)
[2015.03.05-04.05.24:432][740]LogModuleManager: Shutting down and abandoning module VisualStudioSourceCodeAccess (73)
[2015.03.05-04.05.24:432][740]LogModuleManager: Shutting down and abandoning module UObjectPlugin (72)
[2015.03.05-04.05.24:432][740]LogModuleManager: Shutting down and abandoning module SubversionSourceControl (71)
[2015.03.05-04.05.24:433][740]LogModuleManager: Shutting down and abandoning module SourceControl (70)
[2015.03.05-04.05.24:433][740]LogModuleManager: Shutting down and abandoning module PerforceSourceControl (69)
[2015.03.05-04.05.24:433][740]LogModuleManager: Shutting down and abandoning module BlankPlugin (68)
[2015.03.05-04.05.24:434][740]LogModuleManager: Shutting down and abandoning module SpaceShooter (67)
[2015.03.05-04.05.24:434][740]LogModuleManager: Shutting down and abandoning module ScriptPlugin (66)
[2015.03.05-04.05.24:434][740]LogModuleManager: Shutting down and abandoning module UdpMessaging (65)
[2015.03.05-04.05.24:534][740]LogModuleManager: Shutting down and abandoning module Paper2D (64)
[2015.03.05-04.05.24:534][740]LogModuleManager: Shutting down and abandoning module WindowsMoviePlayer (63)
[2015.03.05-04.05.24:538][740]LogModuleManager: Shutting down and abandoning module ImageWrapper (62)
[2015.03.05-04.05.24:538][740]LogModuleManager: Shutting down and abandoning module OnlineBlueprintSupport (61)
[2015.03.05-04.05.24:539][740]LogModuleManager: Shutting down and abandoning module FunctionalTesting (60)
[2015.03.05-04.05.24:539][740]LogModuleManager: Shutting down and abandoning module CollisionAnalyzer (59)
[2015.03.05-04.05.24:540][740]LogModuleManager: Shutting down and abandoning module WorkspaceMenuStructure (58)
[2015.03.05-04.05.24:540][740]LogModuleManager: Shutting down and abandoning module MessageLog (57)
[2015.03.05-04.05.24:540][740]LogModuleManager: Shutting down and abandoning module UMGEditor (56)
[2015.03.05-04.05.24:540][740]LogModuleManager: Shutting down and abandoning module UMG (55)
[2015.03.05-04.05.24:541][740]LogModuleManager: Shutting down and abandoning module Slate (54)
[2015.03.05-04.05.24:541][740]LogModuleManager: Shutting down and abandoning module EditorStyle (53)
[2015.03.05-04.05.24:542][740]LogModuleManager: Shutting down and abandoning module SessionServices (52)
[2015.03.05-04.05.24:543][740]LogModuleManager: Shutting down and abandoning module SourceCodeAccess (51)
[2015.03.05-04.05.24:543][740]LogModuleManager: Shutting down and abandoning module HeadMountedDisplay (50)
[2015.03.05-04.05.24:543][740]LogModuleManager: Shutting down and abandoning module XAudio2 (49)
[2015.03.05-04.05.24:543][740]LogModuleManager: Shutting down and abandoning module Networking (47)
[2015.03.05-04.05.24:543][740]LogModuleManager: Shutting down and abandoning module Core (46)
[2015.03.05-04.05.24:544][740]LogModuleManager: Shutting down and abandoning module KismetCompiler (45)
[2015.03.05-04.05.24:544][740]LogModuleManager: Shutting down and abandoning module PhysXFormats (44)
[2015.03.05-04.05.24:544][740]LogModuleManager: Shutting down and abandoning module MeshUtilities (43)
[2015.03.05-04.05.24:544][740]LogModuleManager: Shutting down and abandoning module DerivedDataCache (42)
[2015.03.05-04.05.24:630][740]LogDerivedDataCache: Shutdown
[2015.03.05-04.05.24:630][740]LogModuleManager: Shutting down and abandoning module ShaderFormatOpenGL (41)
[2015.03.05-04.05.24:630][740]LogModuleManager: Shutting down and abandoning module ShaderFormatD3D (40)
[2015.03.05-04.05.24:631][740]LogModuleManager: Shutting down and abandoning module MetalShaderFormat (39)
[2015.03.05-04.05.24:631][740]LogModuleManager: Shutting down and abandoning module TextureFormatUncompressed (38)
[2015.03.05-04.05.24:631][740]LogModuleManager: Shutting down and abandoning module TextureFormatPVR (37)
[2015.03.05-04.05.24:631][740]LogModuleManager: Shutting down and abandoning module TextureFormatDXT (36)
[2015.03.05-04.05.24:632][740]LogModuleManager: Shutting down and abandoning module TextureFormatAndroid (35)
[2015.03.05-04.05.24:632][740]LogModuleManager: Shutting down and abandoning module AudioFormatOpus (34)
[2015.03.05-04.05.24:632][740]LogModuleManager: Shutting down and abandoning module AudioFormatOgg (33)
[2015.03.05-04.05.24:632][740]LogModuleManager: Shutting down and abandoning module AudioFormatADPCM (32)
[2015.03.05-04.05.24:632][740]LogModuleManager: Shutting down and abandoning module Messaging (31)
[2015.03.05-04.05.24:633][740]LogModuleManager: Shutting down and abandoning module IOSTargetPlatform (30)
[2015.03.05-04.05.24:633][740]LogModuleManager: Shutting down and abandoning module Android_PVRTCTargetPlatform (29)
[2015.03.05-04.05.24:633][740]LogModuleManager: Shutting down and abandoning module Android_ETC2TargetPlatform (28)
[2015.03.05-04.05.24:633][740]LogModuleManager: Shutting down and abandoning module Android_ETC1TargetPlatform (27)
[2015.03.05-04.05.24:633][740]LogModuleManager: Shutting down and abandoning module Android_DXTTargetPlatform (26)
[2015.03.05-04.05.24:633][740]LogModuleManager: Shutting down and abandoning module Android_ATCTargetPlatform (25)
[2015.03.05-04.05.24:634][740]LogModuleManager: Shutting down and abandoning module AndroidTargetPlatform (24)
[2015.03.05-04.05.24:634][740]LogModuleManager: Shutting down and abandoning module WindowsTargetPlatform (23)
[2015.03.05-04.05.24:634][740]LogModuleManager: Shutting down and abandoning module WindowsServerTargetPlatform (22)
[2015.03.05-04.05.24:634][740]LogModuleManager: Shutting down and abandoning module WindowsNoEditorTargetPlatform (21)
[2015.03.05-04.05.24:634][740]LogModuleManager: Shutting down and abandoning module WindowsClientTargetPlatform (20)
[2015.03.05-04.05.24:635][740]LogModuleManager: Shutting down and abandoning module TargetPlatform (19)
[2015.03.05-04.05.24:635][740]LogModuleManager: Shutting down and abandoning module InputCore (18)
[2015.03.05-04.05.24:635][740]LogModuleManager: Shutting down and abandoning module Settings (17)
[2015.03.05-04.05.24:635][740]LogModuleManager: Shutting down and abandoning module ExampleDeviceProfileSelector (14)
[2015.03.05-04.05.24:635][740]LogModuleManager: Shutting down and abandoning module OculusRift (13)
[2015.03.05-04.05.24:636][740]LogModuleManager: Shutting down and abandoning module TextureCompressor (12)
[2015.03.05-04.05.24:636][740]LogModuleManager: Shutting down and abandoning module ShaderCore (11)
[2015.03.05-04.05.24:636][740]LogModuleManager: Shutting down and abandoning module OpenGLDrv (10)
[2015.03.05-04.05.24:636][740]LogModuleManager: Shutting down and abandoning module D3D11RHI (9)
[2015.03.05-04.05.24:636][740]LogModuleManager: Shutting down and abandoning module SlateRHIRenderer (8)
[2015.03.05-04.05.24:637][740]LogModuleManager: Shutting down and abandoning module Renderer (7)
[2015.03.05-04.05.24:637][740]LogModuleManager: Shutting down and abandoning module Engine (6)
[2015.03.05-04.05.24:637][740]LogModuleManager: Shutting down and abandoning module CoreUObject (5)
[2015.03.05-04.05.24:637][740]LogModuleManager: Shutting down and abandoning module NetworkFile (4)
[2015.03.05-04.05.24:637][740]LogModuleManager: Shutting down and abandoning module StreamingFile (3)
[2015.03.05-04.05.24:637][740]LogModuleManager: Shutting down and abandoning module SandboxFile (2)
[2015.03.05-04.05.24:638][740]LogModuleManager: Shutting down and abandoning module PakFile (1)
[2015.03.05-04.05.24:639][740]LogExit: Exiting.
[2015.03.05-04.05.24:647][740]Log file closed, 03/04/15 23:05:24
