Log file open, 03/12/15 09:23:32
LogInit:Display: Running engine for game: SpaceShooter
LogInit: Version: 4.7.2-2467323+++depot+UE4-Releases+4.7
LogInit: API Version: 2455222
LogInit: Compiled (64-bit): Mar  2 2015 23:16:34
LogInit: Compiled with Visual C++: 18.00.21005.01
LogInit: Build Configuration: Development
LogInit: Branch Name: ++depot+UE4-Releases+4.7
LogInit: Command line: 
LogInit: Base directory: C:/Program Files/Unreal Engine/4.7/Engine/Binaries/Win64/
LogInit: Rocket: 1
[2015.03.12-13.23.32:340][  0]LogTaskGraph: Started task graph with 3 named threads and 6 total threads.
[2015.03.12-13.23.32:399][  0]LogOnline:Warning: No default platform service specified for OnlineSubsystem
[2015.03.12-13.23.32:442][  0]LogInit: Presizing for 0 objects not considered by GC, pre-allocating 0 bytes.
[2015.03.12-13.23.32:454][  0]LogInit: Object subsystem initialized
[2015.03.12-13.23.32:458][  0]LogInit: Selected Device Profile: [Windows]
[2015.03.12-13.23.32:458][  0]LogInit: Applying CVar settings loaded from the selected device profile: [Windows]
[2015.03.12-13.23.32:467][  0]LogInit: Computer: C401IT34
[2015.03.12-13.23.32:467][  0]LogInit: User: sctcad
[2015.03.12-13.23.32:467][  0]LogInit: CPU Page size=4096, Cores=4
[2015.03.12-13.23.32:468][  0]LogInit: High frequency timer resolution =2.741210 MHz
[2015.03.12-13.23.32:468][  0]LogMemory: Memory total: Physical=6.0GB (6GB approx) Virtual=8192.0GB
[2015.03.12-13.23.32:468][  0]LogMemory: Platform Memory Stats for Windows
[2015.03.12-13.23.32:469][  0]LogMemory: Process Physical Memory: 46.24 MB used, 46.24 MB peak
[2015.03.12-13.23.32:469][  0]LogMemory: Process Virtual Memory: 24.74 MB used, 24.74 MB peak
[2015.03.12-13.23.32:469][  0]LogMemory: Physical Memory: 4642.50 MB used, 6134.93 MB total
[2015.03.12-13.23.32:469][  0]LogMemory: Virtual Memory: 275.44 MB used, 8388608.00 MB total
[2015.03.12-13.23.32:534][  0]LogD3D11RHI: Found D3D11 adapter 0: NVIDIA GeForce GTX 260   (Feature Level 10_0)
[2015.03.12-13.23.32:534][  0]LogD3D11RHI: Adapter has 1767MB of dedicated video memory, 0MB of dedicated system memory, and 2303MB of shared system memory, 1 output[s]
[2015.03.12-13.23.32:535][  0]LogD3D11RHI: Chosen D3D11 Adapter Id = 0
[2015.03.12-13.23.32:539][  0]LogRHI: Texture pool is 1237 MB (70% of 1767 MB)
[2015.03.12-13.23.32:572][  0]LogD3D11RHI: Async texture creation enabled
[2015.03.12-13.23.32:680][  0]LogTextLocalizationManager: The requested culture ('en_US') has no localization data; parent culture's ('en') localization data will be used.
[2015.03.12-13.23.32:847][  0]LogContentStreaming: Texture pool size is 0.000000MB
[2015.03.12-13.23.36:067][  0]LogTargetPlatformManager:Display: Building Assets For Windows
[2015.03.12-13.23.36:825][  0]LogTargetPlatformManager:Display: Building Assets For Windows
[2015.03.12-13.23.36:919][  0]LogDerivedDataCache:Display: Max Cache Size: 512 MB
[2015.03.12-13.23.36:960][  0]LogDerivedDataCache: Loaded boot cache 0.04s 37MB C:/Users/sctcad/AppData/Local/UnrealEngine/4.7/DerivedDataCache/Boot.ddc.
[2015.03.12-13.23.36:961][  0]LogDerivedDataCache:Display: Loaded Boot cache: C:/Users/sctcad/AppData/Local/UnrealEngine/4.7/DerivedDataCache/Boot.ddc
[2015.03.12-13.23.36:961][  0]LogDerivedDataCache: FDerivedDataBackendGraph:  Pak pak cache file ../../../../../../Users/sctcad/Desktop/SpaceShooter/SpaceShooter/SpaceShooter/DerivedDataCache/DDC.ddp not found, will not use a pak cache.
[2015.03.12-13.23.36:962][  0]LogDerivedDataCache: Unable to find inner node Pak for hierarchical cache Hierarchy.
[2015.03.12-13.23.37:120][  0]LogDerivedDataCache:Display: Pak cache opened for reading ../../../Engine/DerivedDataCache/Compressed.ddp.
[2015.03.12-13.23.37:132][  0]LogDerivedDataCache: Using Local data cache path C:/Users/sctcad/AppData/Local/UnrealEngine/Common/DerivedDataCache: Writable
[2015.03.12-13.23.37:535][  0]LogMeshUtilities: No automatic mesh reduction module available
[2015.03.12-13.23.37:535][  0]LogMeshUtilities: No automatic mesh merging module available
[2015.03.12-13.23.38:034][  0]LogInit: WinSock: version 1.1 (2.2), MaxSocks=32767, MaxUdp=65467
[2015.03.12-13.23.38:172][  0]LogSlate:Warning: Failed to load font data from '../../../Engine/Content/Slate/Fonts/Roboto-Italic.ttf'
[2015.03.12-13.23.39:463][  0]UdpMessaging: Initializing bridge on interface 0.0.0.0:0 to multicast group 230.0.0.1:6666.
[2015.03.12-13.23.39:885][  0]SourceControl: Info Source control is disabled
[2015.03.12-13.23.39:886][  0]SourceControl: Info Source control is disabled
[2015.03.12-13.23.39:886][  0]SourceControl: Info Source control is disabled
[2015.03.12-13.23.39:887][  0]LogSourceControl: RunCommandInternalRaw: 'git version'
[2015.03.12-13.23.39:887][  0]LogSourceControl: RunCommandInternalRaw: ExecProcess ReturnCode=2 OutResults=''
[2015.03.12-13.23.39:900][  0]SourceControl: Info Source control is disabled
[2015.03.12-13.23.40:293][  0]LogObj: 24314 objects as part of root set at end of initial load.
[2015.03.12-13.23.40:293][  0]LogUObjectAllocator: 5179336 out of 0 bytes used by permanent object pool.
[2015.03.12-13.23.40:426][  0]LogEngine: Initializing Engine...
[2015.03.12-13.23.43:623][  0]LogInit: XAudio2 using 'Digital Audio (HDMI) (2- High Definition Audio Device)' : 2 channels at 44.1 kHz using 16 bits per sample (channel mask 0x3)
[2015.03.12-13.23.43:640][  0]LogInit: FAudioDevice initialized.
[2015.03.12-13.23.43:699][  0]LogAIModule: Creating AISystem for world NewWorld
[2015.03.12-13.23.43:727][  0]LogDerivedDataCache: Saved boot cache 0.03s 37MB C:/Users/sctcad/AppData/Local/UnrealEngine/4.7/DerivedDataCache/Boot.ddc.
[2015.03.12-13.23.43:734][  0]LogInit: Texture streaming: Enabled
[2015.03.12-13.23.43:870][  0]LogAnalytics: Creating configured Analytics provider AnalyticsET
[2015.03.12-13.23.43:871][  0]LogAnalytics: ET APIKey = Rocket.Release. APIServer = http://et2.epicgames.com/ET2/. AppVersion = 4.7.2-2467323+++depot+UE4-Releases+4.7
[2015.03.12-13.23.43:871][  0]LogAnalytics: ET APIKey = Rocket.Release. DataRouterUploadURL = https://datarouter-public-service-gamedev.ol.epicgames.net/datarouter/api/v1/public/data. AppVersion = 4.7.2-2467323+++depot+UE4-Releases+4.7
[2015.03.12-13.23.43:871][  0]LogAnalytics: SetUserId 64ff77f04af0b475300fe7ab8c79c2b2|d9d81cedd9384488858a28c751665a55|7fac54aa-9f69-47ad-8344-357d0c6be1ba
[2015.03.12-13.23.43:872][  0]LogAnalytics: AnalyticsET::StartSession [Rocket.Release]
[2015.03.12-13.23.43:901][  0]LogInit: Transaction tracking system initialized
[2015.03.12-13.23.44:282][  0]BlueprintLog: New page: Editor Load
[2015.03.12-13.23.44:336][  0]LogAssetRegistry: FAssetRegistry took 0.0109 seconds to start up
[2015.03.12-13.23.44:337][  0]LogDirectoryWatcher:Warning: Failed to begin reading directory changes for ../../../Engine/Plugins/Experimental/CharacterAI/Content/. Error: 0
[2015.03.12-13.23.45:168][  0]LogTargetPlatformManager:Display: Building Assets For Windows
[2015.03.12-13.23.45:638][  0]LogTargetPlatformManager:Display: Building Assets For Windows
[2015.03.12-13.23.46:203][  0]LogSlate:Warning: Failed to load font data from '../../../Engine/Content/Editor/Slate/Fonts/Roboto-Regular.ttf'
[2015.03.12-13.23.46:204][  0]LogSlate:Warning: Failed to load font data from '../../../Engine/Content/Editor/Slate/Fonts/Roboto-Bold.ttf'
[2015.03.12-13.23.46:210][  0]LogConsoleResponse:Display: 
[2015.03.12-13.23.46:381][  0]LogCook:Display: Done creating registry. It took  0.00s.
[2015.03.12-13.23.46:696][  0]SourceControl: Info Source control is disabled
[2015.03.12-13.23.46:696][  0]Cmd: MAP LOAD FILE="../../../../../../Users/sctcad/Desktop/SpaceShooter/SpaceShooter/SpaceShooter/Content/SpacyMap.umap" TEMPLATE=0 SHOWPROGRESS=1 FEATURELEVEL=2
[2015.03.12-13.23.46:697][  0]LightingResults: New page: Lighting Build
[2015.03.12-13.23.46:716][  0]MapCheck: New page: Map Check
[2015.03.12-13.23.46:716][  0]LightingResults: New page: Lighting Build
[2015.03.12-13.23.46:729][  0]LogParticles: Destroying 0 GPU particle simulations for FXSystem 0x0000000003E99800
[2015.03.12-13.23.47:759][  0]LogEditorServer: Finished looking for orphan Actors (0.000 secs)
[2015.03.12-13.23.47:760][  0]LogAIModule: Creating AISystem for world SpacyMap
[2015.03.12-13.23.47:761][  0]Cmd: MAP CHECKDEP
[2015.03.12-13.23.47:761][  0]MapCheck: New page: SpacyMap - Mar 12, 2015, 5:23:47 AM
[2015.03.12-13.23.47:879][  0]MapCheck: Info Map check complete: 0 Error(s), 0 Warning(s), took 116.241ms to complete.
[2015.03.12-13.23.47:879][  0]LogFileHelpers: Loading map 'SpacyMap' took 1.178
[2015.03.12-13.23.47:984][  0]LogCollectionManager: Loaded 0 collections in 0.003360 seconds
[2015.03.12-13.23.48:004][  0]LogContentBrowser: Native class hierarchy populated in 0.0192 seconds. Added 1701 classes and 263 folders.
[2015.03.12-13.23.48:030][  0]LogContentBrowser:Verbose: The content browser source was changed by the sources view to '/Classes_Game/SpaceShooter'
[2015.03.12-13.23.48:133][  0]LogContentBrowser: Native class hierarchy updated for 'SceneOutliner' in 0.0062 seconds. Added 1 classes and 2 folders.
[2015.03.12-13.23.48:247][  0]LogCrashTracker: Crashtracker disabled due to settings.
[2015.03.12-13.23.48:249][  0]LogSlate:Warning: Failed to load font data from 'Veranda'
[2015.03.12-13.23.48:257][  0]LogUObjectGlobals:Warning: Failed to find object 'Class None.'
[2015.03.12-13.23.48:293][  0]LogLoad: Full Startup: 18.23 seconds (BP compile: 0.14 seconds)
[2015.03.12-13.23.48:465][  0]LogRenderer:Warning: Reallocating scene render targets to support 32x32 (Frame:2).
[2015.03.12-13.23.48:555][  0]LogRenderer:Warning: Reallocating scene render targets to support 1144x928 (Frame:4).
[2015.03.12-13.23.48:737][  1]Cmd: UpdateLandscapeEditorData -warnings
[2015.03.12-13.23.48:738][  1]Cmd: UpdateLandscapeEditorData
[2015.03.12-13.23.48:879][  5]LogAssetRegistry: Asset discovery search completed in 4.5388 seconds
[2015.03.12-13.23.51:652][313]BlueprintLog: New page: Pre-PIE auto-recompile
[2015.03.12-13.23.51:652][313]LogPlayLevel: [PIE] Compiling SpacyMap before PIE...
[2015.03.12-13.23.51:721][313]LogPlayLevel: PIE:  Blueprint regeneration took 69 ms (1 blueprints)
[2015.03.12-13.23.51:722][313]PIE: New page: PIE session: SpacyMap (Mar 12, 2015, 5:23:51 AM)
[2015.03.12-13.23.51:734][313]LogPlayLevel: PIE: StaticDuplicateObject took: (0.011673s)
[2015.03.12-13.23.51:736][313]LogPlayLevel: PIE: World Init took: (0.000769s)
[2015.03.12-13.23.51:736][313]LogPlayLevel: PIE: Created PIE world by copying editor world from /Game/SpacyMap.SpacyMap to /Game/UEDPIE_0_SpacyMap.SpacyMap (0.013783s)
[2015.03.12-13.23.51:791][313]LogWorld: Game class is 'SpaceShooterGameMode'
[2015.03.12-13.23.51:796][313]LogAIModule: Creating AISystem for world SpacyMap
[2015.03.12-13.23.51:813][313]LogWorld: Bringing World /Game/UEDPIE_0_SpacyMap.SpacyMap up for play (max tick rate 0) at 2015.03.12-09.23.51
[2015.03.12-13.23.51:815][313]LogWorld: Bringing up level for play took: 0.018046
[2015.03.12-13.23.51:821][313]PIE: Info Play in editor start time for /Game/UEDPIE_0_SpacyMap 0.213
[2015.03.12-13.24.03:512][164]LogParticles: Destroying 0 GPU particle simulations for FXSystem 0x000000000BD6FC40
[2015.03.12-13.24.04:743][260]Cmd: QUIT_EDITOR
[2015.03.12-13.24.05:060][260]LogExit: Preparing to exit.
[2015.03.12-13.24.05:616][260]LogExit: Editor shut down
[2015.03.12-13.24.05:617][260]LogExit: Transaction tracking system shut down
[2015.03.12-13.24.05:619][260]LogParticles: Destroying 0 GPU particle simulations for FXSystem 0x000000000E491440
[2015.03.12-13.24.05:620][260]LogParticles: Destroying 0 GPU particle simulations for FXSystem 0x00000000194B02C0
[2015.03.12-13.24.05:663][260]LogParticles: Destroying 0 GPU particle simulations for FXSystem 0x000000001AF87B00
[2015.03.12-13.24.05:664][260]LogExit: Object subsystem successfully closed.
[2015.03.12-13.24.05:719][260]LogModuleManager: Shutting down and abandoning module CrashTracker (178)
[2015.03.12-13.24.05:720][260]LogModuleManager: Shutting down and abandoning module SuperSearch (177)
[2015.03.12-13.24.05:720][260]LogModuleManager: Shutting down and abandoning module SceneOutliner (176)
[2015.03.12-13.24.05:720][260]LogModuleManager: Shutting down and abandoning module EditorWidgets (175)
[2015.03.12-13.24.05:720][260]LogModuleManager: Shutting down and abandoning module CollectionManager (174)
[2015.03.12-13.24.05:721][260]LogModuleManager: Shutting down and abandoning module StatsViewer (173)
[2015.03.12-13.24.05:721][260]LogModuleManager: Shutting down and abandoning module FoliageEdit (172)
[2015.03.12-13.24.05:721][260]LogModuleManager: Shutting down and abandoning module LandscapeEditor (171)
[2015.03.12-13.24.05:722][260]LogModuleManager: Shutting down and abandoning module MeshPaint (170)
[2015.03.12-13.24.05:722][260]LogModuleManager: Shutting down and abandoning module ActorPickerMode (169)
[2015.03.12-13.24.05:722][260]LogModuleManager: Shutting down and abandoning module GeometryMode (168)
[2015.03.12-13.24.05:723][260]LogModuleManager: Shutting down and abandoning module TextureAlignMode (167)
[2015.03.12-13.24.05:723][260]LogModuleManager: Shutting down and abandoning module BspMode (166)
[2015.03.12-13.24.05:723][260]LogModuleManager: Shutting down and abandoning module PlacementMode (165)
[2015.03.12-13.24.05:723][260]LogModuleManager: Shutting down and abandoning module AutomationWorker (164)
[2015.03.12-13.24.05:724][260]LogModuleManager: Shutting down and abandoning module CharacterAI (163)
[2015.03.12-13.24.05:724][260]LogModuleManager: Shutting down and abandoning module SmartSnapping (162)
[2015.03.12-13.24.05:724][260]LogModuleManager: Shutting down and abandoning module ViewportSnapping (161)
[2015.03.12-13.24.05:724][260]LogModuleManager: Shutting down and abandoning module LogVisualizer (160)
[2015.03.12-13.24.05:725][260]LogModuleManager: Shutting down and abandoning module GameProjectGeneration (159)
[2015.03.12-13.24.05:725][260]LogModuleManager: Shutting down and abandoning module IntroTutorials (158)
[2015.03.12-13.24.05:725][260]LogModuleManager: Shutting down and abandoning module EditorLiveStreaming (157)
[2015.03.12-13.24.05:725][260]LogModuleManager: Shutting down and abandoning module HardwareTargeting (156)
[2015.03.12-13.24.05:726][260]LogModuleManager: Shutting down and abandoning module DeviceProfileEditor (155)
[2015.03.12-13.24.05:726][260]LogModuleManager: Shutting down and abandoning module UndoHistory (154)
[2015.03.12-13.24.05:726][260]LogModuleManager: Shutting down and abandoning module GameplayTagsEditor (153)
[2015.03.12-13.24.05:726][260]LogModuleManager: Shutting down and abandoning module UserFeedback (152)
[2015.03.12-13.24.05:727][260]LogModuleManager: Shutting down and abandoning module XmlParser (151)
[2015.03.12-13.24.05:727][260]LogModuleManager: Shutting down and abandoning module Blutility (150)
[2015.03.12-13.24.05:727][260]LogModuleManager: Shutting down and abandoning module IOSPlatformEditor (149)
[2015.03.12-13.24.05:727][260]LogModuleManager: Shutting down and abandoning module IOSRuntimeSettings (148)
[2015.03.12-13.24.05:727][260]LogModuleManager: Shutting down and abandoning module AndroidDeviceDetection (147)
[2015.03.12-13.24.05:871][260]LogModuleManager: Shutting down and abandoning module AndroidPlatformEditor (146)
[2015.03.12-13.24.05:871][260]LogModuleManager: Shutting down and abandoning module AndroidRuntimeSettings (145)
[2015.03.12-13.24.05:871][260]LogModuleManager: Shutting down and abandoning module ProjectTargetPlatformEditor (144)
[2015.03.12-13.24.05:872][260]LogModuleManager: Shutting down and abandoning module ProjectSettingsViewer (143)
[2015.03.12-13.24.05:872][260]LogModuleManager: Shutting down and abandoning module InputBindingEditor (142)
[2015.03.12-13.24.05:873][260]LogModuleManager: Shutting down and abandoning module EditorSettingsViewer (141)
[2015.03.12-13.24.05:873][260]LogModuleManager: Shutting down and abandoning module SettingsEditor (140)
[2015.03.12-13.24.05:874][260]LogModuleManager: Shutting down and abandoning module ProjectLauncher (139)
[2015.03.12-13.24.05:874][260]LogModuleManager: Shutting down and abandoning module SessionFrontend (138)
[2015.03.12-13.24.05:874][260]LogModuleManager: Shutting down and abandoning module ProfilerClient (137)
[2015.03.12-13.24.05:874][260]LogModuleManager: Shutting down and abandoning module TargetDeviceServices (136)
[2015.03.12-13.24.05:875][260]LogModuleManager: Shutting down and abandoning module DeviceManager (135)
[2015.03.12-13.24.05:875][260]LogModuleManager: Shutting down and abandoning module AutomationController (134)
[2015.03.12-13.24.05:875][260]LogModuleManager: Shutting down and abandoning module AutomationWindow (133)
[2015.03.12-13.24.05:875][260]LogModuleManager: Shutting down and abandoning module Layers (132)
[2015.03.12-13.24.05:876][260]LogModuleManager: Shutting down and abandoning module ComponentVisualizers (131)
[2015.03.12-13.24.05:876][260]LogModuleManager: Shutting down and abandoning module DetailCustomizations (130)
[2015.03.12-13.24.05:876][260]LogModuleManager: Shutting down and abandoning module PackagesDialog (129)
[2015.03.12-13.24.05:876][260]LogModuleManager: Shutting down and abandoning module AssetRegistry (128)
[2015.03.12-13.24.05:938][260]LogModuleManager: Shutting down and abandoning module Persona (127)
[2015.03.12-13.24.05:938][260]LogModuleManager: Shutting down and abandoning module SlateReflector (126)
[2015.03.12-13.24.05:939][260]LogModuleManager: Shutting down and abandoning module LevelEditor (125)
[2015.03.12-13.24.05:940][260]LogModuleManager: Shutting down and abandoning module Kismet (124)
[2015.03.12-13.24.05:940][260]LogModuleManager: Shutting down and abandoning module GraphEditor (123)
[2015.03.12-13.24.05:940][260]LogModuleManager: Shutting down and abandoning module ClassViewer (122)
[2015.03.12-13.24.05:941][260]LogModuleManager: Shutting down and abandoning module Toolbox (121)
[2015.03.12-13.24.05:941][260]LogModuleManager: Shutting down and abandoning module ModuleUI (120)
[2015.03.12-13.24.05:941][260]LogModuleManager: Shutting down and abandoning module MovieSceneTools (119)
[2015.03.12-13.24.05:941][260]LogModuleManager: Shutting down and abandoning module OutputLog (118)
[2015.03.12-13.24.05:942][260]LogModuleManager: Shutting down and abandoning module GammaUI (117)
[2015.03.12-13.24.05:942][260]LogModuleManager: Shutting down and abandoning module Documentation (116)
[2015.03.12-13.24.05:942][260]LogModuleManager: Shutting down and abandoning module GameLiveStreaming (115)
[2015.03.12-13.24.05:942][260]LogModuleManager: Shutting down and abandoning module StreamingPauseRendering (114)
[2015.03.12-13.24.05:943][260]LogModuleManager: Shutting down and abandoning module HTTP (113)
[2015.03.12-13.24.05:943][260]LogModuleManager: Shutting down and abandoning module AnalyticsET (112)
[2015.03.12-13.24.05:944][260]LogModuleManager: Shutting down and abandoning module Analytics (111)
[2015.03.12-13.24.05:944][260]LogModuleManager: Shutting down and abandoning module AITestSuite (110)
[2015.03.12-13.24.05:944][260]LogModuleManager: Shutting down and abandoning module GameplayDebugger (109)
[2015.03.12-13.24.05:944][260]LogModuleManager: Shutting down and abandoning module AIModule (108)
[2015.03.12-13.24.05:945][260]LogModuleManager: Shutting down and abandoning module ProfilerService (107)
[2015.03.12-13.24.05:947][260]LogModuleManager: Shutting down and abandoning module TaskGraph (106)
[2015.03.12-13.24.05:947][260]LogModuleManager: Shutting down and abandoning module SlateRemote (105)
[2015.03.12-13.24.05:948][260]LogModuleManager: Shutting down and abandoning module ScriptEditorPlugin (104)
[2015.03.12-13.24.05:948][260]LogModuleManager: Shutting down and abandoning module CustomMeshComponent (103)
[2015.03.12-13.24.05:948][260]LogModuleManager: Shutting down and abandoning module CableComponent (102)
[2015.03.12-13.24.05:948][260]LogModuleManager: Shutting down and abandoning module MessagingDebugger (101)
[2015.03.12-13.24.05:949][260]LogModuleManager: Shutting down and abandoning module MediaPlayerEditor (100)
[2015.03.12-13.24.05:949][260]LogModuleManager: Shutting down and abandoning module SpeedTreeImporter (99)
[2015.03.12-13.24.05:949][260]LogModuleManager: Shutting down and abandoning module PluginsEditor (98)
[2015.03.12-13.24.05:949][260]LogModuleManager: Shutting down and abandoning module MainFrame (97)
[2015.03.12-13.24.05:950][260]LogModuleManager: Shutting down and abandoning module EpicSurvey (96)
[2015.03.12-13.24.05:950][260]LogModuleManager: Shutting down and abandoning module DesktopPlatform (95)
[2015.03.12-13.24.05:950][260]LogModuleManager: Shutting down and abandoning module DirectoryWatcher (94)
[2015.03.12-13.24.05:951][260]LogModuleManager: Shutting down and abandoning module HotReload (93)
[2015.03.12-13.24.05:951][260]LogModuleManager: Shutting down and abandoning module VisualStudioSourceCodeAccess (92)
[2015.03.12-13.24.05:951][260]LogModuleManager: Shutting down and abandoning module UObjectPlugin (91)
[2015.03.12-13.24.05:952][260]LogModuleManager: Shutting down and abandoning module SubversionSourceControl (90)
[2015.03.12-13.24.05:952][260]LogModuleManager: Shutting down and abandoning module PerforceSourceControl (89)
[2015.03.12-13.24.05:952][260]LogModuleManager: Shutting down and abandoning module SourceControl (88)
[2015.03.12-13.24.05:952][260]LogModuleManager: Shutting down and abandoning module GitSourceControl (87)
[2015.03.12-13.24.05:953][260]LogModuleManager: Shutting down and abandoning module BlankPlugin (86)
[2015.03.12-13.24.05:953][260]LogModuleManager: Shutting down and abandoning module PaperTiledImporter (85)
[2015.03.12-13.24.05:953][260]LogModuleManager: Shutting down and abandoning module PaperJsonImporter (84)
[2015.03.12-13.24.05:953][260]LogModuleManager: Shutting down and abandoning module ContentBrowser (83)
[2015.03.12-13.24.05:954][260]LogModuleManager: Shutting down and abandoning module Paper2DEditor (82)
[2015.03.12-13.24.05:954][260]LogModuleManager: Shutting down and abandoning module SpaceShooter (81)
[2015.03.12-13.24.05:955][260]LogModuleManager: Shutting down and abandoning module ScriptPlugin (80)
[2015.03.12-13.24.05:955][260]LogModuleManager: Shutting down and abandoning module UdpMessaging (79)
[2015.03.12-13.24.06:056][260]LogModuleManager: Shutting down and abandoning module Paper2D (78)
[2015.03.12-13.24.06:056][260]LogModuleManager: Shutting down and abandoning module WindowsMoviePlayer (77)
[2015.03.12-13.24.06:058][260]LogModuleManager: Shutting down and abandoning module Media (76)
[2015.03.12-13.24.06:059][260]LogModuleManager: Shutting down and abandoning module WmfMedia (75)
[2015.03.12-13.24.06:061][260]LogModuleManager: Shutting down and abandoning module OnlineBlueprintSupport (74)
[2015.03.12-13.24.06:062][260]LogModuleManager: Shutting down and abandoning module PropertyEditor (73)
[2015.03.12-13.24.06:062][260]LogModuleManager: Shutting down and abandoning module BehaviorTreeEditor (72)
[2015.03.12-13.24.06:062][260]LogModuleManager: Shutting down and abandoning module FunctionalTesting (71)
[2015.03.12-13.24.06:063][260]LogModuleManager: Shutting down and abandoning module CollisionAnalyzer (70)
[2015.03.12-13.24.06:063][260]LogModuleManager: Shutting down and abandoning module WorkspaceMenuStructure (69)
[2015.03.12-13.24.06:063][260]LogModuleManager: Shutting down and abandoning module MessageLog (68)
[2015.03.12-13.24.06:063][260]LogModuleManager: Shutting down and abandoning module Sequencer (67)
[2015.03.12-13.24.06:064][260]LogModuleManager: Shutting down and abandoning module AssetTools (66)
[2015.03.12-13.24.06:064][260]LogModuleManager: Shutting down and abandoning module UMGEditor (65)
[2015.03.12-13.24.06:064][260]LogModuleManager: Shutting down and abandoning module UMG (64)
[2015.03.12-13.24.06:064][260]LogModuleManager: Shutting down and abandoning module Slate (63)
[2015.03.12-13.24.06:065][260]LogModuleManager: Shutting down and abandoning module EditorStyle (62)
[2015.03.12-13.24.06:069][260]LogModuleManager: Shutting down and abandoning module SessionServices (61)
[2015.03.12-13.24.06:069][260]LogModuleManager: Shutting down and abandoning module SourceCodeAccess (60)
[2015.03.12-13.24.06:069][260]LogModuleManager: Shutting down and abandoning module HeadMountedDisplay (59)
[2015.03.12-13.24.06:070][260]LogModuleManager: Shutting down and abandoning module XAudio2 (58)
[2015.03.12-13.24.06:070][260]LogModuleManager: Shutting down and abandoning module Networking (56)
[2015.03.12-13.24.06:070][260]LogModuleManager: Shutting down and abandoning module Core (55)
[2015.03.12-13.24.06:071][260]LogModuleManager: Shutting down and abandoning module KismetCompiler (54)
[2015.03.12-13.24.06:071][260]LogModuleManager: Shutting down and abandoning module PhysXFormats (53)
[2015.03.12-13.24.06:071][260]LogModuleManager: Shutting down and abandoning module MeshUtilities (52)
[2015.03.12-13.24.06:071][260]LogModuleManager: Shutting down and abandoning module DerivedDataCache (51)
[2015.03.12-13.24.06:235][260]LogDerivedDataCache: Shutdown
[2015.03.12-13.24.06:235][260]LogModuleManager: Shutting down and abandoning module ShaderFormatOpenGL (50)
[2015.03.12-13.24.06:235][260]LogModuleManager: Shutting down and abandoning module ShaderFormatD3D (49)
[2015.03.12-13.24.06:236][260]LogModuleManager: Shutting down and abandoning module MetalShaderFormat (48)
[2015.03.12-13.24.06:236][260]LogModuleManager: Shutting down and abandoning module TextureFormatUncompressed (47)
[2015.03.12-13.24.06:236][260]LogModuleManager: Shutting down and abandoning module TextureFormatPVR (46)
[2015.03.12-13.24.06:236][260]LogModuleManager: Shutting down and abandoning module TextureFormatIntelISPCTexComp (45)
[2015.03.12-13.24.06:237][260]LogModuleManager: Shutting down and abandoning module TextureFormatDXT (44)
[2015.03.12-13.24.06:237][260]LogModuleManager: Shutting down and abandoning module ImageWrapper (43)
[2015.03.12-13.24.06:237][260]LogModuleManager: Shutting down and abandoning module TextureFormatASTC (42)
[2015.03.12-13.24.06:238][260]LogModuleManager: Shutting down and abandoning module TextureFormatAndroid (41)
[2015.03.12-13.24.06:238][260]LogModuleManager: Shutting down and abandoning module AudioFormatOpus (40)
[2015.03.12-13.24.06:238][260]LogModuleManager: Shutting down and abandoning module AudioFormatOgg (39)
[2015.03.12-13.24.06:238][260]LogModuleManager: Shutting down and abandoning module AudioFormatADPCM (38)
[2015.03.12-13.24.06:239][260]LogModuleManager: Shutting down and abandoning module LinuxTargetPlatform (37)
[2015.03.12-13.24.06:239][260]LogModuleManager: Shutting down and abandoning module LinuxServerTargetPlatform (36)
[2015.03.12-13.24.06:239][260]LogModuleManager: Shutting down and abandoning module LinuxNoEditorTargetPlatform (35)
[2015.03.12-13.24.06:239][260]LogModuleManager: Shutting down and abandoning module Messaging (34)
[2015.03.12-13.24.06:240][260]LogModuleManager: Shutting down and abandoning module IOSTargetPlatform (33)
[2015.03.12-13.24.06:240][260]LogModuleManager: Shutting down and abandoning module HTML5TargetPlatform (32)
[2015.03.12-13.24.06:240][260]LogModuleManager: Shutting down and abandoning module Android_PVRTCTargetPlatform (31)
[2015.03.12-13.24.06:241][260]LogModuleManager: Shutting down and abandoning module Android_ETC2TargetPlatform (30)
[2015.03.12-13.24.06:241][260]LogModuleManager: Shutting down and abandoning module Android_ETC1TargetPlatform (29)
[2015.03.12-13.24.06:241][260]LogModuleManager: Shutting down and abandoning module Android_ES31TargetPlatform (28)
[2015.03.12-13.24.06:241][260]LogModuleManager: Shutting down and abandoning module Android_DXTTargetPlatform (27)
[2015.03.12-13.24.06:241][260]LogModuleManager: Shutting down and abandoning module Android_ATCTargetPlatform (26)
[2015.03.12-13.24.06:242][260]LogModuleManager: Shutting down and abandoning module AndroidTargetPlatform (25)
[2015.03.12-13.24.06:242][260]LogModuleManager: Shutting down and abandoning module WindowsTargetPlatform (24)
[2015.03.12-13.24.06:242][260]LogModuleManager: Shutting down and abandoning module WindowsServerTargetPlatform (23)
[2015.03.12-13.24.06:242][260]LogModuleManager: Shutting down and abandoning module WindowsNoEditorTargetPlatform (22)
[2015.03.12-13.24.06:243][260]LogModuleManager: Shutting down and abandoning module WindowsClientTargetPlatform (21)
[2015.03.12-13.24.06:243][260]LogModuleManager: Shutting down and abandoning module TargetPlatform (20)
[2015.03.12-13.24.06:243][260]LogModuleManager: Shutting down and abandoning module InputCore (19)
[2015.03.12-13.24.06:243][260]LogModuleManager: Shutting down and abandoning module Settings (18)
[2015.03.12-13.24.06:244][260]LogModuleManager: Shutting down and abandoning module OnlineSubsystem (16)
[2015.03.12-13.24.06:244][260]LogModuleManager: Shutting down and abandoning module OculusRift (15)
[2015.03.12-13.24.06:244][260]LogModuleManager: Shutting down and abandoning module ExampleDeviceProfileSelector (14)
[2015.03.12-13.24.06:244][260]LogModuleManager: Shutting down and abandoning module TextureCompressor (13)
[2015.03.12-13.24.06:245][260]LogModuleManager: Shutting down and abandoning module ShaderCore (12)
[2015.03.12-13.24.06:245][260]LogModuleManager: Shutting down and abandoning module Landscape (11)
[2015.03.12-13.24.06:246][260]LogModuleManager: Shutting down and abandoning module SlateRHIRenderer (10)
[2015.03.12-13.24.06:247][260]LogModuleManager: Shutting down and abandoning module OpenGLDrv (9)
[2015.03.12-13.24.06:248][260]LogModuleManager: Shutting down and abandoning module D3D11RHI (8)
[2015.03.12-13.24.06:248][260]LogModuleManager: Shutting down and abandoning module Renderer (7)
[2015.03.12-13.24.06:248][260]LogModuleManager: Shutting down and abandoning module Engine (6)
[2015.03.12-13.24.06:248][260]LogModuleManager: Shutting down and abandoning module CoreUObject (5)
[2015.03.12-13.24.06:249][260]LogModuleManager: Shutting down and abandoning module NetworkFile (4)
[2015.03.12-13.24.06:249][260]LogModuleManager: Shutting down and abandoning module StreamingFile (3)
[2015.03.12-13.24.06:249][260]LogModuleManager: Shutting down and abandoning module SandboxFile (2)
[2015.03.12-13.24.06:249][260]LogModuleManager: Shutting down and abandoning module PakFile (1)
[2015.03.12-13.24.06:252][260]LogExit: Exiting.
[2015.03.12-13.24.06:258][260]Log file closed, 03/12/15 09:24:06
