Log file open, 04/02/15 09:08:29
LogInit:Display: Running engine for game: SpaceShooter
LogInit: Version: 4.7.3-2479750+++depot+UE4-Releases+4.7
LogInit: API Version: 2455222
LogInit: Compiled (64-bit): Mar 15 2015 23:20:45
LogInit: Compiled with Visual C++: 18.00.21005.01
LogInit: Build Configuration: DebugGame
LogInit: Branch Name: ++depot+UE4-Releases+4.7
LogInit: Command line:  -debug
LogInit: Base directory: C:/Program Files/Unreal Engine/4.7/Engine/Binaries/Win64/
LogInit: Rocket: 1
[2015.04.02-13.08.29:880][  0]LogTaskGraph: Started task graph with 3 named threads and 6 total threads.
[2015.04.02-13.08.29:939][  0]LogOnline:Warning: No default platform service specified for OnlineSubsystem
[2015.04.02-13.08.29:988][  0]LogInit: Presizing for 0 objects not considered by GC, pre-allocating 0 bytes.
[2015.04.02-13.08.30:000][  0]LogInit: Object subsystem initialized
[2015.04.02-13.08.30:003][  0]LogInit: Selected Device Profile: [Windows]
[2015.04.02-13.08.30:004][  0]LogInit: Applying CVar settings loaded from the selected device profile: [Windows]
[2015.04.02-13.08.30:012][  0]LogInit: Computer: C401IT25
[2015.04.02-13.08.30:013][  0]LogInit: User: npham
[2015.04.02-13.08.30:013][  0]LogInit: CPU Page size=4096, Cores=4
[2015.04.02-13.08.30:013][  0]LogInit: High frequency timer resolution =2.741210 MHz
[2015.04.02-13.08.30:014][  0]LogMemory: Memory total: Physical=4.0GB (4GB approx) Virtual=8192.0GB
[2015.04.02-13.08.30:014][  0]LogMemory: Platform Memory Stats for Windows
[2015.04.02-13.08.30:014][  0]LogMemory: Process Physical Memory: 45.91 MB used, 45.91 MB peak
[2015.04.02-13.08.30:015][  0]LogMemory: Process Virtual Memory: 26.55 MB used, 26.55 MB peak
[2015.04.02-13.08.30:015][  0]LogMemory: Physical Memory: 2716.77 MB used, 4086.93 MB total
[2015.04.02-13.08.30:015][  0]LogMemory: Virtual Memory: 277.26 MB used, 8388608.00 MB total
[2015.04.02-13.08.30:137][  0]LogD3D11RHI: Found D3D11 adapter 0: NVIDIA GeForce GTX 260   (Feature Level 10_0)
[2015.04.02-13.08.30:137][  0]LogD3D11RHI: Adapter has 1771MB of dedicated video memory, 0MB of dedicated system memory, and 1787MB of shared system memory, 1 output[s]
[2015.04.02-13.08.30:138][  0]LogD3D11RHI: Chosen D3D11 Adapter Id = 0
[2015.04.02-13.08.30:143][  0]LogRHI: Texture pool is 1239 MB (70% of 1771 MB)
[2015.04.02-13.08.30:175][  0]LogD3D11RHI: Async texture creation enabled
[2015.04.02-13.08.30:296][  0]LogTextLocalizationManager: The requested culture ('en_US') has no localization data; parent culture's ('en') localization data will be used.
[2015.04.02-13.08.30:372][  0]LogTextLocalizationManager:Warning: Loading localization resources contain conflicting entries for (Namespace:UICommands, Key:Save_ToolTip):
Resource: (C:/Program Files/Unreal Engine/4.7/Engine/Content/Localization/Editor/en/Editor.locres) Hash: (-29098895) String: (Saves the current level to disk)
Resource: (C:/Program Files/Unreal Engine/4.7/Engine/Content/Localization/Engine/en/Engine.locres) Hash: (-1280300587) String: (Save selected data to vlog file)
[2015.04.02-13.08.30:373][  0]LogTextLocalizationManager:Warning: Loading localization resources contain conflicting entries for (Namespace:ContentBrowser, Key:ImportAssetToolTip):
Resource: (C:/Program Files/Unreal Engine/4.7/Engine/Content/Localization/Editor/en/Editor.locres) Hash: (-630476809) String: (Import to {0}...)
Resource: (C:/Program Files/Unreal Engine/4.7/Engine/Content/Localization/Editor/en/Editor.locres) Hash: (1271782899) String: (Imports an asset from file to this folder.)
[2015.04.02-13.08.30:466][  0]LogContentStreaming: Texture pool size is 0.000000MB
[2015.04.02-13.08.33:394][  0]LogTargetPlatformManager:Display: Building Assets For Windows
[2015.04.02-13.08.34:159][  0]LogTargetPlatformManager:Display: Building Assets For Windows
[2015.04.02-13.08.34:254][  0]LogDerivedDataCache:Display: Max Cache Size: 512 MB
[2015.04.02-13.08.34:362][  0]LogDerivedDataCache: Loaded boot cache 0.11s 37MB C:/Users/npham/AppData/Local/UnrealEngine/4.7/DerivedDataCache/Boot.ddc.
[2015.04.02-13.08.34:363][  0]LogDerivedDataCache:Display: Loaded Boot cache: C:/Users/npham/AppData/Local/UnrealEngine/4.7/DerivedDataCache/Boot.ddc
[2015.04.02-13.08.34:364][  0]LogDerivedDataCache: FDerivedDataBackendGraph:  Pak pak cache file ../../../../../../Users/npham/Desktop/SpaceShooter/SpaceShooter/DerivedDataCache/DDC.ddp not found, will not use a pak cache.
[2015.04.02-13.08.34:364][  0]LogDerivedDataCache: Unable to find inner node Pak for hierarchical cache Hierarchy.
[2015.04.02-13.08.34:519][  0]LogDerivedDataCache:Display: Pak cache opened for reading ../../../Engine/DerivedDataCache/Compressed.ddp.
[2015.04.02-13.08.34:532][  0]LogDerivedDataCache: Using Local data cache path C:/Users/npham/AppData/Local/UnrealEngine/Common/DerivedDataCache: Writable
[2015.04.02-13.08.35:173][  0]LogMeshUtilities: No automatic mesh reduction module available
[2015.04.02-13.08.35:174][  0]LogMeshUtilities: No automatic mesh merging module available
[2015.04.02-13.08.35:651][  0]LogInit: WinSock: version 1.1 (2.2), MaxSocks=32767, MaxUdp=65467
[2015.04.02-13.08.35:800][  0]LogSlate:Warning: Failed to load font data from '../../../Engine/Content/Slate/Fonts/Roboto-Italic.ttf'
[2015.04.02-13.08.38:004][  0]UdpMessaging: Initializing bridge on interface 0.0.0.0:0 to multicast group 230.0.0.1:6666.
[2015.04.02-13.08.38:667][  0]SourceControl: Info Source control is disabled
[2015.04.02-13.08.38:668][  0]SourceControl: Info Source control is disabled
[2015.04.02-13.08.38:669][  0]SourceControl: Info Source control is disabled
[2015.04.02-13.08.38:669][  0]LogSourceControl: RunCommandInternalRaw: 'git version'
[2015.04.02-13.08.38:669][  0]LogSourceControl: RunCommandInternalRaw: ExecProcess ReturnCode=2 OutResults=''
[2015.04.02-13.08.38:682][  0]SourceControl: Info Source control is disabled
[2015.04.02-13.08.39:326][  0]LogObj: 24315 objects as part of root set at end of initial load.
[2015.04.02-13.08.39:327][  0]LogUObjectAllocator: 5180648 out of 0 bytes used by permanent object pool.
[2015.04.02-13.08.39:498][  0]LogEngine: Initializing Engine...
[2015.04.02-13.08.42:718][  0]LogInit: XAudio2 using 'Digital Audio (HDMI) (2- High Definition Audio Device)' : 2 channels at 44.1 kHz using 16 bits per sample (channel mask 0x3)
[2015.04.02-13.08.42:749][  0]LogInit: FAudioDevice initialized.
[2015.04.02-13.08.42:826][  0]LogAIModule: Creating AISystem for world NewWorld
[2015.04.02-13.08.42:851][  0]LogDerivedDataCache: Saved boot cache 0.02s 37MB C:/Users/npham/AppData/Local/UnrealEngine/4.7/DerivedDataCache/Boot.ddc.
[2015.04.02-13.08.42:859][  0]LogInit: Texture streaming: Enabled
[2015.04.02-13.08.43:025][  0]LogAnalytics: Creating configured Analytics provider AnalyticsET
[2015.04.02-13.08.43:026][  0]LogAnalytics: ET APIKey = Rocket.Release. APIServer = http://et2.epicgames.com/ET2/. AppVersion = 4.7.3-2479750+++depot+UE4-Releases+4.7
[2015.04.02-13.08.43:026][  0]LogAnalytics: ET APIKey = Rocket.Release. DataRouterUploadURL = https://datarouter-public-service-gamedev.ol.epicgames.net/datarouter/api/v1/public/data. AppVersion = 4.7.3-2479750+++depot+UE4-Releases+4.7
[2015.04.02-13.08.43:027][  0]LogAnalytics: SetUserId 53e3b931478c00baf3ccecb5e54a3da4|10bf102e156545339967f48793d967ad|7fac54aa-9f69-47ad-8344-357d0c6be1ba
[2015.04.02-13.08.43:027][  0]LogAnalytics: AnalyticsET::StartSession [Rocket.Release]
[2015.04.02-13.08.43:073][  0]LogInit: Transaction tracking system initialized
[2015.04.02-13.08.44:003][  0]BlueprintLog: New page: Editor Load
[2015.04.02-13.08.44:080][  0]LogAssetRegistry: FAssetRegistry took 0.0131 seconds to start up
[2015.04.02-13.08.44:081][  0]LogDirectoryWatcher:Warning: Failed to begin reading directory changes for ../../../Engine/Plugins/Experimental/CharacterAI/Content/. Error: 0
[2015.04.02-13.08.45:283][  0]LogTargetPlatformManager:Display: Building Assets For Windows
[2015.04.02-13.08.45:739][  0]LogTargetPlatformManager:Display: Building Assets For Windows
[2015.04.02-13.08.46:636][  0]LogSlate:Warning: Failed to load font data from '../../../Engine/Content/Editor/Slate/Fonts/Roboto-Regular.ttf'
[2015.04.02-13.08.46:637][  0]LogSlate:Warning: Failed to load font data from '../../../Engine/Content/Editor/Slate/Fonts/Roboto-Bold.ttf'
[2015.04.02-13.08.46:646][  0]LogConsoleResponse:Display: 
[2015.04.02-13.08.46:855][  0]LogCook:Display: Done creating registry. It took  0.00s.
[2015.04.02-13.08.47:460][  0]SourceControl: Info Source control is disabled
[2015.04.02-13.08.47:461][  0]Cmd: MAP LOAD FILE="../../../../../../Users/npham/Desktop/SpaceShooter/SpaceShooter/Content/SpacyMap.umap" TEMPLATE=0 SHOWPROGRESS=1 FEATURELEVEL=2
[2015.04.02-13.08.47:463][  0]LightingResults: New page: Lighting Build
[2015.04.02-13.08.47:482][  0]MapCheck: New page: Map Check
[2015.04.02-13.08.47:483][  0]LightingResults: New page: Lighting Build
[2015.04.02-13.08.47:587][  0]LogParticles: Destroying 0 GPU particle simulations for FXSystem 0x0000000011361620
[2015.04.02-13.08.48:484][  0]LogEditorServer: Finished looking for orphan Actors (0.000 secs)
[2015.04.02-13.08.48:492][  0]LogAIModule: Creating AISystem for world SpacyMap
[2015.04.02-13.08.48:493][  0]Cmd: MAP CHECKDEP
[2015.04.02-13.08.48:493][  0]MapCheck: New page: SpacyMap - Apr 2, 2015, 5:08:48 AM
[2015.04.02-13.08.48:593][  0]MapCheck: Info Map check complete: 0 Error(s), 0 Warning(s), took 100.205ms to complete.
[2015.04.02-13.08.48:594][  0]LogFileHelpers: Loading map 'SpacyMap' took 1.133
[2015.04.02-13.08.48:754][  0]LogCollectionManager: Loaded 0 collections in 0.002151 seconds
[2015.04.02-13.08.48:776][  0]LogContentBrowser: Native class hierarchy populated in 0.0209 seconds. Added 1702 classes and 263 folders.
[2015.04.02-13.08.48:977][  0]LogContentBrowser: Native class hierarchy updated for 'SceneOutliner' in 0.0062 seconds. Added 1 classes and 2 folders.
[2015.04.02-13.08.49:161][  0]LogCrashTracker: Crashtracker disabled due to settings.
[2015.04.02-13.08.49:169][  0]LogSlate:Warning: Failed to load font data from 'Veranda'
[2015.04.02-13.08.49:253][  0]LogLoad: Full Startup: 21.72 seconds (BP compile: 0.12 seconds)
[2015.04.02-13.08.49:273][  0]LogContentBrowser:Verbose: The content browser source was changed by the sources view to '/Game/ExampleContent/Input_Examples/Meshes'
[2015.04.02-13.08.49:426][  0]LogRenderer:Warning: Reallocating scene render targets to support 32x32 (Frame:2).
[2015.04.02-13.08.49:539][  0]LogRenderer:Warning: Reallocating scene render targets to support 1144x928 (Frame:4).
[2015.04.02-13.08.49:707][  1]Cmd: UpdateLandscapeEditorData -warnings
[2015.04.02-13.08.49:709][  1]Cmd: UpdateLandscapeEditorData
[2015.04.02-13.08.50:465][  6]LogAssetRegistry: Asset discovery search completed in 6.3973 seconds
[2015.04.02-13.08.51:365][ 88]BlueprintLog: New page: Pre-PIE auto-recompile
[2015.04.02-13.08.51:365][ 88]LogPlayLevel: [PIE] Compiling SpacyMap before PIE...
[2015.04.02-13.08.51:423][ 88]LogPlayLevel: PIE:  Blueprint regeneration took 57 ms (1 blueprints)
[2015.04.02-13.08.51:423][ 88]PIE: New page: PIE session: SpacyMap (Apr 2, 2015, 5:08:51 AM)
[2015.04.02-13.08.51:436][ 88]LogPlayLevel: PIE: StaticDuplicateObject took: (0.011433s)
[2015.04.02-13.08.51:437][ 88]LogPlayLevel: PIE: World Init took: (0.000608s)
[2015.04.02-13.08.51:438][ 88]LogPlayLevel: PIE: Created PIE world by copying editor world from /Game/SpacyMap.SpacyMap to /Game/UEDPIE_0_SpacyMap.SpacyMap (0.013570s)
[2015.04.02-13.08.51:498][ 88]LogWorld: Game class is 'SpaceShooterGameMode'
[2015.04.02-13.08.51:503][ 88]LogAIModule: Creating AISystem for world SpacyMap
[2015.04.02-13.08.51:519][ 88]LogWorld: Bringing World /Game/UEDPIE_0_SpacyMap.SpacyMap up for play (max tick rate 0) at 2015.04.02-09.08.51
[2015.04.02-13.08.51:521][ 88]LogWorld: Bringing up level for play took: 0.017660
[2015.04.02-13.08.51:528][ 88]PIE: Info Play in editor start time for /Game/UEDPIE_0_SpacyMap -0.284
[2015.04.02-13.08.56:176][173]LogParticles: Destroying 0 GPU particle simulations for FXSystem 0x000000000BF49940
[2015.04.02-13.08.58:803][355]Cmd: QUIT_EDITOR
[2015.04.02-13.08.59:116][355]LogExit: Preparing to exit.
[2015.04.02-13.09.00:089][355]LogExit: Editor shut down
[2015.04.02-13.09.00:090][355]LogExit: Transaction tracking system shut down
[2015.04.02-13.09.00:091][355]LogParticles: Destroying 0 GPU particle simulations for FXSystem 0x000000000C089440
[2015.04.02-13.09.00:092][355]LogParticles: Destroying 0 GPU particle simulations for FXSystem 0x00000000158BCAE0
[2015.04.02-13.09.00:092][355]LogParticles: Destroying 0 GPU particle simulations for FXSystem 0x000000001B291120
[2015.04.02-13.09.00:173][355]LogExit: Object subsystem successfully closed.
[2015.04.02-13.09.00:271][355]LogModuleManager: Shutting down and abandoning module CrashTracker (178)
[2015.04.02-13.09.00:272][355]LogModuleManager: Shutting down and abandoning module SuperSearch (177)
[2015.04.02-13.09.00:273][355]LogModuleManager: Shutting down and abandoning module SceneOutliner (176)
[2015.04.02-13.09.00:273][355]LogModuleManager: Shutting down and abandoning module EditorWidgets (175)
[2015.04.02-13.09.00:274][355]LogModuleManager: Shutting down and abandoning module CollectionManager (174)
[2015.04.02-13.09.00:274][355]LogModuleManager: Shutting down and abandoning module StatsViewer (173)
[2015.04.02-13.09.00:276][355]LogModuleManager: Shutting down and abandoning module FoliageEdit (172)
[2015.04.02-13.09.00:276][355]LogModuleManager: Shutting down and abandoning module LandscapeEditor (171)
[2015.04.02-13.09.00:277][355]LogModuleManager: Shutting down and abandoning module MeshPaint (170)
[2015.04.02-13.09.00:277][355]LogModuleManager: Shutting down and abandoning module ActorPickerMode (169)
[2015.04.02-13.09.00:277][355]LogModuleManager: Shutting down and abandoning module GeometryMode (168)
[2015.04.02-13.09.00:278][355]LogModuleManager: Shutting down and abandoning module TextureAlignMode (167)
[2015.04.02-13.09.00:278][355]LogModuleManager: Shutting down and abandoning module BspMode (166)
[2015.04.02-13.09.00:278][355]LogModuleManager: Shutting down and abandoning module PlacementMode (165)
[2015.04.02-13.09.00:278][355]LogModuleManager: Shutting down and abandoning module AutomationWorker (164)
[2015.04.02-13.09.00:278][355]LogModuleManager: Shutting down and abandoning module CharacterAI (163)
[2015.04.02-13.09.00:279][355]LogModuleManager: Shutting down and abandoning module SmartSnapping (162)
[2015.04.02-13.09.00:279][355]LogModuleManager: Shutting down and abandoning module ViewportSnapping (161)
[2015.04.02-13.09.00:279][355]LogModuleManager: Shutting down and abandoning module LogVisualizer (160)
[2015.04.02-13.09.00:280][355]LogModuleManager: Shutting down and abandoning module GameProjectGeneration (159)
[2015.04.02-13.09.00:281][355]LogModuleManager: Shutting down and abandoning module IntroTutorials (158)
[2015.04.02-13.09.00:282][355]LogModuleManager: Shutting down and abandoning module EditorLiveStreaming (157)
[2015.04.02-13.09.00:282][355]LogModuleManager: Shutting down and abandoning module HardwareTargeting (156)
[2015.04.02-13.09.00:283][355]LogModuleManager: Shutting down and abandoning module DeviceProfileEditor (155)
[2015.04.02-13.09.00:283][355]LogModuleManager: Shutting down and abandoning module UndoHistory (154)
[2015.04.02-13.09.00:283][355]LogModuleManager: Shutting down and abandoning module GameplayTagsEditor (153)
[2015.04.02-13.09.00:284][355]LogModuleManager: Shutting down and abandoning module UserFeedback (152)
[2015.04.02-13.09.00:284][355]LogModuleManager: Shutting down and abandoning module XmlParser (151)
[2015.04.02-13.09.00:284][355]LogModuleManager: Shutting down and abandoning module Blutility (150)
[2015.04.02-13.09.00:284][355]LogModuleManager: Shutting down and abandoning module IOSPlatformEditor (149)
[2015.04.02-13.09.00:285][355]LogModuleManager: Shutting down and abandoning module IOSRuntimeSettings (148)
[2015.04.02-13.09.00:285][355]LogModuleManager: Shutting down and abandoning module AndroidDeviceDetection (147)
[2015.04.02-13.09.00:964][355]LogModuleManager: Shutting down and abandoning module AndroidPlatformEditor (146)
[2015.04.02-13.09.00:965][355]LogModuleManager: Shutting down and abandoning module AndroidRuntimeSettings (145)
[2015.04.02-13.09.00:965][355]LogModuleManager: Shutting down and abandoning module ProjectTargetPlatformEditor (144)
[2015.04.02-13.09.00:965][355]LogModuleManager: Shutting down and abandoning module ProjectSettingsViewer (143)
[2015.04.02-13.09.00:966][355]LogModuleManager: Shutting down and abandoning module InputBindingEditor (142)
[2015.04.02-13.09.00:966][355]LogModuleManager: Shutting down and abandoning module EditorSettingsViewer (141)
[2015.04.02-13.09.00:966][355]LogModuleManager: Shutting down and abandoning module SettingsEditor (140)
[2015.04.02-13.09.00:967][355]LogModuleManager: Shutting down and abandoning module ProjectLauncher (139)
[2015.04.02-13.09.00:967][355]LogModuleManager: Shutting down and abandoning module SessionFrontend (138)
[2015.04.02-13.09.00:967][355]LogModuleManager: Shutting down and abandoning module ProfilerClient (137)
[2015.04.02-13.09.00:968][355]LogModuleManager: Shutting down and abandoning module TargetDeviceServices (136)
[2015.04.02-13.09.00:968][355]LogModuleManager: Shutting down and abandoning module DeviceManager (135)
[2015.04.02-13.09.00:969][355]LogModuleManager: Shutting down and abandoning module AutomationController (134)
[2015.04.02-13.09.00:969][355]LogModuleManager: Shutting down and abandoning module AutomationWindow (133)
[2015.04.02-13.09.00:969][355]LogModuleManager: Shutting down and abandoning module Layers (132)
[2015.04.02-13.09.00:972][355]LogModuleManager: Shutting down and abandoning module ComponentVisualizers (131)
[2015.04.02-13.09.00:972][355]LogModuleManager: Shutting down and abandoning module DetailCustomizations (130)
[2015.04.02-13.09.00:973][355]LogModuleManager: Shutting down and abandoning module PackagesDialog (129)
[2015.04.02-13.09.00:974][355]LogModuleManager: Shutting down and abandoning module AssetRegistry (128)
[2015.04.02-13.09.01:050][355]LogModuleManager: Shutting down and abandoning module Persona (127)
[2015.04.02-13.09.01:051][355]LogModuleManager: Shutting down and abandoning module SlateReflector (126)
[2015.04.02-13.09.01:052][355]LogModuleManager: Shutting down and abandoning module LevelEditor (125)
[2015.04.02-13.09.01:054][355]LogModuleManager: Shutting down and abandoning module Kismet (124)
[2015.04.02-13.09.01:055][355]LogModuleManager: Shutting down and abandoning module GraphEditor (123)
[2015.04.02-13.09.01:058][355]LogModuleManager: Shutting down and abandoning module ClassViewer (122)
[2015.04.02-13.09.01:059][355]LogModuleManager: Shutting down and abandoning module Toolbox (121)
[2015.04.02-13.09.01:059][355]LogModuleManager: Shutting down and abandoning module ModuleUI (120)
[2015.04.02-13.09.01:060][355]LogModuleManager: Shutting down and abandoning module MovieSceneTools (119)
[2015.04.02-13.09.01:061][355]LogModuleManager: Shutting down and abandoning module OutputLog (118)
[2015.04.02-13.09.01:061][355]LogModuleManager: Shutting down and abandoning module GammaUI (117)
[2015.04.02-13.09.01:062][355]LogModuleManager: Shutting down and abandoning module Documentation (116)
[2015.04.02-13.09.01:062][355]LogModuleManager: Shutting down and abandoning module GameLiveStreaming (115)
[2015.04.02-13.09.01:062][355]LogModuleManager: Shutting down and abandoning module StreamingPauseRendering (114)
[2015.04.02-13.09.01:062][355]LogModuleManager: Shutting down and abandoning module HTTP (113)
[2015.04.02-13.09.01:063][355]LogModuleManager: Shutting down and abandoning module AnalyticsET (112)
[2015.04.02-13.09.01:063][355]LogModuleManager: Shutting down and abandoning module Analytics (111)
[2015.04.02-13.09.01:063][355]LogModuleManager: Shutting down and abandoning module AITestSuite (110)
[2015.04.02-13.09.01:063][355]LogModuleManager: Shutting down and abandoning module GameplayDebugger (109)
[2015.04.02-13.09.01:064][355]LogModuleManager: Shutting down and abandoning module AIModule (108)
[2015.04.02-13.09.01:064][355]LogModuleManager: Shutting down and abandoning module ProfilerService (107)
[2015.04.02-13.09.01:126][355]LogModuleManager: Shutting down and abandoning module TaskGraph (106)
[2015.04.02-13.09.01:127][355]LogModuleManager: Shutting down and abandoning module SlateRemote (105)
[2015.04.02-13.09.01:128][355]LogModuleManager: Shutting down and abandoning module ScriptEditorPlugin (104)
[2015.04.02-13.09.01:128][355]LogModuleManager: Shutting down and abandoning module CustomMeshComponent (103)
[2015.04.02-13.09.01:128][355]LogModuleManager: Shutting down and abandoning module CableComponent (102)
[2015.04.02-13.09.01:129][355]LogModuleManager: Shutting down and abandoning module MessagingDebugger (101)
[2015.04.02-13.09.01:130][355]LogModuleManager: Shutting down and abandoning module MediaPlayerEditor (100)
[2015.04.02-13.09.01:130][355]LogModuleManager: Shutting down and abandoning module SpeedTreeImporter (99)
[2015.04.02-13.09.01:131][355]LogModuleManager: Shutting down and abandoning module PluginsEditor (98)
[2015.04.02-13.09.01:131][355]LogModuleManager: Shutting down and abandoning module MainFrame (97)
[2015.04.02-13.09.01:131][355]LogModuleManager: Shutting down and abandoning module EpicSurvey (96)
[2015.04.02-13.09.01:131][355]LogModuleManager: Shutting down and abandoning module DesktopPlatform (95)
[2015.04.02-13.09.01:133][355]LogModuleManager: Shutting down and abandoning module DirectoryWatcher (94)
[2015.04.02-13.09.01:134][355]LogModuleManager: Shutting down and abandoning module HotReload (93)
[2015.04.02-13.09.01:134][355]LogModuleManager: Shutting down and abandoning module VisualStudioSourceCodeAccess (92)
[2015.04.02-13.09.01:134][355]LogModuleManager: Shutting down and abandoning module UObjectPlugin (91)
[2015.04.02-13.09.01:135][355]LogModuleManager: Shutting down and abandoning module SubversionSourceControl (90)
[2015.04.02-13.09.01:135][355]LogModuleManager: Shutting down and abandoning module PerforceSourceControl (89)
[2015.04.02-13.09.01:136][355]LogModuleManager: Shutting down and abandoning module SourceControl (88)
[2015.04.02-13.09.01:136][355]LogModuleManager: Shutting down and abandoning module GitSourceControl (87)
[2015.04.02-13.09.01:136][355]LogModuleManager: Shutting down and abandoning module BlankPlugin (86)
[2015.04.02-13.09.01:137][355]LogModuleManager: Shutting down and abandoning module PaperTiledImporter (85)
[2015.04.02-13.09.01:137][355]LogModuleManager: Shutting down and abandoning module PaperJsonImporter (84)
[2015.04.02-13.09.01:137][355]LogModuleManager: Shutting down and abandoning module ContentBrowser (83)
[2015.04.02-13.09.01:138][355]LogModuleManager: Shutting down and abandoning module Paper2DEditor (82)
[2015.04.02-13.09.01:138][355]LogModuleManager: Shutting down and abandoning module SpaceShooter (81)
[2015.04.02-13.09.01:138][355]LogModuleManager: Shutting down and abandoning module ScriptPlugin (80)
[2015.04.02-13.09.01:139][355]LogModuleManager: Shutting down and abandoning module UdpMessaging (79)
[2015.04.02-13.09.01:239][355]LogModuleManager: Shutting down and abandoning module Paper2D (78)
[2015.04.02-13.09.01:239][355]LogModuleManager: Shutting down and abandoning module WindowsMoviePlayer (77)
[2015.04.02-13.09.01:242][355]LogModuleManager: Shutting down and abandoning module Media (76)
[2015.04.02-13.09.01:242][355]LogModuleManager: Shutting down and abandoning module WmfMedia (75)
[2015.04.02-13.09.01:243][355]LogModuleManager: Shutting down and abandoning module OnlineBlueprintSupport (74)
[2015.04.02-13.09.01:244][355]LogModuleManager: Shutting down and abandoning module PropertyEditor (73)
[2015.04.02-13.09.01:244][355]LogModuleManager: Shutting down and abandoning module BehaviorTreeEditor (72)
[2015.04.02-13.09.01:245][355]LogModuleManager: Shutting down and abandoning module FunctionalTesting (71)
[2015.04.02-13.09.01:246][355]LogModuleManager: Shutting down and abandoning module CollisionAnalyzer (70)
[2015.04.02-13.09.01:247][355]LogModuleManager: Shutting down and abandoning module WorkspaceMenuStructure (69)
[2015.04.02-13.09.01:247][355]LogModuleManager: Shutting down and abandoning module MessageLog (68)
[2015.04.02-13.09.01:247][355]LogModuleManager: Shutting down and abandoning module Sequencer (67)
[2015.04.02-13.09.01:248][355]LogModuleManager: Shutting down and abandoning module AssetTools (66)
[2015.04.02-13.09.01:250][355]LogModuleManager: Shutting down and abandoning module UMGEditor (65)
[2015.04.02-13.09.01:251][355]LogModuleManager: Shutting down and abandoning module UMG (64)
[2015.04.02-13.09.01:252][355]LogModuleManager: Shutting down and abandoning module Slate (63)
[2015.04.02-13.09.01:252][355]LogModuleManager: Shutting down and abandoning module EditorStyle (62)
[2015.04.02-13.09.01:257][355]LogModuleManager: Shutting down and abandoning module SessionServices (61)
[2015.04.02-13.09.01:257][355]LogModuleManager: Shutting down and abandoning module SourceCodeAccess (60)
[2015.04.02-13.09.01:258][355]LogModuleManager: Shutting down and abandoning module HeadMountedDisplay (59)
[2015.04.02-13.09.01:258][355]LogModuleManager: Shutting down and abandoning module XAudio2 (58)
[2015.04.02-13.09.01:258][355]LogModuleManager: Shutting down and abandoning module Networking (56)
[2015.04.02-13.09.01:258][355]LogModuleManager: Shutting down and abandoning module Core (55)
[2015.04.02-13.09.01:259][355]LogModuleManager: Shutting down and abandoning module KismetCompiler (54)
[2015.04.02-13.09.01:259][355]LogModuleManager: Shutting down and abandoning module PhysXFormats (53)
[2015.04.02-13.09.01:259][355]LogModuleManager: Shutting down and abandoning module MeshUtilities (52)
[2015.04.02-13.09.01:260][355]LogModuleManager: Shutting down and abandoning module DerivedDataCache (51)
[2015.04.02-13.09.01:275][355]LogDerivedDataCache: Shutdown
[2015.04.02-13.09.01:275][355]LogModuleManager: Shutting down and abandoning module ShaderFormatOpenGL (50)
[2015.04.02-13.09.01:276][355]LogModuleManager: Shutting down and abandoning module ShaderFormatD3D (49)
[2015.04.02-13.09.01:276][355]LogModuleManager: Shutting down and abandoning module MetalShaderFormat (48)
[2015.04.02-13.09.01:277][355]LogModuleManager: Shutting down and abandoning module TextureFormatUncompressed (47)
[2015.04.02-13.09.01:277][355]LogModuleManager: Shutting down and abandoning module TextureFormatPVR (46)
[2015.04.02-13.09.01:277][355]LogModuleManager: Shutting down and abandoning module TextureFormatIntelISPCTexComp (45)
[2015.04.02-13.09.01:277][355]LogModuleManager: Shutting down and abandoning module TextureFormatDXT (44)
[2015.04.02-13.09.01:278][355]LogModuleManager: Shutting down and abandoning module ImageWrapper (43)
[2015.04.02-13.09.01:278][355]LogModuleManager: Shutting down and abandoning module TextureFormatASTC (42)
[2015.04.02-13.09.01:278][355]LogModuleManager: Shutting down and abandoning module TextureFormatAndroid (41)
[2015.04.02-13.09.01:278][355]LogModuleManager: Shutting down and abandoning module AudioFormatOpus (40)
[2015.04.02-13.09.01:278][355]LogModuleManager: Shutting down and abandoning module AudioFormatOgg (39)
[2015.04.02-13.09.01:279][355]LogModuleManager: Shutting down and abandoning module AudioFormatADPCM (38)
[2015.04.02-13.09.01:279][355]LogModuleManager: Shutting down and abandoning module LinuxTargetPlatform (37)
[2015.04.02-13.09.01:279][355]LogModuleManager: Shutting down and abandoning module LinuxServerTargetPlatform (36)
[2015.04.02-13.09.01:279][355]LogModuleManager: Shutting down and abandoning module LinuxNoEditorTargetPlatform (35)
[2015.04.02-13.09.01:280][355]LogModuleManager: Shutting down and abandoning module Messaging (34)
[2015.04.02-13.09.01:280][355]LogModuleManager: Shutting down and abandoning module IOSTargetPlatform (33)
[2015.04.02-13.09.01:280][355]LogModuleManager: Shutting down and abandoning module HTML5TargetPlatform (32)
[2015.04.02-13.09.01:280][355]LogModuleManager: Shutting down and abandoning module Android_PVRTCTargetPlatform (31)
[2015.04.02-13.09.01:281][355]LogModuleManager: Shutting down and abandoning module Android_ETC2TargetPlatform (30)
[2015.04.02-13.09.01:281][355]LogModuleManager: Shutting down and abandoning module Android_ETC1TargetPlatform (29)
[2015.04.02-13.09.01:281][355]LogModuleManager: Shutting down and abandoning module Android_ES31TargetPlatform (28)
[2015.04.02-13.09.01:281][355]LogModuleManager: Shutting down and abandoning module Android_DXTTargetPlatform (27)
[2015.04.02-13.09.01:282][355]LogModuleManager: Shutting down and abandoning module Android_ATCTargetPlatform (26)
[2015.04.02-13.09.01:282][355]LogModuleManager: Shutting down and abandoning module AndroidTargetPlatform (25)
[2015.04.02-13.09.01:282][355]LogModuleManager: Shutting down and abandoning module WindowsTargetPlatform (24)
[2015.04.02-13.09.01:282][355]LogModuleManager: Shutting down and abandoning module WindowsServerTargetPlatform (23)
[2015.04.02-13.09.01:282][355]LogModuleManager: Shutting down and abandoning module WindowsNoEditorTargetPlatform (22)
[2015.04.02-13.09.01:283][355]LogModuleManager: Shutting down and abandoning module WindowsClientTargetPlatform (21)
[2015.04.02-13.09.01:283][355]LogModuleManager: Shutting down and abandoning module TargetPlatform (20)
[2015.04.02-13.09.01:283][355]LogModuleManager: Shutting down and abandoning module InputCore (19)
[2015.04.02-13.09.01:283][355]LogModuleManager: Shutting down and abandoning module Settings (18)
[2015.04.02-13.09.01:284][355]LogModuleManager: Shutting down and abandoning module OnlineSubsystem (16)
[2015.04.02-13.09.01:284][355]LogModuleManager: Shutting down and abandoning module OculusRift (15)
[2015.04.02-13.09.01:284][355]LogModuleManager: Shutting down and abandoning module ExampleDeviceProfileSelector (14)
[2015.04.02-13.09.01:284][355]LogModuleManager: Shutting down and abandoning module TextureCompressor (13)
[2015.04.02-13.09.01:285][355]LogModuleManager: Shutting down and abandoning module ShaderCore (12)
[2015.04.02-13.09.01:285][355]LogModuleManager: Shutting down and abandoning module Landscape (11)
[2015.04.02-13.09.01:285][355]LogModuleManager: Shutting down and abandoning module SlateRHIRenderer (10)
[2015.04.02-13.09.01:289][355]LogModuleManager: Shutting down and abandoning module OpenGLDrv (9)
[2015.04.02-13.09.01:290][355]LogModuleManager: Shutting down and abandoning module D3D11RHI (8)
[2015.04.02-13.09.01:290][355]LogModuleManager: Shutting down and abandoning module Renderer (7)
[2015.04.02-13.09.01:290][355]LogModuleManager: Shutting down and abandoning module Engine (6)
[2015.04.02-13.09.01:290][355]LogModuleManager: Shutting down and abandoning module CoreUObject (5)
[2015.04.02-13.09.01:291][355]LogModuleManager: Shutting down and abandoning module NetworkFile (4)
[2015.04.02-13.09.01:292][355]LogModuleManager: Shutting down and abandoning module StreamingFile (3)
[2015.04.02-13.09.01:292][355]LogModuleManager: Shutting down and abandoning module SandboxFile (2)
[2015.04.02-13.09.01:292][355]LogModuleManager: Shutting down and abandoning module PakFile (1)
[2015.04.02-13.09.01:295][355]LogExit: Exiting.
[2015.04.02-13.09.01:320][355]Log file closed, 04/02/15 09:09:01
