Log file open, 03/03/15 13:39:53
LogInit:Display: Running engine for game: SpaceShooter
LogInit: Version: 4.4.3-2296771+++depot+UE4-Releases+4.4
LogInit: API Version: 2255576
LogInit: Compiled (64-bit): Sep 13 2014 22:30:58
LogInit: Build Configuration: Development
LogInit: Branch Name: ++depot+UE4-Releases+4.4
LogInit: Command line: 
LogInit: Base directory: C:/Program Files/Unreal Engine/4.4/Engine/Binaries/Win64/
LogInit: Rocket: 1
[2015.03.03-18.39.53:356][  0]LogTaskGraph: Started task graph with 3 named threads and 4 total threads.
[2015.03.03-18.39.53:385][  0]LogOnline:Warning: No default platform service specified for OnlineSubsystem
[2015.03.03-18.39.53:396][  0]LogInit: Presizing for 0 objects not considered by GC, pre-allocating 0 bytes.
[2015.03.03-18.39.53:404][  0]LogInit: Object subsystem initialized
[2015.03.03-18.39.53:407][  0]LogInit: Selected Device Profile: [Windows]
[2015.03.03-18.39.53:407][  0]LogInit: Applying CVar settings loaded from the selected device profile: [Windows]
[2015.03.03-18.39.53:412][  0]LogInit: Computer: C401IT35
[2015.03.03-18.39.53:413][  0]LogInit: User: npham
[2015.03.03-18.39.53:414][  0]LogInit: CPU Page size=4096, Cores=4
[2015.03.03-18.39.53:414][  0]LogInit: High frequency timer resolution =2.741230 MHz
[2015.03.03-18.39.53:414][  0]LogMemory: Memory total: Physical=6.0GB (6GB approx) Virtual=8192.0GB
[2015.03.03-18.39.53:415][  0]LogMemory: Platform Memory Stats for Windows
[2015.03.03-18.39.53:415][  0]LogMemory: Process Physical Memory: 60.73 MB used, 60.73 MB peak
[2015.03.03-18.39.53:416][  0]LogMemory: Process Virtual Memory: 36.23 MB used, 36.23 MB peak
[2015.03.03-18.39.53:416][  0]LogMemory: Physical Memory: 4332.50 MB used, 6134.93 MB total
[2015.03.03-18.39.53:416][  0]LogMemory: Virtual Memory: 256.68 MB used, 8388608.00 MB total
[2015.03.03-18.39.53:493][  0]LogD3D11RHI: Found D3D11 adapter 0: NVIDIA GeForce GTX 260   (Feature Level 10_0)
[2015.03.03-18.39.53:494][  0]LogD3D11RHI: Adapter has 1767MB of dedicated video memory, 0MB of dedicated system memory, and 2303MB of shared system memory, 1 output[s]
[2015.03.03-18.39.53:494][  0]LogD3D11RHI: Chosen D3D11 Adapter Id = 0
[2015.03.03-18.39.53:499][  0]LogRHI: Texture pool is 1237 MB (70% of 1767 MB)
[2015.03.03-18.39.53:531][  0]LogD3D11RHI: Async texture creation enabled
[2015.03.03-18.39.53:687][  0]LogContentStreaming: Texture pool size is 0.000000MB
[2015.03.03-18.39.55:349][  0]LogTargetPlatformManager:Display: Building Assets For Windows
[2015.03.03-18.39.55:773][  0]LogTargetPlatformManager:Display: Building Assets For Windows
[2015.03.03-18.39.55:821][  0]LogDerivedDataCache:Display: Max Cache Size: 512 MB
[2015.03.03-18.39.55:864][  0]LogDerivedDataCache: Loaded boot cache 0.04s 36MB C:/Users/npham/AppData/Local/UnrealEngine/4.4/DerivedDataCache/Boot.ddc.
[2015.03.03-18.39.55:865][  0]LogDerivedDataCache:Display: Loaded Boot cache: C:/Users/npham/AppData/Local/UnrealEngine/4.4/DerivedDataCache/Boot.ddc
[2015.03.03-18.39.55:865][  0]LogDerivedDataCache: FDerivedDataBackendGraph:  Pak pak cache file ../../../../../../Users/npham/Desktop/SpaceShooter/SpaceShooter/DerivedDataCache/DDC.ddp not found, will not use a pak cache.
[2015.03.03-18.39.55:865][  0]LogDerivedDataCache: Unable to find inner node Pak for hierarchical cache Hierarchy.
[2015.03.03-18.39.55:884][  0]LogDerivedDataCache:Display: Pak cache opened for reading ../../../Engine/DerivedDataCache/DDC.ddp.
[2015.03.03-18.39.55:896][  0]LogDerivedDataCache: Using Local data cache path C:/Users/npham/AppData/Local/UnrealEngine/4.4/DerivedDataCache: Writable
[2015.03.03-18.39.56:064][  0]LogMeshUtilities: No automatic mesh reduction module available
[2015.03.03-18.39.56:064][  0]LogMeshUtilities: No automatic mesh merging module available
[2015.03.03-18.39.56:405][  0]LogInit: WinSock: version 1.1 (2.2), MaxSocks=32767, MaxUdp=65467
[2015.03.03-18.39.57:210][  0]LogStats:Warning: MetaData mismatch. Did you assign a stat to two groups? New //STATGROUP_Threads//FMonitoredProcess///Thread_2020_0///////STATCAT_Advanced//// old //STATGROUP_Threads//FMonitoredProcess///Thread_2124_0///////STATCAT_Advanced////
[2015.03.03-18.39.57:210][  0]UdpMessaging: Initializing bridge on interface 0.0.0.0:0 to multicast group 230.0.0.1:6666.
[2015.03.03-18.39.57:292][  0]LogPackageName:Error: DoesPackageExist: DoesPackageExist FAILED: 'Game/ExampleContent/Input_Examples/Blueprints/BP_Pixel_Ship_Player' is not a standard unreal filename or a long path name. Reason: Path should start with a '/'
[2015.03.03-18.39.57:292][  0]LogLinker:Warning: Can't find file 'Game/ExampleContent/Input_Examples/Blueprints/BP_Pixel_Ship_Player'
[2015.03.03-18.39.57:293][  0]LogPackageName:Error: DoesPackageExist: DoesPackageExist FAILED: 'Game/ExampleContent/Input_Examples/Blueprints/BP_Pixel_Ship_Player' is not a standard unreal filename or a long path name. Reason: Path should start with a '/'
[2015.03.03-18.39.57:293][  0]LogLinker:Warning: Can't find file 'Game/ExampleContent/Input_Examples/Blueprints/BP_Pixel_Ship_Player'
[2015.03.03-18.39.57:294][  0]LogUObjectGlobals:Warning: Failed to find object 'Class Game/ExampleContent/Input_Examples/Blueprints/BP_Pixel_Ship_Player.BP_Pixel_Ship_Player'
[2015.03.03-18.39.57:294][  0]Error: CDO Constructor: Failed to find Game/ExampleContent/Input_Examples/Blueprints/BP_Pixel_Ship_Player.BP_Pixel_Ship_Player
[2015.03.03-18.39.57:295][  0]LogUObjectBase:Warning: -------------- Default Property warnings and errors:
[2015.03.03-18.39.57:295][  0]LogUObjectBase:Warning: Error: CDO Constructor: Failed to find Game/ExampleContent/Input_Examples/Blueprints/BP_Pixel_Ship_Player.BP_Pixel_Ship_Player
[2015.03.03-18.40.18:527][  0]SourceControl: Info Source control is disabled
[2015.03.03-18.40.18:528][  0]SourceControl: Info Source control is disabled
[2015.03.03-18.40.18:534][  0]SourceControl: Info Source control is disabled
[2015.03.03-18.40.18:727][  0]BlueprintLog: New page: Editor Load
[2015.03.03-18.40.18:832][  0]LogObj: 21466 objects as part of root set at end of initial load.
[2015.03.03-18.40.18:832][  0]LogUObjectAllocator: 4236128 out of 0 bytes used by permanent object pool.
[2015.03.03-18.40.19:019][  0]LogEngine: Initializing Engine...
[2015.03.03-18.40.19:117][  0]LogInit: XAudio2 using 'Digital Audio (HDMI) (2- High Definition Audio Device)' : 2 channels at 44.1 kHz using 16 bits per sample (channel mask 0x3)
[2015.03.03-18.40.19:134][  0]LogInit: FAudioDevice initialized.
[2015.03.03-18.40.19:152][  0]LogAIModule: Creating AISystem for world NewWorld
[2015.03.03-18.40.19:175][  0]LogDerivedDataCache: Saved boot cache 0.02s 36MB C:/Users/npham/AppData/Local/UnrealEngine/4.4/DerivedDataCache/Boot.ddc.
[2015.03.03-18.40.19:182][  0]LogInit: Texture streaming: Enabled
[2015.03.03-18.40.19:213][  0]LogInit: Transaction tracking system initialized
[2015.03.03-18.40.19:346][  0]LogAssetRegistry: FAssetRegistry took 0.0107 seconds to start up
[2015.03.03-18.40.19:787][  0]LogTargetPlatformManager:Display: Building Assets For Windows
[2015.03.03-18.40.20:080][  0]LogTargetPlatformManager:Display: Building Assets For Windows
[2015.03.03-18.40.20:235][  0]LogConsoleResponse:Display: 
[2015.03.03-18.40.20:405][  0]LogStats:Warning: MetaData mismatch. Did you assign a stat to two groups? New //STATGROUP_Threads//FMonitoredProcess///Thread_1df0_0///////STATCAT_Advanced//// old //STATGROUP_Threads//FMonitoredProcess///Thread_2124_0///////STATCAT_Advanced////
[2015.03.03-18.40.20:405][  0]LogStats:Warning: MetaData mismatch. Did you assign a stat to two groups? New //STATGROUP_Threads//FMonitoredProcess///Thread_10d0_0///////STATCAT_Advanced//// old //STATGROUP_Threads//FMonitoredProcess///Thread_2124_0///////STATCAT_Advanced////
[2015.03.03-18.40.20:405][  0]SourceControl: Info Source control is disabled
[2015.03.03-18.40.20:405][  0]Cmd: MAP LOAD FILE="../../../Engine/Content/Maps/Templates/Template_Default.umap" TEMPLATE=1 SHOWPROGRESS=1
[2015.03.03-18.40.20:406][  0]LightingResults: New page: Lighting Build
[2015.03.03-18.40.20:415][  0]MapCheck: New page: Map Check
[2015.03.03-18.