Log file open, 02/05/15 10:17:58
LogInit:Display: Running engine for game: SpaceShooter
LogInit: Version: 4.4.3-2296771+++depot+UE4-Releases+4.4
LogInit: API Version: 2255576
LogInit: Compiled (64-bit): Sep 13 2014 22:30:58
LogInit: Build Configuration: Development
LogInit: Branch Name: ++depot+UE4-Releases+4.4
LogInit: Command line: 
LogInit: Base directory: C:/Program Files/Unreal Engine/4.4/Engine/Binaries/Win64/
LogInit: Rocket: 1
[2015.02.05-15.17.58:542][  0]LogTaskGraph: Started task graph with 3 named threads and 4 total threads.
[2015.02.05-15.17.58:568][  0]LogOnline:Warning: No default platform service specified for OnlineSubsystem
[2015.02.05-15.17.58:575][  0]LogInit: Presizing for 0 objects not considered by GC, pre-allocating 0 bytes.
[2015.02.05-15.17.58:583][  0]LogInit: Object subsystem initialized
[2015.02.05-15.17.58:586][  0]LogInit: Selected Device Profile: [Windows]
[2015.02.05-15.17.58:586][  0]LogInit: Applying CVar settings loaded from the selected device profile: [Windows]
[2015.02.05-15.17.58:591][  0]LogInit: Computer: C401IT27
[2015.02.05-15.17.58:592][  0]LogInit: User: npham
[2015.02.05-15.17.58:592][  0]LogInit: CPU Page size=4096, Cores=4
[2015.02.05-15.17.58:592][  0]LogInit: High frequency timer resolution =2.741240 MHz
[2015.02.05-15.17.58:592][  0]LogMemory: Memory total: Physical=6.0GB (6GB approx) Virtual=8192.0GB
[2015.02.05-15.17.58:593][  0]LogMemory: Platform Memory Stats for Windows
[2015.02.05-15.17.58:593][  0]LogMemory: Process Physical Memory: 62.19 MB used, 62.19 MB peak
[2015.02.05-15.17.58:593][  0]LogMemory: Process Virtual Memory: 38.29 MB used, 38.29 MB peak
[2015.02.05-15.17.58:593][  0]LogMemory: Physical Memory: 4123.88 MB used, 6134.93 MB total
[2015.02.05-15.17.58:593][  0]LogMemory: Virtual Memory: 260.68 MB used, 8388608.00 MB total
[2015.02.05-15.17.58:628][  0]LogD3D11RHI: Found D3D11 adapter 0: NVIDIA GeForce GTX 260   (Feature Level 10_0)
[2015.02.05-15.17.58:628][  0]LogD3D11RHI: Adapter has 1767MB of dedicated video memory, 0MB of dedicated system memory, and 2303MB of shared system memory, 1 output[s]
[2015.02.05-15.17.58:628][  0]LogD3D11RHI: Chosen D3D11 Adapter Id = 0
[2015.02.05-15.17.58:633][  0]LogRHI: Texture pool is 1237 MB (70% of 1767 MB)
[2015.02.05-15.17.58:640][  0]LogD3D11RHI: Async texture creation enabled
[2015.02.05-15.17.58:751][  0]LogContentStreaming: Texture pool size is 0.000000MB
[2015.02.05-15.18.00:307][  0]LogTargetPlatformManager:Display: Building Assets For Windows
[2015.02.05-15.18.00:647][  0]LogTargetPlatformManager:Display: Building Assets For Windows
[2015.02.05-15.18.00:683][  0]LogDerivedDataCache:Display: Max Cache Size: 512 MB
[2015.02.05-15.18.00:718][  0]LogDerivedDataCache: Loaded boot cache 0.03s 34MB C:/Users/npham/AppData/Local/UnrealEngine/4.4/DerivedDataCache/Boot.ddc.
[2015.02.05-15.18.00:718][  0]LogDerivedDataCache:Display: Loaded Boot cache: C:/Users/npham/AppData/Local/UnrealEngine/4.4/DerivedDataCache/Boot.ddc
[2015.02.05-15.18.00:718][  0]LogDerivedDataCache: FDerivedDataBackendGraph:  Pak pak cache file ../../../../../../Users/npham/Documents/GitHub/SpaceShooter/SpaceShooter/DerivedDataCache/DDC.ddp not found, will not use a pak cache.
[2015.02.05-15.18.00:718][  0]LogDerivedDataCache: Unable to find inner node Pak for hierarchical cache Hierarchy.
[2015.02.05-15.18.00:738][  0]LogDerivedDataCache:Display: Pak cache opened for reading ../../../Engine/DerivedDataCache/DDC.ddp.
[2015.02.05-15.18.00:749][  0]LogDerivedDataCache: Using Local data cache path C:/Users/npham/AppData/Local/UnrealEngine/4.4/DerivedDataCache: Writable
[2015.02.05-15.18.00:908][  0]LogMeshUtilities: No automatic mesh reduction module available
[2015.02.05-15.18.00:908][  0]LogMeshUtilities: No automatic mesh merging module available
[2015.02.05-15.18.01:232][  0]LogInit: WinSock: version 1.1 (2.2), MaxSocks=32767, MaxUdp=65467
[2015.02.05-15.18.02:035][  0]LogStats:Warning: MetaData mismatch. Did you assign a stat to two groups? New //STATGROUP_Threads//FMonitoredProcess///Thread_c10_0///////STATCAT_Advanced//// old //STATGROUP_Threads//FMonitoredProcess///Thread_1e7c_0///////STATCAT_Advanced////
[2015.02.05-15.18.02:035][  0]UdpMessaging: Initializing bridge on interface 0.0.0.0:0 to multicast group 230.0.0.1:6666.
[2015.02.05-15.18.02:132][  0]SourceControl: Info Source control is disabled
[2015.02.05-15.18.02:132][  0]SourceControl: Info Source control is disabled
[2015.02.05-15.18.02:137][  0]SourceControl: Info Source control is disabled
[2015.02.05-15.18.02:285][  0]BlueprintLog: New page: Editor Load
[2015.02.05-15.18.02:361][  0]LogObj: 21438 objects as part of root set at end of initial load.
[2015.02.05-15.18.02:361][  0]LogUObjectAllocator: 4218648 out of 0 bytes used by permanent object pool.
[2015.02.05-15.18.02:532][  0]LogEngine: Initializing Engine...
[2015.02.05-15.18.02:624][  0]LogInit: XAudio2 using 'Digital Audio (HDMI) (2- High Definition Audio Device)' : 2 channels at 44.1 kHz using 16 bits per sample (channel mask 0x3)
[2015.02.05-15.18.02:637][  0]LogInit: FAudioDevice initialized.
[2015.02.05-15.18.02:651][  0]LogAIModule: Creating AISystem for world NewWorld
[2015.02.05-15.18.02:672][  0]LogDerivedDataCache: Saved boot cache 0.02s 34MB C:/Users/npham/AppData/Local/UnrealEngine/4.4/DerivedDataCache/Boot.ddc.
[2015.02.05-15.18.02:678][  0]LogInit: Texture streaming: Enabled
[2015.02.05-15.18.02:711][  0]LogInit: Transaction tracking system initialized
[2015.02.05-15.18.02:800][  0]LogAssetRegistry: FAssetRegistry took 0.0099 seconds to start up
[2015.02.05-15.18.03:181][  0]LogTargetPlatformManager:Display: Building Assets For Windows
[2015.02.05-15.18.03:467][  0]LogTargetPlatformManager:Display: Building Assets For Windows
[2015.02.05-15.18.03:572][  0]LogConsoleResponse:Display: 
[2015.02.05-15.18.03:713][  0]LogStats:Warning: MetaData mismatch. Did you assign a stat to two groups? New //STATGROUP_Threads//FMonitoredProcess///Thread_748_0///////STATCAT_Advanced//// old //STATGROUP_Threads//FMonitoredProcess///Thread_1e7c_0///////STATCAT_Advanced////
[2015.02.05-15.18.03:713][  0]LogStats:Warning: MetaData mismatch. Did you assign a stat to two groups? New //STATGROUP_Threads//FMonitoredProcess///Thread_1eac_0///////STATCAT_Advanced//// old //STATGROUP_Threads//FMonitoredProcess///Thread_1e7c_0///////STATCAT_Advanced////
[2015.02.05-15.18.03:713][  0]SourceControl: Info Source control is disabled
[2015.02.05-15.18.03:713][  0]Cmd: MAP LOAD FILE="../../../Engine/Content/Maps/Templates/Template_Default.umap" TEMPLATE=1 SHOWPROGRESS=1
[2015.02.05-15.18.03:713][  0]LightingResults: New page: Lighting Build
[2015.02.05-15.18.03:720][  0]MapCheck: New page: Map Check
[2015.02.05-15.18.03:720][  0]LightingResults: New page: Lighting Build
[2015.02.05-15.18.03:733][  0]LogParticles: Destroying 0 GPU particle simulations for FXSystem 0x00000000158C85E0
[2015.02.05-15.18.03:909][  0]LogEditorServer: Finished looking for orphan Actors (0.000 secs)
[2015.02.05-15.18.03:909][  0]LogAIModule: Creating AISystem for world Template_Default
[2015.02.05-15.18.03:909][  0]Cmd: MAP CHECKDEP
[2015.02.05-15.18.03:909][  0]MapCheck: New page: Untitled_1 - Feb 5, 2015, 5:18:03 AM
[2015.02.05-15.18.03:960][  0]MapCheck: Info ========== Map Check: 0 Error(s), 0 Warning(s), [50.244ms] ==========
[2015.02.05-15.18.03:960][  0]LogFileHelpers: Loading map 'Template_Default' took 0.246
[2015.02.05-15.18.04:038][  0]LogCollectionManager: Loaded 0 collections in 0.000906 seconds
[2015.02.05-15.18.04:104][  0]LogCrashTracker: Crashtracker disabled due to settings.
[2015.02.05-15.18.04:146][  0]LogLoad: Full Startup: 7.27 seconds (BP compile: 0.06 seconds)
[2015.02.05-15.18.04:303][  0]LogRenderer:Warning: Reallocating scene render targets to support 1136x896.
[2015.02.05-15.18.04:443][  1]LogAssetRegistry: Asset discovery search completed in 1.6483 seconds
[2015.02.05-15.22.49:609][247]Cmd: QUIT_EDITOR
[2015.02.05-15.22.49:752][247]LogWindowsTextInputMethodSystem:Error: Terminating failed while unadvising the language notification sink from the TSF source.
[2015.02.05-15.22.49:753][247]LogExit: Preparing to exit.
[2015.02.05-15.22.50:299][247]LogExit: Editor shut down
[2015.02.05-15.22.50:299][247]LogExit: Transaction tracking system shut down
[2015.02.05-15.22.50:300][247]LogParticles: Destroying 0 GPU particle simulations for FXSystem 0x000000000F8FF100
[2015.02.05-15.22.50:316][247]LogExit: Object subsystem successfully closed.
[2015.02.05-15.22.50:345][247]LogModuleManager: Shutting down and abandoning module AndroidDeviceDetection (161)
[2015.02.05-15.22.50:345][247]LogModuleManager: Shutting down and abandoning module HTTP (160)
[2015.02.05-15.22.50:345][247]LogModuleManager: Shutting down and abandoning module CrashTracker (159)
[2015.02.05-15.22.50:345][247]LogModuleManager: Shutting down and abandoning module SuperSearch (158)
[2015.02.05-15.22.50:345][247]LogModuleManager: Shutting down and abandoning module SceneOutliner (157)
[2015.02.05-15.22.50:345][247]LogModuleManager: Shutting down and abandoning module EditorWidgets (156)
[2015.02.05-15.22.50:345][247]LogModuleManager: Shutting down and abandoning module CollectionManager (155)
[2015.02.05-15.22.50:345][247]LogModuleManager: Shutting down and abandoning module StatsViewer (154)
[2015.02.05-15.22.50:345][247]LogModuleManager: Shutting down and abandoning module FoliageEdit (153)
[2015.02.05-15.22.50:345][247]LogModuleManager: Shutting down and abandoning module LandscapeEditor (152)
[2015.02.05-15.22.50:346][247]LogModuleManager: Shutting down and abandoning module MeshPaint (151)
[2015.02.05-15.22.50:346][247]LogModuleManager: Shutting down and abandoning module ActorPickerMode (150)
[2015.02.05-15.22.50:346][247]LogModuleManager: Shutting down and abandoning module GeometryMode (149)
[2015.02.05-15.22.50:346][247]LogModuleManager: Shutting down and abandoning module TextureAlignMode (148)
[2015.02.05-15.22.50:346][247]LogModuleManager: Shutting down and abandoning module BspMode (147)
[2015.02.05-15.22.50:346][247]LogModuleManager: Shutting down and abandoning module PlacementMode (146)
[2015.02.05-15.22.50:346][247]LogModuleManager: Shutting down and abandoning module AutomationWorker (145)
[2015.02.05-15.22.50:346][247]LogModuleManager: Shutting down and abandoning module EditorLiveStreaming (144)
[2015.02.05-15.22.50:346][247]LogModuleManager: Shutting down and abandoning module BehaviorTreeEditor (143)
[2015.02.05-15.22.50:346][247]LogModuleManager: Shutting down and abandoning module DeviceProfileEditor (142)
[2015.02.05-15.22.50:346][247]LogModuleManager: Shutting down and abandoning module UndoHistory (141)
[2015.02.05-15.22.50:346][247]LogModuleManager: Shutting down and abandoning module GameplayTagsEditor (140)
[2015.02.05-15.22.50:346][247]LogModuleManager: Shutting down and abandoning module UserFeedback (139)
[2015.02.05-15.22.50:346][247]LogModuleManager: Shutting down and abandoning module XmlParser (138)
[2015.02.05-15.22.50:346][247]LogModuleManager: Shutting down and abandoning module Blutility (137)
[2015.02.05-15.22.50:346][247]LogModuleManager: Shutting down and abandoning module IOSPlatformEditor (136)
[2015.02.05-15.22.50:346][247]LogModuleManager: Shutting down and abandoning module IOSRuntimeSettings (135)
[2015.02.05-15.22.50:346][247]LogModuleManager: Shutting down and abandoning module AndroidPlatformEditor (134)
[2015.02.05-15.22.50:346][247]LogModuleManager: Shutting down and abandoning module AndroidRuntimeSettings (133)
[2015.02.05-15.22.50:346][247]LogModuleManager: Shutting down and abandoning module ProjectTargetPlatformEditor (132)
[2015.02.05-15.22.50:346][247]LogModuleManager: Shutting down and abandoning module ProjectSettingsViewer (131)
[2015.02.05-15.22.50:346][247]LogModuleManager: Shutting down and abandoning module InputBindingEditor (130)
[2015.02.05-15.22.50:346][247]LogModuleManager: Shutting down and abandoning module EditorSettingsViewer (129)
[2015.02.05-15.22.50:346][247]LogModuleManager: Shutting down and abandoning module SettingsEditor (128)
[2015.02.05-15.22.50:346][247]LogModuleManager: Shutting down and abandoning module SessionLauncher (127)
[2015.02.05-15.22.50:346][247]LogModuleManager: Shutting down and abandoning module SessionFrontend (126)
[2015.02.05-15.22.50:346][247]LogModuleManager: Shutting down and abandoning module ProfilerClient (125)
[2015.02.05-15.22.50:346][247]LogModuleManager: Shutting down and abandoning module TargetDeviceServices (124)
[2015.02.05-15.22.50:346][247]LogModuleManager: Shutting down and abandoning module DeviceManager (123)
[2015.02.05-15.22.50:346][247]LogModuleManager: Shutting down and abandoning module AutomationController (122)
[2015.02.05-15.22.50:346][247]LogModuleManager: Shutting down and abandoning module AutomationWindow (121)
[2015.02.05-15.22.50:346][247]LogModuleManager: Shutting down and abandoning module Layers (120)
[2015.02.05-15.22.50:346][247]LogModuleManager: Shutting down and abandoning module ComponentVisualizers (119)
[2015.02.05-15.22.50:346][247]LogModuleManager: Shutting down and abandoning module DetailCustomizations (118)
[2015.02.05-15.22.50:346][247]LogModuleManager: Shutting down and abandoning module PackagesDialog (117)
[2015.02.05-15.22.50:346][247]LogModuleManager: Shutting down and abandoning module DirectoryWatcher (116)
[2015.02.05-15.22.50:347][247]LogModuleManager: Shutting down and abandoning module AssetRegistry (115)
[2015.02.05-15.22.50:388][247]LogModuleManager: Shutting down and abandoning module Persona (114)
[2015.02.05-15.22.50:388][247]LogModuleManager: Shutting down and abandoning module GraphEditor (113)
[2015.02.05-15.22.50:388][247]LogModuleManager: Shutting down and abandoning module ClassViewer (112)
[2015.02.05-15.22.50:388][247]LogModuleManager: Shutting down and abandoning module Toolbox (111)
[2015.02.05-15.22.50:388][247]LogModuleManager: Shutting down and abandoning module ModuleUI (110)
[2015.02.05-15.22.50:388][247]LogModuleManager: Shutting down and abandoning module Sequencer (109)
[2015.02.05-15.22.50:388][247]LogModuleManager: Shutting down and abandoning module MovieSceneTools (108)
[2015.02.05-15.22.50:388][247]LogModuleManager: Shutting down and abandoning module OutputLog (107)
[2015.02.05-15.22.50:388][247]LogModuleManager: Shutting down and abandoning module GammaUI (106)
[2015.02.05-15.22.50:388][247]LogModuleManager: Shutting down and abandoning module Documentation (105)
[2015.02.05-15.22.50:388][247]LogModuleManager: Shutting down and abandoning module GameLiveStreaming (104)
[2015.02.05-15.22.50:388][247]LogModuleManager: Shutting down and abandoning module DesktopPlatform (103)
[2015.02.05-15.22.50:388][247]LogModuleManager: Shutting down and abandoning module StreamingPauseRendering (102)
[2015.02.05-15.22.50:388][247]LogModuleManager: Shutting down and abandoning module AnalyticsET (101)
[2015.02.05-15.22.50:389][247]LogModuleManager: Shutting down and abandoning module Analytics (100)
[2015.02.05-15.22.50:389][247]LogModuleManager: Shutting down and abandoning module GameplayDebugger (99)
[2015.02.05-15.22.50:389][247]LogModuleManager: Shutting down and abandoning module AIModule (98)
[2015.02.05-15.22.50:389][247]LogModuleManager: Shutting down and abandoning module ProfilerService (97)
[2015.02.05-15.22.50:596][247]LogModuleManager: Shutting down and abandoning module TaskGraph (96)
[2015.02.05-15.22.50:596][247]LogModuleManager: Shutting down and abandoning module SlateRemote (95)
[2015.02.05-15.22.50:596][247]LogModuleManager: Shutting down and abandoning module ScriptEditorPlugin (94)
[2015.02.05-15.22.50:596][247]LogModuleManager: Shutting down and abandoning module CustomMeshComponent (93)
[2015.02.05-15.22.50:596][247]LogModuleManager: Shutting down and abandoning module CableComponent (92)
[2015.02.05-15.22.50:596][247]LogModuleManager: Shutting down and abandoning module MessagingDebugger (91)
[2015.02.05-15.22.50:596][247]LogModuleManager: Shutting down and abandoning module ViewportSnapping (90)
[2015.02.05-15.22.50:596][247]LogModuleManager: Shutting down and abandoning module SmartSnapping (89)
[2015.02.05-15.22.50:596][247]LogModuleManager: Shutting down and abandoning module PaperTiledImporter (88)
[2015.02.05-15.22.50:596][247]LogModuleManager: Shutting down and abandoning module PaperJsonImporter (87)
[2015.02.05-15.22.50:596][247]LogModuleManager: Shutting down and abandoning module GameProjectGeneration (86)
[2015.02.05-15.22.50:596][247]LogModuleManager: Shutting down and abandoning module Matinee (85)
[2015.02.05-15.22.50:596][247]LogModuleManager: Shutting down and abandoning module Kismet (84)
[2015.02.05-15.22.50:596][247]LogModuleManager: Shutting down and abandoning module SlateReflector (83)
[2015.02.05-15.22.50:596][247]LogModuleManager: Shutting down and abandoning module LevelEditor (82)
[2015.02.05-15.22.50:597][247]LogModuleManager: Shutting down and abandoning module IntroTutorials (81)
[2015.02.05-15.22.50:597][247]LogModuleManager: Shutting down and abandoning module ContentBrowser (80)
[2015.02.05-15.22.50:597][247]LogModuleManager: Shutting down and abandoning module PropertyEditor (79)
[2015.02.05-15.22.50:597][247]LogModuleManager: Shutting down and abandoning module AssetTools (78)
[2015.02.05-15.22.50:597][247]LogModuleManager: Shutting down and abandoning module Paper2DEditor (77)
[2015.02.05-15.22.50:597][247]LogModuleManager: Shutting down and abandoning module SpeedTreeImporter (76)
[2015.02.05-15.22.50:597][247]LogModuleManager: Shutting down and abandoning module PluginsEditor (75)
[2015.02.05-15.22.50:597][247]LogModuleManager: Shutting down and abandoning module MainFrame (74)
[2015.02.05-15.22.50:597][247]LogModuleManager: Shutting down and abandoning module EpicSurvey (73)
[2015.02.05-15.22.50:597][247]LogModuleManager: Shutting down and abandoning module VisualStudioSourceCodeAccess (72)
[2015.02.05-15.22.50:597][247]LogModuleManager: Shutting down and abandoning module UObjectPlugin (71)
[2015.02.05-15.22.50:597][247]LogModuleManager: Shutting down and abandoning module SubversionSourceControl (70)
[2015.02.05-15.22.50:597][247]LogModuleManager: Shutting down and abandoning module SourceControl (69)
[2015.02.05-15.22.50:597][247]LogModuleManager: Shutting down and abandoning module PerforceSourceControl (68)
[2015.02.05-15.22.50:597][247]LogModuleManager: Shutting down and abandoning module BlankPlugin (67)
[2015.02.05-15.22.50:597][247]LogModuleManager: Shutting down and abandoning module ScriptPlugin (66)
[2015.02.05-15.22.50:597][247]LogModuleManager: Shutting down and abandoning module UdpMessaging (65)
[2015.02.05-15.22.50:697][247]LogModuleManager: Shutting down and abandoning module Paper2D (64)
[2015.02.05-15.22.50:697][247]LogModuleManager: Shutting down and abandoning module WindowsMoviePlayer (63)
[2015.02.05-15.22.50:699][247]LogModuleManager: Shutting down and abandoning module ImageWrapper (62)
[2015.02.05-15.22.50:699][247]LogModuleManager: Shutting down and abandoning module OnlineBlueprintSupport (61)
[2015.02.05-15.22.50:699][247]LogModuleManager: Shutting down and abandoning module FunctionalTesting (60)
[2015.02.05-15.22.50:699][247]LogModuleManager: Shutting down and abandoning module CollisionAnalyzer (59)
[2015.02.05-15.22.50:699][247]LogModuleManager: Shutting down and abandoning module WorkspaceMenuStructure (58)
[2015.02.05-15.22.50:699][247]LogModuleManager: Shutting down and abandoning module MessageLog (57)
[2015.02.05-15.22.50:699][247]LogModuleManager: Shutting down and abandoning module UMGEditor (56)
[2015.02.05-15.22.50:699][247]LogModuleManager: Shutting down and abandoning module UMG (55)
[2015.02.05-15.22.50:699][247]LogModuleManager: Shutting down and abandoning module Slate (54)
[2015.02.05-15.22.50:699][247]LogModuleManager: Shutting down and abandoning module EditorStyle (53)
[2015.02.05-15.22.50:700][247]LogModuleManager: Shutting down and abandoning module SessionServices (52)
[2015.02.05-15.22.50:700][247]LogModuleManager: Shutting down and abandoning module SourceCodeAccess (51)
[2015.02.05-15.22.50:700][247]LogModuleManager: Shutting down and abandoning module HeadMountedDisplay (50)
[2015.02.05-15.22.50:700][247]LogModuleManager: Shutting down and abandoning module XAudio2 (49)
[2015.02.05-15.22.50:700][247]LogModuleManager: Shutting down and abandoning module Networking (47)
[2015.02.05-15.22.50:700][247]LogModuleManager: Shutting down and abandoning module Core (46)
[2015.02.05-15.22.50:700][247]LogModuleManager: Shutting down and abandoning module KismetCompiler (45)
[2015.02.05-15.22.50:700][247]LogModuleManager: Shutting down and abandoning module PhysXFormats (44)
[2015.02.05-15.22.50:700][247]LogModuleManager: Shutting down and abandoning module MeshUtilities (43)
[2015.02.05-15.22.50:700][247]LogModuleManager: Shutting down and abandoning module DerivedDataCache (42)
[2015.02.05-15.22.50:752][247]LogDerivedDataCache: Shutdown
[2015.02.05-15.22.50:752][247]LogModuleManager: Shutting down and abandoning module ShaderFormatOpenGL (41)
[2015.02.05-15.22.50:752][247]LogModuleManager: Shutting down and abandoning module ShaderFormatD3D (40)
[2015.02.05-15.22.50:752][247]LogModuleManager: Shutting down and abandoning module MetalShaderFormat (39)
[2015.02.05-15.22.50:752][247]LogModuleManager: Shutting down and abandoning module TextureFormatUncompressed (38)
[2015.02.05-15.22.50:752][247]LogModuleManager: Shutting down and abandoning module TextureFormatPVR (37)
[2015.02.05-15.22.50:752][247]LogModuleManager: Shutting down and abandoning module TextureFormatDXT (36)
[2015.02.05-15.22.50:752][247]LogModuleManager: Shutting down and abandoning module TextureFormatAndroid (35)
[2015.02.05-15.22.50:752][247]LogModuleManager: Shutting down and abandoning module AudioFormatOpus (34)
[2015.02.05-15.22.50:752][247]LogModuleManager: Shutting down and abandoning module AudioFormatOgg (33)
[2015.02.05-15.22.50:752][247]LogModuleManager: Shutting down and abandoning module AudioFormatADPCM (32)
[2015.02.05-15.22.50:752][247]LogModuleManager: Shutting down and abandoning module Messaging (31)
[2015.02.05-15.22.50:752][247]LogModuleManager: Shutting down and abandoning module IOSTargetPlatform (30)
[2015.02.05-15.22.50:752][247]LogModuleManager: Shutting down and abandoning module Android_PVRTCTargetPlatform (29)
[2015.02.05-15.22.50:752][247]LogModuleManager: Shutting down and abandoning module Android_ETC2TargetPlatform (28)
[2015.02.05-15.22.50:752][247]LogModuleManager: Shutting down and abandoning module Android_ETC1TargetPlatform (27)
[2015.02.05-15.22.50:752][247]LogModuleManager: Shutting down and abandoning module Android_DXTTargetPlatform (26)
[2015.02.05-15.22.50:752][247]LogModuleManager: Shutting down and abandoning module Android_ATCTargetPlatform (25)
[2015.02.05-15.22.50:752][247]LogModuleManager: Shutting down and abandoning module AndroidTargetPlatform (24)
[2015.02.05-15.22.50:752][247]LogModuleManager: Shutting down and abandoning module WindowsTargetPlatform (23)
[2015.02.05-15.22.50:752][247]LogModuleManager: Shutting down and abandoning module WindowsServerTargetPlatform (22)
[2015.02.05-15.22.50:752][247]LogModuleManager: Shutting down and abandoning module WindowsNoEditorTargetPlatform (21)
[2015.02.05-15.22.50:752][247]LogModuleManager: Shutting down and abandoning module WindowsClientTargetPlatform (20)
[2015.02.05-15.22.50:752][247]LogModuleManager: Shutting down and abandoning module TargetPlatform (19)
[2015.02.05-15.22.50:752][247]LogModuleManager: Shutting down and abandoning module InputCore (18)
[2015.02.05-15.22.50:752][247]LogModuleManager: Shutting down and abandoning module Settings (17)
[2015.02.05-15.22.50:752][247]LogModuleManager: Shutting down and abandoning module ExampleDeviceProfileSelector (14)
[2015.02.05-15.22.50:752][247]LogModuleManager: Shutting down and abandoning module OculusRift (13)
[2015.02.05-15.22.50:752][247]LogModuleManager: Shutting down and abandoning module TextureCompressor (12)
[2015.02.05-15.22.50:752][247]LogModuleManager: Shutting down and abandoning module ShaderCore (11)
[2015.02.05-15.22.50:752][247]LogModuleManager: Shutting down and abandoning module OpenGLDrv (10)
[2015.02.05-15.22.50:752][247]LogModuleManager: Shutting down and abandoning module D3D11RHI (9)
[2015.02.05-15.22.50:752][247]LogModuleManager: Shutting down and abandoning module SlateRHIRenderer (8)
[2015.02.05-15.22.50:752][247]LogModuleManager: Shutting down and abandoning module Renderer (7)
[2015.02.05-15.22.50:752][247]LogModuleManager: Shutting down and abandoning module Engine (6)
[2015.02.05-15.22.50:752][247]LogModuleManager: Shutting down and abandoning module CoreUObject (5)
[2015.02.05-15.22.50:752][247]LogModuleManager: Shutting down and abandoning module NetworkFile (4)
[2015.02.05-15.22.50:752][247]LogModuleManager: Shutting down and abandoning module StreamingFile (3)
[2015.02.05-15.22.50:752][247]LogModuleManager: Shutting down and abandoning module SandboxFile (2)
[2015.02.05-15.22.50:752][247]LogModuleManager: Shutting down and abandoning module PakFile (1)
[2015.02.05-15.22.50:752][247]LogExit: Exiting.
[2015.02.05-15.22.50:763][247]Log file closed, 02/05/15 10:22:50
