Log file open, 02/12/15 09:15:59
LogInit:Display: Running engine for game: SpaceShooter
LogInit: Version: 4.4.3-2296771+++depot+UE4-Releases+4.4
LogInit: API Version: 2255576
LogInit: Compiled (64-bit): Sep 13 2014 22:30:58
LogInit: Build Configuration: DebugGame
LogInit: Branch Name: ++depot+UE4-Releases+4.4
LogInit: Command line:  -debug
LogInit: Base directory: C:/Program Files/Unreal Engine/4.4/Engine/Binaries/Win64/
LogInit: Rocket: 1
[2015.02.12-14.15.59:971][  0]LogTaskGraph: Started task graph with 3 named threads and 4 total threads.
[2015.02.12-14.16.00:000][  0]LogOnline:Warning: No default platform service specified for OnlineSubsystem
[2015.02.12-14.16.00:028][  0]LogInit: Presizing for 0 objects not considered by GC, pre-allocating 0 bytes.
[2015.02.12-14.16.00:057][  0]LogInit: Object subsystem initialized
[2015.02.12-14.16.00:076][  0]LogInit: Selected Device Profile: [Windows]
[2015.02.12-14.16.00:076][  0]LogInit: Applying CVar settings loaded from the selected device profile: [Windows]
[2015.02.12-14.16.00:087][  0]LogInit: Computer: C401IT27
[2015.02.12-14.16.00:088][  0]LogInit: User: sctcad
[2015.02.12-14.16.00:089][  0]LogInit: CPU Page size=4096, Cores=4
[2015.02.12-14.16.00:089][  0]LogInit: High frequency timer resolution =2.741230 MHz
[2015.02.12-14.16.00:090][  0]LogMemory: Memory total: Physical=6.0GB (6GB approx) Virtual=8192.0GB
[2015.02.12-14.16.00:090][  0]LogMemory: Platform Memory Stats for Windows
[2015.02.12-14.16.00:090][  0]LogMemory: Process Physical Memory: 60.63 MB used, 60.63 MB peak
[2015.02.12-14.16.00:091][  0]LogMemory: Process Virtual Memory: 36.18 MB used, 36.18 MB peak
[2015.02.12-14.16.00:091][  0]LogMemory: Physical Memory: 5628.42 MB used, 6134.93 MB total
[2015.02.12-14.16.00:091][  0]LogMemory: Virtual Memory: 256.68 MB used, 8388608.00 MB total
[2015.02.12-14.16.00:201][  0]LogD3D11RHI: Found D3D11 adapter 0: NVIDIA GeForce GTX 260   (Feature Level 10_0)
[2015.02.12-14.16.00:202][  0]LogD3D11RHI: Adapter has 1767MB of dedicated video memory, 0MB of dedicated system memory, and 2303MB of shared system memory, 1 output[s]
[2015.02.12-14.16.00:202][  0]LogD3D11RHI: Chosen D3D11 Adapter Id = 0
[2015.02.12-14.16.00:208][  0]LogRHI: Texture pool is 1237 MB (70% of 1767 MB)
[2015.02.12-14.16.00:241][  0]LogD3D11RHI: Async texture creation enabled
[2015.02.12-14.16.00:552][  0]LogContentStreaming: Texture pool size is 0.000000MB
[2015.02.12-14.16.02:426][  0]LogTargetPlatformManager:Display: Building Assets For Windows
[2015.02.12-14.16.02:858][  0]LogTargetPlatformManager:Display: Building Assets For Windows
[2015.02.12-14.16.02:911][  0]LogDerivedDataCache:Display: Max Cache Size: 512 MB
[2015.02.12-14.16.03:077][  0]LogDerivedDataCache: Loaded boot cache 0.16s 34MB C:/Users/sctcad/AppData/Local/UnrealEngine/4.4/DerivedDataCache/Boot.ddc.
[2015.02.12-14.16.03:077][  0]LogDerivedDataCache:Display: Loaded Boot cache: C:/Users/sctcad/AppData/Local/UnrealEngine/4.4/DerivedDataCache/Boot.ddc
[2015.02.12-14.16.03:078][  0]LogDerivedDataCache: FDerivedDataBackendGraph:  Pak pak cache file ../../../../../../Users/sctcad/Desktop/SpaceShooter/SpaceShooter/DerivedDataCache/DDC.ddp not found, will not use a pak cache.
[2015.02.12-14.16.03:078][  0]LogDerivedDataCache: Unable to find inner node Pak for hierarchical cache Hierarchy.
[2015.02.12-14.16.03:103][  0]LogDerivedDataCache:Display: Pak cache opened for reading ../../../Engine/DerivedDataCache/DDC.ddp.
[2015.02.12-14.16.03:115][  0]LogDerivedDataCache: Using Local data cache path C:/Users/sctcad/AppData/Local/UnrealEngine/4.4/DerivedDataCache: Writable
[2015.02.12-14.16.03:722][  0]LogMeshUtilities: No automatic mesh reduction module available
[2015.02.12-14.16.03:723][  0]LogMeshUtilities: No automatic mesh merging module available
[2015.02.12-14.16.04:296][  0]LogInit: WinSock: version 1.1 (2.2), MaxSocks=32767, MaxUdp=65467
[2015.02.12-14.16.05:907][  0]LogStats:Warning: MetaData mismatch. Did you assign a stat to two groups? New //STATGROUP_Threads//FMonitoredProcess///Thread_1148_0///////STATCAT_Advanced//// old //STATGROUP_Threads//FMonitoredProcess///Thread_a34_0///////STATCAT_Advanced////
[2015.02.12-14.16.05:907][  0]UdpMessaging: Initializing bridge on interface 0.0.0.0:0 to multicast group 230.0.0.1:6666.
[2015.02.12-14.16.06:045][  0]LogPackageName:Error: DoesPackageExist: DoesPackageExist FAILED: '/SpaceShooter/Content/UFO' is not a standard unreal filename or a long path name. Reason: Path does not start with a valid root. Path must begin with: '/Engine/', '/Game/', '/Paper2D/', '/Script/', or '/Temp/'
[2015.02.12-14.16.06:046][  0]LogLinker:Warning: Can't find file '/SpaceShooter/Content/UFO'
[2015.02.12-14.16.06:047][  0]LogPackageName:Error: DoesPackageExist: DoesPackageExist FAILED: '/SpaceShooter/Content/UFO' is not a standard unreal filename or a long path name. Reason: Path does not start with a valid root. Path must begin with: '/Engine/', '/Game/', '/Paper2D/', '/Script/', or '/Temp/'
[2015.02.12-14.16.06:047][  0]LogLinker:Warning: Can't find file '/SpaceShooter/Content/UFO'
[2015.02.12-14.16.06:047][  0]LogUObjectGlobals:Warning: Failed to find object 'StaticMesh /SpaceShooter/Content/UFO.uasset'
[2015.02.12-14.16.06:048][  0]Error: CDO Constructor: Failed to find /SpaceShooter/Content/UFO.uasset
[2015.02.12-14.16.06:048][  0]LogUObjectBase:Warning: -------------- Default Property warnings and errors:
[2015.02.12-14.16.06:049][  0]LogUObjectBase:Warning: Error: CDO Constructor: Failed to find /SpaceShooter/Content/UFO.uasset
[2015.02.12-14.17.22:496][  0]SourceControl: Info Source control is disabled
[2015.02.12-14.17.22:497][  0]SourceControl: Info Source control is disabled
[2015.02.12-14.17.22:503][  0]SourceControl: Info Source control is disabled
[2015.02.12-14.17.22:868][  0]BlueprintLog: New page: Editor Load
[2015.02.12-14.17.23:048][  0]LogObj: 21459 objects as part of root set at end of initial load.
[2015.02.12-14.17.23:048][  0]LogUObjectAllocator: 4232768 out of 0 bytes used by permanent object pool.
[2015.02.12-14.17.23:312][  0]LogEngine: Initializing Engine...
[2015.02.12-14.17.23:449][  0]LogInit: XAudio2 using 'Digital Audio (HDMI) (2- High Definition Audio Device)' : 2 channels at 44.1 kHz using 16 bits per sample (channel mask 0x3)
[2015.02.12-14.17.23:472][  0]LogInit: FAudioDevice initialized.
[2015.02.12-14.17.23:553][  0]LogAIModule: Creating AISystem for world NewWorld
[2015.02.12-14.17.23:591][  0]LogDerivedDataCache: Saved boot cache 0.02s 34MB C:/Users/sctcad/AppData/Local/UnrealEngine/4.4/DerivedDataCache/Boot.ddc.
[2015.02.12-14.17.23:598][  0]LogInit: Texture streaming: Enabled
[2015.02.12-14.17.23:648][  0]LogInit: Transaction tracking system initialized
[2015.02.12-14.17.23:843][  0]LogAssetRegistry: FAssetRegistry took 0.0123 seconds to start up
[2015.02.12-14.17.24:604][  0]LogTargetPlatformManager:Display: Building Assets For Windows
[2015.02.12-14.17.24:946][  0]LogTargetPlatformManager:Display: Building Assets For Windows
[2015.02.12-14.17.25:150][  0]LogConsoleResponse:Display: 
[2015.02.12-14.17.25:456][  0]LogStats:Warning: MetaData mismatch. Did you assign a stat to two groups? New //STATGROUP_Threads//FMonitoredProcess///Thread_1da0_0///////STATCAT_Advanced//// old //STATGROUP_Threads//FMonitoredProcess///Thread_a34_0///////STATCAT_Advanced////
[2015.02.12-14.17.25:456][  0]LogStats:Warning: MetaData mismatch. Did you assign a stat to two groups? New //STATGROUP_Threads//FMonitoredProcess///Thread_1d68_0///////STATCAT_Advanced//// old //STATGROUP_Threads//FMonitoredProcess///Thread_a34_0///////STATCAT_Advanced////
[2015.02.12-14.17.25:456][  0]SourceControl: Info Source control is disabled
[2015.02.12-14.17.25:460][  0]Cmd: MAP LOAD FILE="../../../Engine/Content/Maps/Templates/Template_Default.umap" TEMPLATE=1 SHOWPROGRESS=1
[2015.02.12-14.17.25:462][  0]LightingResults: New page: Lighting Build
[2015.02.12-14.17.25:479][  0]MapCheck: New page: Map Check
[2015.02.12-14.17.25:480][  0]LightingResults: New page: Lighting Build
[2015.02.12-14.17.25:515][  0]LogParticles: Destroying 0 GPU particle simulations for FXSystem 0x000000000DCB4540
[2015.02.12-14.17.25:975][  0]LogEditorServer: Finished looking for orphan Actors (0.000 secs)
[2015.02.12-14.17.25:980][  0]LogAIModule: Creating AISystem for world Template_Default
[2015.02.12-14.17.25:985][  0]Cmd: MAP CHECKDEP
[2015.02.12-14.17.25:985][  0]MapCheck: New page: Untitled_1 - Feb 12, 2015, 4:17:25 AM
[2015.02.12-14.17.26:043][  0]MapCheck: Info ========== Map Check: 0 Error(s), 0 Warning(s), [58.124ms] ==========
[2015.02.12-14.17.26:044][  0]LogFileHelpers: Loading map 'Template_Default' took 0.585
[2015.02.12-14.17.26:241][  0]LogCollectionManager: Loaded 0 collections in 0.001091 seconds
[2015.02.12-14.17.26:276][  0]LogContentBrowser:Verbose: The content browser source was changed by the sources view to '/Game'
[2015.02.12-14.17.26:654][  0]LogCrashTracker: Crashtracker disabled due to settings.
[2015.02.12-14.17.26:733][  0]LogLoad: Full Startup: 89.37 seconds (BP compile: 0.17 seconds)
[2015.02.12-14.17.26:916][  0]LogRenderer:Warning: Reallocating scene render targets to support 1136x896.
[2015.02.12-14.17.27:079][  1]LogAssetRegistry: Asset discovery search completed in 3.2480 seconds
[2015.02.12-14.17.29:875][ 94]Cmd: QUIT_EDITOR
[2015.02.12-14.17.30:020][ 94]LogWindowsTextInputMethodSystem:Error: Terminating failed while unadvising the language notification sink from the TSF source.
[2015.02.12-14.17.30:028][ 94]LogExit: Preparing to exit.
[2015.02.12-14.17.30:988][ 94]LogExit: Editor shut down
[2015.02.12-14.17.30:989][ 94]LogExit: Transaction tracking system shut down
[2015.02.12-14.17.30:990][ 94]LogParticles: Destroying 0 GPU particle simulations for FXSystem 0x00000000173E3380
[2015.02.12-14.17.31:046][ 94]LogExit: Object subsystem successfully closed.
[2015.02.12-14.17.31:103][ 94]LogModuleManager: Shutting down and abandoning module HTTP (161)
[2015.02.12-14.17.31:104][ 94]LogModuleManager: Shutting down and abandoning module CrashTracker (160)
[2015.02.12-14.17.31:105][ 94]LogModuleManager: Shutting down and abandoning module SuperSearch (159)
[2015.02.12-14.17.31:105][ 94]LogModuleManager: Shutting down and abandoning module SceneOutliner (158)
[2015.02.12-14.17.31:106][ 94]LogModuleManager: Shutting down and abandoning module EditorWidgets (157)
[2015.02.12-14.17.31:106][ 94]LogModuleManager: Shutting down and abandoning module CollectionManager (156)
[2015.02.12-14.17.31:107][ 94]LogModuleManager: Shutting down and abandoning module StatsViewer (155)
[2015.02.12-14.17.31:109][ 94]LogModuleManager: Shutting down and abandoning module FoliageEdit (154)
[2015.02.12-14.17.31:110][ 94]LogModuleManager: Shutting down and abandoning module LandscapeEditor (153)
[2015.02.12-14.17.31:111][ 94]LogModuleManager: Shutting down and abandoning module MeshPaint (152)
[2015.02.12-14.17.31:111][ 94]LogModuleManager: Shutting down and abandoning module ActorPickerMode (151)
[2015.02.12-14.17.31:112][ 94]LogModuleManager: Shutting down and abandoning module GeometryMode (150)
[2015.02.12-14.17.31:112][ 94]LogModuleManager: Shutting down and abandoning module TextureAlignMode (149)
[2015.02.12-14.17.31:112][ 94]LogModuleManager: Shutting down and abandoning module BspMode (148)
[2015.02.12-14.17.31:112][ 94]LogModuleManager: Shutting down and abandoning module PlacementMode (147)
[2015.02.12-14.17.31:113][ 94]LogModuleManager: Shutting down and abandoning module DesktopPlatform (146)
[2015.02.12-14.17.31:114][ 94]LogModuleManager: Shutting down and abandoning module AutomationWorker (145)
[2015.02.12-14.17.31:114][ 94]LogModuleManager: Shutting down and abandoning module EditorLiveStreaming (144)
[2015.02.12-14.17.31:115][ 94]LogModuleManager: Shutting down and abandoning module BehaviorTreeEditor (143)
[2015.02.12-14.17.31:117][ 94]LogModuleManager: Shutting down and abandoning module DeviceProfileEditor (142)
[2015.02.12-14.17.31:117][ 94]LogModuleManager: Shutting down and abandoning module UndoHistory (141)
[2015.02.12-14.17.31:117][ 94]LogModuleManager: Shutting down and abandoning module GameplayTagsEditor (140)
[2015.02.12-14.17.31:118][ 94]LogModuleManager: Shutting down and abandoning module UserFeedback (139)
[2015.02.12-14.17.31:118][ 94]LogModuleManager: Shutting down and abandoning module XmlParser (138)
[2015.02.12-14.17.31:118][ 94]LogModuleManager: Shutting down and abandoning module Blutility (137)
[2015.02.12-14.17.31:119][ 94]LogModuleManager: Shutting down and abandoning module IOSPlatformEditor (136)
[2015.02.12-14.17.31:119][ 94]LogModuleManager: Shutting down and abandoning module IOSRuntimeSettings (135)
[2015.02.12-14.17.31:120][ 94]LogModuleManager: Shutting down and abandoning module AndroidPlatformEditor (134)
[2015.02.12-14.17.31:120][ 94]LogModuleManager: Shutting down and abandoning module AndroidRuntimeSettings (133)
[2015.02.12-14.17.31:120][ 94]LogModuleManager: Shutting down and abandoning module ProjectTargetPlatformEditor (132)
[2015.02.12-14.17.31:121][ 94]LogModuleManager: Shutting down and abandoning module ProjectSettingsViewer (131)
[2015.02.12-14.17.31:121][ 94]LogModuleManager: Shutting down and abandoning module InputBindingEditor (130)
[2015.02.12-14.17.31:122][ 94]LogModuleManager: Shutting down and abandoning module EditorSettingsViewer (129)
[2015.02.12-14.17.31:123][ 94]LogModuleManager: Shutting down and abandoning module SettingsEditor (128)
[2015.02.12-14.17.31:123][ 94]LogModuleManager: Shutting down and abandoning module SessionLauncher (127)
[2015.02.12-14.17.31:124][ 94]LogModuleManager: Shutting down and abandoning module SessionFrontend (126)
[2015.02.12-14.17.31:125][ 94]LogModuleManager: Shutting down and abandoning module ProfilerClient (125)
[2015.02.12-14.17.31:126][ 94]LogModuleManager: Shutting down and abandoning module TargetDeviceServices (124)
[2015.02.12-14.17.31:126][ 94]LogModuleManager: Shutting down and abandoning module DeviceManager (123)
[2015.02.12-14.17.31:127][ 94]LogModuleManager: Shutting down and abandoning module AutomationController (122)
[2015.02.12-14.17.31:127][ 94]LogModuleManager: Shutting down and abandoning module AutomationWindow (121)
[2015.02.12-14.17.31:128][ 94]LogModuleManager: Shutting down and abandoning module Layers (120)
[2015.02.12-14.17.31:131][ 94]LogModuleManager: Shutting down and abandoning module ComponentVisualizers (119)
[2015.02.12-14.17.31:131][ 94]LogModuleManager: Shutting down and abandoning module DetailCustomizations (118)
[2015.02.12-14.17.31:132][ 94]LogModuleManager: Shutting down and abandoning module PackagesDialog (117)
[2015.02.12-14.17.31:133][ 94]LogModuleManager: Shutting down and abandoning module DirectoryWatcher (116)
[2015.02.12-14.17.31:133][ 94]LogModuleManager: Shutting down and abandoning module AssetRegistry (115)
[2015.02.12-14.17.31:212][ 94]LogModuleManager: Shutting down and abandoning module Persona (114)
[2015.02.12-14.17.31:215][ 94]LogModuleManager: Shutting down and abandoning module GraphEditor (113)
[2015.02.12-14.17.31:216][ 94]LogModuleManager: Shutting down and abandoning module ClassViewer (112)
[2015.02.12-14.17.31:217][ 94]LogModuleManager: Shutting down and abandoning module Toolbox (111)
[2015.02.12-14.17.31:217][ 94]LogModuleManager: Shutting down and abandoning module ModuleUI (110)
[2015.02.12-14.17.31:218][ 94]LogModuleManager: Shutting down and abandoning module Sequencer (109)
[2015.02.12-14.17.31:220][ 94]LogModuleManager: Shutting down and abandoning module MovieSceneTools (108)
[2015.02.12-14.17.31:221][ 94]LogModuleManager: Shutting down and abandoning module OutputLog (107)
[2015.02.12-14.17.31:221][ 94]LogModuleManager: Shutting down and abandoning module GammaUI (106)
[2015.02.12-14.17.31:222][ 94]LogModuleManager: Shutting down and abandoning module Documentation (105)
[2015.02.12-14.17.31:222][ 94]LogModuleManager: Shutting down and abandoning module GameLiveStreaming (104)
[2015.02.12-14.17.31:222][ 94]LogModuleManager: Shutting down and abandoning module StreamingPauseRendering (103)
[2015.02.12-14.17.31:223][ 94]LogModuleManager: Shutting down and abandoning module AnalyticsET (102)
[2015.02.12-14.17.31:223][ 94]LogModuleManager: 