Log file open, 03/03/15 12:45:00
LogInit:Display: Running engine for game: SpaceShooter
LogInit: Version: 4.4.3-2296771+++depot+UE4-Releases+4.4
LogInit: API Version: 2255576
LogInit: Compiled (64-bit): Sep 13 2014 22:30:58
LogInit: Build Configuration: Development
LogInit: Branch Name: ++depot+UE4-Releases+4.4
LogInit: Command line:  
LogInit: Base directory: C:/Program Files/Unreal Engine/4.4/Engine/Binaries/Win64/
LogInit: Rocket: 1
[2015.03.03-17.45.00:771][  0]LogTaskGraph: Started task graph with 3 named threads and 4 total threads.
[2015.03.03-17.45.00:797][  0]LogOnline:Warning: No default platform service specified for OnlineSubsystem
[2015.03.03-17.45.00:804][  0]LogInit: Presizing for 0 objects not considered by GC, pre-allocating 0 bytes.
[2015.03.03-17.45.00:812][  0]LogInit: Object subsystem initialized
[2015.03.03-17.45.00:814][  0]LogInit: Selected Device Profile: [Windows]
[2015.03.03-17.45.00:814][  0]LogInit: Applying CVar settings loaded from the selected device profile: [Windows]
[2015.03.03-17.45.00:819][  0]LogInit: Computer: C401IT35
[2015.03.03-17.45.00:819][  0]LogInit: User: npham
[2015.03.03-17.45.00:820][  0]LogInit: CPU Page size=4096, Cores=4
[2015.03.03-17.45.00:820][  0]LogInit: High frequency timer resolution =2.741230 MHz
[2015.03.03-17.45.00:820][  0]LogMemory: Memory total: Physical=6.0GB (6GB approx) Virtual=8192.0GB
[2015.03.03-17.45.00:820][  0]LogMemory: Platform Memory Stats for Windows
[2015.03.03-17.45.00:820][  0]LogMemory: Process Physical Memory: 62.42 MB used, 62.42 MB peak
[2015.03.03-17.45.00:820][  0]LogMemory: Process Virtual Memory: 38.29 MB used, 38.29 MB peak
[2015.03.03-17.45.00:820][  0]LogMemory: Physical Memory: 3991.02 MB used, 6134.93 MB total
[2015.03.03-17.45.00:820][  0]LogMemory: Virtual Memory: 260.68 MB used, 8388608.00 MB total
[2015.03.03-17.45.00:850][  0]LogD3D11RHI: Found D3D11 adapter 0: NVIDIA GeForce GTX 260   (Feature Level 10_0)
[2015.03.03-17.45.00:850][  0]LogD3D11RHI: Adapter has 1767MB of dedicated video memory, 0MB of dedicated system memory, and 2303MB of shared system memory, 1 output[s]
[2015.03.03-17.45.00:850][  0]LogD3D11RHI: Chosen D3D11 Adapter Id = 0
[2015.03.03-17.45.00:855][  0]LogRHI: Texture pool is 1237 MB (70% of 1767 MB)
[2015.03.03-17.45.00:862][  0]LogD3D11RHI: Async texture creation enabled
[2015.03.03-17.45.00:970][  0]LogContentStreaming: Texture pool size is 0.000000MB
[2015.03.03-17.45.02:508][  0]LogTargetPlatformManager:Display: Building Assets For Windows
[2015.03.03-17.45.02:850][  0]LogTargetPlatformManager:Display: Building Assets For Windows
[2015.03.03-17.45.02:887][  0]LogDerivedDataCache:Display: Max Cache Size: 512 MB
[2015.03.03-17.45.02:938][  0]LogDerivedDataCache: Loaded boot cache 0.05s 35MB C:/Users/npham/AppData/Local/UnrealEngine/4.4/DerivedDataCache/Boot.ddc.
[2015.03.03-17.45.02:938][  0]LogDerivedDataCache:Display: Loaded Boot cache: C:/Users/npham/AppData/Local/UnrealEngine/4.4/DerivedDataCache/Boot.ddc
[2015.03.03-17.45.02:938][  0]LogDerivedDataCache: FDerivedDataBackendGraph:  Pak pak cache file ../../../../../../Users/npham/Desktop/SpaceShooter/SpaceShooter/DerivedDataCache/DDC.ddp not found, will not use a pak cache.
[2015.03.03-17.45.02:938][  0]LogDerivedDataCache: Unable to find inner node Pak for hierarchical cache Hierarchy.
[2015.03.03-17.45.02:956][  0]LogDerivedDataCache:Display: Pak cache opened for reading ../../../Engine/DerivedDataCache/DDC.ddp.
[2015.03.03-17.45.02:967][  0]LogDerivedDataCache: Using Local data cache path C:/Users/npham/AppData/Local/UnrealEngine/4.4/DerivedDataCache: Writable
[2015.03.03-17.45.03:128][  0]LogMeshUtilities: No automatic mesh reduction module available
[2015.03.03-17.45.03:128][  0]LogMeshUtilities: No automatic mesh merging module available
[2015.03.03-17.45.03:461][  0]LogInit: WinSock: version 1.1 (2.2), MaxSocks=32767, MaxUdp=65467
[2015.03.03-17.45.04:187][  0]LogStats:Warning: MetaData mismatch. Did you assign a stat to two groups? New //STATGROUP_Threads//FMonitoredProcess///Thread_1f70_0///////STATCAT_Advanced//// old //STATGROUP_Threads//FMonitoredProcess///Thread_2284_0///////STATCAT_Advanced////
[2015.03.03-17.45.04:187][  0]UdpMessaging: Initializing bridge on interface 0.0.0.0:0 to multicast group 230.0.0.1:6666.
[2015.03.03-17.45.04:295][  0]SourceControl: Info Source control is disabled
[2015.03.03-17.45.04:295][  0]SourceControl: Info Source control is disabled
[2015.03.03-17.45.04:301][  0]SourceControl: Info Source control is disabled
[2015.03.03-17.45.04:449][  0]BlueprintLog: New page: Editor Load
[2015.03.03-17.45.04:527][  0]LogObj: 21465 objects as part of root set at end of initial load.
[2015.03.03-17.45.04:527][  0]LogUObjectAllocator: 4235968 out of 0 bytes used by permanent object pool.
[2015.03.03-17.45.04:701][  0]LogEngine: Initializing Engine...
[2015.03.03-17.45.04:793][  0]LogInit: XAudio2 using 'Digital Audio (HDMI) (2- High Definition Audio Device)' : 2 channels at 44.1 kHz using 16 bits per sample (channel mask 0x3)
[2015.03.03-17.45.04:808][  0]LogInit: FAudioDevice initialized.
[2015.03.03-17.45.04:821][  0]LogAIModule: Creating AISystem for world NewWorld
[2015.03.03-17.45.04:842][  0]LogDerivedDataCache: Saved boot cache 0.02s 35MB C:/Users/npham/AppData/Local/UnrealEngine/4.4/DerivedDataCache/Boot.ddc.
[2015.03.03-17.45.04:848][  0]LogInit: Texture streaming: Enabled
[2015.03.03-17.45.04:883][  0]LogInit: Transaction tracking system initialized
[2015.03.03-17.45.04:973][  0]LogAssetRegistry: FAssetRegistry took 0.0096 seconds to start up
[2015.03.03-17.45.05:384][  0]LogTargetPlatformManager:Display: Building Assets For Windows
[2015.03.03-17.45.05:680][  0]LogTargetPlatformManager:Display: Building Assets For Windows
[2015.03.03-17.45.05:781][  0]LogConsoleResponse:Display: 
[2015.03.03-17.45.05:914][  0]LogStats:Warning: MetaData mismatch. Did you assign a stat to two groups? New //STATGROUP_Threads//FMonitoredProcess///Thread_b8c_0///////STATCAT_Advanced//// old //STATGROUP_Threads//FMonitoredProcess///Thread_2284_0///////STATCAT_Advanced////
[2015.03.03-17.45.05:914][  0]LogStats:Warning: MetaData mismatch. Did you assign a stat to two groups? New //STATGROUP_Threads//FMonitoredProcess///Thread_a2c_0///////STATCAT_Advanced//// old //STATGROUP_Threads//FMonitoredProcess///Thread_2284_0///////STATCAT_Advanced////
[2015.03.03-17.45.05:914][  0]SourceControl: Info Source control is disabled
[2015.03.03-17.45.05:914][  0]Cmd: MAP LOAD FILE="../../../Engine/Content/Maps/Templates/Template_Default.umap" TEMPLATE=1 SHOWPROGRESS=1
[2015.03.03-17.45.05:914][  0]LightingResults: New page: Lighting Build
[2015.03.03-17.45.05:921][  0]MapCheck: New page: Map Check
[2015.03.03-17.45.05:921][  0]LightingResults: New page: Lighting Build
[2015.03.03-17.45.05:934][  0]LogParticles: Destroying 0 GPU particle simulations for FXSystem 0x0000000012A84400
[2015.03.03-17.45.06:127][  0]LogEditorServer: Finished looking for orphan Actors (0.000 secs)
[2015.03.03-17.45.06:127][  0]LogAIModule: Creating AISystem for world Template_Default
[2015.03.03-17.45.06:127][  0]Cmd: MAP CHECKDEP
[2015.03.03-17.45.06:127][  0]MapCheck: New page: Untitled_1 - Mar 3, 2015, 7:45:06 AM
[2015.03.03-17.45.06:178][  0]MapCheck: Info ========== Map Check: 0 Error(s), 0 Warning(s), [51.138ms] ==========
[2015.03.03-17.45.06:178][  0]LogFileHelpers: Loading map 'Template_Default' took 0.263
[2015.03.03-17.45.06:271][  0]LogCollectionManager: Loaded 0 collections in 0.000939 seconds
[2015.03.03-17.45.06:281][  0]LogContentBrowser:Verbose: The content browser source was changed by the sources view to '/Game'
[2015.03.03-17.45.06:404][  0]LogCrashTracker: Crashtracker disabled due to settings.
[2015.03.03-17.45.06:466][  0]LogLoad: Full Startup: 7.42 seconds (BP compile: 0.06 seconds)
[2015.03.03-17.45.06:727][  0]LogRenderer:Warning: Reallocating scene render targets to support 1136x896.
[2015.03.03-17.45.06:836][  2]LogAssetRegistry: Asset discovery search completed in 1.8678 seconds
[2015.03.03-17.45.12:436][219]LogContentBrowser:Verbose: The content browser source was changed by the sources view to '/Game/ExampleContent'
[2015.03.03-17.45.13:677][275]LogContentBrowser:Verbose: The content browser source was changed by the sources view to '/Game/ExampleContent/Input_Examples'
[2015.03.03-17.45.35:635][540]LogPlayLevel: PIE:  No blueprints needed recompiling
[2015.03.03-17.45.35:636][540]PIE: New page: PIE session: Untitled_1 (Mar 3, 2015, 7:45:35 AM)
[2015.03.03-17.45.35:638][540]LogPlayLevel: PIE: StaticDuplicateObject took: (0.001793s)
[2015.03.03-17.45.35:638][540]LogPlayLevel: PIE: World Init took: (0.000596s)
[2015.03.03-17.45.35:638][540]LogPlayLevel: PIE: Created PIE world by copying editor world from /Temp/Untitled_1.Template_Default to /Temp/UEDPIE_0_Untitled_1.Template_Default (0.002579s)
[2015.03.03-17.45.35:674][540]LogWorld: Game class is 'SpaceShooterGameMode'
[2015.03.03-17.45.35:676][540]LogAIModule: Creating AISystem for world Template_Default
[2015.03.03-17.45.35:677][540]LogWorld: Bringing World /Temp/UEDPIE_0_Untitled_1.Template_Default up for play (max tick rate 0) at 2015.03.03-12.45.35
[2015.03.03-17.45.35:677][540]LogWorld: Bringing up level for play took: 0.001070
[2015.03.03-17.45.35:679][540]PIE: Info Play in editor start time for /Temp/UEDPIE_0_Untitled_1 -0.049
[2015.03.03-17.45.35:734][541]LogRenderer:Warning: Reallocating scene render targets to support 1136x904.
[2015.03.03-17.45.37:561][603]LogParticles: Destroying 0 GPU particle simulations for FXSystem 0x000000000C6B1E40
[2015.03.03-17.45.48:322][ 95]LogContentBrowser:Verbose: The content browser source was changed by the sources view to '/Game/ExampleContent/Input_Examples/Blueprints'
[2015.03.03-17.45.51:476][236]LogBlueprint:Warning: [compiler] Warning Get Input Axis references unknown Axis 'MoveRight' for  MoveRight 
[2015.03.03-17.45.51:482][236]LogBlueprint:Warning: [compiler] Warning [0052.31] Compile of BP_Pixel_Ship_Player successful, but with 1 Warning(s) [in 12 ms]
[2015.03.03-17.45.51:501][236]LogBlueprint:Warning: [compiler] Warning Get Input Axis references unknown Axis 'MoveRight' for  MoveRight 
[2015.03.03-17.45.51:506][236]LogBlueprint:Warning: [compiler] Warning [0052.34] Compile of BP_Pixel_Ship_Player successful, but with 1 Warning(s) [in 13 ms]
[2015.03.03-17.45.51:637][236]LogMaterial: Missing cached shader map for material M_Pixel_Cube, compiling.
[2015.03.03-17.45.51:681][236]LogTexture:Display: Building textures: T_sunflare (AutoDXT)
[2015.03.03-17.45.51:758][236]LogMaterial: Missing cached shader map for material M_Pixel_Cube_Particle, compiling.
[2015.03.03-17.45.51:772][236]LogStaticMesh: Building static mesh SM_Pixel_Cube...
[2015.03.03-17.45.51:778][236]LogStaticMesh: Built static mesh [5.285219ms] /Game/ExampleContent/Input_Examples/Meshes/SM_Pixel_Cube.SM_Pixel_Cube
[2015.03.03-17.45.51:782][236]BlueprintLog:Warning: Warning Blueprint BP_Pixel_Projectile has been migrated and requires re-saving to avoid import errors
[2015.03.03-17.45.51:783][236]LogStaticMesh: Building static mesh SM_Pixel_Enemy_1...
[2015.03.03-17.45.51:847][236]LogStaticMesh: Built static mesh [63.678715ms] /Game/ExampleContent/Input_Examples/Meshes/SM_Pixel_Enemy_1.SM_Pixel_Enemy_1
[2015.03.03-17.45.51:866][236]BlueprintLog:Warning: Warning Blueprint BP_Pixel_Ship_Enemy has been migrated and requires re-saving to avoid import errors
[2015.03.03-17.45.51:868][236]LogMaterial: Missing cached shader map for material M_Radial_Gradient, compiling.
[2015.03.03-17.45.51:884][236]LogStaticMesh: Building static mesh SM_Pixel_Player...
[2015.03.03-17.45.51:956][236]LogStaticMesh: Built static mesh [72.431351ms] /Game/ExampleContent/Input_Examples/Meshes/SM_Pixel_Player.SM_Pixel_Player
[2015.03.03-17.45.51:973][236]BlueprintLog:Warning: Warning Blueprint BP_Pixel_Ship_Player has been migrated and requires re-saving to avoid import errors
[2015.03.03-17.45.59:538][491]LogPlayLevel: PIE:  No blueprints needed recompiling
[2015.03.03-17.45.59:538][491]PIE: New page: PIE session: Untitled_1 (Mar 3, 2015, 7:45:59 AM)
[2015.03.03-17.45.59:540][491]LogPlayLevel: PIE: StaticDuplicateObject took: (0.001771s)
[2015.03.03-17.45.59:541][491]LogPlayLevel: PIE: World Init took: (0.000610s)
[2015.03.03-17.45.59:541][491]LogPlayLevel: PIE: Created PIE world by copying editor world from /Temp/Untitled_1.Template_Default to /Temp/UEDPIE_0_Untitled_1.Template_Default (0.002566s)
[2015.03.03-17.45.59:593][491]LogWorld: Game class is 'SpaceShooterGameMode'
[2015.03.03-17.45.59:594][491]LogAIModule: Creating AISystem for world Template_Default
[2015.03.03-17.45.59:595][491]LogWorld: Bringing World /Temp/UEDPIE_0_Untitled_1.Template_Default up for play (max tick rate 0) at 2015.03.03-12.45.59
[2015.03.03-17.45.59:596][491]LogWorld: Bringing up level for play took: 0.001512
[2015.03.03-17.45.59:597][491]PIE: Info Play in editor start time for /Temp/UEDPIE_0_Untitled_1 -0.197
[2015.03.03-17.46.01:500][554]LogParticles: Destroying 0 GPU particle simulations for FXSystem 0x000000001A37B600
[2015.03.03-17.47.48:693][920]BlueprintLog: New page: Pre-PIE auto-recompile
[2015.03.03-17.47.48:705][920]LogPlayLevel: [PIE] Compiling BP_Pixel_Ship_Game_Controller before PIE...
[2015.03.03-17.47.48:765][920]LogBlueprint:Warning: [compiler] Warning Unable to find function with name 'Start game' for  Start Game 
[2015.03.03-17.47.48:770][920]LogBlueprint:Warning: [compiler] Warning Could not find the function 'Start game' called from  Start Game 
[2015.03.03-17.47.48:772][920]LogBlueprint:Warning: [compiler] Warning [0169.28] Compile of BP_Pixel_Ship_Game_Controller successful, but with 2 Warning(s) [in 17 ms]
[2015.03.03-17.47.48:902][920]LogPlayLevel: PIE:  Blueprint regeneration took 208 ms (1 blueprints)
[2015.03.03-17.47.48:902][920]PIE: New page: PIE session: Untitled_1 (Mar 3, 2015, 7:47:48 AM)
[2015.03.03-17.47.48:904][920]LogPlayLevel: PIE: StaticDuplicateObject took: (0.001785s)
[2015.03.03-17.47.48:905][920]LogPlayLevel: PIE: World Init took: (0.000574s)
[2015.03.03-17.47.48:905][920]LogPlayLevel: PIE: Created PIE world by copying editor world from /Temp/Untitled_1.Template_Default to /Temp/UEDPIE_0_Untitled_1.Template_Default (0.002502s)
[2015.03.03-17.47.48:952][920]LogWorld: Game class is 'SpaceShooterGameMode'
[2015.03.03-17.47.48:954][920]LogAIModule: Creating AISystem for world Template_Default
[2015.03.03-17.47.48:956][920]LogWorld: Bringing World /Temp/UEDPIE_0_Untitled_1.Template_Default up for play (max tick rate 0) at 2015.03.03-12.47.48
[2015.03.03-17.47.48:956][920]LogWorld: Bringing up level for play took: 0.001650
[2015.03.03-17.47.48:957][920]PIE: Info Play in editor start time for /Temp/UEDPIE_0_Untitled_1 0.862
[2015.03.03-17.47.52:547][ 62]LogParticles: Destroying 0 GPU particle simulations for FXSystem 0x000000002520DBC0
[2015.03.03-17.48.02:112][374]Cmd: SELECT NONE
[2015.03.03-17.48.15:343][222]LogSlate:Warning: Prevented a slow task dialog from being summoned while a context menu was open
[2015.03.03-17.48.21:002][544]LogPlayLevel: PIE:  No blueprints needed recompiling
[2015.03.03-17.48.21:002][544]PIE: New page: PIE session: Untitled_1 (Mar 3, 2015, 7:48:21 AM)
[2015.03.03-17.48.21:004][544]LogPlayLevel: PIE: StaticDuplicateObject took: (0.001786s)
[2015.03.03-17.48.21:005][544]LogPlayLevel: PIE: World Init took: (0.000596s)
[2015.03.03-17.48.21:005][544]LogPlayLevel: PIE: Created PIE world by copying editor world from /Temp/Untitled_1.Template_Default to /Temp/UEDPIE_0_Untitled_1.Template_Default (0.002534s)
[2015.03.03-17.48.21:033][544]LogWorld: Game class is 'SpaceShooterGameMode'
[2015.03.03-17.48.21:035][544]LogAIModule: Creating AISystem for world Template_Default
[2015.03.03-17.48.21:037][544]LogWorld: Bringing World /Temp/UEDPIE_0_Untitled_1.Template_Default up for play (max tick rate 0) at 2015.03.03-12.48.21
[2015.03.03-17.48.21:037][544]LogWorld: Bringing up level for play took: 0.001566
[2015.03.03-17.48.21:038][544]PIE: Info Play in editor start time for /Temp/UEDPIE_0_Untitled_1 0.855
[2015.03.03-17.48.23:129][625]LogParticles: Destroying 0 GPU particle simulations for FXSystem 0x000000000C56E0C0
[2015.03.03-17.48.29:252][862]LogParticles: Destroying 0 GPU particle simulations for FXSystem 0x000000001C60A480
[2015.03.03-17.48.30:619][863]Cmd: QUIT_EDITOR
[2015.03.03-17.48.30:758][863]LogWindowsTextInputMethodSystem:Error: Terminating failed while unadvising the language notification sink from the TSF source.
[2015.03.03-17.48.30:758][863]LogExit: Preparing to exit.
[2015.03.03-17.48.31:816][863]LogExit: Editor shut down
[2015.03.03-17.48.31:816][863]LogExit: Transaction tracking system shut down
[2015.03.03-17.48.31:817][863]LogParticles: Destroying 0 GPU particle simulations for FXSystem 0x000000000FD37100
[2015.03.03-17.48.31:817][863]LogParticles: Destroying 0 GPU particle simulations for FXSystem 0x00000000168D0360
[2015.03.03-17.48.31:817][863]LogParticles: Destroying 0 GPU particle simulations for FXSystem 0x000000002520ECA0
[2015.03.03-17.48.31:836][863]LogExit: Object subsystem successfully closed.
[2015.03.03-17.48.31:860][863]LogModuleManager: Shutting down and abandoning module ExternalImagePicker (163)
[2015.03.03-17.48.31:860][863]LogModuleManager: Shutting down and abandoning module AndroidDeviceDetection (162)
[2015.03.03-17.48.31:860][863]LogModuleManager: Shutting down and abandoning module HTTP (161)
[2015.03.03-17.48.31:860][863]LogModuleManager: Shutting down and abandoning module CrashTracker (160)
[2015.03.03-17.48.31:860][863]LogModuleManager: Shutting down and abandoning module SuperSearch (159)
[2015.03.03-17.48.31:860][863]LogModuleManager: Shutting down and abandoning module SceneOutliner (158)
[2015.03.03-17.48.31:860][863]LogModuleManager: Shutting down and abandoning module EditorWidgets (157)
[2015.03.03-17.48.31:860][863]LogModuleManager: Shutting down and abandoning module CollectionManager (156)
[2015.03.03-17.48.31:860][863]LogModuleManager: Shutting down and abandoning module StatsViewer (155)
[2015.03.03-17.48.31:860][863]LogModuleManager: Shutting down and abandoning module FoliageEdit (154)
[2015.03.03-17.48.31:860][863]LogModuleManager: Shutting down and abandoning module LandscapeEditor (153)
[2015.03.03-17.48.31:860][863]LogModuleManager: Shutting down and abandoning module MeshPaint (152)
[2015.03.03-17.48.31:860][863]LogModuleManager: Shutting down and abandoning module ActorPickerMode (151)
[2015.03.03-17.48.31:860][863]LogModuleManager: Shutting down and abandoning module GeometryMode (150)
[2015.03.03-17.48.31:860][863]LogModuleManager: Shutting down and abandoning module TextureAlignMode (149)
[2015.03.03-17.48.31:860][863]LogModuleManager: Shutting down and abandoning module BspMode (148)
[2015.03.03-17.48.31:860][863]LogModuleManager: Shutting down and abandoning module PlacementMode (147)
[2015.03.03-17.48.31:860][863]LogModuleManager: Shutting down and abandoning module AutomationWorker (146)
[2015.03.03-17.48.31:860][863]LogModuleManager: Shutting down and abandoning module EditorLiveStreaming (145)
[2015.03.03-17.48.31:860][863]LogModuleManager: Shutting down and abandoning module BehaviorTreeEditor (144)
[2015.03.03-17.48.31:860][863]LogModuleManager: Shutting down and abandoning module DeviceProfileEditor (143)
[2015.03.03-17.48.31:860][863]LogModuleManager: Shutting down and abandoning module UndoHistory (142)
[2015.03.03-17.48.31:860][863]LogModuleManager: Shutting down and abandoning module GameplayTagsEditor (141)
[2015.03.03-17.48.31:860][863]LogModuleManager: Shutting down and abandoning module UserFeedback (140)
[2015.03.03-17.48.31:860][863]LogModuleManager: Shutting down and abandoning module XmlParser (139)
[2015.03.03-17.48.31:860][863]LogModuleManager: Shutting down and abandoning module Blutility (138)
[2015.03.03-17.48.31:860][863]LogModuleManager: Shutting down and abandoning module IOSPlatformEditor (137)
[2015.03.03-17.48.31:860][863]LogModuleManager: Shutting down and abandoning module IOSRuntimeSettings (136)
[2015.03.03-17.48.31:860][863]LogModuleManager: Shutting down and abandoning module AndroidPlatformEditor (135)
[2015.03.03-17.48.31:860][863]LogModuleManager: Shutting down and abandoning module AndroidRuntimeSettings (134)
[2015.03.03-17.48.31:860][863]LogModuleManager: Shutting down and abandoning module ProjectTargetPlatformEditor (133)
[2015.03.03-17.48.31:860][863]LogModuleManager: Shutting down and abandoning module ProjectSettingsViewer (132)
[2015.03.03-17.48.31:860][863]LogModuleManager: Shutting down and abandoning module InputBindingEditor (131)
[2015.03.03-17.48.31:860][863]LogModuleManager: Shutting down and abandoning module EditorSettingsViewer (130)
[2015.03.03-17.48.31:860][863]LogModuleManager: Shutting down and abandoning module SettingsEditor (129)
[2015.03.03-17.48.31:860][863]LogModuleManager: Shutting down and abandoning module SessionLauncher (128)
[2015.03.03-17.48.31:860][863]LogModuleManager: Shutting down and abandoning module SessionFrontend (127)
[2015.03.03-17.48.31:860][863]LogModuleManager: Shutting down and abandoning module ProfilerClient (126)
[2015.03.03-17.48.31:860][863]LogModuleManager: Shutting down and abandoning module TargetDeviceServices (125)
[2015.03.03-17.48.31:861][863]LogModuleManager: Shutting down and abandoning module DeviceManager (124)
[2015.03.03-17.48.31:861][863]LogModuleManager: Shutting down and abandoning module AutomationController (123)
[2015.03.03-17.48.31:861][863]LogModuleManager: Shutting down and abandoning module AutomationWindow (122)
[2015.03.03-17.48.31:861][863]LogModuleManager: Shutting down and abandoning module Layers (121)
[2015.03.03-17.48.31:861][863]LogModuleManager: Shutting down and abandoning module ComponentVisualizers (120)
[2015.03.03-17.48.31:861][863]LogModuleManager: Shutting down and abandoning module DetailCustomizations (119)
[2015.03.03-17.48.31:861][863]LogModuleManager: Shutting down and abandoning module PackagesDialog (118)
[2015.03.03-17.48.31:861][863]LogModuleManager: Shutting down and abandoning module DirectoryWatcher (117)
[2015.03.03-17.48.31:861][863]LogModuleManager: Shutting down and abandoning module AssetRegistry (116)
[2015.03.03-17.48.31:946][863]LogModuleManager: Shutting down and abandoning module Persona (115)
[2015.03.03-17.48.31:946][863]LogModuleManager: Shutting down and abandoning module GraphEditor (114)
[2015.03.03-17.48.31:946][863]LogModuleManager: Shutting down and abandoning module ClassViewer (113)
[2015.03.03-17.48.31:946][863]LogModuleManager: Shutting down and abandoning module Toolbox (112)
[2015.03.03-17.48.31:946][863]LogModuleManager: Shutting down and abandoning module ModuleUI (111)
[2015.03.03-17.48.31:946][863]LogModuleManager: Shutting down and abandoning module Sequencer (110)
[2015.03.03-17.48.31:946][863]LogModuleManager: Shutting down and abandoning module MovieSceneTools (109)
[2015.03.03-17.48.31:946][863]LogModuleManager: Shutting down and abandoning module OutputLog (108)
[2015.03.03-17.48.31:946][863]LogModuleManager: Shutting down and abandoning module GammaUI (107)
[2015.03.03-17.48.31:946][863]LogModuleManager: Shutting down and abandoning module Documentation (106)
[2015.03.03-17.48.31:946][863]LogModuleManager: Shutting down and abandoning module GameLiveStreaming (105)
[2015.03.03-17.48.31:946][863]LogModuleManager: Shutting down and abandoning module DesktopPlatform (104)
[2015.03.03-17.48.31:946][863]LogModuleManager: Shutting down and abandoning module StreamingPauseRendering (103)
[2015.03.03-17.48.31:946][863]LogModuleManager: Shutting down and abandoning module AnalyticsET (102)
[2015.03.03-17.48.31:946][863]LogModuleManager: Shutting down and abandoning module Analytics (101)
[2015.03.03-17.48.31:946][863]LogModuleManager: Shutting down and abandoning module GameplayDebugger (100)
[2015.03.03-17.48.31:946][863]LogModuleManager: Shutting down and abandoning module AIModule (99)
[2015.03.03-17.48.31:946][863]LogModuleManager: Shutting down and abandoning module ProfilerService (98)
[2015.03.03-17.48.32:138][863]LogModuleManager: Shutting down and abandoning module TaskGraph (97)
[2015.03.03-17.48.32:138][863]LogModuleManager: Shutting down and abandoning module SlateRemote (96)
[2015.03.03-17.48.32:138][863]LogModuleManager: Shutting down and abandoning module ScriptEditorPlugin (95)
[2015.03.03-17.48.32:138][863]LogModuleManager: Shutting down and abandoning module CustomMeshComponent (94)
[2015.03.03-17.48.32:138][863]LogModuleManager: Shutting down and abandoning module CableComponent (93)
[2015.03.03-17.48.32:138][863]LogModuleManager: Shutting down and abandoning module MessagingDebugger (92)
[2015.03.03-17.48.32:138][863]LogModuleManager: Shutting down and abandoning module ViewportSnapping (91)
[2015.03.03-17.48.32:138][863]LogModuleManager: Shutting down and abandoning module SmartSnapping (90)
[2015.03.03-17.48.32:138][863]LogModuleManager: Shutting down and abandoning module PaperTiledImporter (89)
[2015.03.03-17.48.32:138][863]LogModuleManager: Shutting down and abandoning module PaperJsonImporter (88)
[2015.03.03-17.48.32:138][863]LogModuleManager: Shutting down and abandoning module GameProjectGeneration (87)
[2015.03.03-17.48.32:138][863]LogModuleManager: Shutting down and abandoning module Matinee (86)
[2015.03.03-17.48.32:138][863]LogModuleManager: Shutting down and abandoning module Kismet (85)
[2015.03.03-17.48.32:138][863]LogModuleManager: Shutting down and abandoning module SlateReflector (84)
[2015.03.03-17.48.32:138][863]LogModuleManager: Shutting down and abandoning module LevelEditor (83)
[2015.03.03-17.48.32:139][863]LogModuleManager: Shutting down and abandoning module IntroTutorials (82)
[2015.03.03-17.48.32:139][863]LogModuleManager: Shutting down and abandoning module ContentBrowser (81)
[2015.03.03-17.48.32:139][863]LogModuleManager: Shutting down and abandoning module PropertyEditor (80)
[2015.03.03-17.48.32:139][863]LogModuleManager: Shutting down and abandoning module AssetTools (79)
[2015.03.03-17.48.32:139][863]LogModuleManager: Shutting down and abandoning module Paper2DEditor (78)
[2015.03.03-17.48.32:139][863]LogModuleManager: Shutting down and abandoning module SpeedTreeImporter (77)
[2015.03.03-17.48.32:139][863]LogModuleManager: Shutting down and abandoning module PluginsEditor (76)
[2015.03.03-17.48.32:139][863]LogModuleManager: Shutting down and abandoning module MainFrame (75)
[2015.03.03-17.48.32:139][863]LogModuleManager: Shutting down and abandoning module EpicSurvey (74)
[2015.03.03-17.48.32:139][863]LogModuleManager: Shutting down and abandoning module VisualStudioSourceCodeAccess (73)
[2015.03.03-17.48.32:139][863]LogModuleManager: Shutting down and abandoning module UObjectPlugin (72)
[2015.03.03-17.48.32:139][863]LogModuleManager: Shutting down and abandoning module SubversionSourceControl (71)
[2015.03.03-17.48.32:139][863]LogModuleManager: Shutting down and abandoning module SourceControl (70)
[2015.03.03-17.48.32:139][863]LogModuleManager: Shutting down and abandoning module PerforceSourceControl (69)
[2015.03.03-17.48.32:139][863]LogModuleManager: Shutting down and abandoning module BlankPlugin (68)
[2015.03.03-17.48.32:139][863]LogModuleManager: Shutting down and abandoning module SpaceShooter (67)
[2015.03.03-17.48.32:139][863]LogModuleManager: Shutting down and abandoning module ScriptPlugin (66)
[2015.03.03-17.48.32:139][863]LogModuleManager: Shutting down and abandoning module UdpMessaging (65)
[2015.03.03-17.48.32:239][863]LogModuleManager: Shutting down and abandoning module Paper2D (64)
[2015.03.03-17.48.32:239][863]LogModuleManager: Shutting down and abandoning module WindowsMoviePlayer (63)
[2015.03.03-17.48.32:241][863]LogModuleManager: Shutting down and abandoning module ImageWrapper (62)
[2015.03.03-17.48.32:241][863]LogModuleManager: Shutting down and abandoning module OnlineBlueprintSupport (61)
[2015.03.03-17.48.32:241][863]LogModuleManager: Shutting down and abandoning module FunctionalTesting (60)
[2015.03.03-17.48.32:241][863]LogModuleManager: Shutting down and abandoning module CollisionAnalyzer (59)
[2015.03.03-17.48.32:241][863]LogModuleManager: Shutting down and abandoning module WorkspaceMenuStructure (58)
[2015.03.03-17.48.32:241][863]LogModuleManager: Shutting down and abandoning module MessageLog (57)
[2015.03.03-17.48.32:241][863]LogModuleManager: Shutting down and abandoning module UMGEditor (56)
[2015.03.03-17.48.32:241][863]LogModuleManager: Shutting down and abandoning module UMG (55)
[2015.03.03-17.48.32:241][863]LogModuleManager: Shutting down and abandoning module Slate (54)
[2015.03.03-17.48.32:241][863]LogModuleManager: Shutting down and abandoning module EditorStyle (53)
[2015.03.03-17.48.32:243][863]LogModuleManager: Shutting down and abandoning module SessionServices (52)
[2015.03.03-17.48.32:243][863]LogModuleManager: Shutting down and abandoning module SourceCodeAccess (51)
[2015.03.03-17.48.32:243][863]LogModuleManager: Shutting down and abandoning module HeadMountedDisplay (50)
[2015.03.03-17.48.32:243][863]LogModuleManager: Shutting down and abandoning module XAudio2 (49)
[2015.03.03-17.48.32:243][863]LogModuleManager: Shutting down and abandoning module Networking (47)
[2015.03.03-17.48.32:243][863]LogModuleManager: Shutting down and abandoning module Core (46)
[2015.03.03-17.48.32:243][863]LogModuleManager: Shutting down and abandoning module KismetCompiler (45)
[2015.03.03-17.48.32:243][863]LogModuleManager: Shutting down and abandoning module PhysXFormats (44)
[2015.03.03-17.48.32:243][863]LogModuleManager: Shutting down and abandoning module MeshUtilities (43)
[2015.03.03-17.48.32:243][863]LogModuleManager: Shutting down and abandoning module DerivedDataCache (42)
[2015.03.03-17.48.32:250][863]LogDerivedDataCache: Shutdown
[2015.03.03-17.48.32:250][863]LogModuleManager: Shutting down and abandoning module ShaderFormatOpenGL (41)
[2015.03.03-17.48.32:250][863]LogModuleManager: Shutting down and abandoning module ShaderFormatD3D (40)
[2015.03.03-17.48.32:250][863]LogModuleManager: Shutting down and abandoning module MetalShaderFormat (39)
[2015.03.03-17.48.32:250][863]LogModuleManager: Shutting down and abandoning module TextureFormatUncompressed (38)
[2015.03.03-17.48.32:250][863]LogModuleManager: Shutting down and abandoning module TextureFormatPVR (37)
[2015.03.03-17.48.32:250][863]LogModuleManager: Shutting down and abandoning module TextureFormatDXT (36)
[2015.03.03-17.48.32:250][863]LogModuleManager: Shutting down and abandoning module TextureFormatAndroid (35)
[2015.03.03-17.48.32:250][863]LogModuleManager: Shutting down and abandoning module AudioFormatOpus (34)
[2015.03.03-17.48.32:250][863]LogModuleManager: Shutting down and abandoning module AudioFormatOgg (33)
[2015.03.03-17.48.32:250][863]LogModuleManager: Shutting down and abandoning module AudioFormatADPCM (32)
[2015.03.03-17.48.32:250][863]LogModuleManager: Shutting down and abandoning module Messaging (31)
[2015.03.03-17.48.32:250][863]LogModuleManager: Shutting down and abandoning module IOSTargetPlatform (30)
[2015.03.03-17.48.32:250][863]LogModuleManager: Shutting down and abandoning module Android_PVRTCTargetPlatform (29)
[2015.03.03-17.48.32:250][863]LogModuleManager: Shutting down and abandoning module Android_ETC2TargetPlatform (28)
[2015.03.03-17.48.32:250][863]LogModuleManager: Shutting down and abandoning module Android_ETC1TargetPlatform (27)
[2015.03.03-17.48.32:250][863]LogModuleManager: Shutting down and abandoning module Android_DXTTargetPlatform (26)
[2015.03.03-17.48.32:250][863]LogModuleManager: Shutting down and abandoning module Android_ATCTargetPlatform (25)
[2015.03.03-17.48.32:250][863]LogModuleManager: Shutting down and abandoning module AndroidTargetPlatform (24)
[2015.03.03-17.48.32:250][863]LogModuleManager: Shutting down and abandoning module WindowsTargetPlatform (23)
[2015.03.03-17.48.32:250][863]LogModuleManager: Shutting down and abandoning module WindowsServerTargetPlatform (22)
[2015.03.03-17.48.32:250][863]LogModuleManager: Shutting down and abandoning module WindowsNoEditorTargetPlatform (21)
[2015.03.03-17.48.32:250][863]LogModuleManager: Shutting down and abandoning module WindowsClientTargetPlatform (20)
[2015.03.03-17.48.32:250][863]LogModuleManager: Shutting down and abandoning module TargetPlatform (19)
[2015.03.03-17.48.32:250][863]LogModuleManager: Shutting down and abandoning module InputCore (18)
[2015.03.03-17.48.32:250][863]LogModuleManager: Shutting down and abandoning module Settings (17)
[2015.03.03-17.48.32:250][863]LogModuleManager: Shutting down and abandoning module ExampleDeviceProfileSelector (14)
[2015.03.03-17.48.32:250][863]LogModuleManager: Shutting down and abandoning module OculusRift (13)
[2015.03.03-17.48.32:250][863]LogModuleManager: Shutting down and abandoning module TextureCompressor (12)
[2015.03.03-17.48.32:250][863]LogModuleManager: Shutting down and abandoning module ShaderCore (11)
[2015.03.03-17.48.32:250][863]LogModuleManager: Shutting down and abandoning module OpenGLDrv (10)
[2015.03.03-17.48.32:250][863]LogModuleManager: Shutting down and abandoning module D3D11RHI (9)
[2015.03.03-17.48.32:250][863]LogModuleManager: Shutting down and abandoning module SlateRHIRenderer (8)
[2015.03.03-17.48.32:250][863]LogModuleManager: Shutting down and abandoning module Renderer (7)
[2015.03.03-17.48.32:250][863]LogModuleManager: Shutting down and abandoning module Engine (6)
[2015.03.03-17.48.32:250][863]LogModuleManager: Shutting down and abandoning module CoreUObject (5)
[2015.03.03-17.48.32:250][863]LogModuleManager: Shutting down and abandoning module NetworkFile (4)
[2015.03.03-17.48.32:250][863]LogModuleManager: Shutting down and abandoning module StreamingFile (3)
[2015.03.03-17.48.32:250][863]LogModuleManager: Shutting down and abandoning module SandboxFile (2)
[2015.03.03-17.48.32:250][863]LogModuleManager: Shutting down and abandoning module PakFile (1)
[2015.03.03-17.48.32:250][863]LogExit: Exiting.
[2015.03.03-17.48.32:262][863]Log file closed, 03/03/15 12:48:32
