Log file open, 02/12/15 09:27:22
LogInit:Display: Running engine for game: SpaceShooter
LogInit: Version: 4.4.3-2296771+++depot+UE4-Releases+4.4
LogInit: API Version: 2255576
LogInit: Compiled (64-bit): Sep 13 2014 22:30:58
LogInit: Build Configuration: DebugGame
LogInit: Branch Name: ++depot+UE4-Releases+4.4
LogInit: Command line:  -debug
LogInit: Base directory: C:/Program Files/Unreal Engine/4.4/Engine/Binaries/Win64/
LogInit: Rocket: 1
[2015.02.12-14.27.22:142][  0]LogTaskGraph: Started task graph with 3 named threads and 4 total threads.
[2015.02.12-14.27.22:171][  0]LogOnline:Warning: No default platform service specified for OnlineSubsystem
[2015.02.12-14.27.22:181][  0]LogInit: Presizing for 0 objects not considered by GC, pre-allocating 0 bytes.
[2015.02.12-14.27.22:189][  0]LogInit: Object subsystem initialized
[2015.02.12-14.27.22:192][  0]LogInit: Selected Device Profile: [Windows]
[2015.02.12-14.27.22:192][  0]LogInit: Applying CVar settings loaded from the selected device profile: [Windows]
[2015.02.12-14.27.22:197][  0]LogInit: Computer: C401IT27
[2015.02.12-14.27.22:197][  0]LogInit: User: sctcad
[2015.02.12-14.27.22:199][  0]LogInit: CPU Page size=4096, Cores=4
[2015.02.12-14.27.22:199][  0]LogInit: High frequency timer resolution =2.741230 MHz
[2015.02.12-14.27.22:199][  0]LogMemory: Memory total: Physical=6.0GB (6GB approx) Virtual=8192.0GB
[2015.02.12-14.27.22:200][  0]LogMemory: Platform Memory Stats for Windows
[2015.02.12-14.27.22:200][  0]LogMemory: Process Physical Memory: 60.71 MB used, 60.71 MB peak
[2015.02.12-14.27.22:200][  0]LogMemory: Process Virtual Memory: 36.32 MB used, 36.32 MB peak
[2015.02.12-14.27.22:201][  0]LogMemory: Physical Memory: 5241.85 MB used, 6134.93 MB total
[2015.02.12-14.27.22:201][  0]LogMemory: Virtual Memory: 256.68 MB used, 8388608.00 MB total
[2015.02.12-14.27.22:278][  0]LogD3D11RHI: Found D3D11 adapter 0: NVIDIA GeForce GTX 260   (Feature Level 10_0)
[2015.02.12-14.27.22:278][  0]LogD3D11RHI: Adapter has 1767MB of dedicated video memory, 0MB of dedicated system memory, and 2303MB of shared system memory, 1 output[s]
[2015.02.12-14.27.22:278][  0]LogD3D11RHI: Chosen D3D11 Adapter Id = 0
[2015.02.12-14.27.22:283][  0]LogRHI: Texture pool is 1237 MB (70% of 1767 MB)
[2015.02.12-14.27.22:315][  0]LogD3D11RHI: Async texture creation enabled
[2015.02.12-14.27.22:470][  0]LogContentStreaming: Texture pool size is 0.000000MB
[2015.02.12-14.27.24:119][  0]LogTargetPlatformManager:Display: Building Assets For Windows
[2015.02.12-14.27.24:535][  0]LogTargetPlatformManager:Display: Building Assets For Windows
[2015.02.12-14.27.24:580][  0]LogDerivedDataCache:Display: Max Cache Size: 512 MB
[2015.02.12-14.27.24:622][  0]LogDerivedDataCache: Loaded boot cache 0.04s 34MB C:/Users/sctcad/AppData/Local/UnrealEngine/4.4/DerivedDataCache/Boot.ddc.
[2015.02.12-14.27.24:623][  0]LogDerivedDataCache:Display: Loaded Boot cache: C:/Users/sctcad/AppData/Local/UnrealEngine/4.4/DerivedDataCache/Boot.ddc
[2015.02.12-14.27.24:623][  0]LogDerivedDataCache: FDerivedDataBackendGraph:  Pak pak cache file ../../../../../../Users/sctcad/Desktop/SpaceShooter/SpaceShooter/DerivedDataCache/DDC.ddp not found, will not use a pak cache.
[2015.02.12-14.27.24:623][  0]LogDerivedDataCache: Unable to find inner node Pak for hierarchical cache Hierarchy.
[2015.02.12-14.27.24:642][  0]LogDerivedDataCache:Display: Pak cache opened for reading ../../../Engine/DerivedDataCache/DDC.ddp.
[2015.02.12-14.27.24:654][  0]LogDerivedDataCache: Using Local data cache path C:/Users/sctcad/AppData/Local/UnrealEngine/4.4/DerivedDataCache: Writable
[2015.02.12-14.27.24:823][  0]LogMeshUtilities: No automatic mesh reduction module available
[2015.02.12-14.27.24:824][  0]LogMeshUtilities: No automatic mesh merging module available
[2015.02.12-14.27.25:196][  0]LogInit: WinSock: version 1.1 (2.2), MaxSocks=32767, MaxUdp=65467
[2015.02.12-14.27.26:571][  0]LogStats:Warning: MetaData mismatch. Did you assign a stat to two groups? New //STATGROUP_Threads//FMonitoredProcess///Thread_2364_0///////STATCAT_Advanced//// old //STATGROUP_Threads//FMonitoredProcess///Thread_233c_0///////STATCAT_Advanced////
[2015.02.12-14.27.26:571][  0]UdpMessaging: Initializing bridge on interface 0.0.0.0:0 to multicast group 230.0.0.1:6666.
[2015.02.12-14.27.26:690][  0]LogUObjectGlobals:Warning: Failed to find object 'StaticMesh /Script/CoreUObject.Object:Guid.C./Users/sctcad/Desktop/SpaceShooter/SpaceShooter/Content/UFO.uasset'
[2015.02.12-14.27.26:690][  0]Error: CDO Constructor: Failed to find C:/Users/sctcad/Desktop/SpaceShooter/SpaceShooter/Content/UFO.uasset
[2015.02.12-14.27.26:691][  0]LogUObjectBase:Warning: -------------- Default Property warnings and errors:
[2015.02.12-14.27.26:691][  0]LogUObjectBase:Warning: Error: CDO Constructor: Failed to find C:/Users/sctcad/Desktop/SpaceShooter/SpaceShooter/Content/UFO.uasset
[2015.02.12-14.27.44:556][  0]SourceControl: Info Source control is disabled
[2015.02.12-14.27.44:557][  0]SourceControl: Info Source control is disabled
[2015.02.12-14.27.44:563][  0]SourceControl: Info Source control is disabled
[2015.02.12-14.27.44:765][  0]BlueprintLog: New page: Editor Load
[2015.02.12-14.27.44:879][  0]LogObj: 21458 objects as part of root set at end of initial load.
[2015.02.12-14.27.44:880][  0]LogUObjectAllocator: 4232608 out of 0 bytes used by permanent object pool.
[2015.02.12-14.27.45:072][  0]LogEngine: Initializing Engine...
[2015.02.12-14.27.45:173][  0]LogInit: XAudio2 using 'Digital Audio (HDMI) (2- High Definition Audio Device)' : 2 channels at 44.1 kHz using 16 bits per sample (channel mask 0x3)
[2015.02.12-14.27.45:190][  0]LogInit: FAudioDevice initialized.
[2015.02.12-14.27.45:207][  0]LogAIModule: Creating AISystem for world NewWorld
[2015.02.12-14.27.45:230][  0]LogDerivedDataCache: Saved boot cache 0.02s 34MB C:/Users/sctcad/AppData/Local/UnrealEngine/4.4/DerivedDataCache/Boot.ddc.
[2015.02.12-14.27.45:237][  0]LogInit: Texture streaming: Enabled
[2015.02.12-14.27.45:269][  0]LogInit: Transaction tracking system initialized
[2015.02.12-14.27.45:404][  0]LogAssetRegistry: FAssetRegistry took 0.0097 seconds to start up
[2015.02.12-14.27.45:850][  0]LogTargetPlatformManager:Display: Building Assets For Windows
[2015.02.12-14.27.46:188][  0]LogTargetPlatformManager:Display: Building Assets For Windows
[2015.02.12-14.27.46:354][  0]LogConsoleResponse:Display: 
[2015.02.12-14.27.46:541][  0]LogStats:Warning: MetaData mismatch. Did you assign a stat to two groups? New //STATGROUP_Threads//FMonitoredProcess///Thread_1e4c_0///////STATCAT_Advanced//// old //STATGROUP_Threads//FMonitoredProcess///Thread_233c_0///////STATCAT_Advanced////
[2015.02.12-14.27.46:541][  0]LogStats:Warning: MetaData mismatch. Did you assign a stat to two groups? New //STATGROUP_Threads//FMonitoredProcess///Thread_1ac4_0///////STATCAT_Advanced//// old //STATGROUP_Threads//FMonitoredProcess///Thread_233c_0///////STATCAT_Advanced////
[2015.02.12-14.27.46:541][  0]SourceControl: Info Source control is disabled
[2015.02.12-14.27.46:542][  0]Cmd: MAP LOAD FILE="../../../Engine/Content/Maps/Templates/Template_Default.umap" TEMPLATE=1 SHOWPROGRESS=1
[2015.02.12-14.27.46:542][  0]LightingResults: New page: Lighting Build
[2015.02.12-14.27.46:551][  0]MapCheck: New page: Map Check
[2015.02.12-14.27.46:552][  0]LightingResults: New page: Lighting Build
[2015.02.12-14.27.46:565][  0]LogParticles: Destroying 0 GPU particle simulations for FXSystem 0x000000000FE34540
[2015.02.12-14.27.46:754][  0]LogEditorServer: Finished looking for orphan Actors (0.000 secs)
[2015.02.12-14.27.46:754][  0]LogAIModule: Creating AISystem for world Template_Default
[2015.02.12-14.27.46:755][  0]Cmd: MAP CHECKDEP
[2015.02.12-14.27.46:755][  0]MapCheck: New page: Untitled_1 - Feb 12, 2015, 4:27:46 AM
[2015.02.12-14.27.46:813][  0]MapCheck: Info ========== Map Check: 0 Error(s), 0 Warning(s), [57.695ms] ==========
[2015.02.12-14.27.46:814][  0]LogFileHelpers: Loading map 'Template_Default' took 0.272
[2015.02.12-14.27.46:906][  0]LogCollectionManager: Loaded 0 collections in 0.001042 seconds
[2015.02.12-14.27.46:919][  0]LogContentBrowser:Verbose: The content browser source was changed by the sources view to '/Game'
[2015.02.12-14.27.47:081][  0]LogCrashTracker: Crashtracker disabled due to settings.
[2015.02.12-14.27.47:140][  0]LogLoad: Full Startup: 26.86 seconds (BP compile: 0.07 seconds)
[2015.02.12-14.27.47:292][  0]LogRenderer:Warning: Reallocating scene render targets to support 1136x896.
[2015.02.12-14.27.47:452][  1]LogAssetRegistry: Asset discovery search completed in 2.0578 seconds
[2015.02.12-14.27.57:656][446]Cmd: MAP LOAD FILE="../../../../../../Users/sctcad/Desktop/SpaceShooter/SpaceShooter/Content/SpacyMap.umap" TEMPLATE=0 SHOWPROGRESS=1
[2015.02.12-14.27.57:658][446]LightingResults: New page: Lighting Build
[2015.02.12-14.27.57:673][446]LoadErrors: New page: Loading map: SpacyMap.umap
[2015.02.12-14.27.57:673][446]MapCheck: New page: Map Check
[2015.02.12-14.27.57:674][446]LightingResults: New page: Lighting Build
[2015.02.12-14.27.57:700][446]LogParticles: Destroying 0 GPU particle simulations for FXSystem 0x000000000FC9B380
[2015.02.12-14.27.57:793][446]LogEditorServer: Finished looking for orphan Actors (0.000 secs)
[2015.02.12-14.27.57:794][446]LogAIModule: Creating AISystem for world SpacyMap
[2015.02.12-14.27.57:812][446]Cmd: MAP CHECKDEP
[2015.02.12-14.27.57:813][446]MapCheck: New page: SpacyMap - Feb 12, 2015, 4:27:57 AM
[2015.02.12-14.27.57:871][446]MapCheck: Info ========== Map Check: 0 Error(s), 0 Warning(s), [57.3ms] ==========
[2015.02.12-14.27.57:871][446]LogFileHelpers: Loading map 'SpacyMap' took 0.216
[2015.02.12-14.28.26:412][123]LogEditor: Attempting to add actor of class 'Ship' to level at 140.00,-400.00,338.00
[2015.02.12-14.28.26:412][123]LogUObjectGlobals:Warning: Failed to find object 'StaticMesh /Script/CoreUObject.Object:Guid.C./Users/sctcad/Desktop/SpaceShooter/SpaceShooter/Content/UFO.uasset'
[2015.02.12-14.28.26:413][123]Error: CDO Constructor: Failed to find C:/Users/sctcad/Desktop/SpaceShooter/SpaceShooter/Content/UFO.uasset
[2015.02.12-14.28.27:177][154]LogEditor: Attempting to add actor of class 'Ship' to level at 50.00,-110.00,108.00
[2015.02.12-14.28.27:178][154]LogUObjectGlobals:Warning: Failed to find object 'StaticMesh /Script/CoreUObject.Object:Guid.C./Users/sctcad/Desktop/SpaceShooter/SpaceShooter/Content/UFO.uasset'
[2015.02.12-14.28.27:179][154]Error: CDO Constructor: Failed to find C:/Users/sctcad/Desktop/SpaceShooter/SpaceShooter/Content/UFO.uasset
[2015.02.12-14.28.53:549][382]Cmd: QUIT_EDITOR
[2015.02.12-14.28.53:692][382]LogWindowsTextInputMethodSystem:Error: Terminating failed while unadvising the language notification sink from the TSF source.
[2015.02.12-14.28.53:694][382]LogExit: Preparing to exit.
[2015.02.12-14.28.54:644][382]LogExit: Editor shut down
[2015.02.12-14.28.54:645][382]LogExit: Transaction tracking system shut down
[2015.02.12-14.28.54:646][382]LogParticles: Destroying 0 GPU particle simulations for FXSystem 0x00000000123525C0
[2015.02.12-14.28.54:646][382]LogParticles: Destroying 0 GPU particle simulations for FXSystem 0x00000000097B5D00
[2015.02.12-14.28.54:668][382]LogExit: Object subsystem successfully closed.
[2015.02.12-14.28.54:696][382]LogModuleManager: Shutting down and abandoning module AndroidDeviceDetection (162)
[2015.02.12-14.28.54:697][382]LogModuleManager: Shutting down and abandoning module HTTP (161)
[2015.02.12-14.28.54:698][382]LogModuleManager: Shutting down and abandoning module CrashTracker (160)
[2015.02.12-14.28.54:698][382]LogModuleManager: Shutting down and abandoning module SuperSearch (159)
[2015.02.12-14.28.54:698][382]LogModuleManager: Shutting down and abandoning module SceneOutliner (158)
[2015.02.12-14.28.54:699][382]LogModuleManager: Shutting down and abandoning module EditorWidgets (157)
[2015.02.12-14.28.54:699][382]LogModuleManager: Shutting down and abandoning module CollectionManager (156)
[2015.02.12-14.28.54:699][382]LogModuleManager: Shutting down and abandoning module StatsViewer (155)
[2015.02.12-14.28.54:700][382]LogModuleManager: Shutting down and abandoning module FoliageEdit (154)
[2015.02.12-14.28.54:700][382]LogModuleManager: Shutting down and abandoning module LandscapeEditor (153)
[2015.02.12-14.28.54:700][382]LogModuleManager: Shutting down and abandoning module MeshPaint (152)
[2015.02.12-14.28.54:701][382]LogModuleManager: Shutting down and abandoning module ActorPickerMode (151)
[2015.02.12-14.28.54:701][382]LogModuleManager: Shutting down and abandoning module GeometryMode (150)
[2015.02.12-14.28.54:701][382]LogModuleManager: Shutting down and abandoning module TextureAlignMode (149)
[2015.02.12-14.28.54:701][382]LogModuleManager: Shutting down and abandoning module BspMode (148)
[2015.02.12-14.28.54:702][382]LogModuleManager: Shutting down and abandoning module PlacementMode (147)
[2015.02.12-14.28.54:702][382]LogModuleManager: Shutting down and abandoning module DesktopPlatform (146)
[2015.02.12-14.28.54:702][382]LogModuleManager: Shutting down and abandoning module AutomationWorker (145)
[2015.02.12-14.28.54:702][382]LogModuleManager: Shutting down and abandoning module EditorLiveStreaming (144)
[2015.02.12-14.28.54:703][382]LogModuleManager: Shutting down and abandoning module BehaviorTreeEditor (143)
[2015.02.12-14.28.54:703][382]LogModuleManager: Shutting down and abandoning module DeviceProfileEditor (142)
[2015.02.12-14.28.54:703][382]LogModuleManager: Shutting down and abandoning module UndoHistory (141)
[2015.02.12-14.28.54:703][382]LogModuleManager: Shutting down and abandoning module GameplayTagsEditor (140)
[2015.02.12-14.28.54:704][382]LogModuleManager: Shutting down and abandoning module UserFeedback (139)
[2015.02.12-14.28.54:704][382]LogModuleManager: Shutting down and abandoning module XmlParser (138)
[2015.02.12-14.28.54:704][382]LogModuleManager: Shutting down and abandoning module Blutility (137)
[2015.02.12-14.28.54:704][382]LogModuleManager: Shutting down and abandoning module IOSPlatformEditor (136)
[2015.02.12-14.28.54:705][382]LogModuleManager: Shutting down and abandoning module IOSRuntimeSettings (135)
[2015.02.12-14.28.54:705][382]LogModuleManager: Shutting down and abandoning module AndroidPlatformEditor (134)
[2015.02.12-14.28.54:705][382]LogModuleManager: Shutting down and abandoning module AndroidRuntimeSettings (133)
[2015.02.12-14.28.54:705][382]LogModuleManager: Shutting down and abandoning module ProjectTargetPlatformEditor (132)
[2015.02.12-14.28.54:706][382]LogModuleManager: Shutting down and abandoning module ProjectSettingsViewer (131)
[2015.02.12-14.28.54:706][382]LogModuleManager: Shutting down and abandoning module InputBindingEditor (130)
[2015.02.12-14.28.54:706][382]LogModuleManager: Shutting down and abandoning module EditorSettingsViewer (129)
[2015.02.12-14.28.54:706][382]LogModuleManager: Shutting down and abandoning module SettingsEditor (128)
[2015.02.12-14.28.54:707][382]LogModuleManager: Shutting down and abandoning module SessionLauncher (127)
[2015.02.12-14.28.54:707][382]LogModuleManager: Shutting down and abandoning module SessionFrontend (126)
[2015.02.12-14.28.54:707][382]LogModuleManager: Shutting down and abandoning module ProfilerClient (125)
[2015.02.12-14.28.54:707][382]LogModuleManager: Shutting down and abandoning module TargetDeviceServices (124)
[2015.02.12-14.28.54:708][382]LogModuleManager: Shutting down and abandoning module DeviceManager (123)
[2015.02.12-14.28.54:708][382]LogModuleManager: Shutting down and abandoning module AutomationController (122)
[2015.02.12-14.28.54:708][382]LogModuleManager: Shutting down and abandoning module AutomationWindow (121)
[2015.02.12-14.28.54:709][382]LogModuleManager: Shutting down and abandoning module Layers (120)
[2015.02.12-14.28.54:709][382]LogModuleManager: Shutting down and abandoning module ComponentVisualizers (119)
[2015.02.12-14.28.54:709][382]LogModuleManager: Shutting down and abandoning module DetailCustomizations (118)
[2015.02.12-14.28.54:709][382]LogModuleManager: Shutting down and abandoning module PackagesDialog (117)
[2015.02.12-14.28.54:710][382]LogModuleManager: Shutting down and abandoning module DirectoryWatcher (116)
[2015.02.12-14.28.54:710][382]LogModuleManager: Shutting down and abandoning module AssetRegistry (115)
[2015.02.12-14.28.54:794][382]LogModuleManager: Shutting down and abandoning module Persona (114)
[2015.02.12-14.28.54:795][382]LogModuleManager: Shutting down and abandoning module GraphEditor (113)
[2015.02.12-14.28.54:795][382]LogModuleManager: Shutting down and abandoning module ClassViewer (112)
[2015.02.12-14.28.54:795][382]LogModuleManager: Shutting down and abandoning module Toolbox (111)
[2015.02.12-14.28.54:796][382]LogModuleManager: Shutting down and abandoning module ModuleUI (110)
[2015.02.12-14.28.54:796][382]LogModuleManager: Shutting down and abandoning module Sequencer (109)
[2015.02.12-14.28.54:796][382]LogModuleManager: Shutting down and abandoning module MovieSceneTools (108)
[2015.02.12-14.28.54:796][382]LogModuleManager: Shutting down and abandoning module OutputLog (107)
[2015.02.12-14.28.54:797][382]LogModuleManager: Shutting down and abandoning module GammaUI (106)
[2015.02.12-14.28.54:797][382]LogModuleManager: Shutting down and abandoning module Documentation (105)
[2015.02.12-14.28.54:797][382]LogModuleManager: Shutting down and abandoning module GameLiveStreaming (104)
[2015.02.12-14.28.54:797][382]LogModuleManager: Shutting down and abandoning module StreamingPauseRendering (103)
[2015.02.12-14.28.54:798][382]LogModuleManager: Shutting down and abandoning module AnalyticsET (102)
[2015.02.12-14.28.54:798][382]LogModuleManager: Shutting down and abandoning module Analytics (101)
[2015.02.12-14.28.54:798][382]LogModuleManager: Shutting down and abandoning module GameplayDebugger (100)
[2015.02.12-14.28.54:799][382]LogModuleManager: Shutting down and abandoning module AIModule (99)
[2015.02.12-14.28.54:799][382]LogModuleManager: Shutting down and abandoning module ProfilerService (98)
[2015.02.12-14.28.54:901][382]LogModuleManager: Shutting down and abandoning module TaskGraph (97)
[2015.02.12-14.28.54:901][382]LogModuleManager: Shutting down and abandoning module SlateRemote (96)
[2015.02.12-14.28.54:902][382]LogModuleManager: Shutting down and abandoning module ScriptEditorPlugin (95)
[2015.02.12-14.28.54:902][382]LogModuleManager: Shutting down and abandoning module CustomMeshComponent (94)
[2015.02.12-14.28.54:902][382]LogModuleManager: Shutting down and abandoning module CableComponent (93)
[2015.02.12-14.28.54:903][382]LogModuleManager: Shutting down and abandoning module MessagingDebugger (92)
[2015.02.12-14.28.54:903][382]LogModuleManager: Shutting down and abandoning module ViewportSnapping (91)
[2015.02.12-14.28.54:903][382]LogModuleManager: Shutting down and abandoning module SmartSnapping (90)
[2015.02.12-14.28.54:903][382]LogModuleManager: Shutting down and abandoning module PaperTiledImporter (89)
[2015.02.12-14.28.54:904][382]LogModuleManager: Shutting down and abandoning module PaperJsonImporter (88)
[2015.02.12-14.28.54:904][382]LogModuleManager: Shutting down and abandoning module GameProjectGeneration (87)
[2015.02.12-14.28.54:904][382]LogModuleManager: Shutting down and abandoning module Matinee (86)
[2015.02.12-14.28.54:905][382]LogModuleManager: Shutting down and abandoning module Kismet (85)
[2015.02.12-14.28.54:905][382]LogModuleManager: Shutting down and abandoning module SlateReflector (84)
[2015.02.12-14.28.54:905][382]LogModuleManager: Shutting down and abandoning module LevelEditor (83)
[2015.02.12-14.28.54:906][382]LogModuleManager: Shutting down and abandoning module IntroTutorials (82)
[2015.02.12-14.28.54:906][382]LogModuleManager: Shutting down and abandoning module ContentBrowser (81)
[2015.02.12-14.28.54:907][382]LogModuleManager: Shutting down and abandoning module PropertyEditor (80)
[2015.02.12-14.28.54:907][382]LogModuleManager: Shutting down and abandoning module AssetTools (79)
[2015.02.12-14.28.54:907][382]LogModuleManager: Shutting down and abandoning module Paper2DEditor (78)
[2015.02.12-14.28.54:907][382]LogModuleManager: Shutting down and abandoning module SpeedTreeImporter (77)
[2015.02.12-14.28.54:908][382]LogModuleManager: Shutting down and abandoning module PluginsEditor (76)
[2015.02.12-14.28.54:908][382]LogModuleManager: Shutting down and abandoning module MainFrame (75)
[2015.02.12-14.28.54:908][382]LogModuleManager: Shutting down and abandoning module EpicSurvey (74)
[2015.02.12-14.28.54:909][382]LogModuleManager: Shutting down and abandoning module VisualStudioSourceCodeAccess (73)
[2015.02.12-14.28.54:909][382]LogModuleManager: Shutting down and abandoning module UObjectPlugin (72)
[2015.02.12-14.28.54:909][382]LogModuleManager: Shutting down and abandoning module SubversionSourceControl (71)
[2015.02.12-14.28.54:909][382]LogModuleManager: Shutting down and abandoning module SourceControl (70)
[2015.02.12-14.28.54:909][382]LogModuleManager: Shutting down and abandoning module PerforceSourceControl (69)
[2015.02.12-14.28.54:910][382]LogModuleManager: Shutting down and abandoning module BlankPlugin (68)
[2015.02.12-14.28.54:910][382]LogModuleManager: Shutting down and abandoning module SpaceShooter (67)
[2015.02.12-14.28.54:910][382]LogModuleManager: Shutting down and abandoning module ScriptPlugin (66)
[2015.02.12-14.28.54:910][382]LogModuleManager: Shutting down and abandoning module UdpMessaging (65)
[2015.02.12-14.28.55:011][382]LogModuleManager: Shutting down and abandoning module Paper2D (64)
[2015.02.12-14.28.55:011][382]LogModuleManager: Shutting down and abandoning module WindowsMoviePlayer (63)
[2015.02.12-14.28.55:015][382]LogModuleManager: Shutting down and abandoning module ImageWrapper (62)
[2015.02.12-14.28.55:016][382]LogModuleManager: Shutting down and abandoning module OnlineBlueprintSupport (61)
[2015.02.12-14.28.55:016][382]LogModuleManager: Shutting down and abandoning module FunctionalTesting (60)
[2015.02.12-14.28.55:016][382]LogModuleManager: Shutting down and abandoning module CollisionAnalyzer (59)
[2015.02.12-14.28.55:016][382]LogModuleManager: Shutting down and abandoning module WorkspaceMenuStructure (58)
[2015.02.12-14.28.55:017][382]LogModuleManager: Shutting down and abandoning module MessageLog (57)
[2015.02.12-14.28.55:017][382]LogModuleManager: Shutting down and abandoning module UMGEditor (56)
[2015.02.12-14.28.55:017][382]LogModuleManager: Shutting down and abandoning module UMG (55)
[2015.02.12-14.28.55:018][382]LogModuleManager: Shutting down and abandoning module Slate (54)
[2015.02.12-14.28.55:018][382]LogModuleManager: Shutting down and abandoning module EditorStyle (53)
[2015.02.12-14.28.55:020][382]LogModuleManager: Shutting down and abandoning module SessionServices (52)
[2015.02.12-14.28.55:020][382]LogModuleManager: Shutting down and abandoning module SourceCodeAccess (51)
[2015.02.12-14.28.55:020][382]LogModuleManager: Shutting down and abandoning module HeadMountedDisplay (50)
[2015.02.12-14.28.55:021][382]LogModuleManager: Shutting down and abandoning module XAudio2 (49)
[2015.02.12-14.28.55:021][382]LogModuleManager: Shutting down and abandoning module Networking (47)
[2015.02.12-14.28.55:021][382]LogModuleManager: Shutting down and abandoning module Core (46)
[2015.02.12-14.28.55:021][382]LogModuleManager: Shutting down and abandoning module KismetCompiler (45)
[2015.02.12-14.28.55:022][382]LogModuleManager: Shutting down and abandoning module PhysXFormats (44)
[2015.02.12-14.28.55:022][382]LogModuleManager: Shutting down and abandoning module MeshUtilities (43)
[2015.02.12-14.28.55:022][382]LogModuleManager: Shutting down and abandoning module DerivedDataCache (42)
[2015.02.12-14.28.55:148][382]LogDerivedDataCache: Shutdown
[2015.02.12-14.28.55:148][382]LogModuleManager: Shutting down and abandoning module ShaderFormatOpenGL (41)
[2015.02.12-14.28.55:149][382]LogModuleManager: Shutting down and abandoning module ShaderFormatD3D (40)
[2015.02.12-14.28.55:149][382]LogModuleManager: Shutting down and abandoning module MetalShaderFormat (39)
[2015.02.12-14.28.55:149][382]LogModuleManager: Shutting down and abandoning module TextureFormatUncompressed (38)
[2015.02.12-14.28.55:150][382]LogModuleManager: Shutting down and abandoning module TextureFormatPVR (37)
[2015.02.12-14.28.55:150][382]LogModuleManager: Shutting down and abandoning module TextureFormatDXT (36)
[2015.02.12-14.28.55:150][382]LogModuleManager: Shutting down and abandoning module TextureFormatAndroid (35)
[2015.02.12-14.28.55:150][382]LogModuleManager: Shutting down and abandoning module AudioFormatOpus (34)
[2015.02.12-14.28.55:151][382]LogModuleManager: Shutting down and abandoning module AudioFormatOgg (33)
[2015.02.12-14.28.55:151][382]LogModuleManager: Shutting down and abandoning module AudioFormatADPCM (32)
[2015.02.12-14.28.55:151][382]LogModuleManager: Shutting down and abandoning module Messaging (31)
[2015.02.12-14.28.55:151][382]LogModuleManager: Shutting down and abandoning module IOSTargetPlatform (30)
[2015.02.12-14.28.55:152][382]LogModuleManager: Shutting down and abandoning module Android_PVRTCTargetPlatform (29)
[2015.02.12-14.28.55:152][382]LogModuleManager: Shutting down and abandoning module Android_ETC2TargetPlatform (28)
[2015.02.12-14.28.55:152][382]LogModuleManager: Shutting down and abandoning module Android_ETC1TargetPlatform (27)
[2015.02.12-14.28.55:152][382]LogModuleManager: Shutting down and abandoning module Android_DXTTargetPlatform (26)
[2015.02.12-14.28.55:152][382]LogModuleManager: Shutting down and abandoning module Android_ATCTargetPlatform (25)
[2015.02.12-14.28.55:153][382]LogModuleManager: Shutting down and abandoning module AndroidTargetPlatform (24)
[2015.02.12-14.28.55:153][382]LogModuleManager: Shutting down and abandoning module WindowsTargetPlatform (23)
[2015.02.12-14.28.55:153][382]LogModuleManager: Shutting down and abandoning module WindowsServerTargetPlatform (22)
[2015.02.12-14.28.55:153][382]LogModuleManager: Shutting down and abandoning module WindowsNoEditorTargetPlatform (21)
[2015.02.12-14.28.55:154][382]LogModuleManager: Shutting down and abandoning module WindowsClientTargetPlatform (20)
[2015.02.12-14.28.55:154][382]LogModuleManager: Shutting down and abandoning module TargetPlatform (19)
[2015.02.12-14.28.55:154][382]LogModuleManager: Shutting down and abandoning module InputCore (18)
[2015.02.12-14.28.55:154][382]LogModuleManager: Shutting down and abandoning module Settings (17)
[2015.02.12-14.28.55:155][382]LogModuleManager: Shutting down and abandoning module ExampleDeviceProfileSelector (14)
[2015.02.12-14.28.55:155][382]LogModuleManager: Shutting down and abandoning module OculusRift (13)
[2015.02.12-14.28.55:155][382]LogModuleManager: Shutting down and abandoning module TextureCompressor (12)
[2015.02.12-14.28.55:156][382]LogModuleManager: Shutting down and abandoning module ShaderCore (11)
[2015.02.12-14.28.55:156][382]LogModuleManager: Shutting down and abandoning module OpenGLDrv (10)
[2015.02.12-14.28.55:156][382]LogModuleManager: Shutting down and abandoning module D3D11RHI (9)
[2015.02.12-14.28.55:156][382]LogModuleManager: Shutting down and abandoning module SlateRHIRenderer (8)
[2015.02.12-14.28.55:157][382]LogModuleManager: Shutting down and abandoning module Renderer (7)
[2015.02.12-14.28.55:157][382]LogModuleManager: Shutting down and abandoning module Engine (6)
[2015.02.12-14.28.55:157][382]LogModuleManager: Shutting down and abandoning module CoreUObject (5)
[2015.02.12-14.28.55:157][382]LogModuleManager: Shutting down and abandoning module NetworkFile (4)
[2015.02.12-14.28.55:158][382]LogModuleManager: Shutting down and abandoning module StreamingFile (3)
[2015.02.12-14.28.55:158][382]LogModuleManager: Shutting down and abandoning module SandboxFile (2)
[2015.02.12-14.28.55:158][382]LogModuleManager: Shutting down and abandoning module PakFile (1)
[2015.02.12-14.28.55:160][382]LogExit: Exiting.
[2015.02.12-14.28.55:162][382]Log file closed, 02/12/15 09:28:55
