Log file open, 03/03/15 13:45:40
LogInit:Display: Running engine for game: SpaceShooter
LogInit: Version: 4.4.3-2296771+++depot+UE4-Releases+4.4
LogInit: API Version: 2255576
LogInit: Compiled (64-bit): Sep 13 2014 22:30:58
LogInit: Build Configuration: Development
LogInit: Branch Name: ++depot+UE4-Releases+4.4
LogInit: Command line: 
LogInit: Base directory: C:/Program Files/Unreal Engine/4.4/Engine/Binaries/Win64/
LogInit: Rocket: 1
[2015.03.03-18.45.40:278][  0]LogTaskGraph: Started task graph with 3 named threads and 4 total threads.
[2015.03.03-18.45.40:307][  0]LogOnline:Warning: No default platform service specified for OnlineSubsystem
[2015.03.03-18.45.40:319][  0]LogInit: Presizing for 0 objects not considered by GC, pre-allocating 0 bytes.
[2015.03.03-18.45.40:328][  0]LogInit: Object subsystem initialized
[2015.03.03-18.45.40:330][  0]LogInit: Selected Device Profile: [Windows]
[2015.03.03-18.45.40:331][  0]LogInit: Applying CVar settings loaded from the selected device profile: [Windows]
[2015.03.03-18.45.40:336][  0]LogInit: Computer: C401IT35
[2015.03.03-18.45.40:336][  0]LogInit: User: npham
[2015.03.03-18.45.40:337][  0]LogInit: CPU Page size=4096, Cores=4
[2015.03.03-18.45.40:338][  0]LogInit: High frequency timer resolution =2.741230 MHz
[2015.03.03-18.45.40:338][  0]LogMemory: Memory total: Physical=6.0GB (6GB approx) Virtual=8192.0GB
[2015.03.03-18.45.40:339][  0]LogMemory: Platform Memory Stats for Windows
[2015.03.03-18.45.40:339][  0]LogMemory: Process Physical Memory: 60.72 MB used, 60.72 MB peak
[2015.03.03-18.45.40:339][  0]LogMemory: Process Virtual Memory: 36.22 MB used, 36.22 MB peak
[2015.03.03-18.45.40:340][  0]LogMemory: Physical Memory: 4364.51 MB used, 6134.93 MB total
[2015.03.03-18.45.40:340][  0]LogMemory: Virtual Memory: 256.68 MB used, 8388608.00 MB total
[2015.03.03-18.45.40:416][  0]LogD3D11RHI: Found D3D11 adapter 0: NVIDIA GeForce GTX 260   (Feature Level 10_0)
[2015.03.03-18.45.40:416][  0]LogD3D11RHI: Adapter has 1767MB of dedicated video memory, 0MB of dedicated system memory, and 2303MB of shared system memory, 1 output[s]
[2015.03.03-18.45.40:417][  0]LogD3D11RHI: Chosen D3D11 Adapter Id = 0
[2015.03.03-18.45.40:422][  0]LogRHI: Texture pool is 1237 MB (70% of 1767 MB)
[2015.03.03-18.45.40:453][  0]LogD3D11RHI: Async texture creation enabled
[2015.03.03-18.45.40:624][  0]LogContentStreaming: Texture pool size is 0.000000MB
[2015.03.03-18.45.42:279][  0]LogTargetPlatformManager:Display: Building Assets For Windows
[2015.03.03-18.45.42:663][  0]LogTargetPlatformManager:Display: Building Assets For Windows
[2015.03.03-18.45.42:709][  0]LogDerivedDataCache:Display: Max Cache Size: 512 MB
[2015.03.03-18.45.42:753][  0]LogDerivedDataCache: Loaded boot cache 0.04s 36MB C:/Users/npham/AppData/Local/UnrealEngine/4.4/DerivedDataCache/Boot.ddc.
[2015.03.03-18.45.42:754][  0]LogDerivedDataCache:Display: Loaded Boot cache: C:/Users/npham/AppData/Local/UnrealEngine/4.4/DerivedDataCache/Boot.ddc
[2015.03.03-18.45.42:754][  0]LogDerivedDataCache: FDerivedDataBackendGraph:  Pak pak cache file ../../../../../../Users/npham/Desktop/SpaceShooter/SpaceShooter/DerivedDataCache/DDC.ddp not found, will not use a pak cache.
[2015.03.03-18.45.42:755][  0]LogDerivedDataCache: Unable to find inner node Pak for hierarchical cache Hierarchy.
[2015.03.03-18.45.42:773][  0]LogDerivedDataCache:Display: Pak cache opened for reading ../../../Engine/DerivedDataCache/DDC.ddp.
[2015.03.03-18.45.42:785][  0]LogDerivedDataCache: Using Local data cache path C:/Users/npham/AppData/Local/UnrealEngine/4.4/DerivedDataCache: Writable
[2015.03.03-18.45.42:950][  0]LogMeshUtilities: No automatic mesh reduction module available
[2015.03.03-18.45.42:950][  0]LogMeshUtilities: No automatic mesh merging module available
[2015.03.03-18.45.43:288][  0]LogInit: WinSock: version 1.1 (2.2), MaxSocks=32767, MaxUdp=65467
[2015.03.03-18.45.44:085][  0]LogStats:Warning: MetaData mismatch. Did you assign a stat to two groups? New //STATGROUP_Threads//FMonitoredProcess///Thread_a40_0///////STATCAT_Advanced//// old //STATGROUP_Threads//FMonitoredProcess///Thread_1124_0///////STATCAT_Advanced////
[2015.03.03-18.45.44:086][  0]UdpMessaging: Initializing bridge on interface 0.0.0.0:0 to multicast group 230.0.0.1:6666.
[2015.03.03-18.45.44:290][  0]LogBlueprint:Warning: [compiler] Warning Get Input Axis references unknown Axis 'MoveRight' for  MoveRight 
[2015.03.03-18.45.44:295][  0]LogBlueprint:Warning: [compiler] Warning [0005.84] Compile of BP_Pixel_Ship_Player successful, but with 1 Warning(s) [in 12 ms]
[2015.03.03-18.45.44:314][  0]LogBlueprint:Warning: [compiler] Warning Get Input Axis references unknown Axis 'MoveRight' for  MoveRight 
[2015.03.03-18.45.44:320][  0]LogBlueprint:Warning: [compiler] Warning [0005.86] Compile of BP_Pixel_Ship_Player successful, but with 1 Warning(s) [in 14 ms]
[2015.03.03-18.45.44:333][  0]BlueprintLog:Warning: Warning Blueprint BP_Pixel_Projectile has been migrated and requires re-saving to avoid import errors
[2015.03.03-18.45.44:336][  0]BlueprintLog:Warning: Warning Blueprint BP_Pixel_Ship_Player has been migrated and requires re-saving to avoid import errors
[2015.03.03-18.45.44:383][  0]SourceControl: Info Source control is disabled
[2015.03.03-18.45.44:384][  0]SourceControl: Info Source control is disabled
[2015.03.03-18.45.44:390][  0]SourceControl: Info Source control is disabled
[2015.03.03-18.45.44:577][  0]BlueprintLog: New page: Editor Load
[2015.03.03-18.45.44:680][  0]LogObj: 27520 objects as part of root set at end of initial load.
[2015.03.03-18.45.44:680][  0]LogUObjectAllocator: 6024752 out of 0 bytes used by permanent object pool.
[2015.03.03-18.45.44:861][  0]LogEngine: Initializing Engine...
[2015.03.03-18.45.44:959][  0]LogInit: XAudio2 using 'Digital Audio (HDMI) (2- High Definition Audio Device)' : 2 channels at 44.1 kHz using 16 bits per sample (channel mask 0x3)
[2015.03.03-18.45.44:978][  0]LogInit: FAudioDevice initialized.
[2015.03.03-18.45.44:995][  0]LogAIModule: Creating AISystem for world NewWorld
[2015.03.03-18.45.45:016][  0]LogDerivedDataCache: Saved boot cache 0.02s 36MB C:/Users/npham/AppData/Local/UnrealEngine/4.4/DerivedDataCache/Boot.ddc.
[2015.03.03-18.45.45:023][  0]LogInit: Texture streaming: Enabled
[2015.03.03-18.45.45:055][  0]LogInit: Transaction tracking system initialized
[2015.03.03-18.45.45:183][  0]LogAssetRegistry: FAssetRegistry took 0.0104 seconds to start up
[2015.03.03-18.45.45:638][  0]LogTargetPlatformManager:Display: Building Assets For Windows
[2015.03.03-18.45.45:925][  0]LogTargetPlatformManager:Display: Building Assets For Windows
[2015.03.03-18.45.46:071][  0]LogConsoleResponse:Display: 
[2015.03.03-18.45.46:243][  0]LogStats:Warning: MetaData mismatch. Did you assign a stat to two groups? New //STATGROUP_Threads//FMonitoredProcess///Thread_2378_0///////STATCAT_Advanced//// old //STATGROUP_Threads//FMonitoredProcess///Thread_1124_0///////STATCAT_Advanced////
[2015.03.03-18.45.46:243][  0]LogStats:Warning: MetaData mismatch. Did you assign a stat to two groups? New //STATGROUP_Threads//FMonitoredProcess///Thread_134c_0///////STATCAT_Advanced//// old //STATGROUP_Threads//FMonitoredProcess///Thread_1124_0///////STATCAT_Advanced////
[2015.03.03-18.45.46:244][  0]SourceControl: Info Source control is disabled
[2015.03.03-18.45.46:244][  0]Cmd: MAP LOAD FILE="../../../Engine/Content/Maps/Templates/Template_Default.umap" TEMPLATE=1 SHOWPROGRESS=1
[2015.03.03-18.45.46:245][  0]LightingResults: New page: Lighting Build
[2015.03.03-18.45.46:254][  0]MapCheck: New page: Map Check
[2015.03.03-18.45.46:254][  0]LightingResults: New page: Lighting Build
[2015.03.03-18.45.46:273][  0]LogParticles: Destroying 0 GPU particle simulations for FXSystem 0x0000000015F5C540
[2015.03.03-18.45.46:477][  0]LogEditorServer: Finished looking for orphan Actors (0.000 secs)
[2015.03.03-18.45.46:477][  0]LogAIModule: Creating AISystem for world Template_Default
[2015.03.03-18.45.46:478][  0]Cmd: MAP CHECKDEP
[2015.03.03-18.45.46:478][  0]MapCheck: New page: Untitled_1 - Mar 3, 2015, 8:45:46 AM
[2015.03.03-18.45.46:549][  0]MapCheck: Info ========== Map Check: 0 Error(s), 0 Warning(s), [70.82ms] ==========
[2015.03.03-18.45.46:550][  0]LogFileHelpers: Loading map 'Template_Default' took 0.305
[2015.03.03-18.45.46:650][  0]LogCollectionManager: Loaded 0 collections in 0.001543 seconds
[2015.03.03-18.45.46:814][  0]LogCrashTracker: Crashtracker disabled due to settings.
[2015.03.03-18.45.46:876][  0]LogLoad: Full Startup: 8.42 seconds (BP compile: 0.15 seconds)
[2015.03.03-18.45.46:888][  0]LogContentBrowser:Verbose: The content browser source was changed by the sources view to '/Game/ExampleContent/Input_Examples/Blueprints'
[2015.03.03-18.45.46:981][  0]LogRenderer:Warning: Reallocating scene render targets to support 32x32.
[2015.03.03-18.45.47:065][  0]LogRenderer:Warning: Reallocating scene render targets to support 1136x896.
[2015.03.03-18.45.47:231][  1]LogAssetRegistry: Asset discovery search completed in 2.0591 seconds
[2015.03.03-18.45.54:158][219]LogPlayLevel: PIE:  No blueprints needed recompiling
[2015.03.03-18.45.54:158][219]PIE: New page: PIE session: Untitled_1 (Mar 3, 2015, 8:45:54 AM)
[2015.03.03-18.45.54:160][219]LogPlayLevel: PIE: StaticDuplicateObject took: (0.001641s)
[2015.03.03-18.45.54:162][219]LogPlayLevel: PIE: World Init took: (0.000640s)
[2015.03.03-18.45.54:162][219]LogPlayLevel: PIE: Created PIE world by copying editor world from /Temp/Untitled_1.Template_Default to /Temp/UEDPIE_0_Untitled_1.Template_Default (0.003189s)
[2015.03.03-18.45.54:206][219]LogWorld: Game class is 'SpaceShooterGameMode'
[2015.03.03-18.45.54:208][219]LogAIModule: Creating AISystem for world Template_Default
[2015.03.03-18.45.54:209][219]LogWorld: Bringing World /Temp/UEDPIE_0_Untitled_1.Template_Default up for play (max tick rate 0) at 2015.03.03-13.45.54
[2015.03.03-18.45.54:210][219]LogWorld: Bringing up level for play took: 0.001413
[2015.03.03-18.45.54:217][219]PIE: Info Play in editor start time for /Temp/UEDPIE_0_Untitled_1 0.046
[2015.03.03-18.45.54:276][220]LogRenderer:Warning: Reallocating scene render targets to support 1136x904.
[2015.03.03-18.46.04:699][679]LogParticles: Destroying 0 GPU particle simulations for FXSystem 0x00000000044B8860
[2015.03.03-18.46.12:296][950]LogPlayLevel: PIE:  No blueprints needed recompiling
[2015.03.03-18.46.12:297][950]PIE: New page: SIE session: Untitled_1 (Mar 3, 2015, 8:46:12 AM)
[2015.03.03-18.46.12:299][950]LogPlayLevel: PIE: StaticDuplicateObject took: (0.001646s)
[2015.03.03-18.46.12:300][950]LogPlayLevel: PIE: World Init took: (0.000629s)
[2015.03.03-18.46.12:301][950]LogPlayLevel: PIE: Created PIE world by copying editor world from /Temp/Untitled_1.Template_Default to /Temp/UEDPIE_0_Untitled_1.Template_Default (0.003240s)
[2015.03.03-18.46.12:301][950]LogSelection:Warning: PIE object was selected: "BP_Pixel_Ship_Player_C /Temp/UEDPIE_0_Untitled_1.Template_Default:PersistentLevel.BP_Pixel_Ship_Player_9"
[2015.03.03-18.46.12:328][950]LogWorld: Game class is 'SpaceShooterGameMode'
[2015.03.03-18.46.12:330][950]LogAIModule: Creating AISystem for world Template_Default
[2015.03.03-18.46.12:331][950]LogWorld: Bringing World /Temp/UEDPIE_0_Untitled_1.Template_Default up for play (max tick rate 0) at 2015.03.03-13.46.12
[2015.03.03-18.46.12:332][950]LogWorld: Bringing up level for play took: 0.001913
[2015.03.03-18.46.12:333][950]PIE: Info Play in editor start time for /Temp/UEDPIE_0_Untitled_1 0.161
[2015.03.03-18.46.12:345][950]LogSelection:Warning: PIE object was selected: "BP_Pixel_Ship_Player_C /Temp/UEDPIE_0_Untitled_1.Template_Default:PersistentLevel.BP_Pixel_Ship_Player_9"
[2015.03.03-18.46.14:467][ 21]LogParticles: Destroying 0 GPU particle simulations for FXSystem 0x000000001034E480
[2015.03.03-18.46.15:179][ 52]LogPlayLevel: PIE:  No blueprints needed recompiling
[2015.03.03-18.46.15:179][ 52]PIE: New page: PIE session: Untitled_1 (Mar 3, 2015, 8:46:15 AM)
[2015.03.03-18.46.15:181][ 52]LogPlayLevel: PIE: StaticDuplicateObject took: (0.001631s)
[2015.03.03-18.46.15:183][ 52]LogPlayLevel: PIE: World Init took: (0.000635s)
[2015.03.03-18.46.15:183][ 52]LogPlayLevel: PIE: Created PIE world by copying editor world from /Temp/Untitled_1.Template_Default to /Temp/UEDPIE_0_Untitled_1.Template_Default (0.003350s)
[2015.03.03-18.46.15:210][ 52]LogWorld: Game class is 'SpaceShooterGameMode'
[2015.03.03-18.46.15:212][ 52]LogAIModule: Creating AISystem for world Template_Default
[2015.03.03-18.46.15:213][ 52]LogWorld: Bringing World /Temp/UEDPIE_0_Untitled_1.Template_Default up for play (max tick rate 0) at 2015.03.03-13.46.15
[2015.03.03-18.46.15:214][ 52]LogWorld: Bringing up level for play took: 0.001823
[2015.03.03-18.46.15:215][ 52]PIE: Info Play in editor start time for /Temp/UEDPIE_0_Untitled_1 -0.957
[2015.03.03-18.46.19:868][248]LogParticles: Destroying 0 GPU particle simulations for FXSystem 0x00000000102CC9A0
[2015.03.03-18.46.23:192][385]LogPlayLevel: PIE:  No blueprints needed recompiling
[2015.03.03-18.46.23:193][385]PIE: New page: PIE session: Untitled_1 (Mar 3, 2015, 8:46:23 AM)
[2015.03.03-18.46.23:195][385]LogPlayLevel: PIE: StaticDuplicateObject took: (0.001607s)
[2015.03.03-18.46.23:196][385]LogPlayLevel: PIE: World Init took: (0.000695s)
[2015.03.03-18.46.23:196][385]LogPlayLevel: PIE: Created PIE world by copying editor world from /Temp/Untitled_1.Template_Default to /Temp/UEDPIE_0_Untitled_1.Template_Default (0.003410s)
[2015.03.03-18.46.23:224][385]LogWorld: Game class is 'SpaceShooterGameMode'
[2015.03.03-18.46.23:225][385]LogAIModule: Creating AISystem for world Template_Default
[2015.03.03-18.46.23:227][385]LogWorld: Bringing World /Temp/UEDPIE_0_Untitled_1.Template_Default up for play (max tick rate 0) at 2015.03.03-13.46.23
[2015.03.03-18.46.23:227][385]LogWorld: Bringing up level for play took: 0.001647
[2015.03.03-18.46.23:229][385]PIE: Info Play in editor start time for /Temp/UEDPIE_0_Untitled_1 -0.944
[2015.03.03-18.46.26:113][492]LogParticles: Destroying 0 GPU particle simulations for FXSystem 0x000000001034EF20
[2015.03.03-18.46.39:552][ 66]LogNavigationPoint: PostEditMove Clear paths rebuilt
[2015.03.03-18.46.41:735][158]LogNavigationPoint: PostEditMove Clear paths rebuilt
[2015.03.03-18.46.47:451][392]LogNavigationPoint: PostEditMove Clear paths rebuilt
[2015.03.03-18.46.48:170][422]LogEditorViewport: Clicking on Actor (LMB): BP_Pixel_Ship_Player_C (BP_Pixel_Ship_Player)
[2015.03.03-18.46.54:582][677]LogEditorViewport: Clicking on Actor (LMB): PlayerStart (Player Start)
[2015.03.03-18.47.03:743][ 57]LogNavigationPoint: PostEditMove Clear paths rebuilt
[2015.03.03-18.47.05:084][115]LogPlayLevel: PIE:  No blueprints needed recompiling
[2015.03.03-18.47.05:085][115]PIE: New page: PIE session: Untitled_1 (Mar 3, 2015, 8:47:05 AM)
[2015.03.03-18.47.05:087][115]LogPlayLevel: PIE: StaticDuplicateObject took: (0.001686s)
[2015.03.03-18.47.05:088][115]LogPlayLevel: PIE: World Init took: (0.000635s)
[2015.03.03-18.47.05:088][115]LogPlayLevel: PIE: Created PIE world by copying editor world from /Temp/Untitled_1.Template_Default to /Temp/UEDPIE_0_Untitled_1.Template_Default (0.003194s)
[2015.03.03-18.47.05:117][115]LogWorld: Game class is 'SpaceShooterGameMode'
[2015.03.03-18.47.05:119][115]LogAIModule: Creating AISystem for world Template_Default
[2015.03.03-18.47.05:120][115]LogWorld: Bringing World /Temp/UEDPIE_0_Untitled_1.Template_Default up for play (max tick rate 0) at 2015.03.03-13.47.05
[2015.03.03-18.47.05:121][115]LogWorld: Bringing up level for play took: 0.001751
[2015.03.03-18.47.05:122][115]PIE: Info Play in editor start time for /Temp/UEDPIE_0_Untitled_1 0.947
[2015.03.03-18.47.08:705][248]LogParticles: Destroying 0 GPU particle simulations for FXSystem 0x00000000102CD940
[2015.03.03-18.47.14:546][478]LogNavigationPoint: PostEditMove Clear paths rebuilt
[2015.03.03-18.47.16:190][546]LogNavigationPoint: PostEditMove Clear paths rebuilt
[2015.03.03-18.47.17:150][587]LogPlayLevel: PIE:  No blueprints needed recompiling
[2015.03.03-18.47.17:151][587]PIE: New page: PIE session: Untitled_1 (Mar 3, 2015, 8:47:17 AM)
[2015.03.03-18.47.17:152][587]LogPlayLevel: PIE: StaticDuplicateObject took: (0.001599s)
[2015.03.03-18.47.17:154][587]LogPlayLevel: PIE: World Init took: (0.000633s)
[2015.03.03-18.47.17:154][587]LogPlayLevel: PIE: Created PIE world by copying editor world from /Temp/Untitled_1.Template_Default to /Temp/UEDPIE_0_Untitled_1.Template_Default (0.003117s)
[2015.03.03-18.47.17:186][587]LogWorld: Game class is 'SpaceShooterGameMode'
[2015.03.03-18.47.17:187][587]LogAIModule: Creating AISystem for world Template_Default
[2015.03.03-18.47.17:189][587]LogWorld: Bringing World /Temp/UEDPIE_0_Untitled_1.Template_Default up for play (max tick rate 0) at 2015.03.03-13.47.17
[2015.03.03-18.47.17:190][587]LogWorld: Bringing up level for play took: 0.001838
[2015.03.03-18.47.17:191][587]PIE: Info Play in editor start time for /Temp/UEDPIE_0_Untitled_1 1.015
[2015.03.03-18.47.21:618][769]LogParticles: Destroying 0 GPU particle simulations for FXSystem 0x000000001034ED40
[2015.03.03-18.47.26:321][957]LogNavigationPoint: PostEditMove Clear paths rebuilt
[2015.03.03-18.47.26:991][986]LogPlayLevel: PIE:  No blueprints needed recompiling
[2015.03.03-18.47.26:992][986]PIE: New page: PIE session: Untitled_1 (Mar 3, 2015, 8:47:26 AM)
[2015.03.03-18.47.26:994][986]LogPlayLevel: PIE: StaticDuplicateObject took: (0.001658s)
[2015.03.03-18.47.26:995][986]LogPlayLevel: PIE: World Init took: (0.000697s)
[2015.03.03-18.47.26:996][986]LogPlayLevel: PIE: Created PIE world by copying editor world from /Temp/Untitled_1.Template_Default to /Temp/UEDPIE_0_Untitled_1.Template_Default (0.003244s)
[2015.03.03-18.47.27:027][986]LogWorld: Game class is 'SpaceShooterGameMode'
[2015.03.03-18.47.27:029][986]LogAIModule: Creating AISystem for world Template_Default
[2015.03.03-18.47.27:030][986]LogWorld: Bringing World /Temp/UEDPIE_0_Untitled_1.Template_Default up for play (max tick rate 0) at 2015.03.03-13.47.27
[2015.03.03-18.47.27:031][986]LogWorld: Bringing up level for play took: 0.001829
[2015.03.03-18.47.27:033][986]PIE: Info Play in editor start time for /Temp/UEDPIE_0_Untitled_1 0.856
[2015.03.03-18.47.31:141][151]LogParticles: Destroying 0 GPU particle simulations for FXSystem 0x0000000015BE6160
[2015.03.03-18.47.35:514][321]LogEditorViewport: Clicking on Actor (LMB): BP_Pixel_Ship_Player_C (BP_Pixel_Ship_Player)
[2015.03.03-18.47.44:723][782]LogPlayLevel: PIE:  No blueprints needed recompiling
[2015.03.03-18.47.44:724][782]PIE: New page: PIE session: Untitled_1 (Mar 3, 2015, 8:47:44 AM)
[2015.03.03-18.47.44:726][782]LogPlayLevel: PIE: StaticDuplicateObject took: (0.001659s)
[2015.03.03-18.47.44:727][782]LogPlayLevel: PIE: World Init took: (0.000734s)
[2015.03.03-18.47.44:728][782]LogPlayLevel: PIE: Created PIE world by copying editor world from /Temp/Untitled_1.Template_Default to /Temp/UEDPIE_0_Untitled_1.Template_Default (0.003503s)
[2015.03.03-18.47.44:761][782]LogWorld: Game class is 'SpaceShooterGameMode'
[2015.03.03-18.47.44:763][782]LogAIModule: Creating AISystem for world Template_Default
[2015.03.03-18.47.44:764][782]LogWorld: Bringing World /Temp/UEDPIE_0_Untitled_1.Template_Default up for play (max tick rate 0) at 2015.03.03-13.47.44
[2015.03.03-18.47.44:765][782]LogPlayerController:Warning: Calling IsLocalController() while Player is NULL is undefined!
[2015.03.03-18.47.44:765][782]LogPlayerController:Warning: Calling IsLocalController() while Player is NULL is undefined!
[2015.03.03-18.47.44:765][782]LogWorld: Bringing up level for play took: 0.002377
[2015.03.03-18.47.44:766][782]PIE: Info Play in editor start time for /Temp/UEDPIE_0_Untitled_1 0.602
[2015.03.03-18.47.45:342][784]LogPlayerController:Warning: Calling IsLocalController() while Player is NULL is undefined!
[2015.03.03-18.47.45:343][784]LogPlayerController:Warning: Calling IsLocalController() while Player is NULL is undefined!
[2015.03.03-18.47.45:603][796]LogPlayerController:Warning: Calling IsLocalController() while Player is NULL is undefined!
[2015.03.03-18.47.45:603][796]LogPlayerController:Warning: Calling IsLocalController() while Player is NULL is undefined!
[2015.03.03-18.47.45:861][808]LogPlayerController:Warning: Calling IsLocalController() while Player is NULL is undefined!
[2015.03.03-18.47.45:861][808]LogPlayerController:Warning: Calling IsLocalController() while Player is NULL is undefined!
[2015.03.03-18.47.46:117][820]LogPlayerController:Warning: Calling IsLocalController() while Player is NULL is undefined!
[2015.03.03-18.47.46:117][820]LogPlayerController:Warning: Calling IsLocalController() while Player is NULL is undefined!
[2015.03.03-18.47.46:373][832]LogPlayerController:Warning: Calling IsLocalController() while Player is NULL is undefined!
[2015.03.03-18.47.46:373][832]LogPlayerController:Warning: Calling IsLocalController() while Player is NULL is undefined!
[2015.03.03-18.47.46:626][844]LogPlayerController:Warning: Calling IsLocalController() while Player is NULL is undefined!
[2015.03.03-18.47.46:626][844]LogPlayerController:Warning: Calling IsLocalController() while Player is NULL is undefined!
[2015.03.03-18.47.46:881][856]LogPlayerController:Warning: Calling IsLocalController() while Player is NULL is undefined!
[2015.03.03-18.47.46:882][856]LogPlayerController:Warning: Calling IsLocalController() while Player is NULL is undefined!
[2015.03.03-18.47.47:135][868]LogPlayerController:Warning: Calling IsLocalController() while Player is NULL is undefined!
[2015.03.03-18.47.47:135][868]LogPlayerController:Warning: Calling IsLocalController() while Player is NULL is undefined!
[2015.03.03-18.47.47:388][880]LogPlayerController:Warning: Calling IsLocalController() while Player is NULL is undefined!
[2015.03.03-18.47.47:388][880]LogPlayerController:Warning: Calling IsLocalController() while Player is NULL is undefined!
[2015.03.03-18.47.47:642][892]LogPlayerController:Warning: Calling IsLocalController() while Player is NULL is undefined!
[2015.03.03-18.47.47:643][892]LogPlayerController:Warning: Calling IsLocalController() while Player is NULL is undefined!
[2015.03.03-18.47.47:895][904]LogPlayerController:Warning: Calling IsLocalController() while Player is NULL is undefined!
[2015.03.03-18.47.47:896][904]LogPlayerController:Warning: Calling IsLocalController() while Player is NULL is undefined!
[2015.03.03-18.47.48:151][916]LogPlayerController:Warning: Calling IsLocalController() while Player is NULL is undefined!
[2015.03.03-18.47.48:152][916]LogPlayerController:Warning: Calling IsLocalController() while Player is NULL is undefined!
[2015.03.03-18.47.48:406][928]LogPlayerController:Warning: Calling IsLocalController() while Player is NULL is undefined!
[2015.03.03-18.47.48:407][928]LogPlayerController:Warning: Calling IsLocalController() while Player is NULL is undefined!
[2015.03.03-18.47.48:659][940]LogPlayerController:Warning: Calling IsLocalController() while Player is NULL is undefined!
[2015.03.03-18.47.48:660][940]LogPlayerController:Warning: Calling IsLocalController() while Player is NULL is undefined!
[2015.03.03-18.47.48:914][952]LogPlayerController:Warning: Calling IsLocalController() while Player is NULL is undefined!
[2015.03.03-18.47.48:914][952]LogPlayerController:Warning: Calling IsLocalController() while Player is NULL is undefined!
[2015.03.03-18.47.49:168][964]LogPlayerController:Warning: Calling IsLocalController() while Player is NULL is undefined!
[2015.03.03-18.47.49:168][964]LogPlayerController:Warning: Calling IsLocalController() while Player is NULL is undefined!
[2015.03.03-18.47.49:421][976]LogPlayerController:Warning: Calling IsLocalController() while Player is NULL is undefined!
[2015.03.03-18.47.49:421][976]LogPlayerController:Warning: Calling IsLocalController() while Player is NULL is undefined!
[2015.03.03-18.47.49:674][988]LogPlayerController:Warning: Calling IsLocalController() while Player is NULL is undefined!
[2015.03.03-18.47.49:674][988]LogPlayerController:Warning: Calling IsLocalController() while Player is NULL is undefined!
[2015.03.03-18.47.49:927][  0]LogPlayerController:Warning: Calling IsLocalController() while Player is NULL is undefined!
[2015.03.03-18.47.49:927][  0]LogPlayerController:Warning: Calling IsLocalC