Log file open, 03/12/15 09:25:43
LogInit:Display: Running engine for game: SpaceShooter
LogInit: Version: 4.7.2-2467323+++depot+UE4-Releases+4.7
LogInit: API Version: 2455222
LogInit: Compiled (64-bit): Mar  2 2015 23:16:34
LogInit: Compiled with Visual C++: 18.00.21005.01
LogInit: Build Configuration: DebugGame
LogInit: Branch Name: ++depot+UE4-Releases+4.7
LogInit: Command line:  -debug
LogInit: Base directory: C:/Program Files/Unreal Engine/4.7/Engine/Binaries/Win64/
LogInit: Rocket: 1
[2015.03.12-13.25.43:112][  0]LogTaskGraph: Started task graph with 3 named threads and 6 total threads.
[2015.03.12-13.25.43:176][  0]LogOnline:Warning: No default platform service specified for OnlineSubsystem
[2015.03.12-13.25.43:277][  0]LogInit: Presizing for 0 objects not considered by GC, pre-allocating 0 bytes.
[2015.03.12-13.25.43:296][  0]LogInit: Object subsystem initialized
[2015.03.12-13.25.43:317][  0]LogInit: Selected Device Profile: [Windows]
[2015.03.12-13.25.43:318][  0]LogInit: Applying CVar settings loaded from the selected device profile: [Windows]
[2015.03.12-13.25.43:335][  0]LogInit: Computer: C401IT37
[2015.03.12-13.25.43:335][  0]LogInit: User: npham
[2015.03.12-13.25.43:335][  0]LogInit: CPU Page size=4096, Cores=4
[2015.03.12-13.25.43:336][  0]LogInit: High frequency timer resolution =2.741250 MHz
[2015.03.12-13.25.43:337][  0]LogMemory: Memory total: Physical=6.0GB (6GB approx) Virtual=8192.0GB
[2015.03.12-13.25.43:338][  0]LogMemory: Platform Memory Stats for Windows
[2015.03.12-13.25.43:338][  0]LogMemory: Process Physical Memory: 46.02 MB used, 46.02 MB peak
[2015.03.12-13.25.43:338][  0]LogMemory: Process Virtual Memory: 22.55 MB used, 22.55 MB peak
[2015.03.12-13.25.43:339][  0]LogMemory: Physical Memory: 4673.21 MB used, 6134.93 MB total
[2015.03.12-13.25.43:339][  0]LogMemory: Virtual Memory: 273.25 MB used, 8388608.00 MB total
[2015.03.12-13.25.43:445][  0]LogD3D11RHI: Found D3D11 adapter 0: NVIDIA GeForce GTX 260   (Feature Level 10_0)
[2015.03.12-13.25.43:446][  0]LogD3D11RHI: Adapter has 1767MB of dedicated video memory, 0MB of dedicated system memory, and 2303MB of shared system memory, 1 output[s]
[2015.03.12-13.25.43:446][  0]LogD3D11RHI: Chosen D3D11 Adapter Id = 0
[2015.03.12-13.25.43:453][  0]LogRHI: Texture pool is 1237 MB (70% of 1767 MB)
[2015.03.12-13.25.43:503][  0]LogD3D11RHI: Async texture creation enabled
[2015.03.12-13.25.43:742][  0]LogTextLocalizationManager: The requested culture ('en_US') has no localization data; parent culture's ('en') localization data will be used.
[2015.03.12-13.25.43:936][  0]LogContentStreaming: Texture pool size is 0.000000MB
[2015.03.12-13.25.47:635][  0]LogTargetPlatformManager:Display: Building Assets For Windows
[2015.03.12-13.25.48:667][  0]LogTargetPlatformManager:Display: Building Assets For Windows
[2015.03.12-13.25.48:782][  0]LogDerivedDataCache:Display: Max Cache Size: 512 MB
[2015.03.12-13.25.48:783][  0]LogDerivedDataCache:Display: Starting with empty Boot cache
[2015.03.12-13.25.48:784][  0]LogDerivedDataCache: FDerivedDataBackendGraph:  Pak pak cache file ../../../../../../Users/npham/Desktop/SpaceShooter/SpaceShooter/DerivedDataCache/DDC.ddp not found, will not use a pak cache.
[2015.03.12-13.25.48:784][  0]LogDerivedDataCache: Unable to find inner node Pak for hierarchical cache Hierarchy.
[2015.03.12-13.25.48:946][  0]LogDerivedDataCache:Display: Pak cache opened for reading ../../../Engine/DerivedDataCache/Compressed.ddp.
[2015.03.12-13.25.48:959][  0]LogDerivedDataCache: Using Local data cache path C:/Users/npham/AppData/Local/UnrealEngine/Common/DerivedDataCache: Writable
[2015.03.12-13.25.49:952][  0]LogMeshUtilities: No automatic mesh reduction module available
[2015.03.12-13.25.49:952][  0]LogMeshUtilities: No automatic mesh merging module available
[2015.03.12-13.25.50:825][  0]LogInit: WinSock: version 1.1 (2.2), MaxSocks=32767, MaxUdp=65467
[2015.03.12-13.25.51:037][  0]LogSlate:Warning: Failed to load font data from '../../../Engine/Content/Slate/Fonts/Roboto-Italic.ttf'
[2015.03.12-13.25.53:712][  0]UdpMessaging: Initializing bridge on interface 0.0.0.0:0 to multicast group 230.0.0.1:6666.
[2015.03.12-13.25.53:930][  0]LogMaterial: Missing cached shader map for material M_Pixel_Cube, compiling. 
[2015.03.12-13.25.53:983][  0]LogStaticMesh: Building static mesh SM_Pixel_Enemy_1...
[2015.03.12-13.25.54:051][  0]LogStaticMesh: Built static mesh [68.912361ms] /Game/ExampleContent/Input_Examples/Meshes/SM_Pixel_Enemy_1.SM_Pixel_Enemy_1
[2015.03.12-13.25.54:085][  0]LogStaticMesh: Building static mesh SM_Pixel_Cube...
[2015.03.12-13.25.54:090][  0]LogStaticMesh: Built static mesh [5.218058ms] /Game/ExampleContent/Input_Examples/Meshes/SM_Pixel_Cube.SM_Pixel_Cube
[2015.03.12-13.25.54:128][  0]LogStaticMesh: Building static mesh SM_Pixel_Player...
[2015.03.12-13.25.54:178][  0]LogStaticMesh: Built static mesh [50.312813ms] /Game/ExampleContent/Input_Examples/Meshes/SM_Pixel_Player.SM_Pixel_Player
[2015.03.12-13.25.54:975][  0]SourceControl: Info Source control is disabled
[2015.03.12-13.25.54:976][  0]SourceControl: Info Source control is disabled
[2015.03.12-13.25.54:977][  0]SourceControl: Info Source control is disabled
[2015.03.12-13.25.54:977][  0]LogSourceControl: RunCommandInternalRaw: 'git version'
[2015.03.12-13.25.54:978][  0]LogSourceControl: RunCommandInternalRaw: ExecProcess ReturnCode=2 OutResults=''
[2015.03.12-13.25.55:018][  0]SourceControl: Info Source control is disabled
[2015.03.12-13.25.57:643][  0]LogObj: 24313 objects as part of root set at end of initial load.
[2015.03.12-13.25.57:644][  0]LogUObjectAllocator: 5179112 out of 0 bytes used by permanent object pool.
[2015.03.12-13.25.58:042][  0]LogEngine: Initializing Engine...
[2015.03.12-13.26.01:444][  0]LogInit: XAudio2 using 'Digital Audio (HDMI) (2- High Definition Audio Device)' : 2 channels at 44.1 kHz using 16 bits per sample (channel mask 0x3)
[2015.03.12-13.26.01:492][  0]LogInit: FAudioDevice initialized.
[2015.03.12-13.26.01:614][  0]LogAIModule: Creating AISystem for world NewWorld
[2015.03.12-13.26.01:645][  0]LogDerivedDataCache: Saved boot cache 0.03s 36MB C:/Users/npham/AppData/Local/UnrealEngine/4.7/DerivedDataCache/Boot.ddc.
[2015.03.12-13.26.01:653][  0]LogInit: Texture streaming: Enabled
[2015.03.12-13.26.01:919][  0]LogAnalytics: Creating configured Analytics provider AnalyticsET
[2015.03.12-13.26.01:919][  0]LogAnalytics: ET APIKey = Rocket.Release. APIServer = http://et2.epicgames.com/ET2/. AppVersion = 4.7.2-2467323+++depot+UE4-Releases+4.7
[2015.03.12-13.26.01:919][  0]LogAnalytics: ET APIKey = Rocket.Release. DataRouterUploadURL = https://datarouter-public-service-gamedev.ol.epicgames.net/datarouter/api/v1/public/data. AppVersion = 4.7.2-2467323+++depot+UE4-Releases+4.7
[2015.03.12-13.26.01:920][  0]LogAnalytics: SetUserId 6e18bf77418cf5fdc440188b8673b2fd|10bf102e156545339967f48793d967ad|7fac54aa-9f69-47ad-8344-357d0c6be1ba
[2015.03.12-13.26.01:921][  0]LogAnalytics: AnalyticsET::StartSession [Rocket.Release]
[2015.03.12-13.26.01:970][  0]LogInit: Transaction tracking system initialized
[2015.03.12-13.26.02:836][  0]BlueprintLog: New page: Editor Load
[2015.03.12-13.26.02:917][  0]LogAssetRegistry: FAssetRegistry took 0.0135 seconds to start up
[2015.03.12-13.26.02:918][  0]LogDirectoryWatcher:Warning: Failed to begin reading directory changes for ../../../Engine/Plugins/Experimental/CharacterAI/Content/. Error: 0
[2015.03.12-13.26.04:468][  0]LogTargetPlatformManager:Display: Building Assets For Windows
[2015.03.12-13.26.05:076][  0]LogTargetPlatformManager:Display: Building Assets For Windows
[2015.03.12-13.26.06:380][  0]LogSlate:Warning: Failed to load font data from '../../../Engine/Content/Editor/Slate/Fonts/Roboto-Regular.ttf'
[2015.03.12-13.26.06:382][  0]LogSlate:Warning: Failed to load font data from '../../../Engine/Content/Editor/Slate/Fonts/Roboto-Bold.ttf'
[2015.03.12-13.26.06:394][  0]LogConsoleResponse:Display: 
[2015.03.12-13.26.06:665][  0]LogCook:Display: Done creating registry. It took  0.00s.
[2015.03.12-13.26.07:271][  0]SourceControl: Info Source control is disabled
[2015.03.12-13.26.07:274][  0]Cmd: MAP LOAD FILE="../../../../../../Users/npham/Desktop/SpaceShooter/SpaceShooter/Content/SpacyMap.umap" TEMPLATE=0 SHOWPROGRESS=1 FEATURELEVEL=2
[2015.03.12-13.26.07:275][  0]LightingResults: New page: Lighting Build
[2015.03.12-13.26.07:303][  0]MapCheck: New page: Map Check
[2015.03.12-13.26.07:304][  0]LightingResults: New page: Lighting Build
[2015.03.12-13.26.07:321][  0]LogParticles: Destroying 0 GPU particle simulations for FXSystem 0x0000000003E75300
[2015.03.12-13.26.08:605][  0]LogTexture:Display: Building textures: Rock_HoleyWall_2k_alb2 (AutoDXT)
[2015.03.12-13.26.14:334][  0]LogTexture:Display: Building textures: Rock_HoleyWall_2k_ao (AutoDXT)
[2015.03.12-13.26.17:213][  0]LogTexture:Display: Building textures: Rock_HoleyWall_2k_g (AutoDXT)
[2015.03.12-13.26.18:814][  0]LogTexture:Display: Building textures: Rock_HoleyWall_2k_h (AutoDXT)
[2015.03.12-13.26.20:465][  0]LogTexture:Display: Building textures: Rock_HoleyWall_2k_n (BC5)
[2015.03.12-13.26.21:215][  0]LogMaterial: Missing cached shader map for material Rock_HoleyWall, compiling. 
[2015.03.12-13.26.21:252][  0]LogTexture:Display: Building textures: Texture2D_13 (BGRA8)
[2015.03.12-13.26.21:260][  0]LogTexture:Display: Building textures: HQ_Lightmap1_1 (AutoDXT)
[2015.03.12-13.26.21:300][  0]LogTexture:Display: Building textures: LQ_Lightmap_1_1 (DXT1)
[2015.03.12-13.26.21:347][  0]LogTexture:Display: Building textures: ShadowMapTexture2D_1 (BGRA8)
[2015.03.12-13.26.21:352][  0]LogTexture:Display: Building textures: Texture2D_14 (BGRA8)
[2015.03.12-13.26.21:353][  0]LogTexture:Display: Building textures: Texture2D_15 (BGRA8)
[2015.03.12-13.26.21:355][  0]LogTexture:Display: Building textures: Texture2D_16 (BGRA8)
[2015.03.12-13.26.21:358][  0]LogTexture:Display: Building textures: Texture2D_17 (BGRA8)
[2015.03.12-13.26.21:362][  0]LogTexture:Display: Building textures: Texture2D_18 (BGRA8)
[2015.03.12-13.26.21:363][  0]LogTexture:Display: Building textures: Texture2D_19 (BGRA8)
[2015.03.12-13.26.21:364][  0]LogTexture:Display: Building textures: Texture2D_20 (BGRA8)
[2015.03.12-13.26.21:366][  0]LogTexture:Display: Building textures: Texture2D_21 (BGRA8)
[2015.03.12-13.26.21:795][  0]LogEditorServer: Finished looking for orphan Actors (0.000 secs)
[2015.03.12-13.26.21:800][  0]LogAIModule: Creating AISystem for world SpacyMap
[2015.03.12-13.26.21:801][  0]Cmd: MAP CHECKDEP
[2015.03.12-13.26.21:803][  0]MapCheck: New page: SpacyMap - Mar 12, 2015, 5:26:21 AM
[2015.03.12-13.26.22:017][  0]MapCheck: Info Map check complete: 0 Error(s), 0 Warning(s), took 215.672ms to complete.
[2015.03.12-13.26.22:018][  0]LogFileHelpers: Loading map 'SpacyMap' took 14.694
[2015.03.12-13.26.23:988][  0]LogCollectionManager: Loaded 0 collections in 0.005141 seconds
[2015.03.12-13.26.24:368][  0]LogContentBrowser: Native class hierarchy populated in 0.3115 seconds. Added 1701 classes and 263 folders.
[2015.03.12-13.26.25:614][  0]LogContentBrowser: Native class hierarchy updated for 'SceneOutliner' in 0.0273 seconds. Added 1 classes and 2 folders.
[2015.03.12-13.26.26:241][  0]LogCrashTracker: Crashtracker disabled due to settings.
[2015.03.12-13.26.26:255][  0]LogSlate:Warning: Failed to load font data from 'Veranda'
[2015.03.12-13.26.26:377][  0]LogLoad: Full Startup: 46.28 seconds (BP compile: 0.17 seconds)
[2015.03.12-13.26.26:415][  0]LogContentBrowser:Verbose: The content browser source was changed by the sources view to '/Game/ExampleContent/Input_Examples/Meshes'
[2015.03.12-13.26.26:770][  0]LogRenderer:Warning: Reallocating scene render targets to support 32x32 (Frame:2).
[2015.03.12-13.26.27:909][  0]LogRenderer:Warning: Reallocating scene render targets to support 1144x928 (Frame:4).
[2015.03.12-13.26.28:103][  1]Cmd: UpdateLandscapeEditorData -warnings
[2015.03.12-13.26.28:108][  1]Cmd: UpdateLandscapeEditorData
[2015.03.12-13.26.28:992][  7]LogAssetRegistry: Asset discovery search completed in 25.9980 seconds
[2015.03.12-13.26.29:018][  8]AssetReimport: New page: Outstanding source content changes 5:26:29 AM
[2015.03.12-13.26.35:522][349]BlueprintLog: New page: Pre-PIE auto-recompile
[2015.03.12-13.26.35:523][349]LogPlayLevel: [PIE] Compiling SpacyMap before PIE...
[2015.03.12-13.26.35:614][349]LogPlayLevel: PIE:  Blueprint regeneration took 91 ms (1 blueprints)
[2015.03.12-13.26.35:616][349]PIE: New page: PIE session: SpacyMap (Mar 12, 2015, 5:26:35 AM)
[2015.03.12-13.26.35:630][349]LogPlayLevel: PIE: StaticDuplicateObject took: (0.013089s)
[2015.03.12-13.26.35:631][349]LogPlayLevel: PIE: World Init took: (0.000723s)
[2015.03.12-13.26.35:632][349]LogPlayLevel: PIE: Created PIE world by copying editor world from /Game/SpacyMap.SpacyMap to /Game/UEDPIE_0_SpacyMap.SpacyMap (0.015133s)
[2015.03.12-13.26.35:688][349]LogWorld: Game class is 'SpaceShooterGameMode'
[2015.03.12-13.26.35:706][349]LogAIModule: Creating AISystem for world SpacyMap
[2015.03.12-13.26.35:726][349]LogWorld: Bringing World /Game/UEDPIE_0_SpacyMap.SpacyMap up for play (max tick rate 0) at 2015.03.12-09.26.35
[2015.03.12-13.26.35:736][349]LogWorld: Bringing up level for play took: 0.028413
[2015.03.12-13.26.35:751][349]PIE: Info Play in editor start time for /Game/UEDPIE_0_SpacyMap 0.123
[2015.03.12-13.26.37:582][359]LogSynthBenchmark:Display: FSynthBenchmark (V0.95):  requested WorkScale=1.00
[2015.03.12-13.26.37:582][359]LogSynthBenchmark:Display: ===============
[2015.03.12-13.26.37:583][359]LogSynthBenchmark:Display: Main Processor:
[2015.03.12-13.26.37:635][359]LogSynthBenchmark:Display:          ... 0.026590 s/Run 'RayIntersect'
[2015.03.12-13.26.37:635][359]LogSynthBenchmark:Display:          ... 0.025184 s/Run 'Fractal'
[2015.03.12-13.26.37:636][359]LogSynthBenchmark:Display: 
[2015.03.12-13.26.37:636][359]LogSynthBenchmark:Display:   CompiledTarget_x_Bits: 64
[2015.03.12-13.26.37:636][359]LogSynthBenchmark:Display:   UE_BUILD_SHIPPING: 0
[2015.03.12-13.26.37:637][359]LogSynthBenchmark:Display:   UE_BUILD_TEST: 0
[2015.03.12-13.26.37:637][359]LogSynthBenchmark:Display:   UE_BUILD_DEBUG: 0
[2015.03.12-13.26.37:637][359]LogSynthBenchmark:Display:   TotalPhysicalGBRam: 6
[2015.03.12-13.26.37:638][359]LogSynthBenchmark:Display:   NumberOfCores (physical): 4
[2015.03.12-13.26.37:638][359]LogSynthBenchmark:Display:   NumberOfCores (logical): 8
[2015.03.12-13.26.37:638][359]LogSynthBenchmark:Display:   CPU Perf Index 0: 96.3
[2015.03.12-13.26.37:639][359]LogSynthBenchmark:Display:   CPU Perf Index 1: 113.6
[2015.03.12-13.26.37:639][359]LogSynthBenchmark:Display:  
[2015.03.12-13.26.37:639][359]LogSynthBenchmark:Display: Graphics:
[2015.03.12-13.26.37:639][359]LogSynthBenchmark:Display:   Adapter Name: 'NVIDIA GeForce GTX 260  '
[2015.03.12-13.26.37:640][359]LogSynthBenchmark:Display:   (On Optimus the name might be wrong, memory should be ok)
[2015.03.12-13.26.37:640][359]LogSynthBenchmark:Display:   Vendor Id: 0x10de
[2015.03.12-13.26.37:640][359]LogSynthBenchmark:Display:   GPU Memory: 1768/0/2304 MB
[2015.03.12-13.26.37:641][359]LogSynthBenchmark:Display:   CPUIndex: 96.3
[2015.03.12-13.26.37:641][359]LogSynthBenchmark:Display:   GPUIndex: -1.$
[2015.03.12-13.26.37:641][359]LogSynthBenchmark:Display: 
[2015.03.12-13.26.37:641][359]LogSynthBenchmark:Display:          ... Total Time: 0.059979 sec
[2015.03.12-13.26.55:690][764]LogParticles: Destroying 0 GPU particle simulations for FXSystem 0x000000001071E7A0
[2015.03.12-13.27.46:872][291]Running C:/Program Files/Unreal Engine/4.7/Engine/Binaries/DotNET/UnrealBuildTool.exe -projectfiles -project="C:/Users/npham/Desktop/SpaceShooter/SpaceShooter/SpaceShooter.uproject" -game -rocket -progress
[2015.03.12-13.27.47:276][291]Discovering modules, targets and source code for game...
[2015.03.12-13.27.51:327][291]LogVSAccessor:Warning: Couldn't access Visual Studio
[2015.03.12-13.27.51:328][291]Recompiling SpaceShooter...
[2015.03.12-13.27.51:328][291]Launching UnrealBuildTool... [C:/Program Files/Unreal Engine/4.7/Engine/Binaries/DotNET/UnrealBuildTool.exe SpaceShooter -ModuleWithSuffix SpaceShooter 5409 Win64 DebugGame -edit