Log file open, 03/12/15 09:18:52
LogInit:Display: Running engine for game: SpaceShooter
LogInit: Version: 4.7.2-2467323+++depot+UE4-Releases+4.7
LogInit: API Version: 2455222
LogInit: Compiled (64-bit): Mar  2 2015 23:16:34
LogInit: Compiled with Visual C++: 18.00.21005.01
LogInit: Build Configuration: Development
LogInit: Branch Name: ++depot+UE4-Releases+4.7
LogInit: Command line: 
LogInit: Base directory: C:/Program Files/Unreal Engine/4.7/Engine/Binaries/Win64/
LogInit: Rocket: 1
[2015.03.12-13.18.52:487][  0]LogTaskGraph: Started task graph with 3 named threads and 6 total threads.
[2015.03.12-13.18.52:545][  0]LogOnline:Warning: No default platform service specified for OnlineSubsystem
[2015.03.12-13.18.52:589][  0]LogInit: Presizing for 0 objects not considered by GC, pre-allocating 0 bytes.
[2015.03.12-13.18.52:602][  0]LogInit: Object subsystem initialized
[2015.03.12-13.18.52:605][  0]LogInit: Selected Device Profile: [Windows]
[2015.03.12-13.18.52:605][  0]LogInit: Applying CVar settings loaded from the selected device profile: [Windows]
[2015.03.12-13.18.52:613][  0]LogInit: Computer: C401IT34
[2015.03.12-13.18.52:614][  0]LogInit: User: sctcad
[2015.03.12-13.18.52:614][  0]LogInit: CPU Page size=4096, Cores=4
[2015.03.12-13.18.52:614][  0]LogInit: High frequency timer resolution =2.741210 MHz
[2015.03.12-13.18.52:615][  0]LogMemory: Memory total: Physical=6.0GB (6GB approx) Virtual=8192.0GB
[2015.03.12-13.18.52:615][  0]LogMemory: Platform Memory Stats for Windows
[2015.03.12-13.18.52:615][  0]LogMemory: Process Physical Memory: 46.28 MB used, 46.28 MB peak
[2015.03.12-13.18.52:616][  0]LogMemory: Process Virtual Memory: 24.61 MB used, 24.61 MB peak
[2015.03.12-13.18.52:616][  0]LogMemory: Physical Memory: 4556.92 MB used, 6134.93 MB total
[2015.03.12-13.18.52:616][  0]LogMemory: Virtual Memory: 275.32 MB used, 8388608.00 MB total
[2015.03.12-13.18.52:682][  0]LogD3D11RHI: Found D3D11 adapter 0: NVIDIA GeForce GTX 260   (Feature Level 10_0)
[2015.03.12-13.18.52:683][  0]LogD3D11RHI: Adapter has 1767MB of dedicated video memory, 0MB of dedicated system memory, and 2303MB of shared system memory, 1 output[s]
[2015.03.12-13.18.52:683][  0]LogD3D11RHI: Chosen D3D11 Adapter Id = 0
[2015.03.12-13.18.52:688][  0]LogRHI: Texture pool is 1237 MB (70% of 1767 MB)
[2015.03.12-13.18.52:719][  0]LogD3D11RHI: Async texture creation enabled
[2015.03.12-13.18.52:827][  0]LogTextLocalizationManager: The requested culture ('en_US') has no localization data; parent culture's ('en') localization data will be used.
[2015.03.12-13.18.52:993][  0]LogContentStreaming: Texture pool size is 0.000000MB
[2015.03.12-13.18.56:027][  0]LogTargetPlatformManager:Display: Building Assets For Windows
[2015.03.12-13.18.56:744][  0]LogTargetPlatformManager:Display: Building Assets For Windows
[2015.03.12-13.18.56:838][  0]LogDerivedDataCache:Display: Max Cache Size: 512 MB
[2015.03.12-13.18.56:879][  0]LogDerivedDataCache: Loaded boot cache 0.04s 37MB C:/Users/sctcad/AppData/Local/UnrealEngine/4.7/DerivedDataCache/Boot.ddc.
[2015.03.12-13.18.56:880][  0]LogDerivedDataCache:Display: Loaded Boot cache: C:/Users/sctcad/AppData/Local/UnrealEngine/4.7/DerivedDataCache/Boot.ddc
[2015.03.12-13.18.56:880][  0]LogDerivedDataCache: FDerivedDataBackendGraph:  Pak pak cache file ../../../../../../Users/sctcad/Desktop/SpaceShooter/SpaceShooter/SpaceShooter/DerivedDataCache/DDC.ddp not found, will not use a pak cache.
[2015.03.12-13.18.56:881][  0]LogDerivedDataCache: Unable to find inner node Pak for hierarchical cache Hierarchy.
[2015.03.12-13.18.57:054][  0]LogDerivedDataCache:Display: Pak cache opened for reading ../../../Engine/DerivedDataCache/Compressed.ddp.
[2015.03.12-13.18.57:065][  0]LogDerivedDataCache: Using Local data cache path C:/Users/sctcad/AppData/Local/UnrealEngine/Common/DerivedDataCache: Writable
[2015.03.12-13.18.57:516][  0]LogMeshUtilities: No automatic mesh reduction module available
[2015.03.12-13.18.57:517][  0]LogMeshUtilities: No automatic mesh merging module available
[2015.03.12-13.18.57:988][  0]LogInit: WinSock: version 1.1 (2.2), MaxSocks=32767, MaxUdp=65467
[2015.03.12-13.18.58:123][  0]LogSlate:Warning: Failed to load font data from '../../../Engine/Content/Slate/Fonts/Roboto-Italic.ttf'
[2015.03.12-13.18.59:385][  0]UdpMessaging: Initializing bridge on interface 0.0.0.0:0 to multicast group 230.0.0.1:6666.
[2015.03.12-13.18.59:811][  0]SourceControl: Info Source control is disabled
[2015.03.12-13.18.59:811][  0]SourceControl: Info Source control is disabled
[2015.03.12-13.18.59:812][  0]SourceControl: Info Source control is disabled
[2015.03.12-13.18.59:812][  0]LogSourceControl: RunCommandInternalRaw: 'git version'
[2015.03.12-13.18.59:812][  0]LogSourceControl: RunCommandInternalRaw: ExecProcess ReturnCode=2 OutResults=''
[2015.03.12-13.18.59:825][  0]SourceControl: Info Source control is disabled
[2015.03.12-13.19.00:215][  0]LogObj: 24314 objects as part of root set at end of initial load.
[2015.03.12-13.19.00:216][  0]LogUObjectAllocator: 5179336 out of 0 bytes used by permanent object pool.
[2015.03.12-13.19.00:342][  0]LogEngine: Initializing Engine...
[2015.03.12-13.19.03:535][  0]LogInit: XAudio2 using 'Digital Audio (HDMI) (2- High Definition Audio Device)' : 2 channels at 44.1 kHz using 16 bits per sample (channel mask 0x3)
[2015.03.12-13.19.03:553][  0]LogInit: FAudioDevice initialized.
[2015.03.12-13.19.03:613][  0]LogAIModule: Creating AISystem for world NewWorld
[2015.03.12-13.19.03:639][  0]LogDerivedDataCache: Saved boot cache 0.02s 37MB C:/Users/sctcad/AppData/Local/UnrealEngine/4.7/DerivedDataCache/Boot.ddc.
[2015.03.12-13.19.03:646][  0]LogInit: Texture streaming: Enabled
[2015.03.12-13.19.03:782][  0]LogAnalytics: Creating configured Analytics provider AnalyticsET
[2015.03.12-13.19.03:783][  0]LogAnalytics: ET APIKey = Rocket.Release. APIServer = http://et2.epicgames.com/ET2/. AppVersion = 4.7.2-2467323+++depot+UE4-Releases+4.7
[2015.03.12-13.19.03:783][  0]LogAnalytics: ET APIKey = Rocket.Release. DataRouterUploadURL = https://datarouter-public-service-gamedev.ol.epicgames.net/datarouter/api/v1/public/data. AppVersion = 4.7.2-2467323+++depot+UE4-Releases+4.7
[2015.03.12-13.19.03:783][  0]LogAnalytics: SetUserId 64ff77f04af0b475300fe7ab8c79c2b2|d9d81cedd9384488858a28c751665a55|7fac54aa-9f69-47ad-8344-357d0c6be1ba
[2015.03.12-13.19.03:784][  0]LogAnalytics: AnalyticsET::StartSession [Rocket.Release]
[2015.03.12-13.19.03:819][  0]LogInit: Transaction tracking system initialized
[2015.03.12-13.19.04:222][  0]BlueprintLog: New page: Editor Load
[2015.03.12-13.19.04:278][  0]LogAssetRegistry: FAssetRegistry took 0.0100 seconds to start up
[2015.03.12-13.19.04:279][  0]LogDirectoryWatcher:Warning: Failed to begin reading directory changes for ../../../Engine/Plugins/Experimental/CharacterAI/Content/. Error: 0
[2015.03.12-13.19.05:041][  0]LogTargetPlatformManager:Display: Building Assets For Windows
[2015.03.12-13.19.05:510][  0]LogTargetPlatformManager:Display: Building Assets For Windows
[2015.03.12-13.19.06:055][  0]LogSlate:Warning: Failed to load font data from '../../../Engine/Content/Editor/Slate/Fonts/Roboto-Regular.ttf'
[2015.03.12-13.19.06:056][  0]LogSlate:Warning: Failed to load font data from '../../../Engine/Content/Editor/Slate/Fonts/Roboto-Bold.ttf'
[2015.03.12-13.19.06:062][  0]LogConsoleResponse:Display: 
[2015.03.12-13.19.06:241][  0]LogCook:Display: Done creating registry. It took  0.00s.
[2015.03.12-13.19.06:563][  0]SourceControl: Info Source control is disabled
[2015.03.12-13.19.06:564][  0]Cmd: MAP LOAD FILE="../../../../../../Users/sctcad/Desktop/SpaceShooter/SpaceShooter/SpaceShooter/Content/SpacyMap.umap" TEMPLATE=0 SHOWPROGRESS=1 FEATURELEVEL=2
[2015.03.12-13.19.06:565][  0]LightingResults: New page: Lighting Build
[2015.03.12-13.19.06:584][  0]MapCheck: New page: Map Check
[2015.03.12-13.19.06:584][  0]LightingResults: New page: Lighting Build
[2015.03.12-13.19.06:594][  0]LogParticles: Destroying 0 GPU particle simulations for FXSystem 0x0000000010AA9800
[2015.03.12-13.19.07:547][  0]LogEditorServer: Finished looking for orphan Actors (0.000 secs)
[2015.03.12-13.19.07:548][  0]LogAIModule: Creating AISystem for world SpacyMap
[2015.03.12-13.19.07:548][  0]Cmd: MAP CHECKDEP
[2015.03.12-13.19.07:549][  0]MapCheck: New page: SpacyMap - Mar 12, 2015, 5:19:07 AM
[2015.03.12-13.19.07:654][  0]MapCheck: Info Map check complete: 0 Error(s), 0 Warning(s), took 105.472ms to complete.
[2015.03.12-13.19.07:655][  0]LogFileHelpers: Loading map 'SpacyMap' took 1.095
[2015.03.12-13.19.07:744][  0]LogCollectionManager: Loaded 0 collections in 0.002092 seconds
[2015.03.12-13.19.07:764][  0]LogContentBrowser: Native class hierarchy populated in 0.0194 seconds. Added 1701 classes and 263 folders.
[2015.03.12-13.19.07:788][  0]LogContentBrowser:Verbose: The content browser source was changed by the sources view to '/Classes_Game/SpaceShooter'
[2015.03.12-13.19.07:888][  0]LogContentBrowser: Native class hierarchy updated for 'SceneOutliner' in 0.0065 seconds. Added 1 classes and 2 folders.
[2015.03.12-13.19.08:002][  0]LogCrashTracker: Crashtracker disabled due to settings.
[2015.03.12-13.19.08:004][  0]LogSlate:Warning: Failed to load font data from 'Veranda'
[2015.03.12-13.19.08:011][  0]LogUObjectGlobals:Warning: Failed to find object 'Class None.'
[2015.03.12-13.19.08:044][  0]LogLoad: Full Startup: 17.96 seconds (BP compile: 0.12 seconds)
[2015.03.12-13.19.08:211][  0]LogRenderer:Warning: Reallocating scene render targets to support 32x32 (Frame:2).
[2015.03.12-13.19.08:303][  0]LogRenderer:Warning: Reallocating scene render targets to support 1144x928 (Frame:4).
[2015.03.12-13.19.08:483][  1]Cmd: UpdateLandscapeEditorData -warnings
[2015.03.12-13.19.08:485][  1]Cmd: UpdateLandscapeEditorData
[2015.03.12-13.19.08:618][  5]LogAssetRegistry: Asset discovery search completed in 4.3605 seconds
[2015.03.12-13.19.26:945][189]BlueprintLog: New page: Pre-PIE auto-recompile
[2015.03.12-13.19.26:946][189]LogPlayLevel: [PIE] Compiling SpacyMap before PIE...
[2015.03.12-13.19.27:015][189]LogPlayLevel: PIE:  Blueprint regeneration took 70 ms (1 blueprints)
[2015.03.12-13.19.27:015][189]PIE: New page: PIE session: SpacyMap (Mar 12, 2015, 5:19:27 AM)
[2015.03.12-13.19.27:029][189]LogPlayLevel: PIE: StaticDuplicateObject took: (0.012653s)
[2015.03.12-13.19.27:030][189]LogPlayLevel: PIE: World Init took: (0.000751s)
[2015.03.12-13.19.27:030][189]LogPlayLevel: PIE: Created PIE world by copying editor world from /Game/SpacyMap.SpacyMap to /Game/UEDPIE_0_SpacyMap.SpacyMap (0.014294s)
[2015.03.12-13.19.27:082][189]LogWorld: Game class is 'SpaceShooterGameMode'
[2015.03.12-13.19.27:087][189]LogAIModule: Creating AISystem for world SpacyMap
[2015.03.12-13.19.27:104][189]LogWorld: Bringing World /Game/UEDPIE_0_SpacyMap.SpacyMap up for play (max tick rate 0) at 2015.03.12-09.19.27
[2015.03.12-13.19.27:106][189]LogWorld: Bringing up level for play took: 0.017527
[2015.03.12-13.19.27:111][189]PIE: Info Play in editor start time for /Game/UEDPIE_0_SpacyMap 1.095
[2015.03.12-13.19.45:718][567]LogParticles: Destroying 0 GPU particle simulations for FXSystem 0x000000000C1028E0
[2015.03.12-13.19.49:318][815]BlueprintLog: New page: Pre-PIE auto-recompile
[2015.03.12-13.19.49:318][815]LogPlayLevel: [PIE] Compiling SpacyMap before PIE...
[2015.03.12-13.19.49:372][815]LogPlayLevel: PIE:  Blueprint regeneration took 54 ms (1 blueprints)
[2015.03.12-13.19.49:373][815]PIE: New page: PIE session: SpacyMap (Mar 12, 2015, 5:19:49 AM)
[2015.03.12-13.19.49:390][815]LogPlayLevel: PIE: StaticDuplicateObject took: (0.016868s)
[2015.03.12-13.19.49:392][815]LogPlayLevel: PIE: World Init took: (0.000750s)
[2015.03.12-13.19.49:392][815]LogPlayLevel: PIE: Created PIE world by copying editor world from /Game/SpacyMap.SpacyMap to /Game/UEDPIE_0_SpacyMap.SpacyMap (0.018659s)
[2015.03.12-13.19.49:423][815]LogWorld: Game class is 'SpaceShooterGameMode'
[2015.03.12-13.19.49:428][815]LogAIModule: Creating AISystem for world SpacyMap
[2015.03.12-13.19.49:447][815]LogWorld: Bringing World /Game/UEDPIE_0_SpacyMap.SpacyMap up for play (max tick rate 0) at 2015.03.12-09.19.49
[2015.03.12-13.19.49:449][815]LogWorld: Bringing up level for play took: 0.020930
[2015.03.12-13.19.49:454][815]PIE: Info Play in editor start time for /Game/UEDPIE_0_SpacyMap -0.507
[2015.03.12-13.19.51:645][969]LogParticles: Destroying 0 GPU particle simulations for FXSystem 0x0000000012EEEB60
[2015.03.12-13.19.54:337][242]Cmd: QUIT_EDITOR
[2015.03.12-13.19.54:695][242]LogExit: Preparing to exit.
[2015.03.12-13.19.55:435][242]LogExit: Editor shut down
[2015.03.12-13.19.55:436][242]LogExit: Transaction tracking system shut down
[2015.03.12-13.19.55:438][242]LogParticles: Destroying 0 GPU particle simulations for FXSystem 0x000000000E4B1580
[2015.03.12-13.19.55:438][242]LogParticles: Destroying 0 GPU particle simulations for FXSystem 0x00000000194842C0
[2015.03.12-13.19.55:480][242]LogParticles: Destroying 0 GPU particle simulations for FXSystem 0x00000000176DFB00
[2015.03.12-13.19.55:481][242]LogExit: Object subsystem successfully closed.
[2015.03.12-13.19.55:538][242]LogModuleManager: Shutting down and abandoning module CrashTracker (178)
[2015.03.12-13.19.55:539][242]LogModuleManager: Shutting down and abandoning module SuperSearch (177)
[2015.03.12-13.19.55:539][242]LogModuleManager: Shutting down and abandoning module SceneOutliner (176)
[2015.03.12-13.19.55:540][242]LogModuleManager: Shutting down and abandoning module EditorWidgets (175)
[2015.03.12-13.19.55:540][242]LogModuleManager: Shutting down and abandoning module CollectionManager (174)
[2015.03.12-13.19.55:540][242]LogModuleManager: Shutting down and abandoning module StatsViewer (173)
[2015.03.12-13.19.55:540][242]LogModuleManager: Shutting down and abandoning module FoliageEdit (172)
[2015.03.12-13.19.55:541][242]LogModuleManager: Shutting down and abandoning module LandscapeEditor (171)
[2015.03.12-13.19.55:541][242]LogModuleManager: Shutting down and abandoning module MeshPaint (170)
[2015.03.12-13.19.55:541][242]LogModuleManager: Shutting down and abandoning module ActorPickerMode (169)
[2015.03.12-13.19.55:542][242]LogModuleManager: Shutting down and abandoning module GeometryMode (168)
[2015.03.12-13.19.55:542][242]LogModuleManager: Shutting down and abandoning module TextureAlignMode (167)
[2015.03.12-13.19.55:542][242]LogModuleManager: Shutting down and abandoning module BspMode (166)
[2015.03.12-13.19.55:542][242]LogModuleManager: Shutting down and abandoning module PlacementMode (165)
[2015.03.12-13.19.55:543][242]LogModuleManager: Shutting down and abandoning module AutomationWorker (164)
[2015.03.12-13.19.55:543][242]LogModuleManager: Shutting down and abandoning module CharacterAI (163)
[2015.03.12-13.19.55:543][242]LogModuleManager: Shutting down and abandoning module SmartSnapping (162)
[2015.03.12-13.19.55:543][242]LogModuleManager: Shutting down and abandoning module ViewportSnapping (161)
[2015.03.12-13.19.55:544][242]LogModuleManager: Shutting down and abandoning module LogVisualizer (160)
[2015.03.12-13.19.55:544][242]LogModuleManager: Shutting down and abandoning module GameProjectGeneration (159)
[2015.03.12-13.19.55:544][242]LogModuleManager: Shutting down and abandoning module IntroTutorials (158)
[2015.03.12-13.19.55:545][242]LogModuleManager: Shutting down and abandoning module EditorLiveStreaming (157)
[2015.03.12-13.19.55:545][242]LogModuleManager: Shutting down and abandoning module HardwareTargeting (156)
[2015.03.12-13.19.55:545][242]LogModuleManager: Shutting down and abandoning module DeviceProfileEditor (155)
[2015.03.12-13.19.55:545][242]LogModuleManager: Shutting down and abandoning module UndoHistory (154)
[2015.03.12-13.19.55:546][242]LogModuleManager: Shutting down and abandoning module GameplayTagsEditor (153)
[2015.03.12-13.19.55:546][242]LogModuleManager: Shutting down and abandoning module UserFeedback (152)
[2015.03.12-13.19.55:546][242]LogModuleManager: Shutting down and abandoning module XmlParser (151)
[2015.03.12-13.19.55:546][242]LogModuleManager: Shutting down and abandoning module Blutility (150)
[2015.03.12-13.19.55:547][242]LogModuleManager: Shutting down and abandoning module IOSPlatformEditor (149)
[2015.03.12-13.19.55:547][242]LogModuleManager: Shutting down and abandoning module IOSRuntimeSettings (148)
[2015.03.12-13.19.55:547][242]LogModuleManager: Shutting down and abandoning module AndroidDeviceDetection (147)
[2015.03.12-13.19.55:549][242]LogModuleManager: Shutting down and abandoning module AndroidPlatformEditor (146)
[2015.03.12-13.19.55:549][242]LogModuleManager: Shutting down and abandoning module AndroidRuntimeSettings (145)
[2015.03.12-13.19.55:550][242]LogModuleManager: Shutting down and abandoning module ProjectTargetPlatformEditor (144)
[2015.03.12-13.19.55:550][242]LogModuleManager: Shutting down and abandoning module ProjectSettingsViewer (143)
[2015.03.12-13.19.55:550][242]LogModuleManager: Shutting down and abandoning module InputBindingEditor (142)
[2015.03.12-13.19.55:551][242]LogModuleManager: Shutting down and abandoning module EditorSettingsViewer (141)
[2015.03.12-13.19.55:551][242]LogModuleManager: Shutting down and abandoning module SettingsEditor (140)
[2015.03.12-13.19.55:551][242]LogModuleManager: Shutting down and abandoning module ProjectLauncher (139)
[2015.03.12-13.19.55:552][242]LogModuleManager: Shutting down and abandoning module SessionFrontend (138)
[2015.03.12-13.19.55:552][242]LogModuleManager: Shutting down and abandoning module ProfilerClient (137)
[2015.03.12-13.19.55:552][242]LogModuleManager: Shutting down and abandoning module TargetDeviceServices (136)
[2015.03.12-13.19.55:552][242]LogModuleManager: Shutting down and abandoning module DeviceManager (135)
[2015.03.12-13.19.55:553][242]LogModuleManager: Shutting down and abandoning module AutomationController (134)
[2015.03.12-13.19.55:553][242]LogModuleManager: Shutting down and abandoning module AutomationWindow (133)
[2015.03.12-13.19.55:553][242]LogModuleManager: Shutting down and abandoning module Layers (132)
[2015.03.12-13.19.55:554][242]LogModuleManager: Shutting down and abandoning module ComponentVisualizers (131)
[2015.03.12-13.19.55:554][242]LogModuleManager: Shutting down and abandoning module DetailCustomizations (130)
[2015.03.12-13.19.55:554][242]LogModuleManager: Shutting down and abandoning module PackagesDialog (129)
[2015.03.12-13.19.55:554][242]LogModuleManager: Shutting down and abandoning module AssetRegistry (128)
[2015.03.12-13.19.55:592][242]LogModuleManager: Shutting down and abandoning module Persona (127)
[2015.03.12-13.19.55:592][242]LogModuleManager: Shutting down and abandoning module SlateReflector (126)
[2015.03.12-13.19.55:593][242]LogModuleManager: Shutting down and abandoning module LevelEditor (125)
[2015.03.12-13.19.55:594][242]LogModuleManager: Shutting down and abandoning module Kismet (124)
[2015.03.12-13.19.55:594][242]LogModuleManager: Shutting down and abandoning module GraphEditor (123)
[2015.03.12-13.19.55:594][242]LogModuleManager: Shutting down and abandoning module ClassViewer (122)
[2015.03.12-13.19.55:595][242]LogModuleManager: Shutting down and abandoning module Toolbox (121)
[2015.03.12-13.19.55:595][242]LogModuleManager: Shutting down and abandoning module ModuleUI (120)
[2015.03.12-13.19.55:595][242]LogModuleManager: Shutting down and abandoning module MovieSceneTools (119)
[2015.03.12-13.19.55:595][242]LogModuleManager: Shutting down and abandoning module OutputLog (118)
[2015.03.12-13.19.55:596][242]LogModuleManager: Shutting down and abandoning module GammaUI (117)
[2015.03.12-13.19.55:596][242]LogModuleManager: Shutting down and abandoning module Documentation (116)
[2015.03.12-13.19.55:596][242]LogModuleManager: Shutting down and abandoning module GameLiveStreaming (115)
[2015.03.12-13.19.55:596][242]LogModuleManager: Shutting down and abandoning module StreamingPauseRendering (114)
[2015.03.12-13.19.55:597][242]LogModuleManager: Shutting down and abandoning module HTTP (113)
[2015.03.12-13.19.55:597][242]LogModuleManager: Shutting down and abandoning module AnalyticsET (112)
[2015.03.12-13.19.55:598][242]LogModuleManager: Shutting down and abandoning module Analytics (111)
[2015.03.12-13.19.55:598][242]LogModuleManager: Shutting down and abandoning module AITestSuite (110)
[2015.03.12-13.19.55:598][242]LogModuleManager: Shutting down and abandoning module GameplayDebugger (109)
[2015.03.12-13.19.55:598][242]LogModuleManager: Shutting down and abandoning module AIModule (108)
[2015.03.12-13.19.55:599][242]LogModuleManager: Shutting down and abandoning module ProfilerService (107)
[2015.03.12-13.19.55:649][242]LogModuleManager: Shutting down and abandoning module TaskGraph (106)
[2015.03.12-13.19.55:649][242]LogModuleManager: Shutting down and abandoning module SlateRemote (105)
[2015.03.12-13.19.55:650][242]LogModuleManager: Shutting down and abandoning module ScriptEditorPlugin (104)
[2015.03.12-13.19.55:650][242]LogModuleManager: Shutting down and abandoning module CustomMeshComponent (103)
[2015.03.12-13.19.55:650][242]LogModuleManager: Shutting down and abandoning module CableComponent (102)
[2015.03.12-13.19.55:651][242]LogModuleManager: Shutting down and abandoning module MessagingDebugger (101)
[2015.03.12-13.19.55:651][242]LogModuleManager: Shutting down and abandoning module MediaPlayerEditor (100)
[2015.03.12-13.19.55:651][242]LogModuleManager: Shutting down and abandoning module SpeedTreeImporter (99)
[2015.03.12-13.19.55:651][242]LogModuleManager: Shutting down and abandoning module PluginsEditor (98)
[2015.03.12-13.19.55:652][242]LogModuleManager: Shutting down and abandoning module MainFrame (97)
[2015.03.12-13.19.55:652][242]LogModuleManager: Shutting down and abandoning module EpicSurvey (96)
[2015.03.12-13.19.55:652][242]LogModuleManager: Shutting down and abandoning module DesktopPlatform (95)
[2015.03.12-13.19.55:653][242]LogModuleManager: Shutting down and abandoning module DirectoryWatcher (94)
[2015.03.12-13.19.55:653][242]LogModuleManager: Shutting down and abandoning module HotReload (93)
[2015.03.12-13.19.55:653][242]LogModuleManager: Shutting down and abandoning module VisualStudioSourceCodeAccess (92)
[2015.03.12-13.19.55:654][242]LogModuleManager: Shutting down and abandoning module UObjectPlugin (91)
[2015.03.12-13.19.55:654][242]LogModuleManager: Shutting down and abandoning module SubversionSourceControl (90)
[2015.03.12-13.19.55:654][242]LogModuleManager: Shutting down and abandoning module PerforceSourceControl (89)
[2015.03.12-13.19.55:654][242]LogModuleManager: Shutting down and abandoning module SourceControl (88)
[2015.03.12-13.19.55:655][242]LogModuleManager: Shutting down and abandoning module GitSourceControl (87)
[2015.03.12-13.19.55:655][242]LogModuleManager: Shutting down and abandoning module BlankPlugin (86)
[2015.03.12-13.19.55:655][242]LogModuleManager: Shutting down and abandoning module PaperTiledImporter (85)
[2015.03.12-13.19.55:655][242]LogModuleManager: Shutting down and abandoning module PaperJsonImporter (84)
[2015.03.12-13.19.55:656][242]LogModuleManager: Shutting down and abandoning module ContentBrowser (83)
[2015.03.12-13.19.55:656][242]LogModuleManager: Shutting down and abandoning module Paper2DEditor (82)
[2015.03.12-13.19.55:657][242]LogModuleManager: Shutting down and abandoning module SpaceShooter (81)
[2015.03.12-13.19.55:657][242]LogModuleManager: Shutting down and abandoning module ScriptPlugin (80)
[2015.03.12-13.19.55:657][242]LogModuleManager: Shutting down and abandoning module UdpMessaging (79)
[2015.03.12-13.19.55:756][242]LogModuleManager: Shutting down and abandoning module Paper2D (78)
[2015.03.12-13.19.55:757][242]LogModuleManager: Shutting down and abandoning module WindowsMoviePlayer (77)
[2015.03.12-13.19.55:759][242]LogModuleManager: Shutting down and abandoning module Media (76)
[2015.03.12-13.19.55:759][242]LogModuleManager: Shutting down and abandoning module WmfMedia (75)
[2015.03.12-13.19.55:761][242]LogModuleManager: Shutting down and abandoning module OnlineBlueprintSupport (74)
[2015.03.12-13.19.55:762][242]LogModuleManager: Shutting down and abandoning module PropertyEditor (73)
[2015.03.12-13.19.55:762][242]LogModuleManager: Shutting down and abandoning module BehaviorTreeEditor (72)
[2015.03.12-13.19.55:762][242]LogModuleManager: Shutting down and abandoning module FunctionalTesting (71)
[2015.03.12-13.19.55:763][242]LogModuleManager: Shutting down and abandoning module CollisionAnalyzer (70)
[2015.03.12-13.19.55:763][242]LogModuleManager: Shutting down and abandoning module WorkspaceMenuStructure (69)
[2015.03.12-13.19.55:763][242]LogModuleManager: Shutting down and abandoning module MessageLog (68)
[2015.03.12-13.19.55:763][242]LogModuleManager: Shutting down and abandoning module Sequencer (67)
[2015.03.12-13.19.55:764][242]LogModuleManager: Shutting down and abandoning module AssetTools (66)
[2015.03.12-13.19.55:764][242]LogModuleManager: Shutting down and abandoning module UMGEditor (65)
[2015.03.12-13.19.55:764][242]LogModuleManager: Shutting down and abandoning module UMG (64)
[2015.03.12-13.19.55:764][242]LogModuleManager: Shutting down and abandoning module Slate (63)
[2015.03.12-13.19.55:765][242]LogModuleManager: Shutting down and abandoning module EditorStyle (62)
[2015.03.12-13.19.55:769][242]LogModuleManager: Shutting down and abandoning module SessionServices (61)
[2015.03.12-13.19.55:769][242]LogModuleManager: Shutting down and abandoning module SourceCodeAccess (60)
[2015.03.12-13.19.55:770][242]LogModuleManager: Shutting down and abandoning module HeadMountedDisplay (59)
[2015.03.12-13.19.55:770][242]LogModuleManager: Shutting down and abandoning module XAudio2 (58)
[2015.03.12-13.19.55:770][242]LogModuleManager: Shutting down and abandoning module Networking (56)
[2015.03.12-13.19.55:770][242]LogModuleManager: Shutting down and abandoning module Core (55)
[2015.03.12-13.19.55:770][242]LogModuleManager: Shutting down and abandoning module KismetCompiler (54)
[2015.03.12-13.19.55:771][242]LogModuleManager: Shutting down and abandoning module PhysXFormats (53)
[2015.03.12-13.19.55:771][242]LogModuleManager: Shutting down and abandoning module MeshUtilities (52)
[2015.03.12-13.19.55:771][242]LogModuleManager: Shutting down and abandoning module DerivedDataCache (51)
[2015.03.12-13.19.55:923][242]LogDerivedDataCache: Shutdown
[2015.03.12-13.19.55:923][242]LogModuleManager: Shutting down and abandoning module ShaderFormatOpenGL (50)
[2015.03.12-13.19.55:924][242]LogModuleManager: Shutting down and abandoning module ShaderFormatD3D (49)
[2015.03.12-13.19.55:924][242]LogModuleManager: Shutting down and abandoning module MetalShaderFormat (48)
[2015.03.12-13.19.55:924][242]LogModuleManager: Shutting down and abandoning module TextureFormatUncompressed (47)
[2015.03.12-13.19.55:924][242]LogModuleManager: Shutting down and abandoning module TextureFormatPVR (46)
[2015.03.12-13.19.55:925][242]LogModuleManager: Shutting down and abandoning module TextureFormatIntelISPCTexComp (45)
[2015.03.12-13.19.55:925][242]LogModuleManager: Shutting down and abandoning module TextureFormatDXT (44)
[2015.03.12-13.19.55:925][242]LogModuleManager: Shutting down and abandoning module ImageWrapper (43)
[2015.03.12-13.19.55:925][242]LogModuleManager: Shutting down and abandoning module TextureFormatASTC (42)
[2015.03.12-13.19.55:926][242]LogModuleManager: Shutting down and abandoning module TextureFormatAndroid (41)
[2015.03.12-13.19.55:926][242]LogModuleManager: Shutting down and abandoning module AudioFormatOpus (40)
[2015.03.12-13.19.55:926][242]LogModuleManager: Shutting down and abandoning module AudioFormatOgg (39)
[2015.03.12-13.19.55:926][242]LogModuleManager: Shutting down and abandoning module AudioFormatADPCM (38)
[2015.03.12-13.19.55:927][242]LogModuleManager: Shutting down and abandoning module LinuxTargetPlatform (37)
[2015.03.12-13.19.55:927][242]LogModuleManager: Shutting down and abandoning module LinuxServerTargetPlatform (36)
[2015.03.12-13.19.55:927][242]LogModuleManager: Shutting down and abandoning module LinuxNoEditorTargetPlatform (35)
[2015.03.12-13.19.55:927][242]LogModuleManager: Shutting down and abandoning module Messaging (34)
[2015.03.12-13.19.55:927][242]LogModuleManager: Shutting down and abandoning module IOSTargetPlatform (33)
[2015.03.12-13.19.55:928][242]LogModuleManager: Shutting down and abandoning module HTML5TargetPlatform (32)
[2015.03.12-13.19.55:928][242]LogModuleManager: Shutting down and abandoning module Android_PVRTCTargetPlatform (31)
[2015.03.12-13.19.55:928][242]LogModuleManager: Shutting down and abandoning module Android_ETC2TargetPlatform (30)
[2015.03.12-13.19.55:928][242]LogModuleManager: Shutting down and abandoning module Android_ETC1TargetPlatform (29)
[2015.03.12-13.19.55:929][242]LogModuleManager: Shutting down and abandoning module Android_ES31TargetPlatform (28)
[2015.03.12-13.19.55:929][242]LogModuleManager: Shutting down and abandoning module Android_DXTTargetPlatform (27)
[2015.03.12-13.19.55:929][242]LogModuleManager: Shutting down and abandoning module Android_ATCTargetPlatform (26)
[2015.03.12-13.19.55:929][242]LogModuleManager: Shutting down and abandoning module AndroidTargetPlatform (25)
[2015.03.12-13.19.55:930][242]LogModuleManager: Shutting down and abandoning module WindowsTargetPlatform (24)
[2015.03.12-13.19.55:930][242]LogModuleManager: Shutting down and abandoning module WindowsServerTargetPlatform (23)
[2015.03.12-13.19.55:930][242]LogModuleManager: Shutting down and abandoning module WindowsNoEditorTargetPlatform (22)
[2015.03.12-13.19.55:930][242]LogModuleManager: Shutting down and abandoning module WindowsClientTargetPlatform (21)
[2015.03.12-13.19.55:931][242]LogModuleManager: Shutting down and abandoning module TargetPlatform (20)
[2015.03.12-13.19.55:931][242]LogModuleManager: Shutting down and abandoning module InputCore (19)
[2015.03.12-13.19.55:931][242]LogModuleManager: Shutting down and abandoning module Settings (18)
[2015.03.12-13.19.55:931][242]LogModuleManager: Shutting down and abandoning module OnlineSubsystem (16)
[2015.03.12-13.19.55:932][242]LogModuleManager: Shutting down and abandoning module OculusRift (15)
[2015.03.12-13.19.55:932][242]LogModuleManager: Shutting down and abandoning module ExampleDeviceProfileSelector (14)
[2015.03.12-13.19.55:932][242]LogModuleManager: Shutting down and abandoning module TextureCompressor (13)
[2015.03.12-13.19.55:933][242]LogModuleManager: Shutting down and abandoning module ShaderCore (12)
[2015.03.12-13.19.55:933][242]LogModuleManager: Shutting down and abandoning module Landscape (11)
[2015.03.12-13.19.55:933][242]LogModuleManager: Shutting down and abandoning module SlateRHIRenderer (10)
[2015.03.12-13.19.55:935][242]LogModuleManager: Shutting down and abandoning module OpenGLDrv (9)
[2015.03.12-13.19.55:935][242]LogModuleManager: Shutting down and abandoning module D3D11RHI (8)
[2015.03.12-13.19.55:936][242]LogModuleManager: Shutting down and abandoning module Renderer (7)
[2015.03.12-13.19.55:936][242]LogModuleManager: Shutting down and abandoning module Engine (6)
[2015.03.12-13.19.55:936][242]LogModuleManager: Shutting down and abandoning module CoreUObject (5)
[2015.03.12-13.19.55:936][242]LogModuleManager: Shutting down and abandoning module NetworkFile (4)
[2015.03.12-13.19.55:936][242]LogModuleManager: Shutting down and abandoning module StreamingFile (3)
[2015.03.12-13.19.55:937][242]LogModuleManager: Shutting down and abandoning module SandboxFile (2)
[2015.03.12-13.19.55:937][242]LogModuleManager: Shutting down and abandoning module PakFile (1)
[2015.03.12-13.19.55:940][242]LogExit: Exiting.
[2015.03.12-13.19.55:945][242]Log file closed, 03/12/15 09:19:55
