Log file open, 04/02/15 09:14:40
LogInit:Display: Running engine for game: SpaceShooter
LogInit: Version: 4.7.3-2479750+++depot+UE4-Releases+4.7
LogInit: API Version: 2455222
LogInit: Compiled (64-bit): Mar 15 2015 23:20:45
LogInit: Compiled with Visual C++: 18.00.21005.01
LogInit: Build Configuration: DebugGame
LogInit: Branch Name: ++depot+UE4-Releases+4.7
LogInit: Command line:  -debug
LogInit: Base directory: C:/Program Files/Unreal Engine/4.7/Engine/Binaries/Win64/
LogInit: Rocket: 1
[2015.04.02-13.14.40:272][  0]LogTaskGraph: Started task graph with 3 named threads and 6 total threads.
[2015.04.02-13.14.40:332][  0]LogOnline:Warning: No default platform service specified for OnlineSubsystem
[2015.04.02-13.14.40:428][  0]LogInit: Presizing for 0 objects not considered by GC, pre-allocating 0 bytes.
[2015.04.02-13.14.40:447][  0]LogInit: Object subsystem initialized
[2015.04.02-13.14.40:471][  0]LogInit: Selected Device Profile: [Windows]
[2015.04.02-13.14.40:472][  0]LogInit: Applying CVar settings loaded from the selected device profile: [Windows]
[2015.04.02-13.14.40:484][  0]LogInit: Computer: C401IT25
[2015.04.02-13.14.40:484][  0]LogInit: User: npham
[2015.04.02-13.14.40:484][  0]LogInit: CPU Page size=4096, Cores=4
[2015.04.02-13.14.40:485][  0]LogInit: High frequency timer resolution =2.741210 MHz
[2015.04.02-13.14.40:485][  0]LogMemory: Memory total: Physical=4.0GB (4GB approx) Virtual=8192.0GB
[2015.04.02-13.14.40:485][  0]LogMemory: Platform Memory Stats for Windows
[2015.04.02-13.14.40:486][  0]LogMemory: Process Physical Memory: 45.89 MB used, 45.89 MB peak
[2015.04.02-13.14.40:486][  0]LogMemory: Process Virtual Memory: 26.57 MB used, 26.57 MB peak
[2015.04.02-13.14.40:486][  0]LogMemory: Physical Memory: 3586.24 MB used, 4086.93 MB total
[2015.04.02-13.14.40:486][  0]LogMemory: Virtual Memory: 277.26 MB used, 8388608.00 MB total
[2015.04.02-13.14.40:614][  0]LogD3D11RHI: Found D3D11 adapter 0: NVIDIA GeForce GTX 260   (Feature Level 10_0)
[2015.04.02-13.14.40:614][  0]LogD3D11RHI: Adapter has 1771MB of dedicated video memory, 0MB of dedicated system memory, and 1787MB of shared system memory, 1 output[s]
[2015.04.02-13.14.40:614][  0]LogD3D11RHI: Chosen D3D11 Adapter Id = 0
[2015.04.02-13.14.40:621][  0]LogRHI: Texture pool is 1239 MB (70% of 1771 MB)
[2015.04.02-13.14.40:657][  0]LogD3D11RHI: Async texture creation enabled
[2015.04.02-13.14.40:913][  0]LogTextLocalizationManager: The requested culture ('en_US') has no localization data; parent culture's ('en') localization data will be used.
[2015.04.02-13.14.40:992][  0]LogTextLocalizationManager:Warning: Loading localization resources contain conflicting entries for (Namespace:UICommands, Key:Save_ToolTip):
Resource: (C:/Program Files/Unreal Engine/4.7/Engine/Content/Localization/Editor/en/Editor.locres) Hash: (-29098895) String: (Saves the current level to disk)
Resource: (C:/Program Files/Unreal Engine/4.7/Engine/Content/Localization/Engine/en/Engine.locres) Hash: (-1280300587) String: (Save selected data to vlog file)
[2015.04.02-13.14.40:993][  0]LogTextLocalizationManager:Warning: Loading localization resources contain conflicting entries for (Namespace:ContentBrowser, Key:ImportAssetToolTip):
Resource: (C:/Program Files/Unreal Engine/4.7/Engine/Content/Localization/Editor/en/Editor.locres) Hash: (-630476809) String: (Import to {0}...)
Resource: (C:/Program Files/Unreal Engine/4.7/Engine/Content/Localization/Editor/en/Editor.locres) Hash: (1271782899) String: (Imports an asset from file to this folder.)
[2015.04.02-13.14.41:088][  0]LogContentStreaming: Texture pool size is 0.000000MB
[2015.04.02-13.14.44:537][  0]LogTargetPlatformManager:Display: Building Assets For Windows
[2015.04.02-13.14.45:517][  0]LogTargetPlatformManager:Display: Building Assets For Windows
[2015.04.02-13.14.45:631][  0]LogDerivedDataCache:Display: Max Cache Size: 512 MB
[2015.04.02-13.14.45:829][  0]LogDerivedDataCache: Loaded boot cache 0.20s 37MB C:/Users/npham/AppData/Local/UnrealEngine/4.7/DerivedDataCache/Boot.ddc.
[2015.04.02-13.14.45:830][  0]LogDerivedDataCache:Display: Loaded Boot cache: C:/Users/npham/AppData/Local/UnrealEngine/4.7/DerivedDataCache/Boot.ddc
[2015.04.02-13.14.45:831][  0]LogDerivedDataCache: FDerivedDataBackendGraph:  Pak pak cache file ../../../../../../Users/npham/Desktop/SpaceShooter/SpaceShooter/DerivedDataCache/DDC.ddp not found, will not use a pak cache.
[2015.04.02-13.14.45:831][  0]LogDerivedDataCache: Unable to find inner node Pak for hierarchical cache Hierarchy.
[2015.04.02-13.14.45:990][  0]LogDerivedDataCache:Display: Pak cache opened for reading ../../../Engine/DerivedDataCache/Compressed.ddp.
[2015.04.02-13.14.46:003][  0]LogDerivedDataCache: Using Local data cache path C:/Users/npham/AppData/Local/UnrealEngine/Common/DerivedDataCache: Writable
[2015.04.02-13.14.47:082][  0]LogMeshUtilities: No automatic mesh reduction module available
[2015.04.02-13.14.47:083][  0]LogMeshUtilities: No automatic mesh merging module available
[2015.04.02-13.14.47:770][  0]LogInit: WinSock: version 1.1 (2.2), MaxSocks=32767, MaxUdp=65467
[2015.04.02-13.14.47:982][  0]LogSlate:Warning: Failed to load font data from '../../../Engine/Content/Slate/Fonts/Roboto-Italic.ttf'
[2015.04.02-13.14.50:857][  0]UdpMessaging: Initializing bridge on interface 0.0.0.0:0 to multicast group 230.0.0.1:6666.
[2015.04.02-13.14.51:772][  0]SourceControl: Info Source control is disabled
[2015.04.02-13.14.51:773][  0]SourceControl: Info Source control is disabled
[2015.04.02-13.14.51:774][  0]SourceControl: Info Source control is disabled
[2015.04.02-13.14.51:774][  0]LogSourceControl: RunCommandInternalRaw: 'git version'
[2015.04.02-13.14.51:775][  0]LogSourceControl: RunCommandInternalRaw: ExecProcess ReturnCode=2 OutResults=''
[2015.04.02-13.14.51:787][  0]SourceControl: Info Source control is disabled
[2015.04.02-13.14.52:475][  0]LogObj: 24315 objects as part of root set at end of initial load.
[2015.04.02-13.14.52:476][  0]LogUObjectAllocator: 5180648 out of 0 bytes used by permanent object pool.
[2015.04.02-13.14.52:823][  0]LogEngine: Initializing Engine...
[2015.04.02-13.14.55:058][  0]LogInit: XAudio2 using 'Digital Audio (HDMI) (2- High Definition Audio Device)' : 2 channels at 44.1 kHz using 16 bits per sample (channel mask 0x3)
[2015.04.02-13.14.55:255][  0]LogInit: FAudioDevice initialized.
[2015.04.02-13.14.55:984][  0]LogAIModule: Creating AISystem for world NewWorld
[2015.04.02-13.14.56:223][  0]LogDerivedDataCache: Saved boot cache 0.20s 37MB C:/Users/npham/AppData/Local/UnrealEngine/4.7/DerivedDataCache/Boot.ddc.
[2015.04.02-13.14.56:245][  0]LogInit: Texture streaming: Enabled
[2015.04.02-13.14.56:943][  0]LogAnalytics: Creating configured Analytics provider AnalyticsET
[2015.04.02-13.14.56:943][  0]LogAnalytics: ET APIKey = Rocket.Release. APIServer = http://et2.epicgames.com/ET2/. AppVersion = 4.7.3-2479750+++depot+UE4-Releases+4.7
[2015.04.02-13.14.56:944][  0]LogAnalytics: ET APIKey = Rocket.Release. DataRouterUploadURL = https://datarouter-public-service-gamedev.ol.epicgames.net/datarouter/api/v1/public/data. AppVersion = 4.7.3-2479750+++depot+UE4-Releases+4.7
[2015.04.02-13.14.56:944][  0]LogAnalytics: SetUserId 53e3b931478c00baf3ccecb5e54a3da4|10bf102e156545339967f48793d967ad|7fac54aa-9f69-47ad-8344-357d0c6be1ba
[2015.04.02-13.14.56:947][  0]LogAnalytics: AnalyticsET::StartSession [Rocket.Release]
[2015.04.02-13.14.57:002][  0]LogInit: Transaction tracking system initialized
[2015.04.02-13.14.57:943][  0]BlueprintLog: New page: Editor Load
[2015.04.02-13.14.58:019][  0]LogAssetRegistry: FAssetRegistry took 0.0122 seconds to start up
[2015.04.02-13.14.58:020][  0]LogDirectoryWatcher:Warning: Failed to begin reading directory changes for ../../../Engine/Plugins/Experimental/CharacterAI/Content/. Error: 0
[2015.04.02-13.15.01:255][  0]LogTargetPlatformManager:Display: Building Assets For Windows
[2015.04.02-13.15.01:794][  0]LogTargetPlatformManager:Display: Building Assets For Windows
[2015.04.02-13.15.02:876][  0]LogSlate:Warning: Failed to load font data from '../../../Engine/Content/Editor/Slate/Fonts/Roboto-Regular.ttf'
[2015.04.02-13.15.02:878][  0]LogSlate:Warning: Failed to load font data from '../../../Engine/Content/Editor/Slate/Fonts/Roboto-Bold.ttf'
[2015.04.02-13.15.02:901][  0]LogConsoleResponse:Display: 
[2015.04.02-13.15.03:184][  0]LogCook:Display: Done creating registry. It took  0.00s.
[2015.04.02-13.15.03:918][  0]SourceControl: Info Source control is disabled
[2015.04.02-13.15.03:922][  0]Cmd: MAP LOAD FILE="../../../../../../Users/npham/Desktop/SpaceShooter/SpaceShooter/Content/SpacyMap.umap" TEMPLATE=0 SHOWPROGRESS=1 FEATURELEVEL=2
[2015.04.02-13.15.03:927][  0]LightingResults: New page: Lighting Build
[2015.04.02-13.15.03:970][  0]MapCheck: New page: Map Check
[2015.04.02-13.15.03:971][  0]LightingResults: New page: Lighting Build
[2015.04.02-13.15.04:035][  0]LogParticles: Destroying 0 GPU particle simulations for FXSystem 0x0000000012A21620
[2015.04.02-13.15.05:280][  0]LogEditorServer: Finished looking for orphan Actors (0.000 secs)
[2015.04.02-13.15.05:296][  0]LogAIModule: Creating AISystem for world SpacyMap
[2015.04.02-13.15.05:299][  0]Cmd: MAP CHECKDEP
[2015.04.02-13.15.05:313][  0]MapCheck: New page: SpacyMap - Apr 2, 2015, 5:15:05 AM
[2015.04.02-13.15.05:471][  0]MapCheck: Info Map check complete: 0 Error(s), 0 Warning(s), took 171.666ms to complete.
[2015.04.02-13.15.05:473][  0]LogFileHelpers: Loading map 'SpacyMap' took 1.552
[2015.04.02-13.15.05:883][  0]LogCollectionManager: Loaded 0 collections in 0.002120 seconds
[2015.04.02-13.15.05:918][  0]LogContentBrowser: Native class hierarchy populated in 0.0329 seconds. Added 1702 classes and 263 folders.
[2015.04.02-13.15.06:188][  0]LogContentBrowser: Native class hierarchy updated for 'SceneOutliner' in 0.0062 seconds. Added 1 classes and 2 folders.
[2015.04.02-13.15.06:518][  0]LogCrashTracker: Crashtracker disabled due to settings.
[2015.04.02-13.15.06:533][  0]LogSlate:Warning: Failed to load font data from 'Veranda'
[2015.04.02-13.15.06:649][  0]LogLoad: Full Startup: 29.46 seconds (BP compile: 0.18 seconds)
[2015.04.02-13.15.06:691][  0]LogContentBrowser:Verbose: The content browser source was changed by the sources view to '/Game/ExampleContent/Input_Examples/Meshes'
[2015.04.02-13.15.07:004][  0]LogRenderer:Warning: Reallocating scene render targets to support 32x32 (Frame:2).
[2015.04.02-13.15.07:168][  0]LogRenderer:Warning: Reallocating scene render targets to support 1144x928 (Frame:3).
[2015.04.02-13.15.07:467][  1]Cmd: UpdateLandscapeEditorData -warnings
[2015.04.02-13.15.07:483][  1]Cmd: UpdateLandscapeEditorData
[2015.04.02-13.15.08:940][  6]LogAssetRegistry: Asset discovery search completed in 10.9324 seconds
[2015.04.02-13.15.10:808][199]BlueprintLog: New page: Pre-PIE auto-recompile
[2015.04.02-13.15.10:808][199]LogPlayLevel: [PIE] Compiling SpacyMap before PIE...
[2015.04.02-13.15.11:037][199]LogPlayLevel: PIE:  Blueprint regeneration took 231 ms (1 blueprints)
[2015.04.02-13.15.11:039][199]PIE: New page: PIE session: SpacyMap (Apr 2, 2015, 5:15:11 AM)
[2015.04.02-13.15.11:056][199]LogPlayLevel: PIE: StaticDuplicateObject took: (0.015382s)
[2015.04.02-13.15.11:058][199]LogPlayLevel: PIE: World Init took: (0.000756s)
[2015.04.02-13.15.11:059][199]LogPlayLevel: PIE: Created PIE world by copying editor world from /Game/SpacyMap.SpacyMap to /Game/UEDPIE_0_SpacyMap.SpacyMap (0.018397s)
[2015.04.02-13.15.11:130][199]LogWorld: Game class is 'SpaceShooterGameMode'
[2015.04.02-13.15.11:166][199]LogAIModule: Creating AISystem for world SpacyMap
[2015.04.02-13.15.11:183][199]LogWorld: Bringing World /Game/UEDPIE_0_SpacyMap.SpacyMap up for play (max tick rate 0) at 2015.04.02-09.15.11
[2015.04.02-13.15.11:200][199]LogWorld: Bringing up level for play took: 0.032957
[2015.04.02-13.15.11:233][199]PIE: Info Play in editor start time for /Game/UEDPIE_0_SpacyMap 1.399
[2015.04.02-13.15.14:879][257]LogParticles: Destroying 0 GPU particle simulations for FXSystem 0x00000000157FF4C0
[2015.04.02-13.15.25:106][567]LogVSAccessor:Warning: Couldn't access Visual Studio
[2015.04.02-13.15.25:107][567]Recompiling SpaceShooter...
[2015.04.02-13.15.25:109][567]Launching UnrealBuildTool... [C:/Program Files/Unreal Engine/4.7/Engine/Binaries/DotNET/UnrealBuildTool.exe SpaceShooter -ModuleWithSuffix SpaceShooter 8859 Win64 DebugGame -editorrecompile -canskiplink "C:/Users/npham/Desktop/SpaceShooter/SpaceShooter/SpaceShooter.uproject" -rocket  -rocket]
[2015.04.02-13.15.25:115][567]Warning: Starting HotReload took  0.1s.
[2015.04.02-13.15.46:754][ 66]CompilerResultsLog: New page: Compilation - Apr 2, 2015, 5:15:46 AM
[2015.04.02-13.15.46:755][ 66]CompilerResultsLog: Info Performing 2 actions (4 in parallel)
[2015.04.02-13.15.46:756][ 66]CompilerResultsLog: Info SpaceUIWidget.cpp
[2015.04.02-13.15.46:756][ 66]CompilerResultsLog:Error: Error C:\Program Files\Unreal Engine\4.7\Engine\Source\Runtime\Slate\Public\Slate.h(5) : warning C4996: including Slate.h is deprecated. Please include SlateBasics.h and then individual widget headers instead.
[2015.04.02-13.15.46:756][ 66]CompilerResultsLog: Info [2/2] Link UE4Editor-SpaceShooter-8859-Win64-DebugGame.dll
[2015.04.02-13.15.46:757][ 66]CompilerResultsLog:Error: Error LINK : fatal error LNK1181: cannot open input file 'delayimp.lib'
[2015.04.02-13.15.46:757][ 66]CompilerResultsLog: Info -------- End Detailed Actions Stats -----------------------------------------------------------
[2015.04.02-13.15.46:757][ 66]CompilerResultsLog: Info ERROR: UBT ERROR: Failed to produce item: C:\Users\npham\Desktop\SpaceShooter\SpaceShooter\Binaries\Win64\UE4Editor-SpaceShooter-8859-Win64-DebugGame.dll
[2015.04.02-13.15.46:758][ 66]CompilerResultsLog: Info Cumulative action seconds (8 processors): 0.00 building projects, 16.26 compiling, 0.00 creating app bundles, 0.00 generating debug info, 0.12 linking, 0.00 other
[2015.04.02-13.15.46:758][ 66]CompilerResultsLog: Info UBT execution time: 21.11 seconds
[2015.04.02-13.15.46:759][ 66]LogMainFrame: MainFrame: Module compiling took 21.691 seconds
[2015.04.02-13.15.46:759][ 66]Warning: HotReload failed, recompile failed
[2015.04.02-13.15.52:986][803]LogVSAccessor:Warning: Couldn't access Visual Studio
[2015.04.02-13.15.52:987][803]Recompiling SpaceShooter...
[2015.04.02-13.15.52:987][803]Launching UnrealBuildTool... [C:/Program Files/Unreal Engine/4.7/Engine/Binaries/DotNET/UnrealBuildTool.exe SpaceShooter -ModuleWithSuffix SpaceShooter 4468 Win64 DebugGame -editorrecompile -canskiplink "C:/Users/npham/Desktop/SpaceShooter/SpaceShooter/SpaceShooter.uproject" -rocket  -rocket]
[2015.04.02-13.15.52:989][803]Warning: Starting HotReload took  0.0s.
[2015.04.02-13.15.56:065][ 87]CompilerResultsLog: New page: Compilation - Apr 2, 2015, 5:15:56 AM
[2015.04.02-13.15.56:066][ 87]CompilerResultsLog: Info Target is up to date.
[2015.04.02-13.15.56:066][ 87]LogMainFrame: MainFrame: Module compiling took 3.083 seconds
[2015.04.02-13.15.58:374][345]BlueprintLog: New page: Pre-PIE auto-recompile
[2015.04.02-13.15.58:374][345]LogPlayLevel: [PIE] Compiling SpacyMap before PIE...
[2015.04.02-13.15.58:426][345]LogPlayLevel: PIE:  Blueprint regeneration took 52 ms (1 blueprints)
[2015.04.02-13.15.58:427][345]PIE: New page: PIE session: SpacyMap (Apr 2, 2015, 5:15:58 AM)
[2015.04.02-13.15.58:440][345]LogPlayLevel: PIE: StaticDuplicateObject took: (0.012687s)
[2015.04.02-13.15.58:442][345]LogPlayLevel: PIE: World Init took: (0.000920s)
[2015.04.02-13.15.58:442][345]LogPlayLevel: PIE: Created PIE world by copying editor world from /Game/SpacyMap.SpacyMap to /Game/UEDPIE_0_SpacyMap.SpacyMap (0.014805s)
[2015.04.02-13.15.58:483][345]LogWorld: Game class is 'SpaceShooterGameMode'
[2015.04.02-13.15.58:488][345]LogAIModule: Creating AISystem for world SpacyMap
[2015.04.02-13.15.58:504][345]LogWorld: Bringing World /Game/UEDPIE_0_SpacyMap.SpacyMap up for play (max tick rate 0) at 2015.04.02-09.15.58
[2015.04.02-13.15.58:506][345]LogWorld: Bringing up level for play took: 0.016849
[2015.04.02-13.15.58:510][345]PIE: Info Play in editor start time for /Game/UEDPIE_0_SpacyMap 0.674
[2015.04.02-13.16.02:064][415]LogParticles: Destroying 0 GPU particle simulations for FXSystem 0x000000001AF7DC60
[2015.04.02-13.25.05:014][701]Running C:/Program Files/Unreal Engine/4.7/Engine/Binaries/DotNET/UnrealBuildTool.exe -projectfiles -project="C:/Users/npham/Desktop/SpaceShooter/SpaceShooter/SpaceShooter.uproject" -game -rocket -progress
[2015.04.02-13.25.05:416][701]Discovering modules, targets and source code for game...
[2015.04.02-13.25.09:758][701]LogVSAccessor:Warning: Couldn't access Visual Studio
[2015.04.02-13.25.09:759][701]Recompiling SpaceShooter...
[2015.04.02-13.25.09:760][701]Launching UnrealBuildTool... [C:/Program Files/Unreal Engine/4.7/Engine/Binaries/DotNET/UnrealBuildTool.exe SpaceShooter -ModuleWithSuffix SpaceShooter 1623 Win64 DebugGame -editorrecompile -canskiplink "C:/Users/npham/Desktop/SpaceShooter/SpaceShooter/SpaceShooter.uproject" -rocket  -rocket]
[2015.04.02-13.26.10:674][701]CompilerResultsLog: New page: Compilation - Apr 2, 2015, 5:26:10 AM
[2015.04.02-13.26.10:677][701]CompilerResultsLog: Info Performing 4 actions (4 in parallel)
[2015.04.02-13.26.10:680][701]CompilerResultsLog: Info SpaceHud.cpp
[2015.04.02-13.26.10:682][701]CompilerResultsLog: Info SpaceUIWidget.cpp
[2015.04.02-13.26.10:682][701]CompilerResultsLog: Info PlayerVariables.cpp
[2015.04.02-13.26.10:682][701]CompilerResultsLog:Error: Error C:\Program Files\Unreal Engine\4.7\Engine\Source\Runtime\Slate\Public\Slate.h(5) : warning C4996: including Slate.h is deprecated. Please include SlateBasics.h and then individual widget headers instead.
[2015.04.02-13.26.10:683][701]CompilerResultsLog:Error: Error C:\Program Files\Unreal Engine\4.7\Engine\Source\Runtime\Slate\Public\Slate.h(5) : warning C4996: including Slate.h is deprecated. Please include SlateBasics.h and then individual widget headers instead.
[2015.04.02-13.26.10:683][701]CompilerResultsLog:Error: Error C:\Users\npham\Desktop\SpaceShooter\SpaceShooter\Source\SpaceShooter\SpaceUIWidget.cpp(30)  : error C2784: 'TIndexedContainerIterator<ContainerType,ElementType,IndexType> operator +(int32,TIndexedContainerIterator<ContainerType,ElementType,IndexType>)' : could not deduce template argument for 'TIndexedContainerIterator<ContainerType,ElementType,IndexType>' from 'TAttribute<TOptional<int32>>'
[2015.04.02-13.26.10:683][701]CompilerResultsLog: Info          C:\Program Files\Unreal Engine\4.7\Engine\Source\Runtime\Core\Public\Containers\Array.h(130)  : see declaration of 'operator +'
[2015.04.02-13.26.10:684][701]CompilerResultsLog:Error: Error C:\Users\npham\Desktop\SpaceShooter\SpaceShooter\Source\SpaceShooter\SpaceUIWidget.cpp(30)  : error C2677: binary '+' : no global operator found which takes type 'TAttribute<TOptional<int32>>' (or there is no acceptable conversion)
[2015.04.02-13.26.10:684][701]CompilerResultsLog: Info -------- End Detailed Actions Stats -----------------------------------------------------------
[2015.04.02-13.26.10:684][701]CompilerResultsLog: Info ERROR: UBT ERROR: Failed to produce item: C:\Users\npham\Desktop\SpaceShooter\SpaceShooter\Binaries\Win64\UE4Editor-SpaceShooter-1623-Win64-DebugGame.dll
[2015.04.02-13.26.10:685][701]CompilerResultsLog: Info Cumulative action seconds (8 processors): 0.00 building projects, 165.90 compiling, 0.00 creating app bundles, 0.00 generating debug info, 0.00 linking, 0.00 other
[2015.04.02-13.26.10:685][701]CompilerResultsLog: Info UBT execution time: 60.72 seconds
[2015.04.02-13.26.10:685][701]LogMainFrame: MainFrame: Module compiling took 60.936 seconds
[2015.04.02-13.26.10:685][701]Warning: HotReload failed, recompile failed
[2015.04.02-13.26.10:717][701]Warning: RebindPackages failed because the compiler could not be started.
[2015.04.02-13.26.16:930][702]LogFileHelpers: Editor autosave (incl. sublevels) for '/Game/SpacyMap' took 0.014
[2015.04.02-13.26.21:803][220]Cmd: QUIT_EDITOR
[2015.04.02-13.26.22:191][220]LogExit: Preparing to exit.
[2015.04.02-13.26.23:512][220]LogExit: Editor shut down
[2015.04.02-13.26.23:525][220]LogExit: Transaction tracking system shut down
[2015.04.02-13.26.23:529][220]LogParticles: Destroying 0 GPU particle simulations for FXSystem 0x000000000BF414E0
[2015.04.02-13.26.23:531][220]LogParticles: Destroying 0 GPU particle simulations for FXSystem 0x00000000157FD260
[2015.04.02-13.26.23:532][220]LogParticles: Destroying 0 GPU particle simulations for FXSystem 0x000000001C078680
[2015.04.02-13.26.23:850][220]LogExit: Object subsystem successfully closed.
[2015.04.02-13.26.24:240][220]LogModuleManager: Shutting down and abandoning module CrashTracker (178)
[2015.04.02-13.26.24:242][220]LogModuleManager: Shutting down and abandoning module SuperSearch (177)
[2015.04.02-13.26.24:242][220]LogModuleManager: Shutting down and abandoning module SceneOutliner (176)
[2015.04.02-13.26.24:243][220]LogModuleManager: Shutting down and abandoning module EditorWidgets (175)
[2015.04.02-13.26.24:244][220]LogModuleManager: Shutting down and abandoning module CollectionManager (174)
[2015.04.02-13.26.24:246][220]LogModuleManager: Shutting down and abandoning module StatsViewer (173)
[2015.04.02-13.26.24:248][220]LogModuleManager: Shutting down and abandoning module FoliageEdit (172)
[2015.04.02-13.26.24:249][220]LogModuleManager: Shutting down and abandoning module LandscapeEditor (171)
[2015.04.02-13.26.24:252][220]LogModuleManager: Shutting down and abandoning module MeshPaint (170)
[2015.04.02-13.26.24:253][220]LogModuleManager: Shutting down and abandoning module ActorPickerMode (169)
[2015.04.02-13.26.24:254][220]LogModuleManager: Shutting down and abandoning module GeometryMode (168)
[2015.04.02-13.26.24:254][220]LogModuleManager: Shutting down and abandoning module TextureAlignMode (167)
[2015.04.02-13.26.24:255][220]LogModuleManager: Shutting down and abandoning module BspMode (166)
[2015.04.02-13.26.24:255][220]LogModuleManager: Shutting down and abandoning module PlacementMode (165)
[2015.04.02-13.26.24:255][220]LogModuleManager: Shutting down and abandoning module AutomationWorker (164)
[2015.04.02-13.26.24:257][220]LogModuleManager: Shutting down and abandoning module CharacterAI (163)
[2015.04.02-13.26.24:257][220]LogModuleManager: Shutting down and abandoning module SmartSnapping (162)
[2015.04.02-13.26.24:258][220]LogModuleManager: Shutting down and abandoning module ViewportSnapping (161)
[2015.04.02-13.26.24:259][220]LogModuleManager: Shutting down and abandoning module LogVisualizer (160)
[2015.04.02-13.26.24:264][220]LogModuleManager: Shutting down and abandoning module GameProjectGeneration (159)
[2015.04.02-13.26.24:264][220]LogModuleManager: Shutting down and abandoning module IntroTutorials (158)
[2015.04.02-13.26.24:269][220]LogModuleManager: Shutting down and abandoning module EditorLiveStreaming (157)
[2015.04.02-13.26.24:270][220]LogModuleManager: Shutting down and abandoning module HardwareTargeting (156)
[2015.04.02-13.26.24:270][220]LogModuleManager: Shutting down and abandoning module DeviceProfileEditor (155)
[2015.04.02-13.26.24:272][220]LogModuleManager: Shutting down and abandoning module UndoHistory (154)
[2015.04.02-13.26.24:274][220]LogModuleManager: Shutting down and abandoning module GameplayTagsEditor (153)
[2015.04.02-13.26.24:274][220]LogModuleManager: Shutting down and abandoning module UserFeedback (152)
[2015.04.02-13.26.24:274][220]LogModuleManager: Shutting down and abandoning module XmlParser (151)
[2015.04.02-13.26.24:275][220]LogModuleManager: Shutting down and abandoning module Blutility (150)
[2015.04.02-13.26.24:275][220]LogModuleManager: Shutting down and abandoning module IOSPlatformEditor (149)
[2015.04.02-13.26.24:276][220]LogModuleManager: Shutting down and abandoning module IOSRuntimeSettings (148)
[2015.04.02-13.26.24:276][220]LogModuleManager: Shutting down and abandoning module AndroidDeviceDetection (147)
[2015.04.02-13.26.25:071][220]LogModuleManager: Shutting down and abandoning module AndroidPlatformEditor (146)
[2015.04.02-13.26.25:073][220]LogModuleManager: Shutting down and abandoning module AndroidRuntimeSettings (145)
[2015.04.02-13.26.25:074][220]LogModuleManager: Shutting down and abandoning module ProjectTargetPlatformEditor (144)
[2015.04.02-13.26.25:074][220]LogModuleManager: Shutting down and abandoning module ProjectSettingsViewer (143)
[2015.04.02-13.26.25:076][220]LogModuleManager: Shutting down and abandoning module InputBindingEditor (142)
[2015.04.02-13.26.25:078][220]LogModuleManager: Shutting down and abandoning module EditorSettingsViewer (141)
[2015.04.02-13.26.25:078][220]LogModuleManager: Shutting down and abandoning module SettingsEditor (140)
[2015.04.02-13.26.25:079][220]LogModuleManager: Shutting down and abandoning module ProjectLauncher (139)
[2015.04.02-13.26.25:081][220]LogModuleManager: Shutting down and abandoning module SessionFrontend (138)
[2015.04.02-13.26.25:082][220]LogModuleManager: Shutting down and abandoning module ProfilerClient (137)
[2015.04.02-13.26.25:083][220]LogModuleManager: Shutting down and abandoning module TargetDeviceServices (136)
[2015.04.02-13.26.25:083][220]LogModuleManager: Shutting down and abandoning module DeviceManager (135)
[2015.04.02-13.26.25:086][220]LogModuleManager: Shutting down and abandoning module AutomationController (134)
[2015.04.02-13.26.25:088][220]LogModuleManager: Shutting down and abandoning module AutomationWindow (133)
[2015.04.02-13.26.25:089][220]LogModuleManager: Shutting down and abandoning module Layers (132)
[2015.04.02-13.26.25:094][220]LogModuleManager: Shutting down and abandoning module ComponentVisualizers (131)
[2015.04.02-13.26.25:094][220]LogModuleManager: Shutting down and abandoning module DetailCustomizations (130)
[2015.04.02-13.26.25:096][220]LogModuleManager: Shutting down and abandoning module PackagesDialog (129)
[2015.04.02-13.26.25:099][220]LogModuleManager: Shutting down and abandoning module AssetRegistry (128)
[2015.04.02-13.26.25:208][220]LogModuleManager: Shutting down and abandoning module Persona (127)
[2015.04.02-13.26.25:212][220]LogModuleManager: Shutting down and abandoning module SlateReflector (126)
[2015.04.02-13.26.25:214][220]LogModuleManager: Shutting down and abandoning module LevelEditor (125)
[2015.04.02-13.26.25:230][220]LogModuleManager: Shutting down and abandoning module Kismet (124)
[2015.04.02-13.26.25:232][220]LogModuleManager: Shutting down and abandoning module GraphEditor (123)
[2015.04.02-13.26.25:237][220]LogModuleManager: Shutting down and abandoning module ClassViewer (122)
[2015.04.02-13.26.25:237][220]LogModuleManager: Shutting down and abandoning module Toolbox (121)
[2015.04.02-13.26.25:238][220]LogModuleManager: Shutting down and abandoning module ModuleUI (120)
[2015.04.02-13.26.25:239][220]LogModuleManager: Shutting down and abandoning module MovieSceneTools (119)
[2015.04.02-13.26.25:242][220]LogModuleManager: Shutting down and abandoning module OutputLog (118)
[2015.04.02-13.26.25:243][220]LogModuleManager: Shutting down and abandoning module GammaUI (117)
[2015.04.02-13.26.25:244][220]LogModuleManager: Shutting down and abandoning module Documentation (116)
[2015.04.02-13.26.25:245][220]LogModuleManager: Shutting down and abandoning module GameLiveStreaming (115)
[2015.04.02-13.26.25:246][220]LogModuleManager: Shutting down and abandoning module StreamingPauseRendering (114)
[2015.04.02-13.26.25:247][220]LogModuleManager: Shutting down and abandoning module HTTP (113)
[2015.04.02-13.26.25:248][220]LogModuleManager: Shutting down and abandoning module AnalyticsET (112)
[2015.04.02-13.26.25:248][220]LogModuleManager: Shutting down and abandoning module Analytics (111)
[2015.04.02-13.26.25:248][220]LogModuleManager: Shutting down and abandoning module AITestSuite (110)
[2015.04.02-13.26.25:249][220]LogModuleManager: Shutting down and abandoning module GameplayDebugger (109)
[2015.04.02-13.26.25:249][220]LogModuleManager: Shutting down and abandoning module AIModule (108)
[2015.04.02-13.26.25:250][220]LogModuleManager: Shutting down and abandoning module ProfilerService (107)
[2015.04.02-13.26.25:373][220]LogModuleManager: Shutting down and abandoning module TaskGraph (106)
[2015.04.02-13.26.25:376][220]LogModuleManager: Shutting down and abandoning module SlateRemote (105)
[2015.04.02-13.26.25:376][220]LogModuleManager: Shutting down and abandoning module ScriptEditorPlugin (104)
[2015.04.02-13.26.25:377][220]LogModuleManager: Shutting down and abandoning module CustomMeshComponent (103)
[2015.04.02-13.26.25:377][220]LogModuleManager: Shutting down and abandoning module CableComponent (102)
[2015.04.02-13.26.25:377][220]LogModuleManager: Shutting down and abandoning module MessagingDebugger (101)
[2015.04.02-13.26.25:381][220]LogModuleManager: Shutting down and abandoning module MediaPlayerEditor (100)
[2015.04.02-13.26.25:384][220]LogModuleManager: Shutting down and abandoning module SpeedTreeImporter (99)
[2015.04.02-13.26.25:385][220]LogModuleManager: Shutting down and abandoning module PluginsEditor (98)
[2015.04.02-13.26.25:387][220]LogModuleManager: Shutting down and abandoning module MainFrame (97)
[2015.04.02-13.26.25:389][220]LogModuleManager: Shutting down and abandoning module EpicSurvey (96)
[2015.04.02-13.26.25:392][220]LogModuleManager: Shutting down and abandoning module DesktopPlatform (95)
[2015.04.02-13.26.25:393][220]LogModuleManager: Shutting down and abandoning module DirectoryWatcher (94)
[2015.04.02-13.26.25:407][220]LogModuleManager: Shutting down and abandoning module HotReload (93)
[2015.04.02-13.26.25:408][220]LogModuleManager: Shutting down and abandoning module VisualStudioSourceCodeAccess (92)
[2015.04.02-13.26.25:408][220]LogModuleManager: Shutting down and abandoning module UObjectPlugin (91)
[2015.04.02-13.26.25:409][220]LogModuleManager: Shutting down and abandoning module SubversionSourceControl (90)
[2015.04.02-13.26.25:412][220]LogModuleManager: Shutting down and abandoning module PerforceSourceControl (89)
[2015.04.02-13.26.25:417][220]LogModuleManager: Shutting down and abandoning module SourceControl (88)
[2015.04.02-13.26.25:419][220]LogModuleManager: Shutting down and abandoning module GitSourceControl (87)
[2015.04.02-13.26.25:423][220]LogModuleManager: Shutting down and abandoning module BlankPlugin (86)
[2015.04.02-13.26.25:423][220]LogModuleManager: Shutting down and abandoning module PaperTiledImporter (85)
[2015.04.02-13.26.25:423][220]LogModuleManager: Shutting down and abandoning module PaperJsonImporter (84)
[2015.04.02-13.26.25:424][220]LogModuleManager: Shutting down and abandoning module ContentBrowser (83)
[2015.04.02-13.26.25:425][220]LogModuleManager: Shutting down and abandoning module Paper2DEditor (82)
[2015.04.02-13.26.25:428][220]LogModuleManager: Shutting down and abandoning module SpaceShooter (81)
[2015.04.02-13.26.25:429][220]LogModuleManager: Shutting down and abandoning module ScriptPlugin (80)
[2015.04.02-13.26.25:430][220]LogModuleManager: Shutting down and abandoning module UdpMessaging (79)
[2015.04.02-13.26.25:530][220]LogModuleManager: Shutting down and abandoning module Paper2D (78)
[2015.04.02-13.26.25:532][220]LogModuleManager: Shutting down and abandoning module WindowsMoviePlayer (77)
[2015.04.02-13.26.25:541][220]LogModuleManager: Shutting down and abandoning module Media (76)
[2015.04.02-13.26.25:542][220]LogModuleManager: Shutting down and abandoning module WmfMedia (75)
[2015.04.02-13.26.25:549][220]LogModuleManager: Shutting down and abandoning module OnlineBlueprintSupport (74)
[2015.04.02-13.26.25:549][220]LogModuleManager: Shutting down and abandoning module PropertyEditor (73)
[2015.04.02-13.26.25:553][220]LogModuleManager: Shutting down and abandoning module BehaviorTreeEditor (72)
[2015.04.02-13.26.25:555][220]LogModuleManager: Shutting down and abandoning module FunctionalTesting (71)
[2015.04.02-13.26.25:556][220]LogModuleManager: Shutting down and abandoning module CollisionAnalyzer (70)
[2015.04.02-13.26.25:557][220]LogModuleManager: Shutting down and abandoning module WorkspaceMenuStructure (69)
[2015.04.02-13.26.25:560][220]LogModuleManager: Shutting down and abandoning module MessageLog (68)
[2015.04.02-13.26.25:560][220]LogModuleManager: Shutting down and abandoning module Sequencer (67)
[2015.04.02-13.26.25:564][220]LogModuleManag