Log file open, 03/05/15 09:28:54
LogInit:Display: Running engine for game: SpaceShooter
LogInit: Version: 4.7.2-2467323+++depot+UE4-Releases+4.7
LogInit: API Version: 2455222
LogInit: Compiled (64-bit): Mar  2 2015 23:16:34
LogInit: Compiled with Visual C++: 18.00.21005.01
LogInit: Build Configuration: DebugGame
LogInit: Branch Name: ++depot+UE4-Releases+4.7
LogInit: Command line:  -debug
LogInit: Base directory: C:/Program Files/Unreal Engine/4.7/Engine/Binaries/Win64/
LogInit: Rocket: 1
[2015.03.05-14.28.54:773][  0]LogTaskGraph: Started task graph with 3 named threads and 6 total threads.
[2015.03.05-14.28.54:832][  0]LogOnline:Warning: No default platform service specified for OnlineSubsystem
[2015.03.05-14.28.54:936][  0]LogInit: Presizing for 0 objects not considered by GC, pre-allocating 0 bytes.
[2015.03.05-14.28.54:958][  0]LogInit: Object subsystem initialized
[2015.03.05-14.28.54:985][  0]LogInit: Selected Device Profile: [Windows]
[2015.03.05-14.28.54:986][  0]LogInit: Applying CVar settings loaded from the selected device profile: [Windows]
[2015.03.05-14.28.54:999][  0]LogInit: Computer: C401IT26
[2015.03.05-14.28.55:000][  0]LogInit: User: jsmalley
[2015.03.05-14.28.55:000][  0]LogInit: CPU Page size=4096, Cores=4
[2015.03.05-14.28.55:000][  0]LogInit: High frequency timer resolution =2.741210 MHz
[2015.03.05-14.28.55:000][  0]LogMemory: Memory total: Physical=6.0GB (6GB approx) Virtual=8192.0GB
[2015.03.05-14.28.55:001][  0]LogMemory: Platform Memory Stats for Windows
[2015.03.05-14.28.55:001][  0]LogMemory: Process Physical Memory: 46.07 MB used, 46.07 MB peak
[2015.03.05-14.28.55:001][  0]LogMemory: Process Virtual Memory: 22.56 MB used, 22.56 MB peak
[2015.03.05-14.28.55:002][  0]LogMemory: Physical Memory: 5533.39 MB used, 6134.93 MB total
[2015.03.05-14.28.55:002][  0]LogMemory: Virtual Memory: 273.25 MB used, 8388608.00 MB total
[2015.03.05-14.28.55:123][  0]LogD3D11RHI: Found D3D11 adapter 0: NVIDIA GeForce GTX 260   (Feature Level 10_0)
[2015.03.05-14.28.55:124][  0]LogD3D11RHI: Adapter has 1767MB of dedicated video memory, 0MB of dedicated system memory, and 2303MB of shared system memory, 1 output[s]
[2015.03.05-14.28.55:124][  0]LogD3D11RHI: Chosen D3D11 Adapter Id = 0
[2015.03.05-14.28.55:133][  0]LogRHI: Texture pool is 1237 MB (70% of 1767 MB)
[2015.03.05-14.28.55:181][  0]LogD3D11RHI: Async texture creation enabled
[2015.03.05-14.28.55:479][  0]LogTextLocalizationManager: The requested culture ('en_US') has no localization data; parent culture's ('en') localization data will be used.
[2015.03.05-14.28.55:660][  0]LogContentStreaming: Texture pool size is 0.000000MB
[2015.03.05-14.28.59:296][  0]LogTargetPlatformManager:Display: Building Assets For Windows
[2015.03.05-14.29.00:291][  0]LogTargetPlatformManager:Display: Building Assets For Windows
[2015.03.05-14.29.00:409][  0]LogDerivedDataCache:Display: Max Cache Size: 512 MB
[2015.03.05-14.29.00:597][  0]LogDerivedDataCache: Loaded boot cache 0.19s 36MB C:/Users/jsmalley/AppData/Local/UnrealEngine/4.7/DerivedDataCache/Boot.ddc.
[2015.03.05-14.29.00:598][  0]LogDerivedDataCache:Display: Loaded Boot cache: C:/Users/jsmalley/AppData/Local/UnrealEngine/4.7/DerivedDataCache/Boot.ddc
[2015.03.05-14.29.00:598][  0]LogDerivedDataCache: FDerivedDataBackendGraph:  Pak pak cache file ../../../../../../Users/jsmalley/Desktop/SpaceShooter/SpaceShooter/DerivedDataCache/DDC.ddp not found, will not use a pak cache.
[2015.03.05-14.29.00:599][  0]LogDerivedDataCache: Unable to find inner node Pak for hierarchical cache Hierarchy.
[2015.03.05-14.29.00:762][  0]LogDerivedDataCache:Display: Pak cache opened for reading ../../../Engine/DerivedDataCache/Compressed.ddp.
[2015.03.05-14.29.00:774][  0]LogDerivedDataCache: Using Local data cache path C:/Users/jsmalley/AppData/Local/UnrealEngine/Common/DerivedDataCache: Writable
[2015.03.05-14.29.01:788][  0]LogMeshUtilities: No automatic mesh reduction module available
[2015.03.05-14.29.01:788][  0]LogMeshUtilities: No automatic mesh merging module available
[2015.03.05-14.29.02:500][  0]LogInit: WinSock: version 1.1 (2.2), MaxSocks=32767, MaxUdp=65467
[2015.03.05-14.29.02:695][  0]LogSlate:Warning: Failed to load font data from '../../../Engine/Content/Slate/Fonts/Roboto-Italic.ttf'
[2015.03.05-14.29.05:308][  0]UdpMessaging: Initializing bridge on interface 0.0.0.0:0 to multicast group 230.0.0.1:6666.
[2015.03.05-14.29.05:517][  0]LogMaterial: Missing cached shader map for material M_Pixel_Cube, compiling. 
[2015.03.05-14.29.05:569][  0]LogStaticMesh: Building static mesh SM_Pixel_Player...
[2015.03.05-14.29.05:628][  0]LogStaticMesh: Built static mesh [59.739311ms] /Game/ExampleContent/Input_Examples/Meshes/SM_Pixel_Player.SM_Pixel_Player
[2015.03.05-14.29.07:764][  0]SourceControl: Info Source control is disabled
[2015.03.05-14.29.07:765][  0]SourceControl: Info Source control is disabled
[2015.03.05-14.29.07:765][  0]SourceControl: Info Source control is disabled
[2015.03.05-14.29.07:766][  0]LogSourceControl: RunCommandInternalRaw: 'git version'
[2015.03.05-14.29.07:768][  0]LogSourceControl: RunCommandInternalRaw: ExecProcess ReturnCode=2 OutResults=''
[2015.03.05-14.29.07:868][  0]SourceControl: Info Source control is disabled
[2015.03.05-14.29.09:979][  0]LogObj: 24280 objects as part of root set at end of initial load.
[2015.03.05-14.29.09:979][  0]LogUObjectAllocator: 5160528 out of 0 bytes used by permanent object pool.
[2015.03.05-14.29.10:398][  0]LogEngine: Initializing Engine...
[2015.03.05-14.29.13:720][  0]LogInit: XAudio2 using 'Digital Audio (HDMI) (2- High Definition Audio Device)' : 2 channels at 44.1 kHz using 16 bits per sample (channel mask 0x3)
[2015.03.05-14.29.13:765][  0]LogInit: FAudioDevice initialized.
[2015.03.05-14.29.13:931][  0]LogAIModule: Creating AISystem for world NewWorld
[2015.03.05-14.29.13:959][  0]LogDerivedDataCache: Saved boot cache 0.02s 36MB C:/Users/jsmalley/AppData/Local/UnrealEngine/4.7/DerivedDataCache/Boot.ddc.
[2015.03.05-14.29.13:966][  0]LogInit: Texture streaming: Enabled
[2015.03.05-14.29.14:268][  0]LogAnalytics: Creating configured Analytics provider AnalyticsET
[2015.03.05-14.29.14:268][  0]LogAnalytics: ET APIKey = Rocket.Release. APIServer = http://et2.epicgames.com/ET2/. AppVersion = 4.7.2-2467323+++depot+UE4-Releases+4.7
[2015.03.05-14.29.14:269][  0]LogAnalytics: ET APIKey = Rocket.Release. DataRouterUploadURL = https://datarouter-public-service-gamedev.ol.epicgames.net/datarouter/api/v1/public/data. AppVersion = 4.7.2-2467323+++depot+UE4-Releases+4.7
[2015.03.05-14.29.14:269][  0]LogAnalytics: SetUserId 187efc5a49528de797d5679c3e8d323a|4e5a11952d0c4e33b84c12e29de0c125|7fac54aa-9f69-47ad-8344-357d0c6be1ba
[2015.03.05-14.29.14:271][  0]LogAnalytics: AnalyticsET::StartSession [Rocket.Release]
[2015.03.05-14.29.14:319][  0]LogInit: Transaction tracking system initialized
[2015.03.05-14.29.15:179][  0]BlueprintLog: New page: Editor Load
[2015.03.05-14.29.15:255][  0]LogAssetRegistry: FAssetRegistry took 0.0121 seconds to start up
[2015.03.05-14.29.15:256][  0]LogDirectoryWatcher:Warning: Failed to begin reading directory changes for ../../../Engine/Plugins/Experimental/CharacterAI/Content/. Error: 0
[2015.03.05-14.29.17:104][  0]LogTargetPlatformManager:Display: Building Assets For Windows
[2015.03.05-14.29.17:754][  0]LogTargetPlatformManager:Display: Building Assets For Windows
[2015.03.05-14.29.19:417][  0]LogSlate:Warning: Failed to load font data from '../../../Engine/Content/Editor/Slate/Fonts/Roboto-Regular.ttf'
[2015.03.05-14.29.19:420][  0]LogSlate:Warning: Failed to load font data from '../../../Engine/Content/Editor/Slate/Fonts/Roboto-Bold.ttf'
[2015.03.05-14.29.19:441][  0]LogConsoleResponse:Display: 
[2015.03.05-14.29.19:953][  0]LogCook:Display: Done creating registry. It took  0.00s.
[2015.03.05-14.29.21:724][  0]SourceControl: Info Source control is disabled
[2015.03.05-14.29.21:730][  0]Cmd: MAP LOAD FILE="../../../Engine/Content/Maps/Templates/Template_Default.umap" TEMPLATE=1 SHOWPROGRESS=1 FEATURELEVEL=2
[2015.03.05-14.29.21:735][  0]LightingResults: New page: Lighting Build
[2015.03.05-14.29.21:783][  0]MapCheck: New page: Map Check
[2015.03.05-14.29.21:784][  0]LightingResults: New page: Lighting Build
[2015.03.05-14.29.21:872][  0]LogParticles: Destroying 0 GPU particle simulations for FXSystem 0x00000000155AA660
[2015.03.05-14.29.23:305][  0]LogEditorServer: Finished looking for orphan Actors (0.000 secs)
[2015.03.05-14.29.23:309][  0]LogAIModule: Creating AISystem for world Untitled_1
[2015.03.05-14.29.23:317][  0]Cmd: MAP CHECKDEP
[2015.03.05-14.29.23:318][  0]MapCheck: New page: Untitled_1 - Mar 5, 2015, 4:29:23 AM
[2015.03.05-14.29.23:427][  0]MapCheck: Info Map check complete: 0 Error(s), 0 Warning(s), took 109.414ms to complete.
[2015.03.05-14.29.23:427][  0]LogFileHelpers: Loading map 'Template_Default' took 1.699
[2015.03.05-14.29.23:718][  0]LogCollectionManager: Loaded 0 collections in 0.002130 seconds
[2015.03.05-14.29.23:746][  0]LogContentBrowser: Native class hierarchy populated in 0.0266 seconds. Added 1700 classes and 263 folders.
[2015.03.05-14.29.23:795][  0]LogContentBrowser:Verbose: The content browser source was changed by the sources view to '/Game'
[2015.03.05-14.29.24:015][  0]LogContentBrowser: Native class hierarchy updated for 'SceneOutliner' in 0.0060 seconds. Added 1 classes and 2 folders.
[2015.03.05-14.29.24:405][  0]LogCrashTracker: Crashtracker disabled due to settings.
[2015.03.05-14.29.24:419][  0]LogSlate:Warning: Failed to load font data from 'Veranda'
[2015.03.05-14.29.24:515][  0]LogLoad: Full Startup: 33.05 seconds (BP compile: 0.19 seconds)
[2015.03.05-14.29.24:898][  0]LogRenderer:Warning: Reallocating scene render targets to support 32x32 (Frame:2).
[2015.03.05-14.29.25:218][  0]LogRenderer:Warning: Reallocating scene render targets to support 1144x928 (Frame:3).
[2015.03.05-14.29.27:357][  6]LogAssetRegistry: Asset discovery search completed in 12.1136 seconds
[2015.03.05-14.29.32:342][187]LogPlayLevel: PIE:  No blueprints needed recompiling
[2015.03.05-14.29.32:344][187]PIE: New page: PIE session: Untitled_1 (Mar 5, 2015, 4:29:32 AM)
[2015.03.05-14.29.32:348][187]LogPlayLevel: PIE: StaticDuplicateObject took: (0.004006s)
[2015.03.05-14.29.32:349][187]LogPlayLevel: PIE: World Init took: (0.000660s)
[2015.03.05-14.29.32:350][187]LogPlayLevel: PIE: Created PIE world by copying editor world from /Temp/Untitled_1.Untitled_1 to /Temp/UEDPIE_0_Untitled_1.Untitled_1 (0.005921s)
[2015.03.05-14.29.32:417][187]LogWorld: Game class is 'SpaceShooterGameMode'
[2015.03.05-14.29.32:450][187]LogAIModule: Creating AISystem for world Untitled_1
[2015.03.05-14.29.32:453][187]LogWorld: Bringing World /Temp/UEDPIE_0_Untitled_1.Untitled_1 up for play (max tick rate 0) at 2015.03.05-09.29.32
[2015.03.05-14.29.32:457][187]LogWorld: Bringing up level for play took: 0.005929
[2015.03.05-14.29.32:505][187]PIE: Info Play in editor start time for /Temp/UEDPIE_0_Untitled_1 0.049
[2015.03.05-14.29.39:557][500]LogParticles: Destroying 0 GPU particle simulations for FXSystem 0x0000000012F082C0
[2015.03.05-14.29.41:715][593]LogPlayLevel: PIE:  No blueprints needed recompiling
[2015.03.05-14.29.41:716][593]PIE: New page: PIE session: Untitled_1 (Mar 5, 2015, 4:29:41 AM)
[2015.03.05-14.29.41:719][593]LogPlayLevel: PIE: StaticDuplicateObject took: (0.001605s)
[2015.03.05-14.29.41:720][593]LogPlayLevel: PIE: World Init took: (0.000747s)
[2015.03.05-14.29.41:721][593]LogPlayLevel: PIE: Created PIE world by copying editor world from /Temp/Untitled_1.Untitled_1 to /Temp/UEDPIE_0_Untitled_1.Untitled_1 (0.003374s)
[2015.03.05-14.29.41:753][593]LogWorld: Game class is 'SpaceShooterGameMode'
[2015.03.05-14.29.41:755][593]LogAIModule: Creating AISystem for world Untitled_1
[2015.03.05-14.29.41:758][593]LogWorld: Bringing World /Temp/UEDPIE_0_Untitled_1.Untitled_1 up for play (max tick rate 0) at 2015.03.05-09.29.41
[2015.03.05-14.29.41:759][593]LogWorld: Bringing up level for play took: 0.003104
[2015.03.05-14.29.41:763][593]PIE: Info Play in editor start time for /Temp/UEDPIE_0_Untitled_1 -0.694
[2015.03.05-14.29.46:382][800]LogParticles: Destroying 0 GPU particle simulations for FXSystem 0x000000000C3DAFC0
[2015.03.05-14.30.28:154][571]Cmd: MAP LOAD FILE="../../../../../../Users/jsmalley/Desktop/SpaceShooter/SpaceShooter/Content/SpacyMap.umap" TEMPLATE=0 SHOWPROGRESS=1 FEATURELEVEL=2
[2015.03.05-14.30.28:236][571]LightingResults: New page: Lighting Build
[2015.03.05-14.30.28:299][571]LoadErrors: New page: Loading map: SpacyMap.umap
[2015.03.05-14.30.28:301][571]MapCheck: New page: Map Check
[2015.03.05-14.30.28:301][571]LightingResults: New page: Lighting Build
[2015.03.05-14.30.28:310][571]LogParticles: Destroying 0 GPU particle simulations for FXSystem 0x000000000C4B20C0
[2015.03.05-14.30.28:325][571]LogLinker:Warning: Can't find file '/Game/GTFreeMaterials/Materials/Rock_JaggedCaveWall'
[2015.03.05-14.30.28:327][571]LogLinker:Warning: Can't find file for asset '/Game/GTFreeMaterials/Materials/Rock_JaggedCaveWall' while loading ../../../../../../Users/jsmalley/Desktop/SpaceShooter/SpaceShooter/Content/SpacyMap.umap.
[2015.03.05-14.30.28:328][571]LoadErrors:Error: Error /Game/SpacyMap : Can't find file for asset. /Game/GTFreeMaterials/Materials/Rock_JaggedCaveWall
[2015.03.05-14.30.28:330][571]LogLinker:Warning: Can't find file '/Game/GTFreeMaterials/Materials/Rock_JaggedCaveWall'
[2015.03.05-14.30.28:331][571]LogLinker:Warning: Can't find file for asset '/Game/GTFreeMaterials/Materials/Rock_JaggedCaveWall' while loading ../../../../../../Users/jsmalley/Desktop/SpaceShooter/SpaceShooter/Content/SpacyMap.umap.
[2015.03.05-14.30.28:331][571]LogLinker:Warning: Can't find file '/Game/GTFreeMaterials/Textures/Rock_JaggedCaveWall/Rock_JaggedCaveWall_2k_alb'
[2015.03.05-14.30.28:332][571]LogLinker:Warning: Can't find file for asset '/Game/GTFreeMaterials/Textures/Rock_JaggedCaveWall/Rock_JaggedCaveWall_2k_alb' while loading ../../../../../../Users/jsmalley/Desktop/SpaceShooter/SpaceShooter/Content/SpacyMap.umap.
[2015.03.05-14.30.28:333][571]LoadErrors:Error: Error /Game/SpacyMap : Can't find file for asset. /Game/GTFreeMaterials/Textures/Rock_JaggedCaveWall/Rock_JaggedCaveWall_2k_alb
[2015.03.05-14.30.28:334][571]LogLinker:Warning: Can't find file '/Game/GTFreeMaterials/Textures/Rock_JaggedCaveWall/Rock_JaggedCaveWall_2k_g'
[2015.03.05-14.30.28:334][571]LogLinker:Warning: Can't find file for asset '/Game/GTFreeMaterials/Textures/Rock_JaggedCaveWall/Rock_JaggedCaveWall_2k_g' while loading ../../../../../../Users/jsmalley/Desktop/SpaceShooter/SpaceShooter/Content/SpacyMap.umap.
[2015.03.05-14.30.28:335][571]LoadErrors:Error: Error /Game/SpacyMap : Can't find file for asset. /Game/GTFreeMaterials/Textures/Rock_JaggedCaveWall/Rock_JaggedCaveWall_2k_g
[2015.03.05-14.30.28:335][571]LogLinker:Warning: Can't find file '/Game/GTFreeMaterials/Textures/Rock_JaggedCaveWall/Rock_JaggedCaveWall_2k_h'
[2015.03.05-14.30.28:336][571]LogLinker:Warning: Can't find file for asset '/Game/GTFreeMaterials/Textures/Rock_JaggedCaveWall/Rock_JaggedCaveWall_2k_h' while loading ../../../../../../Users/jsmalley/Desktop/SpaceShooter/SpaceShooter/Content/SpacyMap.umap.
[2015.03.05-14.30.28:336][571]LoadErrors:Error: Error /Game/SpacyMap : Can't find file for asset. /Game/GTFreeMaterials/Textures/Rock_JaggedCaveWall/Rock_JaggedCaveWall_2k_h
[2015.03.05-14.30.28:337][571]LogLinker:Warning: Can't find file '/Game/GTFreeMaterials/Textures/Rock_JaggedCaveWall/Rock_JaggedCaveWall_2k_n'
[2015.03.05-14.30.28:338][571]LogLinker:Warning: Can't find file for asset '/Game/GTFreeMaterials/Textures/Rock_JaggedCaveWall/Rock_JaggedCaveWall_2k_n' while loading ../../../../../../Users/jsmalley/Desktop/SpaceShooter/SpaceShooter/Content/SpacyMap.umap.
[2015.03.05-14.30.28:338][571]LoadErrors:Error: Error /Game/SpacyMap : Can't find file for asset. /Game/GTFreeMaterials/Textures/Rock_JaggedCaveWall/Rock_JaggedCaveWall_2k_n
[2015.03.05-14.30.28:339][571]LogLinker:Warning: Can't find file '/Game/GTFreeMaterials/Textures/T_MacroVariation2'
[2015.03.05-14.30.28:339][571]LogLinker:Warning: Can't find file for asset '/Game/GTFreeMaterials/Textures/T_MacroVariation2' while loading ../../../../../../Users/jsmalley/Desktop/SpaceShooter/SpaceShooter/Content/SpacyMap.umap.
[2015.03.05-14.30.28:340][571]LoadErrors:Error: Error /Game/SpacyMap : Can't find file for asset. /Game/GTFreeMaterials/Textures/T_MacroVariation2
[2015.03.05-14.30.28:342][571]LogLinker:Warning: Can't find file '/Game/GTFreeMaterials/Textures/Rock_JaggedCaveWall/Rock_JaggedCaveWall_2k_alb'
[2015.03.05-14.30.28:342][571]LogLinker:Warning: Can't find file for asset '/Game/GTFreeMaterials/Textures/Rock_JaggedCaveWall/Rock_JaggedCaveWall_2k_alb' while loading ../../../../../../Users/jsmalley/Desktop/SpaceShooter/SpaceShooter/Content/SpacyMap.umap.
[2015.03.05-14.30.28:343][571]LogLinker:Warning: Can't find file '/Game/GTFreeMaterials/Textures/Rock_JaggedCaveWall/Rock_JaggedCaveWall_2k_g'
[2015.03.05-14.30.28:343][571]LogLinker:Warning: Can't find file for asset '/Game/GTFreeMaterials/Textures/Rock_JaggedCaveWall/Rock_JaggedCaveWall_2k_g' while loading ../../../../../../Users/jsmalley/Desktop/SpaceShooter/SpaceShooter/Content/SpacyMap.umap.
[2015.03.05-14.30.28:344][571]LogLinker:Warning: Can't find file '/Game/GTFreeMaterials/Textures/Rock_JaggedCaveWall/Rock_JaggedCaveWall_2k_h'
[2015.03.05-14.30.28:345][571]LogLinker:Warning: Can't find file for asset '/Game/GTFreeMaterials/Textures/Rock_JaggedCaveWall/Rock_JaggedCaveWall_2k_h' while loading ../../../../../../Users/jsmalley/Desktop/SpaceShooter/SpaceShooter/Content/SpacyMap.umap.
[2015.03.05-14.30.28:345][571]LogLinker:Warning: Can't find file '/Game/GTFreeMaterials/Textures/Rock_JaggedCaveWall/Rock_JaggedCaveWall_2k_n'
[2015.03.05-14.30.28:346][571]LogLinker:Warning: Can't find file for asset '/Game/GTFreeMaterials/Textures/Rock_JaggedCaveWall/Rock_JaggedCaveWall_2k_n' while loading ../../../../../../Users/jsmalley/Desktop/SpaceShooter/SpaceShooter/Content/SpacyMap.umap.
[2015.03.05-14.30.28:347][571]LogLinker:Warning: Can't find file '/Game/GTFreeMaterials/Textures/T_MacroVariation2'
[2015.03.05-14.30.28:347][571]LogLinker:Warning: Can't find file for asset '/Game/GTFreeMaterials/Textures/T_MacroVariation2' while loading ../../../../../../Users/jsmalley/Desktop/SpaceShooter/SpaceShooter/Content/SpacyMap.umap.
[2015.03.05-14.30.28:348][571]LogLinker:Warning: Can't find file '/Game/GTFreeMaterials/Materials/Rock_JaggedCaveWall'
[2015.03.05-14.30.28:349][571]LogLinker:Warning: Can't find file for asset '/Game/GTFreeMaterials/Materials/Rock_JaggedCaveWall' while loading NULL.
[2015.03.05-14.30.28:350][571]LogLinker:Warning: Can't find file '/Game/GTFreeMaterials/Materials/Rock_JaggedCaveWall'
[2015.03.05-14.30.28:350][571]LogLinker:Warning: Can't find file for asset '/Game/GTFreeMaterials/Materials/Rock_JaggedCaveWall' while loading NULL.
[2015.03.05-14.30.28:351][571]LogLinker:Warning: Can't find file '/Game/GTFreeMaterials/Textures/Rock_JaggedCaveWall/Rock_JaggedCaveWall_2k_alb'
[2015.03.05-14.30.28:351][571]LogLinker:Warning: Can't find file for asset '/Game/GTFreeMaterials/Textures/Rock_JaggedCaveWall/Rock_JaggedCaveWall_2k_alb' while loading NULL.
[2015.03.05-14.30.28:352][571]LogLinker:Warning: Can't find file '/Game/GTFreeMaterials/Textures/Rock_JaggedCaveWall/Rock_JaggedCaveWall_2k_g'
[2015.03.05-14.30.28:352][571]LogLinker:Warning: Can't find file for asset '/Game/GTFreeMaterials/Textures/Rock_JaggedCaveWall/Rock_JaggedCaveWall_2k_g' while loading NULL.
[2015.03.05-14.30.28:353][571]LogLinker:Warning: Can't find file '/Game/GTFreeMaterials/Textures/Rock_JaggedCaveWall/Rock_JaggedCaveWall_2k_h'
[2015.03.05-14.30.28:353][571]LogLinker:Warning: Can't find file for asset '/Game/GTFreeMaterials/Textures/Rock_JaggedCaveWall/Rock_JaggedCaveWall_2k_h' while loading NULL.
[2015.03.05-14.30.28:354][571]LogLinker:Warning: Can't find file '/Game/GTFreeMaterials/Textures/Rock_JaggedCaveWall/Rock_JaggedCaveWall_2k_n'
[2015.03.05-14.30.28:355][571]LogLinker:Warning: Can't find file for asset '/Game/GTFreeMaterials/Textures/Rock_JaggedCaveWall/Rock_JaggedCaveWall_2k_n' while loading NULL.
[2015.03.05-14.30.28:355][571]LogLinker:Warning: Can't find file '/Game/GTFreeMaterials/Textures/T_MacroVariation2'
[2015.03.05-14.30.28:356][571]LogLinker:Warning: Can't find file for asset '/Game/GTFreeMaterials/Textures/T_MacroVariation2' while loading NULL.
[2015.03.05-14.30.28:357][571]LogLinker:Warning: Can't find file '/Game/GTFreeMaterials/Textures/Rock_JaggedCaveWall/Rock_JaggedCaveWall_2k_alb'
[2015.03.05-14.30.28:357][571]LogLinker:Warning: Can't find file for asset '/Game/GTFreeMaterials/Textures/Rock_JaggedCaveWall/Rock_JaggedCaveWall_2k_alb' while loading NULL.
[2015.03.05-14.30.28:358][571]LogLinker:Warning: Can't find file '/Game/GTFreeMaterials/Textures/Rock_JaggedCaveWall/Rock_JaggedCaveWall_2k_g'
[2015.03.05-14.30.28:358][571]LogLinker:Warning: Can't find file for asset '/Game/GTFreeMaterials/Textures/Rock_JaggedCaveWall/Rock_JaggedCaveWall_2k_g' while loading NULL.
[2015.03.05-14.30.28:359][571]LogLinker:Warning: Can't find file '/Game/GTFreeMaterials/Textures/Rock_JaggedCaveWall/Rock_JaggedCaveWall_2k_h'
[2015.03.05-14.30.28:359][571]LogLinker:Warning: Can't find file for asset '/Game/GTFreeMaterials/Textures/Rock_JaggedCaveWall/Rock_JaggedCaveWall_2k_h' while loading NULL.
[2015.03.05-14.30.28:360][571]LogLinker:Warning: Can't find file '/Game/GTFreeMaterials/Textures/Rock_JaggedCaveWall/Rock_JaggedCaveWall_2k_n'
[2015.03.05-14.30.28:361][571]LogLinker:Warning: Can't find file for asset '/Game/GTFreeMaterials/Textures/Rock_JaggedCaveWall/Rock_JaggedCaveWall_2k_n' while loading NULL.
[2015.03.05-14.30.28:361][571]LogLinker:Warning: Can't find file '/Game/GTFreeMaterials/Textures/T_MacroVariation2'
[2015.03.05-14.30.28:362][571]LogLinker:Warning: Can't find file for asset '/Game/GTFreeMaterials/Textures/T_MacroVariation2' while loading NULL.
[2015.03.05-14.30.28:429][571]LogLinker:Warning: Can't find file '/Game/GTFreeMaterials/Materials/Rock_JaggedCaveWall'
[2015.03.05-14.30.28:430][571]LoadErrors: Info Failed to load /Game/GTFreeMaterials/Materials/Rock_JaggedCaveWall.Rock_JaggedCaveWall Referenced by Landscape_3
[2015.03.05-14.30.28:431][571]LogLinker:Warning: Can't find file for asset '/Game/GTFreeMaterials/Materials/Rock_JaggedCaveWall' while loading NULL.
[2015.03.05-14.30.28:439][571]LogLinker:Warning: Can't find file '/Game/GTFreeMaterials/Materials/Rock_JaggedCaveWall'
[2015.03.05-14.30.28:440][571]LoadErrors: Info Failed to load /Game/GTFreeMaterials/Materials/Rock_JaggedCaveWall.Rock_JaggedCaveWall Referenced by LandscapeMaterialInstanceConstant_0
[2015.03.05-14.30.28:440][571]LogLinker:Warning: Can't find file for asset '/Game/GTFreeMaterials/Materials/Rock_JaggedCaveWall' while loading NULL.
[2015.03.05-14.30.28:442][571]LogLinker:Warning: Can't find file '/Game/GTFreeMaterials/Textures/Rock_JaggedCaveWall/Rock_JaggedCaveWall_2k_h'
[2015.03.05-14.30.28:442][571]LoadErrors: Info Failed to load /Game/GTFreeMaterials/Textures/Rock_JaggedCaveWall/Rock_JaggedCaveWall_2k_h.Rock_JaggedCaveWall_2k_h Referenced by PersistentLevel
[2015.03.05-14.30.28:443][571]LogLinker:Warning: Can't find file for asset '/Game/GTFreeMaterials/Textures/Rock_JaggedCaveWall/Rock_JaggedCaveWall_2k_h' while loading NULL.
[2015.03.05-14.30.28:443][571]LogLinker:Warning: Can't find file '/Game/GTFreeMaterials/Textures/Rock_JaggedCaveWall/Rock_JaggedCaveWall_2k_n'
[2015.03.05-14.30.28:444][571]LoadErrors: Info Failed to load /Game/GTFreeMaterials/Textures/Rock_JaggedCaveWall/Rock_JaggedCaveWall_2k_n.Rock_JaggedCaveWall_2k_n Referenced by PersistentLevel
[2015.03.05-14.30.28:444][571]LogLinker:Warning: Can't find file for asset '/Game/GTFreeMaterials/Textures/Rock_JaggedCaveWall/Rock_JaggedCaveWall_2k_n' while loading NULL.
[2015.03.05-14.30.28:445][571]LogLinker:Warning: Can't find file '/Game/GTFreeMaterials/Textures/T_MacroVariation2'
[2015.03.05-14.30.28:445][571]LoadErrors: Info Failed to load /Game/GTFreeMaterials/Textures/T_MacroVariation2.T_MacroVariation2 Referenced by PersistentLevel
[2015.03.05-14.30.28:446][571]LogLinker:Warning: Can't find file for asset '/Game/GTFreeMaterials/Textures/T_MacroVariation2' while loading NULL.
[2015.03.05-14.30.28:446][571]LogLinker:Warning: Can't find file '/Game/GTFreeMaterials/Textures/Rock_JaggedCaveWall/Rock_JaggedCaveWall_2k_alb'
[2015.03.05-14.30.28:447][571]LoadErrors: Info Failed to load /Game/GTFreeMaterials/Textures/Rock_JaggedCaveWall/Rock_JaggedCaveWall_2k_alb.Rock_JaggedCaveWall_2k_alb Referenced by PersistentLevel
[2015.03.05-14.30.28:447][571]LogLinker:Warning: Can't find file for asset '/Game/GTFreeMaterials/Textures/Rock_JaggedCaveWall/Rock_JaggedCaveWall_2k_alb' while loading NULL.
[2015.03.05-14.30.28:448][571]LogLinker:Warning: Can't find file '/Game/GTFreeMaterials/Textures/Rock_JaggedCaveWall/Rock_JaggedCaveWall_2k_g'
[2015.03.05-14.30.28:448][571]LoadErrors: Info Failed to load /Game/GTFreeMaterials/Textures/Rock_JaggedCaveWall/Rock_JaggedCaveWall_2k_g.Rock_JaggedCaveWall_2k_g Referenced by PersistentLevel
[2015.03.05-14.30.28:449][571]LogLinker:Warning: Can't find file for asset '/Game/GTFreeMaterials/Textures/Rock_JaggedCaveWall/Rock_JaggedCaveWall_2k_g' while loading NULL.
[2015.03.05-14.30.28:457][571]LogTexture:Display: Building textures: Texture2D_13 (BGRA8)
[2015.03.05-14.30.28:465][571]LogTexture:Display: Building textures: HQ_Lightmap1_1 (AutoDXT)
[2015.03.05-14.30.28:512][571]LogTexture:Display: Building textures: LQ_Lightmap_1_1 (DXT1)
[2015.03.05-14.30.28:545][571]LogTexture:Display: Building textures: ShadowMapTexture2D_1 (BGRA8)
[2015.03.05-14.30.28:549][571]LogTexture:Display: Building textures: Texture2D_14 (BGRA8)
[2015.03.05-14.30.28:550][571]LogTexture:Display: Building textures: Texture2D_15 (BGRA8)
[2015.03.05-14.30.28:550][571]LogTexture:Display: Building textures: Texture2D_16 (BGRA8)
[2015.03.05-14.30.28:551][571]LogTexture:Display: Building textures: Texture2D_17 (BGRA8)
[2015.03.05-14.30.28:552][571]LogTexture:Display: Building textures: Texture2D_18 (BGRA8)
[2015.03.05-14.30.28:555][571]LogTexture:Display: Building textures: Texture2D_19 (BGRA8)
[2015.03.05-14.30.28:556][571]LogTexture:Display: Building textures: Texture2D_20 (BGRA8)
[2015.03.05-14.30.28:556][571]LogTexture:Display: Building textures: Texture2D_21 (BGRA8)
[2015.03.05-14.30.28:658][571]LogEditorServer: Finished looking for orphan Actors (0.000 secs)
[2015.03.05-14.30.28:659][571]LogAIModule: Creating AISystem for world SpacyMap
[2015.03.05-14.30.28:735][571]Cmd: MAP CHECKDEP
[2015.03.05-14.30.28:736][571]MapCheck: New page: SpacyMap - Mar 5, 2015, 4:30:28 AM
[2015.03.05-14.30.28:835][571]MapCheck: Info Map check complete: 0 Error(s), 0 Warning(s), took 99.873ms to complete.
[2015.03.05-14.30.28:836][571]LogFileHelpers: Loading map 'SpacyMap' took 0.687
[2015.03.05-14.30.28:886][572]Cmd: UpdateLandscapeEditorData -warnings
[2015.03.05-14.30.28:896][572]Cmd: UpdateLandscapeEditorData
[2015.03.05-14.30.32:586][716]BlueprintLog: New page: Pre-PIE auto-recompile
[2015.03.05-14.30.32:587][716]LogPlayLevel: [PIE] Compiling SpacyMap before PIE...
[2015.03.05-14.30.32:656][716]LogPlayLevel: PIE:  Blueprint regeneration took 70 ms (1 blueprints)
[2015.03.05-14.30.32:657][716]PIE: New page: PIE session: SpacyMap (Mar 5, 2015, 4:30:32 AM)
[2015.03.05-14.30.32:671][716]LogPlayLevel: PIE: StaticDuplicateObject took: (0.012259s)
[2015.03.05-14.30.32:672][716]LogPlayLevel: PIE: World Init took: (0.000682s)
[2015.03.05-14.30.32:673][716]LogPlayLevel: PIE: Created PIE world by copying editor world from /Game/SpacyMap.SpacyMap to /Game/UEDPIE_0_SpacyMap.SpacyMap (0.014430s)
[2015.03.05-14.30.32:708][716]LogWorld: Game class is 'SpaceShooterGameMode'
[2015.03.05-14.30.32:712][716]LogAIModule: Creating AISystem for world SpacyMap
[2015.03.05-14.30.32:729][716]LogWorld: Bringing World /Game/UEDPIE_0_SpacyMap.SpacyMap up for play (max tick rate 0) at 2015.03.05-09.30.32
[2015.03.05-14.30.32:730][716]LogWorld: Bringing up level for play took: 0.017006
[2015.03.05-14.30.32:736][716]PIE: Info Play in editor start time for /Game/UEDPIE_0_SpacyMap 0.302
[2015.03.05-14.30.42:802][982]LogParticles: Destroying 0 GPU particle simulations for FXSystem 0x000000000BF52480
[2015.03.05-14.30.48:558][228]LogEditorViewport: Clicking on Actor (double click): Landscape (Landscape3)
[2015.03.05-14.30.54:949][479]Cmd: QUIT_EDITOR
[2015.03.05-14.30.55:252][479]LogExit: Preparing to exit.
[2015.03.05-14.30.55:614][479]LogExit: Editor shut down
[2015.03.05-14.30.55:615][479]LogExit: Transaction tracking system shut down
[2015.03.05-14.30.55:617][479]LogParticles: Destroying 0 GPU particle simulations for FXSystem 0x000000000C02AE80
[2015.03.05-14.30.55:618][479]LogParticles: Destroying 0 GPU particle simulations for FXSystem 0x0000000016DCA840
[2015.03.05-14.30.55:738][479]LogExit: Object subsystem successfully closed.
[2015.03.05-14.30.55:834][479]LogModuleManager: Shutting down and abandoning module CrashTracker (178)
[2015.03.05-14.30.55:835][479]LogModuleManager: Shutting down and abandoning module SuperSearch (177)
[2015.03.05-14.30.55:836][479]LogModuleManager: Shutting down and abandoning module SceneOutliner (176)
[2015.03.05-14.30.55:836][479]LogModuleManager: Shutting down and abandoning module EditorWidgets (175)
[2015.03.05-14.30.55:836][479]LogModuleManager: Shutting down and abandoning module CollectionManager (174)
[2015.03.05-14.30.55:837][479]LogModuleManager: Shutting down and abandoning module StatsViewer (173)
[2015.03.05-14.30.55:838][479]LogModuleManager: Shutting down and abandoning module FoliageEdit (172)
[2015.03.05-14.30.55:839][479]LogModuleManager: Shutting down and abandoning module LandscapeEditor (171)
[2015.03.05-14.30.55:840][479]LogModuleManager: Shutting down and abandoning module MeshPaint (170)
[2015.03.05-14.30.55:841][479]LogModuleManager: Shutting down and abandoning module ActorPickerMode (169)
[2015.03.05-14.30.55:841][479]LogModuleManager: Shutting down and abandoning module GeometryMode (168)
[2015.03.05-14.30.55:841][479]LogModuleManager: Shutting down and abandoning module TextureAlignMode (167)
[2015.03.05-14.30.55:841][479]LogModuleManager: Shutting down and abandoning module BspMode (166)
[2015.03.05-14.30.55:842][479]LogModuleManager: Shutting down and abandoning module PlacementMode (165)
[2015.03.05-14.30.55:842][479]LogModuleManager: Shutting down and abandoning module AutomationWorker (164)
[2015.03.05-14.30.55:842][479]LogModuleManager: Shutting down and abandoning module CharacterAI (163)
[2015.03.05-14.30.55:842][479]LogModuleManager: Shutting down and abandoning module SmartSnapping (162)
[2015.03.05-14.30.55:843][479]LogModuleManager: Shutting down and abandoning module ViewportSnapping (161)
[2015.03.05-14.30.55:843][479]LogModuleManager: Shutting down and abandoning module LogVisualizer (160)
[2015.03.05-14.30.55:845][479]LogModuleManager: Shutting down and abandoning module GameProjectGeneration (159)
[2015.03.05-14.30.55:845][479]LogModuleManager: Shutting down and abandoning module IntroTutorials (158)
[2015.03.05-14.30.55:847][479]LogModuleManager: Shutting down and abandoning module EditorLiveStreaming (157)
[2015.03.05-14.30.55:848][479]LogModuleManager: Shutting down and abandoning module HardwareTargeting (156)
[2015.03.05-14.30.55:848][479]LogModuleManager: Shutting down and abandoning module DeviceProfileEditor (155)
[2015.03.05-14.30.55:849][479]LogModuleManager: Shutting down and abandoning module UndoHistory (154)
[2015.03.05-14.30.55:849][479]LogModuleManager: Shutting down and abandoning module GameplayTagsEditor (153)
[2015.03.05-14.30.55:850][479]LogModuleManager: Shutting down and abandoning module UserFeedback (152)
[2015.03.05-14.30.55:850][479]LogModuleManager: Shutting down and abandoning module XmlParser (151)
[2015.03.05-14.30.55:851][479]LogModuleManager: Shutting down and abandoning module Blutility (150)
[2015.03.05-14.30.55:851][479]LogModuleManager: Shutting down and abandoning module IOSPlatformEditor (149)
[2015.03.05-14.30.55:851][479]LogModuleManager: Shutting down and abandoning module IOSRuntimeSettings (148)
[2015.03.05-14.30.55:851][479]LogModuleManager: Shutting down and abandoning module AndroidDeviceDetection (147)
[2015.03.05-14.30.56:498][479]LogModuleManager: Shutting down and abandoning module AndroidPlatformEditor (146)
[2015.03.05-14.30.56:498][479]LogModuleManager: Shutting down and abandoning module AndroidRuntimeSettings (145)
[2015.03.05-14.30.56:498][479]LogModuleManager: Shutting down and abandoning module ProjectTargetPlatformEditor (144)
[2015.03.05-14.30.56:499][479]LogModuleManager: Shutting down and abandoning module ProjectSettingsViewer (143)
[2015.03.05-14.30.56:499][479]LogModuleManager: Shutting down and abandoning module InputBindingEditor (142)
[2015.03.05-14.30.56:501][479]LogModuleManager: Shutting down and abandoning module EditorSettingsViewer (141)
[2015.03.05-14.30.56:501][479]LogModuleManager: Shutting down and abandoning module SettingsEditor (140)
[2015.03.05-14.30.56:502][479]LogModuleManager: Shutting down and abandoning module ProjectLauncher (139)
[2015.03.05-14.30.56:503][479]LogModuleManager: Shutting down and abandoning module SessionFrontend (138)
[2015.03.05-14.30.56:504][479]LogModuleManager: Shutting down and abandoning module ProfilerClient (137)
[2015.03.05-14.30.56:505][479]LogModuleManager: Shutting down and abandoning module TargetDeviceServices (136)
[2015.03.05-14.30.56:505][479]LogModuleManager: Shutting down and abandoning module DeviceManager (135)
[2015.03.05-14.30.56:506][479]LogModuleManager: Shutting down and abandoning module AutomationController (134)
[2015.03.05-14.30.56:507][479]LogModuleManager: Shutting down and abandoning module AutomationWindow (133)
[2015.03.05-14.30.56:507][479]LogModuleManager: Shutting down and abandoning module Layers (132)
[2015.03.05-14.30.56:510][479]LogModuleManager: Shutting down and abandoning module ComponentVisualizers (131)
[2015.03.05-14.30.56:510][479]LogModuleManager: Shutting down and abandoning module DetailCustomizations (130)
[2015.03.05-14.30.56:511][479]LogModuleManager: Shutting down and abandoning module PackagesDialog (129)
[2015.03.05-14.30.56:513][479]LogModuleManager: Shutting down and abandoning module AssetRegistry (128)
[2015.03.05-14.30.56:551][479]LogModuleManager: Shutting down and abandoning module Persona (127)
[2015.03.05-14.30.56:554][479]LogModuleManager: Shutting down and abandoning module SlateReflector (126)
[2015.03.05-14.30.56:555][479]LogModuleManager: Shutting down and abandoning module LevelEditor (125)
[2015.03.05-14.30.56:556][479]LogModuleManager: Shutting down and abandoning module Kismet (124)
[2015.03.05-14.30.56:557][479]LogModuleManager: Shutting down and abandoning module GraphEditor (123)
[2015.03.05-14.30.56:561][479]LogModuleManager: Shutting down and abandoning module ClassViewer (122)
[2015.03.05-14.30.56:561][479]LogModuleManager: Shutting down and abandoning module Toolbox (121)
[2015.03.05-14.30.56:561][479]LogModuleManager: Shutting down and abandoning module ModuleUI (120)
[2015.03.05-14.30.56:562][479]LogModuleManager: Shutting down and abandoning module MovieSceneTools (119)
[2015.03.05-14.30.56:563][479]LogModuleManager: Shutting down and abandoning module OutputLog (118)
[2015.03.05-14.30.56:563][479]LogModuleManager: Shutting down and abandoning module GammaUI (117)
[2015.03.05-14.30.56:564][479]LogModuleManager: Shutting down and abandoning module Documentation (116)
[2015.03.05-14.30.56:565][479]LogModuleManager: Shutting down and abandoning module GameLiveStreaming (115)
[2015.03.05-14.30.56:565][479]LogModuleManager: Shutting down and abandoning module StreamingPauseRendering (114)
[2015.03.05-14.30.56:566][479]LogModuleManager: Shutting down and abandoning module HTTP (113)
[2015.03.05-14.30.56:566][479]LogModuleManager: Shutting down and abandoning module AnalyticsET (112)
[2015.03.05-14.30.56:567][479]LogModuleManager: Shutting down and abandoning module Analytics (111)
[2015.03.05-14.30.56:567][479]LogModuleManager: Shutting down and abandoning module AITestSuite (110)
[2015.03.05-14.30.56:568][479]LogModuleManager: Shutting down and abandoning module GameplayDebugger (109)
[2015.03.05-14.30.56:568][479]LogModuleManager: Shutting down and abandoning module AIModule (108)
[2015.03.05-14.30.56:568][479]LogModuleManager: Shutting down and abandoning module ProfilerService (107)
[2015.03.05-14.30.56:748][479]LogModuleManager: Shutting down and abandoning module TaskGraph (106)
[2015.03.05-14.30.56:750][479]LogModuleManager: Shutting down and abandoning module SlateRemote (105)
[2015.03.05-14.30.56:750][479]LogModuleManager: Shutting down and abandoning module ScriptEditorPlugin (104)
[2015.03.05-14.30.56:751][479]LogModuleManager: Shutting down and abandoning module CustomMeshComponent (103)
[2015.03.05-14.30.56:751][479]LogModuleManager: Shutting down and abandoning module CableComponent (102)
[2015.03.05-14.30.56:752][479]LogModuleManager: Shutting down and abandoning module MessagingDebugger (101)
[2015.03.05-14.30.56:754][479]LogModuleManager: Shutting down and abandoning module MediaPlayerEditor (100)
[2015.03.05-14.30.56:755][479]LogModuleManager: Shutting down and abandoning module SpeedTreeImporter (99)
[2015.03.05-14.30.56:755][479]LogModuleManager: Shutting down and abandoning module PluginsEditor (98)
[2015.03.05-14.30.56:756][479]LogModuleManager: Shutting down and abandoning module MainFrame (97)
[2015.03.05-14.30.56:756][479]LogModuleManager: Shutting down and abandoning module EpicSurvey (96)
[2015.03.05-14.30.56:756][479]LogModuleManager: Shutting down and abandoning module DesktopPlatform (95)
[2015.03.05-14.30.56:757][479]LogModuleManager: Shutting down and abandoning module DirectoryWatcher (94)
[2015.03.05-14.30.56:758][479]LogModuleManager: Shutting down and abandoning module HotReload (93)
[2015.03.05-14.30.56:759][479]LogModuleManager: Shutting down and abandoning module VisualStudioSourceCodeAccess (92)
[2015.03.05-14.30.56:759][479]LogModuleManager: Shutting down and abandoning module UObjectPlugin (91)
[2015.03.05-14.30.56:760][479]LogModuleManager: Shutting down and abandoning module SubversionSourceControl (90)
[2015.03.05-14.30.56:760][479]LogModuleManager: Shutting down and abandoning module PerforceSourceControl (89)
[2015.03.05-14.30.56:762][479]LogModuleManager: Shutting down and abandoning module SourceControl (88)
[2015.03.05-14.30.56:763][479]LogModuleManager: Shutting down and abandoning module GitSourceControl (87)
[2015.03.05-14.30.56:764][479]LogModuleManager: Shutting down and abandoning module BlankPlugin (86)
[2015.03.05-14.30.56:764][479]LogModuleManager: Shutting down and abandoning module PaperTiledImporter (85)
[2015.03.05-14.30.56:764][479]LogModuleManager: Shutting down and abandoning module PaperJsonImporter (84)
[2015.03.05-14.30.56:764][479]LogModuleManager: Shutting down and abandoning module ContentBrowser (83)
[2015.03.05-14.30.56:765][479]LogModuleManager: Shutting down and abandoning module Paper2DEditor (82)
[2015.03.05-14.30.56:767][479]LogModuleManager: Shutting down and abandoning module SpaceShooter (81)
[2015.03.05-14.30.56:767][479]LogModuleManager: Shutting down and abandoning module ScriptPlugin (80)
[2015.03.05-14.30.56:768][479]LogModuleManager: Shutting down and abandoning module UdpMessaging (79)
[2015.03.05-14.30.56:868][479]LogModuleManager: Shutting down and abandoning module Paper2D (78)
[2015.03.05-14.30.56:869][479]LogModuleManager: Shutting down and abandoning module WindowsMoviePlayer (77)
[2015.03.05-14.30.56:871][479]LogModuleManager: Shutting down and abandoning module Media (76)
[2015.03.05-14.30.56:872][479]LogModuleManager: Shutting down and abandoning module WmfMedia (75)
[2015.03.05-14.30.56:873][479]LogModuleManager: Shutting down and abandoning module OnlineBlueprintSupport (74)
[2015.03.05-14.30.56:874][479]LogModuleManager: Shutting down and abandoning module PropertyEditor (73)
[2015.03.05-14.30.56:874][479]LogModuleManager: Shutting down and abandoning module BehaviorTreeEditor (72)
[2015.03.05-14.30.56:876][479]LogModuleManager: Shutting down and abandoning module FunctionalTesting (71)
[2015.03.05-14.30.56:876][479]LogModuleManager: Shutting down and abandoning module CollisionAnalyzer (70)
[2015.03.05-14.30.56:878][479]LogModuleManager: Shutting down and abandoning module WorkspaceMenuStructure (69)
[2015.03.05-14.30.56:878][479]LogModuleManager: Shutting down and abandoning module MessageLog (68)
[2015.03.05-14.30.56:878][479]LogModuleManager: Shutting down and abandoning module Sequencer (67)
[2015.03.05-14.30.56:881][479]LogModuleManager: Shutting down and abandoning module AssetTools (66)
[2015.03.05-14.30.56:883][479]LogModuleManager: Shutting down and abandoning module UMGEditor (65)
[2015.03.05-14.30.56:884][479]LogModuleManager: Shutting down and abandoning module UMG (64)
[2015.03.05-14.30.56:885][479]LogModuleManager: Shutting down and abandoning module Slate (63)
[2015.03.05-14.30.56:885][479]LogModuleManager: Shutting down and abandoning module EditorStyle (62)
[2015.03.05-14.30.56:891][479]LogModuleManager: Shutting down and abandoning module SessionServices (61)
[2015.03.05-14.30.56:891][479]LogModuleManager: Shutting down and abandoning module SourceCodeAccess (60)
[2015.03.05-14.30.56:891][479]LogModuleManager: Shutting down and abandoning module HeadMountedDisplay (59)
[2015.03.05-14.30.56:891][479]LogModuleManager: Shutting down and abandoning module XAudio2 (58)
[2015.03.05-14.30.56:892][479]LogModuleManager: Shutting down and abandoning module Networking (56)
[2015.03.05-14.30.56:892][479]LogModuleManager: Shutting down and abandoning module Core (55)
[2015.03.05-14.30.56:892][479]LogModuleManager: Shutting down and abandoning module KismetCompiler (54)
[2015.03.05-14.30.56:892][479]LogModuleManager: Shutting down and abandoning module PhysXFormats (53)
[2015.03.05-14.30.56:893][479]LogModuleManager: Shutting down and abandoning module MeshUtilities (52)
[2015.03.05-14.30.56:893][479]LogModuleManager: Shutting down and abandoning module DerivedDataCache (51)
[2015.03.05-14.30.57:000][479]LogDerivedDataCache: Shutdown
[2015.03.05-14.30.57:001][479]LogModuleManager: Shutting down and abandoning module ShaderFormatOpenGL (50)
[2015.03.05-14.30.57:001][479]LogModuleManager: Shutting down and abandoning module ShaderFormatD3D (49)
[2015.03.05-14.30.57:002][479]LogModuleManager: Shutting down and abandoning module MetalShaderFormat (48)
[2015.03.05-14.30.57:003][479]LogModuleManager: Shutting down and abandoning module TextureFormatUncompressed (47)
[2015.03.05-14.30.57:003][479]LogModuleManager: Shutting down and abandoning module TextureFormatPVR (46)
[2015.03.05-14.30.57:004][479]LogModuleManager: Shutting down and abandoning module TextureFormatIntelISPCTexComp (45)
[2015.03.05-14.30.57:005][479]LogModuleManager: Shutting down and abandoning module TextureFormatDXT (44)
[2015.03.05-14.30.57:005][479]LogModuleManager: Shutting down and abandoning module ImageWrapper (43)
[2015.03.05-14.30.57:005][479]LogModuleManager: Shutting down and abandoning module TextureFormatASTC (42)
[2015.03.05-14.30.57:006][479]LogModuleManager: Shutting down and abandoning module TextureFormatAndroid (41)
[2015.03.05-14.30.57:006][479]LogModuleManager: Shutting down and abandoning module AudioFormatOpus (40)
[2015.03.05-14.30.57:007][479]LogModuleManager: Shutting down and abandoning module AudioFormatOgg (39)
[2015.03.05-14.30.57:007][479]LogModuleManager: Shutting down and abandoning module AudioFormatADPCM (38)
[2015.03.05-14.30.57:007][479]LogModuleManager: Shutting down and abandoning module LinuxTargetPlatform (37)
[2015.03.05-14.30.57:007][479]LogModuleManager: Shutting down and abandoning module LinuxServerTargetPlatform (36)
[2015.03.05-14.30.57:008][479]LogModuleManager: Shutting down and abandoning module LinuxNoEditorTargetPlatform (35)
[2015.03.05-14.30.57:008][479]LogModuleManager: Shutting down and abandoning module Messaging (34)
[2015.03.05-14.30.57:009][479]LogModuleManager: Shutting down and abandoning module IOSTargetPlatform (33)
[2015.03.05-14.30.57:009][479]LogModuleManager: Shutting down and abandoning module HTML5TargetPlatform (32)
[2015.03.05-14.30.57:009][479]LogModuleManager: Shutting down and abandoning module Android_PVRTCTargetPlatform (31)
[2015.03.05-14.30.57:009][479]LogModuleManager: Shutting down and abandoning module Android_ETC2TargetPlatform (30)
[2015.03.05-14.30.57:010][479]LogModuleManager: Shutting down and abandoning module Android_ETC1TargetPlatform (29)
[2015.03.05-14.30.57:010][479]LogModuleManager: Shutting down and abandoning module Android_ES31TargetPlatform (28)
[2015.03.05-14.30.57:010][479]LogModuleManager: Shutting down and abandoning module Android_DXTTargetPlatform (27)
[2015.03.05-14.30.57:010][479]LogModuleManager: Shutting down and abandoning module Android_ATCTargetPlatform (26)
[2015.03.05-14.30.57:010][479]LogModuleManager: Shutting down and abandoning module AndroidTargetPlatform (25)
[2015.03.05-14.30.57:011][479]LogModuleManager: Shutting down and abandoning module WindowsTargetPlatform (24)
[2015.03.05-14.30.57:011][479]LogModuleManager: Shutting down and abandoning module WindowsServerTargetPlatform (23)
[2015.03.05-14.30.57:011][479]LogModuleManager: Shutting down and abandoning module WindowsNoEditorTargetPlatform (22)
[2015.03.05-14.30.57:011][479]LogModuleManager: Shutting down and abandoning module WindowsClientTargetPlatform (21)
[2015.03.05-14.30.57:012][479]LogModuleManager: Shutting down and abandoning module TargetPlatform (20)
[2015.03.05-14.30.57:012][479]LogModuleManager: Shutting down and abandoning module InputCore (19)
[2015.03.05-14.30.57:012][479]LogModuleManager: Shutting down and abandoning module Settings (18)
[2015.03.05-14.30.57:012][479]LogModuleManager: Shutting down and abandoning module OnlineSubsystem (16)
[2015.03.05-14.30.57:013][479]LogModuleManager: Shutting down and abandoning module OculusRift (15)
[2015.03.05-14.30.57:013][479]LogModuleManager: Shutting down and abandoning module ExampleDeviceProfileSelector (14)
[2015.03.05-14.30.57:013][479]LogModuleManager: Shutting down and abandoning module TextureCompressor (13)
[2015.03.05-14.30.57:013][479]LogModuleManager: Shutting down and abandoning module ShaderCore (12)
[2015.03.05-14.30.57:013][479]LogModuleManager: Shutting down and abandoning module Landscape (11)
[2015.03.05-14.30.57:014][479]LogModuleManager: Shutting down and abandoning module SlateRHIRenderer (10)
[2015.03.05-14.30.57:017][479]LogModuleManager: Shutting down and abandoning module OpenGLDrv (9)
[2015.03.05-14.30.57:017][479]LogModuleManager: Shutting down and abandoning module D3D11RHI (8)
[2015.03.05-14.30.57:017][479]LogModuleManager: Shutting down and abandoning module Renderer (7)
[2015.03.05-14.30.57:017][479]LogModuleManager: Shutting down and abandoning module Engine (6)
[2015.03.05-14.30.57:018][479]LogModuleManager: Shutting down and abandoning module CoreUObject (5)
[2015.03.05-14.30.57:018][479]LogModuleManager: Shutting down and abandoning module NetworkFile (4)
[2015.03.05-14.30.57:019][479]LogModuleManager: Shutting down and abandoning module StreamingFile (3)
[2015.03.05-14.30.57:020][479]LogModuleManager: Shutting down and abandoning module SandboxFile (2)
[2015.03.05-14.30.57:020][479]LogModuleManager: Shutting down and abandoning module PakFile (1)
[2015.03.05-14.30.57:023][479]LogExit: Exiting.
[2015.03.05-14.30.57:062][479]Log file closed, 03/05/15 09:30:57
