Log file open, 02/12/15 09:40:03
LogInit:Display: Running engine for game: SpaceShooter
LogInit: Version: 4.4.3-2296771+++depot+UE4-Releases+4.4
LogInit: API Version: 2255576
LogInit: Compiled (64-bit): Sep 13 2014 22:30:58
LogInit: Build Configuration: DebugGame
LogInit: Branch Name: ++depot+UE4-Releases+4.4
LogInit: Command line:  -debug
LogInit: Base directory: C:/Program Files/Unreal Engine/4.4/Engine/Binaries/Win64/
LogInit: Rocket: 1
[2015.02.12-14.40.03:316][  0]LogTaskGraph: Started task graph with 3 named threads and 4 total threads.
[2015.02.12-14.40.03:344][  0]LogOnline:Warning: No default platform service specified for OnlineSubsystem
[2015.02.12-14.40.03:355][  0]LogInit: Presizing for 0 objects not considered by GC, pre-allocating 0 bytes.
[2015.02.12-14.40.03:364][  0]LogInit: Object subsystem initialized
[2015.02.12-14.40.03:367][  0]LogInit: Selected Device Profile: [Windows]
[2015.02.12-14.40.03:367][  0]LogInit: Applying CVar settings loaded from the selected device profile: [Windows]
[2015.02.12-14.40.03:374][  0]LogInit: Computer: C401IT27
[2015.02.12-14.40.03:375][  0]LogInit: User: sctcad
[2015.02.12-14.40.03:376][  0]LogInit: CPU Page size=4096, Cores=4
[2015.02.12-14.40.03:377][  0]LogInit: High frequency timer resolution =2.741230 MHz
[2015.02.12-14.40.03:377][  0]LogMemory: Memory total: Physical=6.0GB (6GB approx) Virtual=8192.0GB
[2015.02.12-14.40.03:378][  0]LogMemory: Platform Memory Stats for Windows
[2015.02.12-14.40.03:378][  0]LogMemory: Process Physical Memory: 60.68 MB used, 60.68 MB peak
[2015.02.12-14.40.03:378][  0]LogMemory: Process Virtual Memory: 36.20 MB used, 36.20 MB peak
[2015.02.12-14.40.03:379][  0]LogMemory: Physical Memory: 5221.98 MB used, 6134.93 MB total
[2015.02.12-14.40.03:379][  0]LogMemory: Virtual Memory: 256.68 MB used, 8388608.00 MB total
[2015.02.12-14.40.03:470][  0]LogD3D11RHI: Found D3D11 adapter 0: NVIDIA GeForce GTX 260   (Feature Level 10_0)
[2015.02.12-14.40.03:471][  0]LogD3D11RHI: Adapter has 1767MB of dedicated video memory, 0MB of dedicated system memory, and 2303MB of shared system memory, 1 output[s]
[2015.02.12-14.40.03:471][  0]LogD3D11RHI: Chosen D3D11 Adapter Id = 0
[2015.02.12-14.40.03:476][  0]LogRHI: Texture pool is 1237 MB (70% of 1767 MB)
[2015.02.12-14.40.03:510][  0]LogD3D11RHI: Async texture creation enabled
[2015.02.12-14.40.03:673][  0]LogContentStreaming: Texture pool size is 0.000000MB
[2015.02.12-14.40.05:300][  0]LogTargetPlatformManager:Display: Building Assets For Windows
[2015.02.12-14.40.05:746][  0]LogTargetPlatformManager:Display: Building Assets For Windows
[2015.02.12-14.40.05:793][  0]LogDerivedDataCache:Display: Max Cache Size: 512 MB
[2015.02.12-14.40.05:831][  0]LogDerivedDataCache: Loaded boot cache 0.04s 34MB C:/Users/sctcad/AppData/Local/UnrealEngine/4.4/DerivedDataCache/Boot.ddc.
[2015.02.12-14.40.05:831][  0]LogDerivedDataCache:Display: Loaded Boot cache: C:/Users/sctcad/AppData/Local/UnrealEngine/4.4/DerivedDataCache/Boot.ddc
[2015.02.12-14.40.05:831][  0]LogDerivedDataCache: FDerivedDataBackendGraph:  Pak pak cache file ../../../../../../Users/sctcad/Desktop/SpaceShooter/SpaceShooter/DerivedDataCache/DDC.ddp not found, will not use a pak cache.
[2015.02.12-14.40.05:832][  0]LogDerivedDataCache: Unable to find inner node Pak for hierarchical cache Hierarchy.
[2015.02.12-14.40.05:850][  0]LogDerivedDataCache:Display: Pak cache opened for reading ../../../Engine/DerivedDataCache/DDC.ddp.
[2015.02.12-14.40.05:862][  0]LogDerivedDataCache: Using Local data cache path C:/Users/sctcad/AppData/Local/UnrealEngine/4.4/DerivedDataCache: Writable
[2015.02.12-14.40.06:030][  0]LogMeshUtilities: No automatic mesh reduction module available
[2015.02.12-14.40.06:030][  0]LogMeshUtilities: No automatic mesh merging module available
[2015.02.12-14.40.06:384][  0]LogInit: WinSock: version 1.1 (2.2), MaxSocks=32767, MaxUdp=65467
[2015.02.12-14.40.07:197][  0]LogStats:Warning: MetaData mismatch. Did you assign a stat to two groups? New //STATGROUP_Threads//FMonitoredProcess///Thread_1730_0///////STATCAT_Advanced//// old //STATGROUP_Threads//FMonitoredProcess///Thread_1f88_0///////STATCAT_Advanced////
[2015.02.12-14.40.07:198][  0]UdpMessaging: Initializing bridge on interface 0.0.0.0:0 to multicast group 230.0.0.1:6666.
[2015.02.12-14.40.07:367][  0]SourceControl: Info Source control is disabled
[2015.02.12-14.40.07:367][  0]SourceControl: Info Source control is disabled
[2015.02.12-14.40.07:375][  0]SourceControl: Info Source control is disabled
[2015.02.12-14.40.07:573][  0]BlueprintLog: New page: Editor Load
[2015.02.12-14.40.07:677][  0]LogObj: 21465 objects as part of root set at end of initial load.
[2015.02.12-14.40.07:677][  0]LogUObjectAllocator: 4235968 out of 0 bytes used by permanent object pool.
[2015.02.12-14.40.07:856][  0]LogEngine: Initializing Engine...
[2015.02.12-14.40.07:951][  0]LogInit: XAudio2 using 'Digital Audio (HDMI) (2- High Definition Audio Device)' : 2 channels at 44.1 kHz using 16 bits per sample (channel mask 0x3)
[2015.02.12-14.40.07:968][  0]LogInit: FAudioDevice initialized.
[2015.02.12-14.40.07:985][  0]LogAIModule: Creating AISystem for world NewWorld
[2015.02.12-14.40.08:007][  0]LogDerivedDataCache: Saved boot cache 0.02s 35MB C:/Users/sctcad/AppData/Local/UnrealEngine/4.4/DerivedDataCache/Boot.ddc.
[2015.02.12-14.40.08:014][  0]LogInit: Texture streaming: Enabled
[2015.02.12-14.40.08:045][  0]LogInit: Transaction tracking system initialized
[2015.02.12-14.40.08:177][  0]LogAssetRegistry: FAssetRegistry took 0.0102 seconds to start up
[2015.02.12-14.40.08:609][  0]LogTargetPlatformManager:Display: Building Assets For Windows
[2015.02.12-14.40.08:919][  0]LogTargetPlatformManager:Display: Building Assets For Windows
[2015.02.12-14.40.09:066][  0]LogConsoleResponse:Display: 
[2015.02.12-14.40.09:234][  0]LogStats:Warning: MetaData mismatch. Did you assign a stat to two groups? New //STATGROUP_Threads//FMonitoredProcess///Thread_22c4_0///////STATCAT_Advanced//// old //STATGROUP_Threads//FMonitoredProcess///Thread_1f88_0///////STATCAT_Advanced////
[2015.02.12-14.40.09:234][  0]LogStats:Warning: MetaData mismatch. Did you assign a stat to two groups? New //STATGROUP_Threads//FMonitoredProcess///Thread_1f84_0///////STATCAT_Advanced//// old //STATGROUP_Threads//FMonitoredProcess///Thread_1f88_0///////STATCAT_Advanced////
[2015.02.12-14.40.09:235][  0]SourceControl: Info Source control is disabled
[2015.02.12-14.40.09:235][  0]Cmd: MAP LOAD FILE="../../../Engine/Content/Maps/Templates/Template_Default.umap" TEMPLATE=1 SHOWPROGRESS=1
[2015.02.12-14.40.09:235][  0]LightingResults: New page: Lighting Build
[2015.02.12-14.40.09:245][  0]MapCheck: New page: Map Check
[2015.02.12-14.40.09:245][  0]LightingResults: New page: Lighting Build
[2015.02.12-14.40.09:259][  0]LogParticles: Destroying 0 GPU particle simulations for FXSystem 0x00000000108E0540
[2015.02.12-14.40.09:440][  0]LogEditorServer: Finished looking for orphan Actors (0.000 secs)
[2015.02.12-14.40.09:440][  0]LogAIModule: Creating AISystem for world Template_Default
[2015.02.12-14.40.09:441][  0]Cmd: MAP CHECKDEP
[2015.02.12-14.40.09:441][  0]MapCheck: New page: Untitled_1 - Feb 12, 2015, 4:40:09 AM
[2015.02.12-14.40.09:501][  0]MapCheck: Info ========== Map Check: 0 Error(s), 0 Warning(s), [60.892ms] ==========
[2015.02.12-14.40.09:502][  0]LogFileHelpers: Loading map 'Template_Default' took 0.268
[2015.02.12-14.40.09:598][  0]LogCollectionManager: Loaded 0 collections in 0.001339 seconds
[2015.02.12-14.40.09:611][  0]LogContentBrowser:Verbose: The content browser source was changed by the sources view to '/Game'
[2015.02.12-14.40.09:766][  0]LogCrashTracker: Crashtracker disabled due to settings.
[2015.02.12-14.40.09:826][  0]LogLoad: Full Startup: 8.41 seconds (BP compile: 0.07 seconds)
[2015.02.12-14.40.09:970][  0]LogRenderer:Warning: Reallocating scene render targets to support 1136x896.
[2015.02.12-14.40.10:190][  1]LogAssetRegistry: Asset discovery search completed in 2.0286 seconds
[2015.02.12-14.40.16:980][313]Cmd: MAP LOAD FILE="../../../../../../Users/sctcad/Desktop/SpaceShooter/SpaceShooter/Content/SpacyMap.umap" TEMPLATE=0 SHOWPROGRESS=1
[2015.02.12-14.40.16:982][313]LightingResults: New page: Lighting Build
[2015.02.12-14.40.16:997][313]LoadErrors: New page: Loading map: SpacyMap.umap
[2015.02.12-14.40.16:998][313]MapCheck: New page: Map Check
[2015.02.12-14.40.16:999][313]LightingResults: New page: Lighting Build
[2015.02.12-14.40.17:023][313]LogParticles: Destroying 0 GPU particle simulations for FXSystem 0x000000000FB23380
[2015.02.12-14.40.17:097][313]LogEditorServer: Finished looking for orphan Actors (0.000 secs)
[2015.02.12-14.40.17:098][313]LogAIModule: Creating AISystem for world SpacyMap
[2015.02.12-14.40.17:116][313]Cmd: MAP CHECKDEP
[2015.02.12-14.40.17:117][313]MapCheck: New page: SpacyMap - Feb 12, 2015, 4:40:17 AM
[2015.02.12-14.40.17:177][313]MapCheck: Info ========== Map Check: 0 Error(s), 0 Warning(s), [60.505ms] ==========
[2015.02.12-14.40.17:178][313]LogFileHelpers: Loading map 'SpacyMap' took 0.198
[2015.02.12-14.40.31:848][259]LogEditor: Attempting to add actor of class 'Ship' to level at 640.00,-40.00,340.00
[2015.02.12-14.40.36:656][485]LogEditor: Attempting to add actor of class 'Ship' to level at 120.00,-30.00,20.00
[2015.02.12-14.40.41:293][697]LogEditorViewport: Clicking on Actor (LMB): Ship (Ship1)
[2015.02.12-14.40.42:575][756]LogEditorViewport: Clicking on Actor (LMB): Ship (Ship1)
[2015.02.12-14.40.47:112][963]LogEditorViewport: Clicking on Actor (LMB): StaticMeshActor (SM_Template_Map_Floor)
[2015.02.12-14.40.54:419][292]LogEditorViewport: Clicking on Actor (LMB): StaticMeshActor (SM_Template_Map_Floor)
[2015.02.12-14.40.55:332][331]LogEditorViewport: Clicking on Actor (LMB): Ship (Ship1)
[2015.02.12-14.41.28:452][931]LogRenderer:Warning: Reallocating scene render targets to support 1136x896.
[2015.02.12-14.41.31:383][207]LogContentStreaming: Texture pool size now 400 MB
[2015.02.12-14.41.31:413][210]LogEditorViewport: Clicking on Actor (LMB): StaticMeshActor (SM_Template_Map_Floor)
[2015.02.12-14.41.33:660][369]LogEditorViewport: Clicking on Actor (LMB): Ship (Ship1)
[2015.02.12-14.41.38:517][800]LogPropertyNode:Warning: UI Min (0) >= UI Max () for Ranged Numeric
[2015.02.12-14.41.38:519][800]LogPropertyNode:Warning: UI Min (0) >= UI Max () for Ranged Numeric
[2015.02.12-14.41.38:545][803]LogPropertyNode:Warning: UI Min (0) >= UI Max () for Ranged Numeric
[2015.02.12-14.41.38:554][804]LogPropertyNode:Warning: UI Min (0) >= UI Max () for Ranged Numeric
[2015.02.12-14.41.38:563][805]LogPropertyNode:Warning: UI Min (0) >= UI Max () for Ranged Numeric
[2015.02.12-14.41.38:565][805]LogPropertyNode:Warning: UI Min (0) >= UI Max () for Ranged Numeric
[2015.02.12-14.41.38:574][806]LogPropertyNode:Warning: UI Min (0) >= UI Max () for Ranged Numeric
[2015.02.12-14.41.38:591][808]LogPropertyNode:Warning: UI Min (0) >= UI Max () for Ranged Numeric
[2015.02.12-14.41.38:610][810]LogPropertyNode:Warning: UI Min (0) >= UI Max () for Ranged Numeric
[2015.02.12-14.41.38:653][815]LogPropertyNode:Warning: UI Min (0) >= UI Max () for Ranged Numeric
[2015.02.12-14.41.39:693][940]LogPropertyNode:Warning: UI Min (0) >= UI Max () for Ranged Numeric
[2015.02.12-14.41.39:694][940]LogPropertyNode:Warning: UI Min (0) >= UI Max () for Ranged Numeric
[2015.02.12-14.41.39:703][941]LogPropertyNode:Warning: UI Min (0) >= UI Max () for Ranged Numeric
[2015.02.12-14.41.39:713][942]LogPropertyNode:Warning: UI Min (0) >= UI Max () for Ranged Numeric
[2015.02.12-14.41.39:730][944]LogPropertyNode:Warning: UI Min (0) >= UI Max () for Ranged Numeric
[2015.02.12-14.41.39:765][948]LogPropertyNode:Warning: UI Min (0) >= UI Max () for Ranged Numeric
[2015.02.12-14.41.40:353][ 18]LogPropertyNode:Warning: UI Min (0) >= UI Max () for Ranged Numeric
[2015.02.12-14.41.41:503][155]LogPropertyNode:Warning: UI Min (0) >= UI Max () for Ranged Numeric
[2015.02.12-14.41.41:505][155]LogPropertyNode:Warning: UI Min (0) >= UI Max () for Ranged Numeric
[2015.02.12-14.41.41:514][156]LogPropertyNode:Warning: UI Min (0) >= UI Max () for Ranged Numeric
[2015.02.12-14.41.41:515][156]LogPropertyNode:Warning: UI Min (0) >= UI Max () for Ranged Numeric
[2015.02.12-14.41.41:524][157]LogPropertyNode:Warning: UI Min (0) >= UI Max () for Ranged Numeric
[2015.02.12-14.41.41:525][157]LogPropertyNode:Warning: UI Min (0) >= UI Max () for Ranged Numeric
[2015.02.12-14.41.41:534][158]LogPropertyNode:Warning: UI Min (0) >= UI Max () for Ranged Numeric
[2015.02.12-14.41.41:536][158]LogPropertyNode:Warning: UI Min (0) >= UI Max () for Ranged Numeric
[2015.02.12-14.41.41:545][159]LogPropertyNode:Warning: UI Min (0) >= UI Max () for Ranged Numeric
[2015.02.12-14.41.41:563][161]LogPropertyNode:Warning: UI Min (0) >= UI Max () for Ranged Numeric
[2015.02.12-14.42.13:950][586]LogPropertyNode:Warning: UI Min (0) >= UI Max () for Ranged Numeric
[2015.02.12-14.42.14:678][638]LogPropertyNode:Warning: UI Min (0) >= UI Max () for Ranged Numeric
[2015.02.12-14.42.14:679][638]LogPropertyNode:Warning: UI Min (0) >= UI Max () for Ranged Numeric
[2015.02.12-14.42.14:692][639]LogPropertyNode:Warning: UI Min (0) >= UI Max () for Ranged Numeric
[2015.02.12-14.42.14:706][640]LogPropertyNode:Warning: UI Min (0) >= UI Max () for Ranged Numeric
[2015.02.12-14.42.14:707][640]LogPropertyNode:Warning: UI Min (0) >= UI Max () for Ranged Numeric
[2015.02.12-14.42.14:748][643]LogPropertyNode:Warning: UI Min (0) >= UI Max () for Ranged Numeric
[2015.02.12-14.42.15:115][669]LogPropertyNode:Warning: UI Min (0) >= UI Max () for Ranged Numeric
[2015.02.12-14.42.15:129][670]LogPropertyNode:Warning: UI Min (0) >= UI Max () for Ranged Numeric
[2015.02.12-14.42.15:130][670]LogPropertyNode:Warning: UI Min (0) >= UI Max () for Ranged Numeric
[2015.02.12-14.42.15:144][671]LogPropertyNode:Warning: UI Min (0) >= UI Max () for Ranged Numeric
[2015.02.12-14.42.15:155][672]LogPropertyNode:Warning: UI Min (0) >= UI Max () for Ranged Numeric
[2015.02.12-14.42.15:171][673]LogPropertyNode:Warning: UI Min (0) >= UI Max () for Ranged Numeric
[2015.02.12-14.42.15:172][673]LogPropertyNode:Warning: UI Min (0) >= UI Max () for Ranged Numeric
[2015.02.12-14.42.15:185][674]LogPropertyNode:Warning: UI Min (0) >= UI Max () for Ranged Numeric
[2015.02.12-14.42.15:492][696]LogPropertyNode:Warning: UI Min (0) >= UI Max () for Ranged Numeric
[2015.02.12-14.42.15:506][697]LogPropertyNode:Warning: UI Min (0) >= UI Max () for Ranged Numeric
[2015.02.12-14.42.34:698][964]Cmd: OBJ SAVEPACKAGE PACKAGE="/Game/SpacyMap" FILE="../../../../../../Users/sctcad/Desktop/SpaceShooter/SpaceShooter/Content/SpacyMap.umap" SILENT=true AUTOSAVING=false KEEPDIRTY=false
[2015.02.12-14.42.34:765][964]LogSavePackage: Save=41.214344ms
[2015.02.12-14.42.34:766][964]LogSavePackage: Moving '../../../../../../Users/sctcad/Desktop/SpaceShooter/SpaceShooter/Saved/SpacyMapA944F0FA4E8B29587DE5B59FF84230E5.tmp' to '../../../../../../Users/sctcad/Desktop/SpaceShooter/SpaceShooter/Content/SpacyMap.umap'
[2015.02.12-14.42.34:791][964]LogFileHelpers: Saving map 'SpacyMap' took 0.151
[2015.02.12-14.42.35:152][965]Cmd: QUIT_EDITOR
[2015.02.12-14.42.35:293][965]LogWindowsTextInputMethodSystem:Error: Terminating failed while unadvising the language notification sink from the TSF source.
[2015.02.12-14.42.35:297][965]LogExit: Preparing to exit.
[2015.02.12-14.42.36:245][965]LogExit: Editor shut down
[2015.02.12-14.42.36:246][965]LogExit: Transaction tracking system shut down
[2015.02.12-14.42.36:247][965]LogParticles: Destroying 0 GPU particle simulations for FXSystem 0x000000000A282FC0
[2015.02.12-14.42.36:247][965]LogParticles: Destroying 0 GPU particle simulations for FXSystem 0x0000000015B0A8E0
[2015.02.12-14.42.36:277][965]LogParticles: Destroying 0 GPU particle simulations for FXSystem 0x000000000C1FBF60
[2015.02.12-14.42.36:281][965]LogExit: Object subsystem successfully closed.
[2015.02.12-14.42.36:322][965]LogModuleManager: Shutting down and abandoning module AndroidDeviceDetection (162)
[2015.02.12-14.42.36:323][965]LogModuleManager: Shutting down and abandoning module HTTP (161)
[2015.02.12-14.42.36:324][965]LogModuleManager: Shutting down and abandoning module CrashTracker (160)
[2015.02.12-14.42.36:324][965]LogModuleManager: Shutting down and abandoning module SuperSearch (159)
[2015.02.12-14.42.36:325][965]LogModuleManager: Shutting down and abandoning module SceneOutliner (158)
[2015.02.12-14.42.36:325][965]LogModuleManager: Shutting down and abandoning module EditorWidgets (157)
[2015.02.12-14.42.36:326][965]LogModuleManager: Shutting down and abandoning module CollectionManager (156)
[2015.02.12-14.42.36:326][965]LogModuleManager: Shutting down and abandoning module StatsViewer (155)
[2015.02.12-14.42.36:327][965]LogModuleManager: Shutting down and abandoning module FoliageEdit (154)
[2015.02.12-14.42.36:327][965]LogModuleManager: Shutting down and abandoning module LandscapeEditor (153)
[2015.02.12-14.42.36:328][965]LogModuleManager: Shutting down and abandoning module MeshPaint (152)
[2015.02.12-14.42.36:328][965]LogModuleManager: Shutting down and abandoning module ActorPickerMode (151)
[2015.02.12-14.42.36:329][965]LogModuleManager: Shutting down and abandoning module GeometryMode (150)
[2015.02.12-14.42.36:329][965]LogModuleManager: Shutting down and abandoning module TextureAlignMode (149)
[2015.02.12-14.42.36:329][965]LogModuleManager: Shutting down and abandoning module BspMode (148)
[2015.02.12-14.42.36:329][965]LogModuleManager: Shutting down and abandoning module PlacementMode (147)
[2015.02.12-14.42.36:330][965]LogModuleManager: Shutting down and abandoning module DesktopPlatform (146)
[2015.02.12-14.42.36:330][965]LogModuleManager: Shutting down and abandoning module AutomationWorker (145)
[2015.02.12-14.42.36:330][965]LogModuleManager: Shutting down and abandoning module EditorLiveStreaming (144)
[2015.02.12-14.42.36:330][965]LogModuleManager: Shutting down and abandoning module BehaviorTreeEditor (143)
[2015.02.12-14.42.36:332][965]LogModuleManager: Shutting down and abandoning module DeviceProfileEditor (142)
[2015.02.12-14.42.36:332][965]LogModuleManager: Shutting down and abandoning module UndoHistory (141)
[2015.02.12-14.42.36:332][965]LogModuleManager: Shutting down and abandoning module GameplayTagsEditor (140)
[2015.02.12-14.42.36:333][965]LogModuleManager: Shutting down and abandoning module UserFeedback (139)
[2015.02.12-14.42.36:333][965]LogModuleManager: Shutting down and abandoning module XmlParser (138)
[2015.02.12-14.42.36:333][965]LogModuleManager: Shutting down and abandoning module Blutility (137)
[2015.02.12-14.42.36:333][965]LogModuleManager: Shutting down and abandoning module IOSPlatformEditor (136)
[2015.02.12-14.42.36:334][965]LogModuleManager: Shutting down and abandoning module IOSRuntimeSettings (135)
[2015.02.12-14.42.36:334][965]LogModuleManager: Shutting down and abandoning module AndroidPlatformEditor (134)
[2015.02.12-14.42.36:334][965]LogModuleManager: Shutting down and abandoning module AndroidRuntimeSettings (133)
[2015.02.12-14.42.36:334][965]LogModuleManager: Shutting down and abandoning module ProjectTargetPlatformEditor (132)
[2015.02.12-14.42.36:335][965]LogModuleManager: Shutting down and abandoning module ProjectSettingsViewer (131)
[2015.02.12-14.42.36:335][965]LogModuleManager: Shutting down and abandoning module InputBindingEditor (130)
[2015.02.12-14.42.36:335][965]LogModuleManager: Shutting down and abandoning module EditorSettingsViewer (129)
[2015.02.12-14.42.36:335][965]LogModuleManager: Shutting down and abandoning module SettingsEditor (128)
[2015.02.12-14.42.36:336][965]LogModuleManager: Shutting down and abandoning module SessionLauncher (127)
[2015.02.12-14.42.36:336][965]LogModuleManager: Shutting down and abandoning module SessionFrontend (126)
[2015.02.12-14.42.36:336][965]LogModuleManager: Shutting down and abandoning module ProfilerClient (125)
[2015.02.12-14.42.36:337][965]LogModuleManager: Shutting down and abandoning module TargetDeviceServices (124)
[2015.02.12-14.42.36:337][965]LogModuleManager: Shutting down and abandoning module DeviceManager (123)
[2015.02.12-14.42.36:338][965]LogModuleManager: Shutting down and abandoning module AutomationController (122)
[2015.02.12-14.42.36:338][965]LogModuleManager: Shutting down and abandoning module AutomationWindow (121)
[2015.02.12-14.42.36:339][965]LogModuleManager: Shutting down and abandoning module Layers (120)
[2015.02.12-14.42.36:339][965]LogModuleManager: Shutting down and abandoning module ComponentVisualizers (119)
[2015.02.12-14.42.36:339][965]LogModuleManager: Shutting down and abandoning module DetailCustomizations (118)
[2015.02.12-14.42.36:339][965]LogModuleManager: Shutting down and abandoning module PackagesDialog (117)
[2015.02.12-14.42.36:340][965]LogModuleManager: Shutting down and abandoning module DirectoryWatcher (116)
[2015.02.12-14.42.36:340][965]LogModuleManager: Shutting down and abandoning module AssetRegistry (115)
[2015.02.12-14.42.36:401][965]LogModuleManager: Shutting down and abandoning module Persona (114)
[2015.02.12-14.42.36:402][965]LogModuleManager: Shutting down and abandoning module GraphEditor (113)
[2015.02.12-14.42.36:403][965]LogModuleManager: Shutting down and abandoning module ClassViewer (112)
[2015.02.12-14.42.36:404][965]LogModuleManager: Shutting down and abandoning module Toolbox (111)
[2015.02.12-14.42.36:404][965]LogModuleManager: Shutting down and abandoning module ModuleUI (110)
[2015.02.12-14.42.36:405][965]LogModuleManager: Shutting down and abandoning module Sequencer (109)
[2015.02.12-14.42.36:406][965]LogModuleManager: Shutting down and abandoning module MovieSceneTools (108)
[2015.02.12-14.42.36:406][965]LogModuleManager: Shutting down and abandoning module OutputLog (107)
[2015.02.12-14.42.36:407][965]LogModuleManager: Shutting down and abandoning module GammaUI (106)
[2015.02.12-14.42.36:407][965]LogModuleManager: Shutting down and abandoning module Documentation (105)
[2015.02.12-14.42.36:408][965]LogModuleManager: Shutting down and abandoning module GameLiveStreaming (104)
[2015.02.12-14.42.36:408][965]LogModuleManager: Shutting down and abandoning module StreamingPauseRendering (103)
[2015.02.12-14.42.36:408][965]LogModuleManager: Shutting down and abandoning module AnalyticsET (102)
[2015.02.12-14.42.36:408][965]LogModuleManager: Shutting down and abandoning module Analytics (101)
[2015.02.12-14.42.36:409][965]LogModuleManager: Shutting down and abandoning module GameplayDebugger (100)
[2015.02.12-14.42.36:409][965]LogModuleManager: Shutting down and abandoning module AIModule (99)
[2015.02.12-14.42.36:409][965]LogModuleManager: Shutting down and abandoning module ProfilerService (98)
[2015.02.12-14.42.36:589][965]LogModuleManager: Shutting down and abandoning module TaskGraph (97)
[2015.02.12-14.42.36:591][965]LogModuleManager: Shutting down and abandoning module SlateRemote (96)
[2015.02.12-14.42.36:592][965]LogModuleManager: Shutting down and abandoning module ScriptEditorPlugin (95)
[2015.02.12-14.42.36:592][965]LogModuleManager: Shutting down and abandoning module CustomMeshComponent (94)
[2015.02.12-14.42.36:592][965]LogModuleManager: Shutting down and abandoning module CableComponent (93)
[2015.02.12-14.42.36:593][965]LogModuleManager: Shutting down and abandoning module MessagingDebugger (92)
[2015.02.12-14.42.36:594][965]LogModuleManager: Shutting down and abandoning module ViewportSnapping (91)
[2015.02.12-14.42.36:594][965]LogModuleManager: Shutting down and abandoning module SmartSnapping (90)
[2015.02.12-14.42.36:594][965]LogModuleManager: Shutting down and abandoning module PaperTiledImporter (89)
[2015.02.12-14.42.36:594][965]LogModuleManager: Shutting down and abandoning module PaperJsonImporter (88)
[2015.02.12-14.42.36:594][965]LogModuleManager: Shutting down and abandoning module GameProjectGeneration (87)
[2015.02.12-14.42.36:595][965]LogModuleManager: Shutting down and abandoning module Matinee (86)
[2015.02.12-14.42.36:596][965]LogModuleManager: Shutting down and abandoning module Kismet (85)
[2015.02.12-14.42.36:597][965]LogModuleManager: Shutting down and abandoning module SlateReflector (84)
[2015.02.12-14.42.36:597][965]LogModuleManager: Shutting down and abandoning module LevelEditor (83)
[2015.02.12-14.42.36:598][965]LogModuleManager: Shutting down and abandoning module IntroTutorials (82)
[2015.02.12-14.42.36:599][965]LogModuleManager: Shutting down and abandoning module ContentBrowser (81)
[2015.02.12-14.42.36:599][965]LogModuleManager: Shutting down and abandoning module PropertyEditor (80)
[2015.02.12-14.42.36:599][965]LogModuleManager: Shutting down and abandoning module AssetTools (79)
[2015.02.12-14.42.36:600][965]LogModuleManager: Shutting down and abandoning module Paper2DEditor (78)
[2015.02.12-14.42.36:600][965]LogModuleManager: Shutting down and abandoning module SpeedTreeImporter (77)
[2015.02.12-14.42.36:601][965]LogModuleManager: Shutting down and abandoning module PluginsEditor (76)
[2015.02.12-14.42.36:601][965]LogModuleManager: Shutting down and abandoning module MainFrame (75)
[2015.02.12-14.42.36:601][965]LogModuleManager: Shutting down and abandoning module EpicSurvey (74)
[2015.02.12-14.42.36:601][965]LogModuleManager: Shutting down and abandoning module VisualStudioSourceCodeAccess (73)
[2015.02.12-14.42.36:602][965]LogModuleManager: Shutting down and abandoning module UObjectPlugin (72)
[2015.02.12-14.42.36:602][965]LogModuleManager: Shutting down and abandoning module SubversionSourceControl (71)
[2015.02.12-14.42.36:602][965]LogModuleManager: Shutting down and abandoning module SourceControl (70)
[2015.02.12-14.42.36:602][965]LogModuleManager: Shutting down and abandoning module PerforceSourceControl (69)
[2015.02.12-14.42.36:603][965]LogModuleManager: Shutting down and abandoning module BlankPlugin (68)
[2015.02.12-14.42.36:603][965]LogModuleManager: Shutting down and abandoning module SpaceShooter (67)
[2015.02.12-14.42.36:603][965]LogModuleManager: Shutting down and abandoning module ScriptPlugin (66)
[2015.02.12-14.42.36:604][965]LogModuleManager: Shutting down and abandoning module UdpMessaging (65)
[2015.02.12-14.42.36:703][965]LogModuleManager: Shutting down and abandoning module Paper2D (64)
[2015.02.12-14.42.36:703][965]LogModuleManager: Shutting down and abandoning module WindowsMoviePlayer (63)
[2015.02.12-14.42.36:706][965]LogModuleManager: Shutting down and abandoning module ImageWrapper (62)
[2015.02.12-14.42.36:706][965]LogModuleManager: Shutting down and abandoning module OnlineBlueprintSupport (61)
[2015.02.12-14.42.36:707][965]LogModuleManager: Shutting down and abandoning module FunctionalTesting (60)
[2015.02.12-14.42.36:707][965]LogModuleManager: Shutting down and abandoning module CollisionAnalyzer (59)
[2015.02.12-14.42.36:708][965]LogModuleManager: Shutting down and abandoning module WorkspaceMenuStructure (58)
[2015.02.12-14.42.36:708][965]LogModuleManager: Shutting down and abandoning module MessageLog (57)
[2015.02.12-14.42.36:709][965]LogModuleManager: Shutting down and abandoning module UMGEditor (56)
[2015.02.12-14.42.36:709][965]LogModuleManager: Shutting down and abandoning module UMG (55)
[2015.02.12-14.42.36:710][965]LogModuleManager: Shutting down and abandoning module Slate (54)
[2015.02.12-14.42.36:710][965]LogModuleManager: Shutting down and abandoning module EditorStyle (53)
[2015.02.12-14.42.36:712][965]LogModuleManager: Shutting down and abandoning module SessionServices (52)
[2015.02.12-14.42.36:712][965]LogModuleManager: Shutting down and abandoning module SourceCodeAccess (51)
[2015.02.12-14.42.36:712][965]LogModuleManager: Shutting down and abandoning module HeadMountedDisplay (50)
[2015.02.12-14.42.36:713][965]LogModuleManager: Shutting down and abandoning module XAudio2 (49)
[2015.02.12-14.42.36:713][965]LogModuleManager: Shutting down and abandoning module Networking (47)
[2015.02.12-14.42.36:713][965]LogModuleManager: Shutting down and abandoning module Core (46)
[2015.02.12-14.42.36:713][965]LogModuleManager: Shutting down and abandoning module KismetCompiler (45)
[2015.02.12-14.42.36:714][965]LogModuleManager: Shutting down and abandoning module PhysXFormats (44)
[2015.02.12-14.42.36:714][965]LogModuleManager: Shutting down and abandoning module MeshUtilities (43)
[2015.02.12-14.42.36:714][965]LogModuleManager: Shutting down and abandoning module DerivedDataCache (42)
[2015.02.12-14.42.36:744][965]LogDerivedDataCache: Shutdown
[2015.02.12-14.42.36:745][965]LogModuleManager: Shutting down and abandoning module ShaderFormatOpenGL (41)
[2015.02.12-14.42.36:745][965]LogModuleManager: Shutting down and abandoning module ShaderFormatD3D (40)
[2015.02.12-14.42.36:746][965]LogModuleManager: Shutting down and abandoning module MetalShaderFormat (39)
[2015.02.12-14.42.36:746][965]LogModuleManager: Shutting down and abandoning module TextureFormatUncompressed (38)
[2015.02.12-14.42.36:747][965]LogModuleManager: Shutting down and abandoning module TextureFormatPVR (37)
[2015.02.12-14.42.36:747][965]LogModuleManager: Shutting down and abandoning module TextureFormatDXT (36)
[2015.02.12-14.42.36:747][965]LogModuleManager: Shutting down and abandoning module TextureFormatAndroid (35)
[2015.02.12-14.42.36:747][965]LogModuleManager: Shutting down and abandoning module AudioFormatOpus (34)
[2015.02.12-14.42.36:748][965]LogModuleManager: Shutting down and abandoning module AudioFormatOgg (33)
[2015.02.12-14.42.36:748][965]LogModuleManager: Shutting down and abandoning module AudioFormatADPCM (32)
[2015.02.12-14.42.36:748][965]LogModuleManager: Shutting down and abandoning module Messaging (31)
[2015.02.12-14.42.36:748][965]LogModuleManager: Shutting down and abandoning module IOSTargetPlatform (30)
[2015.02.12-14.42.36:749][965]LogModuleManager: Shutting down and abandoning module Android_PVRTCTargetPlatform (29)
[2015.02.12-14.42.36:749][965]LogModuleManager: Shutting down and abandoning module Android_ETC2TargetPlatform (28)
[2015.02.12-14.42.36:749][965]LogModuleManager: Shutting down and abandoning module Android_ETC1TargetPlatform (27)
[2015.02.12-14.42.36:749][965]LogModuleManager: Shutting down and abandoning module Android_DXTTargetPlatform (26)
[2015.02.12-14.42.36:750][965]LogModuleManager: Shutting down and abandoning module Android_ATCTargetPlatform (25)
[2015.02.12-14.42.36:750][965]LogModuleManager: Shutting down and abandoning module AndroidTargetPlatform (24)
[2015.02.12-14.42.36:750][965]LogModuleManager: Shutting down and abandoning module WindowsTargetPlatform (23)
[2015.02.12-14.42.36:750][965]LogModuleManager: Shutting down and abandoning module WindowsServerTargetPlatform (22)
[2015.02.12-14.42.36:751][965]LogModuleManager: Shutting down and abandoning module WindowsNoEditorTargetPlatform (21)
[2015.02.12-14.42.36:751][965]LogModuleManager: Shutting down and abandoning module WindowsClientTargetPlatform (20)
[2015.02.12-14.42.36:751][965]LogModuleManager: Shutting down and abandoning module TargetPlatform (19)
[2015.02.12-14.42.36:751][965]LogModuleManager: Shutting down and abandoning module InputCore (18)
[2015.02.12-14.42.36:752][965]LogModuleManager: Shutting down and abandoning module Settings (17)
[2015.02.12-14.42.36:752][965]LogModuleManager: Shutting down and abandoning module ExampleDeviceProfileSelector (14)
[2015.02.12-14.42.36:752][965]LogModuleManager: Shutting down and abandoning module OculusRift (13)
[2015.02.12-14.42.36:752][965]LogModuleManager: Shutting down and abandoning module TextureCompressor (12)
[2015.02.12-14.42.36:753][965]LogModuleManager: Shutting down and abandoning module ShaderCore (11)
[2015.02.12-14.42.36:753][965]LogModuleManager: Shutting down and abandoning module OpenGLDrv (10)
[2015.02.12-14.42.36:754][965]LogModuleManager: Shutting down and abandoning module D3D11RHI (9)
[2015.02.12-14.42.36:754][965]LogModuleManager: Shutting down and abandoning module SlateRHIRenderer (8)
[2015.02.12-14.42.36:754][965]LogModuleManager: Shutting down and abandoning module Renderer (7)
[2015.02.12-14.42.36:754][965]LogModuleManager: Shutting down and abandoning module Engine (6)
[2015.02.12-14.42.36:755][965]LogModuleManager: Shutting down and abandoning module CoreUObject (5)
[2015.02.12-14.42.36:755][965]LogModuleManager: Shutting down and abandoning module NetworkFile (4)
[2015.02.12-14.42.36:755][965]LogModuleManager: Shutting down and abandoning module StreamingFile (3)
[2015.02.12-14.42.36:755][965]LogModuleManager: Shutting down and abandoning module SandboxFile (2)
[2015.02.12-14.42.36:756][965]LogModuleManager: Shutting down and abandoning module PakFile (1)
[2015.02.12-14.42.36:758][965]LogExit: Exiting.
[2015.02.12-14.42.36:761][965]Log file closed, 02/12/15 09:42:36
