Log file open, 03/05/15 09:19:01
LogInit:Display: Running engine for game: SpaceShooter
Running C:/Program Files/Unreal Engine/4.4/Engine/Binaries/DotNET/UnrealBuildTool.exe SpaceShooter Development Win64 -project="C:/Users/jsmalley/Desktop/SpaceShooter/SpaceShooter/SpaceShooter.uproject" -rocket -editorrecompile -progress
Performing 10 actions (max 4 parallel jobs)
[3/10] rc.exe SpaceShooter.rc
[2/10] rc.exe ModuleVersionResource.rc.inl
PCH.SpaceShooter.SpaceShooter.h.cpp
C:\Users\jsmalley\Desktop\SpaceShooter\SpaceShooter\Source\SpaceShooter\Resources\Windows\SpaceShooter.rc(11) : fatal error RC1015: cannot open include file 'windows.h'.
C:\Program Files\Unreal Engine\4.4\Engine\Source\Runtime\Core\Resources\Windows\ModuleVersionResource.rc.inl(3) : fatal error RC1015: cannot open include file 'windows.h'.
C:\Program Files\Unreal Engine\4.4\Engine\Source\Runtime\Core\Public\HAL\PlatformIncludes.h(8) : fatal error C1083: Cannot open include file: 'new': No such file or directory
-------- End Detailed Actions Stats -----------------------------------------------------------
ERROR: UBT ERROR: Failed to produce item: C:\Users\jsmalley\Desktop\SpaceShooter\SpaceShooter\Binaries\Win64\UE4Editor-SpaceShooter.dll
Cumulative action seconds (8 processors): 0.00 building projects, 0.33 compiling, 0.00 creating app bundles, 0.00 generating debug info, 0.00 linking, 0.00 other
UBT execution time: 4.39 seconds
LogExit: Preparing to exit.
LogModuleManager: Shutting down and abandoning module DesktopPlatform (13)
LogModuleManager: Shutting down and abandoning module TextureCompressor (12)
LogModuleManager: Shutting down and abandoning module ShaderCore (11)
LogModuleManager: Shutting down and abandoning module OpenGLDrv (10)
LogModuleManager: Shutting down and abandoning module D3D11RHI (9)
LogModuleManager: Shutting down and abandoning module SlateRHIRenderer (8)
LogModuleManager: Shutting down and abandoning module Renderer (7)
LogModuleManager: Shutting down and abandoning module Engine (6)
LogModuleManager: Shutting down and abandoning module CoreUObject (5)
LogModuleManager: Shutting down and abandoning module NetworkFile (4)
LogModuleManager: Shutting down and abandoning module StreamingFile (3)
LogModuleManager: Shutting down and abandoning module SandboxFile (2)
LogModuleManager: Shutting down and abandoning module PakFile (1)
LogExit: Exiting.
Log file closed, 03/05/15 09:19:08
