Log file open, 03/03/15 13:40:48
LogInit:Display: Running engine for game: SpaceShooter
LogInit: Version: 4.4.3-2296771+++depot+UE4-Releases+4.4
LogInit: API Version: 2255576
LogInit: Compiled (64-bit): Sep 13 2014 22:30:58
LogInit: Build Configuration: Development
LogInit: Branch Name: ++depot+UE4-Releases+4.4
LogInit: Command line: 
LogInit: Base directory: C:/Program Files/Unreal Engine/4.4/Engine/Binaries/Win64/
LogInit: Rocket: 1
[2015.03.03-18.40.48:300][  0]LogTaskGraph: Started task graph with 3 named threads and 4 total threads.
[2015.03.03-18.40.48:329][  0]LogOnline:Warning: No default platform service specified for OnlineSubsystem
[2015.03.03-18.40.48:339][  0]LogInit: Presizing for 0 objects not considered by GC, pre-allocating 0 bytes.
[2015.03.03-18.40.48:347][  0]LogInit: Object subsystem initialized
[2015.03.03-18.40.48:350][  0]LogInit: Selected Device Profile: [Windows]
[2015.03.03-18.40.48:350][  0]LogInit: Applying CVar settings loaded from the selected device profile: [Windows]
[2015.03.03-18.40.48:355][  0]LogInit: Computer: C401IT35
[2015.03.03-18.40.48:355][  0]LogInit: User: npham
[2015.03.03-18.40.48:356][  0]LogInit: CPU Page size=4096, Cores=4
[2015.03.03-18.40.48:357][  0]LogInit: High frequency timer resolution =2.741230 MHz
[2015.03.03-18.40.48:357][  0]LogMemory: Memory total: Physical=6.0GB (6GB approx) Virtual=8192.0GB
[2015.03.03-18.40.48:358][  0]LogMemory: Platform Memory Stats for Windows
[2015.03.03-18.40.48:358][  0]LogMemory: Process Physical Memory: 60.72 MB used, 60.72 MB peak
[2015.03.03-18.40.48:359][  0]LogMemory: Process Virtual Memory: 36.22 MB used, 36.22 MB peak
[2015.03.03-18.40.48:359][  0]LogMemory: Physical Memory: 4274.07 MB used, 6134.93 MB total
[2015.03.03-18.40.48:359][  0]LogMemory: Virtual Memory: 256.68 MB used, 8388608.00 MB total
[2015.03.03-18.40.48:441][  0]LogD3D11RHI: Found D3D11 adapter 0: NVIDIA GeForce GTX 260   (Feature Level 10_0)
[2015.03.03-18.40.48:441][  0]LogD3D11RHI: Adapter has 1767MB of dedicated video memory, 0MB of dedicated system memory, and 2303MB of shared system memory, 1 output[s]
[2015.03.03-18.40.48:441][  0]LogD3D11RHI: Chosen D3D11 Adapter Id = 0
[2015.03.03-18.40.48:447][  0]LogRHI: Texture pool is 1237 MB (70% of 1767 MB)
[2015.03.03-18.40.48:481][  0]LogD3D11RHI: Async texture creation enabled
[2015.03.03-18.40.48:658][  0]LogContentStreaming: Texture pool size is 0.000000MB
[2015.03.03-18.40.50:349][  0]LogTargetPlatformManager:Display: Building Assets For Windows
[2015.03.03-18.40.50:795][  0]LogTargetPlatformManager:Display: Building Assets For Windows
[2015.03.03-18.40.50:841][  0]LogDerivedDataCache:Display: Max Cache Size: 512 MB
[2015.03.03-18.40.50:879][  0]LogDerivedDataCache: Loaded boot cache 0.04s 36MB C:/Users/npham/AppData/Local/UnrealEngine/4.4/DerivedDataCache/Boot.ddc.
[2015.03.03-18.40.50:880][  0]LogDerivedDataCache:Display: Loaded Boot cache: C:/Users/npham/AppData/Local/UnrealEngine/4.4/DerivedDataCache/Boot.ddc
[2015.03.03-18.40.50:880][  0]LogDerivedDataCache: FDerivedDataBackendGraph:  Pak pak cache file ../../../../../../Users/npham/Desktop/SpaceShooter/SpaceShooter/DerivedDataCache/DDC.ddp not found, will not use a pak cache.
[2015.03.03-18.40.50:880][  0]LogDerivedDataCache: Unable to find inner node Pak for hierarchical cache Hierarchy.
[2015.03.03-18.40.50:899][  0]LogDerivedDataCache:Display: Pak cache opened for reading ../../../Engine/DerivedDataCache/DDC.ddp.
[2015.03.03-18.40.50:911][  0]LogDerivedDataCache: Using Local data cache path C:/Users/npham/AppData/Local/UnrealEngine/4.4/DerivedDataCache: Writable
[2015.03.03-18.40.51:079][  0]LogMeshUtilities: No automatic mesh reduction module available
[2015.03.03-18.40.51:080][  0]LogMeshUtilities: No automatic mesh merging module available
[2015.03.03-18.40.51:427][  0]LogInit: WinSock: version 1.1 (2.2), MaxSocks=32767, MaxUdp=65467
[2015.03.03-18.40.52:265][  0]LogStats:Warning: MetaData mismatch. Did you assign a stat to two groups? New //STATGROUP_Threads//FMonitoredProcess///Thread_1e68_0///////STATCAT_Advanced//// old //STATGROUP_Threads//FMonitoredProcess///Thread_2278_0///////STATCAT_Advanced////
[2015.03.03-18.40.52:265][  0]UdpMessaging: Initializing bridge on interface 0.0.0.0:0 to multicast group 230.0.0.1:6666.
[2015.03.03-18.40.52:347][  0]LogPackageName:Error: DoesPackageExist: DoesPackageExist FAILED: 'ExampleContent/Input_Examples/Blueprints/BP_Pixel_Ship_Player' is not a standard unreal filename or a long path name. Reason: Path should start with a '/'
[2015.03.03-18.40.52:348][  0]LogLinker:Warning: Can't find file 'ExampleContent/Input_Examples/Blueprints/BP_Pixel_Ship_Player'
[2015.03.03-18.40.52:348][  0]LogPackageName:Error: DoesPackageExist: DoesPackageExist FAILED: 'ExampleContent/Input_Examples/Blueprints/BP_Pixel_Ship_Player' is not a standard unreal filename or a long path name. Reason: Path should start with a '/'
[2015.03.03-18.40.52:348][  0]LogLinker:Warning: Can't find file 'ExampleContent/Input_Examples/Blueprints/BP_Pixel_Ship_Player'
[2015.03.03-18.40.52:349][  0]LogUObjectGlobals:Warning: Failed to find object 'Class ExampleContent/Input_Examples/Blueprints/BP_Pixel_Ship_Player.BP_Pixel_Ship_Player'
[2015.03.03-18.40.52:349][  0]Error: CDO Constructor: Failed to find ExampleContent/Input_Examples/Blueprints/BP_Pixel_Ship_Player.BP_Pixel_Ship_Player
[2015.03.03-18.40.52:349][  0]LogUObjectBase:Warning: -------------- Default Property warnings and errors:
[2015.03.03-18.40.52:350][  0]LogUObjectBase:Warning: Error: CDO Constructor: Failed to find ExampleContent/Input_Examples/Blueprints/BP_Pixel_Ship_Player.BP_Pixel_Ship_Player
[2015.03.03-18.41.09:777][  0]SourceControl: Info Source control is disabled
[2015.03.03-18.41.09:778][  0]SourceControl: Info Source control is disabled
[2015.03.03-18.41.09:784][  0]SourceControl: Info Source control is disabled
[2015.03.03-18.41.09:969][  0]BlueprintLog: New page: Editor Load
[2015.03.03-18.41.10:068][  0]LogObj: 21466 objects as part of root set at end of initial load.
[2015.03.03-18.41.10:068][  0]LogUObjectAllocator: 4236128 out of 0 bytes used by permanent object pool.
[2015.03.03-18.41.10:249][  0]LogEngine: Initializing Engine...
[2015.03.03-18.41.10:345][  0]LogInit: XAudio2 using 'Digital Audio (HDMI) (2- High Definition Audio Device)' : 2 channels at 44.1 kHz using 16 bits per sample (channel mask 0x3)
[2015.03.03-18.41.10:362][  0]LogInit: FAudioDevice initialized.
[2015.03.03-18.41.10:380][  0]LogAIModule: Creating AISystem for world NewWorld
[2015.03.03-18.41.10:402][  0]LogDerivedDataCache: Saved boot cache 0.02s 36MB C:/Users/npham/AppData/Local/UnrealEngine/4.4/DerivedDataCache/Boot.ddc.
[2015.03.03-18.41.10:409][  0]LogInit: Texture streaming: Enabled
[2015.03.03-18.41.10:439][  0]LogInit: Transaction tracking system initialized
[2015.03.03-18.41.10:565][  0]LogAssetRegistry: FAssetRegistry took 0.0101 seconds to start up
[2015.03.03-18.41.10:991][  0]LogTargetPlatformManager:Display: Building Assets For Windows
[2015.03.03-18.41.11:280][  0]LogTargetPlatformManager:Display: Building Assets For Windows
[2015.03.03-18.41.11:430][  0]LogConsoleResponse:Display: 
[2015.03.03-18.41.11:594][  0]LogStats:Warning: MetaData mismatch. Did you assign a stat to two groups? New //STATGROUP_Threads//FMonitoredProcess///Thread_157c_0///////STATCAT_Advanced//// old //STATGROUP_Threads//FMonitoredProcess///Thread_2278_0///////STATCAT_Advanced////
[2015.03.03-18.41.11:594][  0]LogStats:Warning: MetaData mismatch. Did you assign a stat to two groups? New //STATGROUP_Threads//FMonitoredProcess///Thread_608_0///////STATCAT_Advanced//// old //STATGROUP_Threads//FMonitoredProcess///Thread_2278_0///////STATCAT_Advanced////
[2015.03.03-18.41.11:595][  0]SourceControl: Info Source control is disabled
[2015.03.03-18.41.11:595][  0]Cmd: MAP LOAD FILE="../../../Engine/Content/Maps/Templates/Template_Default.umap" TEMPLATE=1 SHOWPROGRESS=1
[2015.03.03-18.41.11:596][  0]LightingResults: New page: Lighting Build
[2015.03.03-18.41.11:605][  0]MapCheck: New page: Map Check
[2015.03.03-18.41.11:605][  0]LightingResults: New 