Log file open, 03/12/15 10:22:48
LogInit:Display: Running engine for game: SpaceShooter
LogInit: Version: 4.7.2-2467323+++depot+UE4-Releases+4.7
LogInit: API Version: 2455222
LogInit: Compiled (64-bit): Mar  2 2015 23:16:34
LogInit: Compiled with Visual C++: 18.00.21005.01
LogInit: Build Configuration: DebugGame
LogInit: Branch Name: ++depot+UE4-Releases+4.7
LogInit: Command line:  -debug
LogInit: Base directory: C:/Program Files/Unreal Engine/4.7/Engine/Binaries/Win64/
LogInit: Rocket: 1
[2015.03.12-14.22.48:237][  0]LogTaskGraph: Started task graph with 3 named threads and 6 total threads.
[2015.03.12-14.22.48:298][  0]LogOnline:Warning: No default platform service specified for OnlineSubsystem
[2015.03.12-14.22.48:399][  0]LogInit: Presizing for 0 objects not considered by GC, pre-allocating 0 bytes.
[2015.03.12-14.22.48:412][  0]LogInit: Object subsystem initialized
[2015.03.12-14.22.48:416][  0]LogInit: Selected Device Profile: [Windows]
[2015.03.12-14.22.48:417][  0]LogInit: Applying CVar settings loaded from the selected device profile: [Windows]
[2015.03.12-14.22.48:426][  0]LogInit: Computer: C401IT37
[2015.03.12-14.22.48:427][  0]LogInit: User: npham
[2015.03.12-14.22.48:427][  0]LogInit: CPU Page size=4096, Cores=4
[2015.03.12-14.22.48:427][  0]LogInit: High frequency timer resolution =2.741250 MHz
[2015.03.12-14.22.48:428][  0]LogMemory: Memory total: Physical=6.0GB (6GB approx) Virtual=8192.0GB
[2015.03.12-14.22.48:428][  0]LogMemory: Platform Memory Stats for Windows
[2015.03.12-14.22.48:428][  0]LogMemory: Process Physical Memory: 46.14 MB used, 46.14 MB peak
[2015.03.12-14.22.48:429][  0]LogMemory: Process Virtual Memory: 22.69 MB used, 22.69 MB peak
[2015.03.12-14.22.48:429][  0]LogMemory: Physical Memory: 4691.18 MB used, 6134.93 MB total
[2015.03.12-14.22.48:429][  0]LogMemory: Virtual Memory: 273.25 MB used, 8388608.00 MB total
[2015.03.12-14.22.48:545][  0]LogD3D11RHI: Found D3D11 adapter 0: NVIDIA GeForce GTX 260   (Feature Level 10_0)
[2015.03.12-14.22.48:546][  0]LogD3D11RHI: Adapter has 1767MB of dedicated video memory, 0MB of dedicated system memory, and 2303MB of shared system memory, 1 output[s]
[2015.03.12-14.22.48:546][  0]LogD3D11RHI: Chosen D3D11 Adapter Id = 0
[2015.03.12-14.22.48:552][  0]LogRHI: Texture pool is 1237 MB (70% of 1767 MB)
[2015.03.12-14.22.48:587][  0]LogD3D11RHI: Async texture creation enabled
[2015.03.12-14.22.48:788][  0]LogTextLocalizationManager: The requested culture ('en_US') has no localization data; parent culture's ('en') localization data will be used.
[2015.03.12-14.22.48:956][  0]LogContentStreaming: Texture pool size is 0.000000MB
[2015.03.12-14.22.52:226][  0]LogTargetPlatformManager:Display: Building Assets For Windows
[2015.03.12-14.22.53:234][  0]LogTargetPlatformManager:Display: Building Assets For Windows
[2015.03.12-14.22.53:343][  0]LogDerivedDataCache:Display: Max Cache Size: 512 MB
[2015.03.12-14.22.53:535][  0]LogDerivedDataCache: Loaded boot cache 0.19s 37MB C:/Users/npham/AppData/Local/UnrealEngine/4.7/DerivedDataCache/Boot.ddc.
[2015.03.12-14.22.53:536][  0]LogDerivedDataCache:Display: Loaded Boot cache: C:/Users/npham/AppData/Local/UnrealEngine/4.7/DerivedDataCache/Boot.ddc
[2015.03.12-14.22.53:537][  0]LogDerivedDataCache: FDerivedDataBackendGraph:  Pak pak cache file ../../../../../../Users/npham/Desktop/SpaceShooter/SpaceShooter/DerivedDataCache/DDC.ddp not found, will not use a pak cache.
[2015.03.12-14.22.53:537][  0]LogDerivedDataCache: Unable to find inner node Pak for hierarchical cache Hierarchy.
[2015.03.12-14.22.53:705][  0]LogDerivedDataCache:Display: Pak cache opened for reading ../../../Engine/DerivedDataCache/Compressed.ddp.
[2015.03.12-14.22.53:717][  0]LogDerivedDataCache: Using Local data cache path C:/Users/npham/AppData/Local/UnrealEngine/Common/DerivedDataCache: Writable
[2015.03.12-14.22.54:574][  0]LogMeshUtilities: No automatic mesh reduction module available
[2015.03.12-14.22.54:574][  0]LogMeshUtilities: No automatic mesh merging module available
[2015.03.12-14.22.55:077][  0]LogInit: WinSock: version 1.1 (2.2), MaxSocks=32767, MaxUdp=65467
[2015.03.12-14.22.55:227][  0]LogSlate:Warning: Failed to load font data from '../../../Engine/Content/Slate/Fonts/Roboto-Italic.ttf'
[2015.03.12-14.22.57:305][  0]UdpMessaging: Initializing bridge on interface 0.0.0.0:0 to multicast group 230.0.0.1:6666.
[2015.03.12-14.22.57:780][  0]SourceControl: Info Source control is disabled
[2015.03.12-14.22.57:780][  0]SourceControl: Info Source control is disabled
[2015.03.12-14.22.57:781][  0]SourceControl: Info Source control is disabled
[2015.03.12-14.22.57:781][  0]LogSourceControl: RunCommandInternalRaw: 'git version'
[2015.03.12-14.22.57:782][  0]LogSourceControl: RunCommandInternalRaw: ExecProcess ReturnCode=2 OutResults=''
[2015.03.12-14.22.57:794][  0]SourceControl: Info Source control is disabled
[2015.03.12-14.22.58:241][  0]LogObj: 24315 objects as part of root set at end of initial load.
[2015.03.12-14.22.58:241][  0]LogUObjectAllocator: 5180648 out of 0 bytes used by permanent object pool.
[2015.03.12-14.22.58:376][  0]LogEngine: Initializing Engine...
[2015.03.12-14.23.00:571][  0]LogInit: XAudio2 using 'Digital Audio (HDMI) (2- High Definition Audio Device)' : 2 channels at 44.1 kHz using 16 bits per sample (channel mask 0x3)
[2015.03.12-14.23.00:595][  0]LogInit: FAudioDevice initialized.
[2015.03.12-14.23.00:662][  0]LogAIModule: Creating AISystem for world NewWorld
[2015.03.12-14.23.00:684][  0]LogDerivedDataCache: Saved boot cache 0.02s 37MB C:/Users/npham/AppData/Local/UnrealEngine/4.7/DerivedDataCache/Boot.ddc.
[2015.03.12-14.23.00:691][  0]LogInit: Texture streaming: Enabled
[2015.03.12-14.23.00:827][  0]LogAnalytics: Creating configured Analytics provider AnalyticsET
[2015.03.12-14.23.00:827][  0]LogAnalytics: ET APIKey = Rocket.Release. APIServer = http://et2.epicgames.com/ET2/. AppVersion = 4.7.2-2467323+++depot+UE4-Releases+4.7
[2015.03.12-14.23.00:828][  0]LogAnalytics: ET APIKey = Rocket.Release. DataRouterUploadURL = https://datarouter-public-service-gamedev.ol.epicgames.net/datarouter/api/v1/public/data. AppVersion = 4.7.2-2467323+++depot+UE4-Releases+4.7
[2015.03.12-14.23.00:828][  0]LogAnalytics: SetUserId 6e18bf77418cf5fdc440188b8673b2fd|10bf102e156545339967f48793d967ad|7fac54aa-9f69-47ad-8344-357d0c6be1ba
[2015.03.12-14.23.00:829][  0]LogAnalytics: AnalyticsET::StartSession [Rocket.Release]
[2015.03.12-14.23.00:862][  0]LogInit: Transaction tracking system initialized
[2015.03.12-14.23.01:334][  0]BlueprintLog: New page: Editor Load
[2015.03.12-14.23.01:415][  0]LogAssetRegistry: FAssetRegistry took 0.0128 seconds to start up
[2015.03.12-14.23.01:416][  0]LogDirectoryWatcher:Warning: Failed to begin reading directory changes for ../../../Engine/Plugins/Experimental/CharacterAI/Content/. Error: 0
[2015.03.12-14.23.02:479][  0]LogTargetPlatformManager:Display: Building Assets For Windows
[2015.03.12-14.23.02:969][  0]LogTargetPlatformManager:Display: Building Assets For Windows
[2015.03.12-14.23.03:938][  0]LogSlate:Warning: Failed to load font data from '../../../Engine/Content/Editor/Slate/Fonts/Roboto-Regular.ttf'
[2015.03.12-14.23.03:939][  0]LogSlate:Warning: Failed to load font data from '../../../Engine/Content/Editor/Slate/Fonts/Roboto-Bold.ttf'
[2015.03.12-14.23.03:949][  0]LogConsoleResponse:Display: 
[2015.03.12-14.23.04:195][  0]LogCook:Display: Done creating registry. It took  0.00s.
[2015.03.12-14.23.04:827][  0]SourceControl: Info Source control is disabled
[2015.03.12-14.23.04:827][  0]Cmd: MAP LOAD FILE="../../../../../../Users/npham/Desktop/SpaceShooter/SpaceShooter/Content/SpacyMap.umap" TEMPLATE=0 SHOWPROGRESS=1 FEATURELEVEL=2
[2015.03.12-14.23.04:829][  0]LightingResults: New page: Lighting Build
[2015.03.12-14.23.04:849][  0]MapCheck: New page: Map Check
[2015.03.12-14.23.04:850][  0]LightingResults: New page: Lighting Build
[2015.03.12-14.23.04:858][  0]LogParticles: Destroying 0 GPU particle simulations for FXSystem 0x0000000012B3E520
[2015.03.12-14.23.05:864][  0]LogEditorServer: Finished looking for orphan Actors (0.000 secs)
[2015.03.12-14.23.05:864][  0]LogAIModule: Creating AISystem for world SpacyMap
[2015.03.12-14.23.05:865][  0]Cmd: MAP CHECKDEP
[2015.03.12-14.23.05:866][  0]MapCheck: New page: SpacyMap - Mar 12, 2015, 6:23:05 AM
[2015.03.12-14.23.05:974][  0]MapCheck: Info Map check complete: 0 Error(s), 0 Warning(s), took 108.587ms to complete.
[2015.03.12-14.23.05:976][  0]LogFileHelpers: Loading map 'SpacyMap' took 1.148
[2015.03.12-14.23.06:138][  0]LogCollectionManager: Loaded 0 collections in 0.002202 seconds
[2015.03.12-14.23.06:159][  0]LogContentBrowser: Native class hierarchy populated in 0.0206 seconds. Added 1702 classes and 263 folders.
[2015.03.12-14.23.06:360][  0]LogContentBrowser: Native class hierarchy updated for 'SceneOutliner' in 0.0063 seconds. Added 1 classes and 2 folders.
[2015.03.12-14.23.06:536][  0]LogCrashTracker: Crashtracker disabled due to settings.
[2015.03.12-14.23.06:547][  0]LogSlate:Warning: Failed to load font data from 'Veranda'
[2015.03.12-14.23.06:558][  0]LogUObjectGlobals:Warning: Failed to find object 'Class None.'
[2015.03.12-14.23.06:609][  0]LogLoad: Full Startup: 21.25 seconds (BP compile: 0.13 seconds)
[2015.03.12-14.23.06:629][  0]LogContentBrowser:Verbose: The content browser source was changed by the sources view to '/Game/ExampleContent/Input_Examples/Meshes'
[2015.03.12-14.23.06:790][  0]LogRenderer:Warning: Reallocating scene render targets to support 32x32 (Frame:2).
[2015.03.12-14.23.06:902][  0]LogRenderer:Warning: Reallocating scene render targets to support 1144x928 (Frame:4).
[2015.03.12-14.23.07:060][  1]Cmd: UpdateLandscapeEditorData -warnings
[2015.03.12-14.23.07:062][  1]Cmd: UpdateLandscapeEditorData
[2015.03.12-14.23.07:721][  5]LogAssetRegistry: Asset discovery search completed in 6.3180 seconds
[2015.03.12-14.23.10:021][259]BlueprintLog: New page: Pre-PIE auto-recompile
[2015.03.12-14.23.10:022][259]LogPlayLevel: [PIE] Compiling SpacyMap before PIE...
[2015.03.12-14.23.10:087][259]LogPlayLevel: PIE:  Blueprint regeneration took 65 ms (1 blueprints)
[2015.03.12-14.23.10:088][259]PIE: New page: PIE session: SpacyMap (Mar 12, 2015, 6:23:10 AM)
[2015.03.12-14.23.10:100][259]LogPlayLevel: PIE: StaticDuplicateObject took: (0.011417s)
[2015.03.12-14.23.10:101][259]LogPlayLevel: PIE: World Init took: (0.000629s)
[2015.03.12-14.23.10:101][259]LogPlayLevel: PIE: Created PIE world by copying editor world from /Game/SpacyMap.SpacyMap to /Game/UEDPIE_0_SpacyMap.SpacyMap (0.012969s)
[2015.03.12-14.23.10:152][259]LogWorld: Game class is 'SpaceShooterGameMode'
[2015.03.12-14.23.10:157][259]LogAIModule: Creating AISystem for world SpacyMap
[2015.03.12-14.23.10:172][259]LogWorld: Bringing World /Game/UEDPIE_0_SpacyMap.SpacyMap up for play (max tick rate 0) at 2015.03.12-10.23.10
[2015.03.12-14.23.10:174][259]LogWorld: Bringing up level for play took: 0.016841
[2015.03.12-14.23.10:179][259]PIE: Info Play in editor start time for /Game/UEDPIE_0_SpacyMap 0.221
[2015.03.12-14.23.15:601][366]LogParticles: Destroying 0 GPU particle simulations for FXSystem 0x000000001D48D260
[2015.03.12-14.23.31:078][973]Cmd: QUIT_EDITOR
[2015.03.12-14.23.31:392][973]LogExit: Preparing to exit.
[2015.03.12-14.23.32:471][973]LogExit: Editor shut down
[2015.03.12-14.23.32:472][973]LogExit: Transaction tracking system shut down
[2015.03.12-14.23.32:473][973]LogParticles: Destroying 0 GPU particle simulations for FXSystem 0x000000000A385620
[2015.03.12-14.23.32:474][973]LogParticles: Destroying 0 GPU particle simulations for FXSystem 0x00000000195C8900
[2015.03.12-14.23.32:475][973]LogParticles: Destroying 0 GPU particle simulations for FXSystem 0x000000000CF85120
[2015.03.12-14.23.32:562][973]LogExit: Object subsystem successfully closed.
[2015.03.12-14.23.32:646][973]LogModuleManager: Shutting down and abandoning module CrashTracker (178)
[2015.03.12-14.23.32:648][973]LogModuleManager: Shutting down and abandoning module SuperSearch (177)
[2015.03.12-14.23.32:649][973]LogModuleManager: Shutting down and abandoning module SceneOutliner (176)
[2015.03.12-14.23.32:649][973]LogModuleManager: Shutting down and abandoning module EditorWidgets (175)
[2015.03.12-14.23.32:650][973]LogModuleManager: Shutting down and abandoning module CollectionManager (174)
[2015.03.12-14.23.32:650][973]LogModuleManager: Shutting down and abandoning module StatsViewer (173)
[2015.03.12-14.23.32:652][973]LogModuleManager: Shutting down and abandoning module FoliageEdit (172)
[2015.03.12-14.23.32:652][973]LogModuleManager: Shutting down and abandoning module LandscapeEditor (171)
[2015.03.12-14.23.32:653][973]LogModuleManager: Shutting down and abandoning module MeshPaint (170)
[2015.03.12-14.23.32:653][973]LogModuleManager: Shutting down and abandoning module ActorPickerMode (169)
[2015.03.12-14.23.32:653][973]LogModuleManager: Shutting down and abandoning module GeometryMode (168)
[2015.03.12-14.23.32:654][973]LogModuleManager: Shutting down and abandoning module TextureAlignMode (167)
[2015.03.12-14.23.32:654][973]LogModuleManager: Shutting down and abandoning module BspMode (166)
[2015.03.12-14.23.32:654][973]LogModuleManager: Shutting down and abandoning module PlacementMode (165)
[2015.03.12-14.23.32:654][973]LogModuleManager: Shutting down and abandoning module AutomationWorker (164)
[2015.03.12-14.23.32:655][973]LogModuleManager: Shutting down and abandoning module CharacterAI (163)
[2015.03.12-14.23.32:655][973]LogModuleManager: Shutting down and abandoning module SmartSnapping (162)
[2015.03.12-14.23.32:655][973]LogModuleManager: Shutting down and abandoning module ViewportSnapping (161)
[2015.03.12-14.23.32:655][973]LogModuleManager: Shutting down and abandoning module LogVisualizer (160)
[2015.03.12-14.23.32:656][973]LogModuleManager: Shutting down and abandoning module GameProjectGeneration (159)
[2015.03.12-14.23.32:657][973]LogModuleManager: Shutting down and abandoning module IntroTutorials (158)
[2015.03.12-14.23.32:658][973]LogModuleManager: Shutting down and abandoning module EditorLiveStreaming (157)
[2015.03.12-14.23.32:659][973]LogModuleManager: Shutting down and abandoning module HardwareTargeting (156)
[2015.03.12-14.23.32:659][973]LogModuleManager: Shutting down and abandoning module DeviceProfileEditor (155)
[2015.03.12-14.23.32:659][973]LogModuleManager: Shutting down and abandoning module UndoHistory (154)
[2015.03.12-14.23.32:659][973]LogModuleManager: Shutting down and abandoning module GameplayTagsEditor (153)
[2015.03.12-14.23.32:660][973]LogModuleManager: Shutting down and abandoning module UserFeedback (152)
[2015.03.12-14.23.32:660][973]LogModuleManager: Shutting down and abandoning module XmlParser (151)
[2015.03.12-14.23.32:660][973]LogModuleManager: Shutting down and abandoning module Blutility (150)
[2015.03.12-14.23.32:660][973]LogModuleManager: Shutting down and abandoning module IOSPlatformEditor (149)
[2015.03.12-14.23.32:661][973]LogModuleManager: Shutting down and abandoning module IOSRuntimeSettings (148)
[2015.03.12-14.23.32:661][973]LogModuleManager: Shutting down and abandoning module AndroidDeviceDetection (147)
[2015.03.12-14.23.33:166][973]LogModuleManager: Shutting down and abandoning module AndroidPlatformEditor (146)
[2015.03.12-14.23.33:166][973]LogModuleManager: Shutting down and abandoning module AndroidRuntimeSettings (145)
[2015.03.12-14.23.33:167][973]LogModuleManager: Shutting down and abandoning module ProjectTargetPlatformEditor (144)
[2015.03.12-14.23.33:167][973]LogModuleManager: Shutting down and abandoning module ProjectSettingsViewer (143)
[2015.03.12-14.23.33:167][973]LogModuleManager: Shutting down and abandoning module InputBindingEditor (142)
[2015.03.12-14.23.33:168][973]LogModuleManager: Shutting down and abandoning module EditorSettingsViewer (141)
[2015.03.12-14.23.33:168][973]LogModuleManager: Shutting down and abandoning module SettingsEditor (140)
[2015.03.12-14.23.33:169][973]LogModuleManager: Shutting down and abandoning module ProjectLauncher (139)
[2015.03.12-14.23.33:169][973]LogModuleManager: Shutting down and abandoning module SessionFrontend (138)
[2015.03.12-14.23.33:169][973]LogModuleManager: Shutting down and abandoning module ProfilerClient (137)
[2015.03.12-14.23.33:170][973]LogModuleManager: Shutting down and abandoning module TargetDeviceServices (136)
[2015.03.12-14.23.33:170][973]LogModuleManager: Shutting down and abandoning module DeviceManager (135)
[2015.03.12-14.23.33:171][973]LogModuleManager: Shutting down and abandoning module AutomationController (134)
[2015.03.12-14.23.33:171][973]LogModuleManager: Shutting down and abandoning module AutomationWindow (133)
[2015.03.12-14.23.33:172][973]LogModuleManager: Shutting down and abandoning module Layers (132)
[2015.03.12-14.23.33:174][973]LogModuleManager: Shutting down and abandoning module ComponentVisualizers (131)
[2015.03.12-14.23.33:174][973]LogModuleManager: Shutting down and abandoning module DetailCustomizations (130)
[2015.03.12-14.23.33:175][973]LogModuleManager: Shutting down and abandoning module PackagesDialog (129)
[2015.03.12-14.23.33:176][973]LogModuleManager: Shutting down and abandoning module AssetRegistry (128)
[2015.03.12-14.23.33:266][973]LogModuleManager: Shutting down and abandoning module Persona (127)
[2015.03.12-14.23.33:268][973]LogModuleManager: Shutting down and abandoning module SlateReflector (126)
[2015.03.12-14.23.33:269][973]LogModuleManager: Shutting down and abandoning module LevelEditor (125)
[2015.03.12-14.23.33:270][973]LogModuleManager: Shutting down and abandoning module Kismet (124)
[2015.03.12-14.23.33:271][973]LogModuleManager: Shutting down and abandoning module GraphEditor (123)
[2015.03.12-14.23.33:272][973]LogModuleManager: Shutting down and abandoning module ClassViewer (122)
[2015.03.12-14.23.33:272][973]LogModuleManager: Shutting down and abandoning module Toolbox (121)
[2015.03.12-14.23.33:272][973]LogModuleManager: Shutting down and abandoning module ModuleUI (120)
[2015.03.12-14.23.33:273][973]LogModuleManager: Shutting down and abandoning module MovieSceneTools (119)
[2015.03.12-14.23.33:274][973]LogModuleManager: Shutting down and abandoning module OutputLog (118)
[2015.03.12-14.23.33:274][973]LogModuleManager: Shutting down and abandoning module GammaUI (117)
[2015.03.12-14.23.33:275][973]LogModuleManager: Shutting down and abandoning module Documentation (116)
[2015.03.12-14.23.33:275][973]LogModuleManager: Shutting down and abandoning module GameLiveStreaming (115)
[2015.03.12-14.23.33:275][973]LogModuleManager: Shutting down and abandoning module StreamingPauseRendering (114)
[2015.03.12-14.23.33:275][973]LogModuleManager: Shutting down and abandoning module HTTP (113)
[2015.03.12-14.23.33:276][973]LogModuleManager: Shutting down and abandoning module AnalyticsET (112)
[2015.03.12-14.23.33:276][973]LogModuleManager: Shutting down and abandoning module Analytics (111)
[2015.03.12-14.23.33:276][973]LogModuleManager: Shutting down and abandoning module AITestSuite (110)
[2015.03.12-14.23.33:277][973]LogModuleManager: Shutting down and abandoning module GameplayDebugger (109)
[2015.03.12-14.23.33:277][973]LogModuleManager: Shutting down and abandoning module AIModule (108)
[2015.03.12-14.23.33:278][973]LogModuleManager: Shutting down and abandoning module ProfilerService (107)
[2015.03.12-14.23.33:501][973]LogModuleManager: Shutting down and abandoning module TaskGraph (106)
[2015.03.12-14.23.33:503][973]LogModuleManager: Shutting down and abandoning module SlateRemote (105)
[2015.03.12-14.23.33:503][973]LogModuleManager: Shutting down and abandoning module ScriptEditorPlugin (104)
[2015.03.12-14.23.33:503][973]LogModuleManager: Shutting down and abandoning module CustomMeshComponent (103)
[2015.03.12-14.23.33:503][973]LogModuleManager: Shutting down and abandoning module CableComponent (102)
[2015.03.12-14.23.33:504][973]LogModuleManager: Shutting down and abandoning module MessagingDebugger (101)
[2015.03.12-14.23.33:506][973]LogModuleManager: Shutting down and abandoning module MediaPlayerEditor (100)
[2015.03.12-14.23.33:507][973]LogModuleManager: Shutting down and abandoning module SpeedTreeImporter (99)
[2015.03.12-14.23.33:508][973]LogModuleManager: Shutting down and abandoning module PluginsEditor (98)
[2015.03.12-14.23.33:508][973]LogModuleManager: Shutting down and abandoning module MainFrame (97)
[2015.03.12-14.23.33:509][973]LogModuleManager: Shutting down and abandoning module EpicSurvey (96)
[2015.03.12-14.23.33:510][973]LogModuleManager: Shutting down and abandoning module DesktopPlatform (95)
[2015.03.12-14.23.33:510][973]LogModuleManager: Shutting down and abandoning module DirectoryWatcher (94)
[2015.03.12-14.23.33:511][973]LogModuleManager: Shutting down and abandoning module HotReload (93)
[2015.03.12-14.23.33:512][973]LogModuleManager: Shutting down and abandoning module VisualStudioSourceCodeAccess (92)
[2015.03.12-14.23.33:512][973]LogModuleManager: Shutting down and abandoning module UObjectPlugin (91)
[2015.03.12-14.23.33:512][973]LogModuleManager: Shutting down and abandoning module SubversionSourceControl (90)
[2015.03.12-14.23.33:513][973]LogModuleManager: Shutting down and abandoning module PerforceSourceControl (89)
[2015.03.12-14.23.33:515][973]LogModuleManager: Shutting down and abandoning module SourceControl (88)
[2015.03.12-14.23.33:516][973]LogModuleManager: Shutting down and abandoning module GitSourceControl (87)
[2015.03.12-14.23.33:516][973]LogModuleManager: Shutting down and abandoning module BlankPlugin (86)
[2015.03.12-14.23.33:517][973]LogModuleManager: Shutting down and abandoning module PaperTiledImporter (85)
[2015.03.12-14.23.33:517][973]LogModuleManager: Shutting down and abandoning module PaperJsonImporter (84)
[2015.03.12-14.23.33:517][973]LogModuleManager: Shutting down and abandoning module ContentBrowser (83)
[2015.03.12-14.23.33:518][973]LogModuleManager: Shutting down and abandoning module Paper2DEditor (82)
[2015.03.12-14.23.33:520][973]LogModuleManager: Shutting down and abandoning module SpaceShooter (81)
[2015.03.12-14.23.33:520][973]LogModuleManager: Shutting down and abandoning module ScriptPlugin (80)
[2015.03.12-14.23.33:521][973]LogModuleManager: Shutting down and abandoning module UdpMessaging (79)
[2015.03.12-14.23.33:621][973]LogModuleManager: Shutting down and abandoning module Paper2D (78)
[2015.03.12-14.23.33:622][973]LogModuleManager: Shutting down and abandoning module WindowsMoviePlayer (77)
[2015.03.12-14.23.33:625][973]LogModuleManager: Shutting down and abandoning module Media (76)
[2015.03.12-14.23.33:625][973]LogModuleManager: Shutting down and abandoning module WmfMedia (75)
[2015.03.12-14.23.33:626][973]LogModuleManager: Shutting down and abandoning module OnlineBlueprintSupport (74)
[2015.03.12-14.23.33:627][973]LogModuleManager: Shutting down and abandoning module PropertyEditor (73)
[2015.03.12-14.23.33:627][973]LogModuleManager: Shutting down and abandoning module BehaviorTreeEditor (72)
[2015.03.12-14.23.33:630][973]LogModuleManager: Shutting down and abandoning module FunctionalTesting (71)
[2015.03.12-14.23.33:630][973]LogModuleManager: Shutting down and abandoning module CollisionAnalyzer (70)
[2015.03.12-14.23.33:631][973]LogModuleManager: Shutting down and abandoning module WorkspaceMenuStructure (69)
[2015.03.12-14.23.33:632][973]LogModuleManager: Shutting down and abandoning module MessageLog (68)
[2015.03.12-14.23.33:632][973]LogModuleManager: Shutting down and abandoning module Sequencer (67)
[2015.03.12-14.23.33:634][973]LogModuleManager: Shutting down and abandoning module AssetTools (66)
[2015.03.12-14.23.33:637][973]LogModuleManager: Shutting down and abandoning module UMGEditor (65)
[2015.03.12-14.23.33:638][973]LogModuleManager: Shutting down and abandoning module UMG (64)
[2015.03.12-14.23.33:639][973]LogModuleManager: Shutting down and abandoning module Slate (63)
[2015.03.12-14.23.33:639][973]LogModuleManager: Shutting down and abandoning module EditorStyle (62)
[2015.03.12-14.23.33:643][973]LogModuleManager: Shutting down and abandoning module SessionServices (61)
[2015.03.12-14.23.33:644][973]LogModuleManager: Shutting down and abandoning module SourceCodeAccess (60)
[2015.03.12-14.23.33:644][973]LogModuleManager: Shutting down and abandoning module HeadMountedDisplay (59)
[2015.03.12-14.23.33:644][973]LogModuleManager: Shutting down and abandoning module XAudio2 (58)
[2015.03.12-14.23.33:645][973]LogModuleManager: Shutting down and abandoning module Networking (56)
[2015.03.12-14.23.33:645][973]LogModuleManager: Shutting down and abandoning module Core (55)
[2015.03.12-14.23.33:645][973]LogModuleManager: Shutting down and abandoning module KismetCompiler (54)
[2015.03.12-14.23.33:646][973]LogModuleManager: Shutting down and abandoning module PhysXFormats (53)
[2015.03.12-14.23.33:646][973]LogModuleManager: Shutting down and abandoning module MeshUtilities (52)
[2015.03.12-14.23.33:648][973]LogModuleManager: Shutting down and abandoning module DerivedDataCache (51)
[2015.03.12-14.23.33:751][973]LogDerivedDataCache: Shutdown
[2015.03.12-14.23.33:752][973]LogModuleManager: Shutting down and abandoning module ShaderFormatOpenGL (50)
[2015.03.12-14.23.33:753][973]LogModuleManager: Shutting down and abandoning module ShaderFormatD3D (49)
[2015.03.12-14.23.33:753][973]LogModuleManager: Shutting down and abandoning module MetalShaderFormat (48)
[2015.03.12-14.23.33:754][973]LogModuleManager: Shutting down and abandoning module TextureFormatUncompressed (47)
[2015.03.12-14.23.33:754][973]LogModuleManager: Shutting down and abandoning module TextureFormatPVR (46)
[2015.03.12-14.23.33:754][973]LogModuleManager: Shutting down and abandoning module TextureFormatIntelISPCTexComp (45)
[2015.03.12-14.23.33:754][973]LogModuleManager: Shutting down and abandoning module TextureFormatDXT (44)
[2015.03.12-14.23.33:755][973]LogModuleManager: Shutting down and abandoning module ImageWrapper (43)
[2015.03.12-14.23.33:755][973]LogModuleManager: Shutting down and abandoning module TextureFormatASTC (42)
[2015.03.12-14.23.33:755][973]LogModuleManager: Shutting down and abandoning module TextureFormatAndroid (41)
[2015.03.12-14.23.33:755][973]LogModuleManager: Shutting down and abandoning module AudioFormatOpus (40)
[2015.03.12-14.23.33:756][973]LogModuleManager: Shutting down and abandoning module AudioFormatOgg (39)
[2015.03.12-14.23.33:756][973]LogModuleManager: Shutting down and abandoning module AudioFormatADPCM (38)
[2015.03.12-14.23.33:756][973]LogModuleManager: Shutting down and abandoning module LinuxTargetPlatform (37)
[2015.03.12-14.23.33:756][973]LogModuleManager: Shutting down and abandoning module LinuxServerTargetPlatform (36)
[2015.03.12-14.23.33:757][973]LogModuleManager: Shutting down and abandoning module LinuxNoEditorTargetPlatform (35)
[2015.03.12-14.23.33:757][973]LogModuleManager: Shutting down and abandoning module Messaging (34)
[2015.03.12-14.23.33:757][973]LogModuleManager: Shutting down and abandoning module IOSTargetPlatform (33)
[2015.03.12-14.23.33:757][973]LogModuleManager: Shutting down and abandoning module HTML5TargetPlatform (32)
[2015.03.12-14.23.33:757][973]LogModuleManager: Shutting down and abandoning module Android_PVRTCTargetPlatform (31)
[2015.03.12-14.23.33:758][973]LogModuleManager: Shutting down and abandoning module Android_ETC2TargetPlatform (30)
[2015.03.12-14.23.33:758][973]LogModuleManager: Shutting down and abandoning module Android_ETC1TargetPlatform (29)
[2015.03.12-14.23.33:758][973]LogModuleManager: Shutting down and abandoning module Android_ES31TargetPlatform (28)
[2015.03.12-14.23.33:758][973]LogModuleManager: Shutting down and abandoning module Android_DXTTargetPlatform (27)
[2015.03.12-14.23.33:759][973]LogModuleManager: Shutting down and abandoning module Android_ATCTargetPlatform (26)
[2015.03.12-14.23.33:759][973]LogModuleManager: Shutting down and abandoning module AndroidTargetPlatform (25)
[2015.03.12-14.23.33:759][973]LogModuleManager: Shutting down and abandoning module WindowsTargetPlatform (24)
[2015.03.12-14.23.33:759][973]LogModuleManager: Shutting down and abandoning module WindowsServerTargetPlatform (23)
[2015.03.12-14.23.33:760][973]LogModuleManager: Shutting down and abandoning module WindowsNoEditorTargetPlatform (22)
[2015.03.12-14.23.33:760][973]LogModuleManager: Shutting down and abandoning module WindowsClientTargetPlatform (21)
[2015.03.12-14.23.33:760][973]LogModuleManager: Shutting down and abandoning module TargetPlatform (20)
[2015.03.12-14.23.33:760][973]LogModuleManager: Shutting down and abandoning module InputCore (19)
[2015.03.12-14.23.33:761][973]LogModuleManager: Shutting down and abandoning module Settings (18)
[2015.03.12-14.23.33:761][973]LogModuleManager: Shutting down and abandoning module OnlineSubsystem (16)
[2015.03.12-14.23.33:761][973]LogModuleManager: Shutting down and abandoning module OculusRift (15)
[2015.03.12-14.23.33:761][973]LogModuleManager: Shutting down and abandoning module ExampleDeviceProfileSelector (14)
[2015.03.12-14.23.33:762][973]LogModuleManager: Shutting down and abandoning module TextureCompressor (13)
[2015.03.12-14.23.33:762][973]LogModuleManager: Shutting down and abandoning module ShaderCore (12)
[2015.03.12-14.23.33:762][973]LogModuleManager: Shutting down and abandoning module Landscape (11)
[2015.03.12-14.23.33:763][973]LogModuleManager: Shutting down and abandoning module SlateRHIRenderer (10)
[2015.03.12-14.23.33:766][973]LogModuleManager: Shutting down and abandoning module OpenGLDrv (9)
[2015.03.12-14.23.33:766][973]LogModuleManager: Shutting down and abandoning module D3D11RHI (8)
[2015.03.12-14.23.33:767][973]LogModuleManager: Shutting down and abandoning module Renderer (7)
[2015.03.12-14.23.33:767][973]LogModuleManager: Shutting down and abandoning module Engine (6)
[2015.03.12-14.23.33:767][973]LogModuleManager: Shutting down and abandoning module CoreUObject (5)
[2015.03.12-14.23.33:767][973]LogModuleManager: Shutting down and abandoning module NetworkFile (4)
[2015.03.12-14.23.33:768][973]LogModuleManager: Shutting down and abandoning module StreamingFile (3)
[2015.03.12-14.23.33:768][973]LogModuleManager: Shutting down and abandoning module SandboxFile (2)
[2015.03.12-14.23.33:768][973]LogModuleManager: Shutting down and abandoning module PakFile (1)
[2015.03.12-14.23.33:771][973]LogExit: Exiting.
[2015.03.12-14.23.33:795][973]Log file closed, 03/12/15 10:23:33
