Log file open, 02/12/15 09:24:28
LogInit:Display: Running engine for game: SpaceShooter
LogInit: Version: 4.4.3-2296771+++depot+UE4-Releases+4.4
LogInit: API Version: 2255576
LogInit: Compiled (64-bit): Sep 13 2014 22:30:58
LogInit: Build Configuration: DebugGame
LogInit: Branch Name: ++depot+UE4-Releases+4.4
LogInit: Command line:  -debug
LogInit: Base directory: C:/Program Files/Unreal Engine/4.4/Engine/Binaries/Win64/
LogInit: Rocket: 1
[2015.02.12-14.24.28:833][  0]LogTaskGraph: Started task graph with 3 named threads and 4 total threads.
[2015.02.12-14.24.28:863][  0]LogOnline:Warning: No default platform service specified for OnlineSubsystem
[2015.02.12-14.24.28:892][  0]LogInit: Presizing for 0 objects not considered by GC, pre-allocating 0 bytes.
[2015.02.12-14.24.28:918][  0]LogInit: Object subsystem initialized
[2015.02.12-14.24.28:933][  0]LogInit: Selected Device Profile: [Windows]
[2015.02.12-14.24.28:933][  0]LogInit: Applying CVar settings loaded from the selected device profile: [Windows]
[2015.02.12-14.24.28:942][  0]LogInit: Computer: C401IT27
[2015.02.12-14.24.28:943][  0]LogInit: User: sctcad
[2015.02.12-14.24.28:944][  0]LogInit: CPU Page size=4096, Cores=4
[2015.02.12-14.24.28:944][  0]LogInit: High frequency timer resolution =2.741230 MHz
[2015.02.12-14.24.28:945][  0]LogMemory: Memory total: Physical=6.0GB (6GB approx) Virtual=8192.0GB
[2015.02.12-14.24.28:945][  0]LogMemory: Platform Memory Stats for Windows
[2015.02.12-14.24.28:946][  0]LogMemory: Process Physical Memory: 60.66 MB used, 60.66 MB peak
[2015.02.12-14.24.28:946][  0]LogMemory: Process Virtual Memory: 36.19 MB used, 36.19 MB peak
[2015.02.12-14.24.28:946][  0]LogMemory: Physical Memory: 5214.62 MB used, 6134.93 MB total
[2015.02.12-14.24.28:947][  0]LogMemory: Virtual Memory: 256.68 MB used, 8388608.00 MB total
[2015.02.12-14.24.29:061][  0]LogD3D11RHI: Found D3D11 adapter 0: NVIDIA GeForce GTX 260   (Feature Level 10_0)
[2015.02.12-14.24.29:062][  0]LogD3D11RHI: Adapter has 1767MB of dedicated video memory, 0MB of dedicated system memory, and 2303MB of shared system memory, 1 output[s]
[2015.02.12-14.24.29:062][  0]LogD3D11RHI: Chosen D3D11 Adapter Id = 0
[2015.02.12-14.24.29:069][  0]LogRHI: Texture pool is 1237 MB (70% of 1767 MB)
[2015.02.12-14.24.29:111][  0]LogD3D11RHI: Async texture creation enabled
[2015.02.12-14.24.29:394][  0]LogContentStreaming: Texture pool size is 0.000000MB
[2015.02.12-14.24.31:250][  0]LogTargetPlatformManager:Display: Building Assets For Windows
[2015.02.12-14.24.31:683][  0]LogTargetPlatformManager:Display: Building Assets For Windows
[2015.02.12-14.24.31:736][  0]LogDerivedDataCache:Display: Max Cache Size: 512 MB
[2015.02.12-14.24.31:909][  0]LogDerivedDataCache: Loaded boot cache 0.17s 34MB C:/Users/sctcad/AppData/Local/UnrealEngine/4.4/DerivedDataCache/Boot.ddc.
[2015.02.12-14.24.31:910][  0]LogDerivedDataCache:Display: Loaded Boot cache: C:/Users/sctcad/AppData/Local/UnrealEngine/4.4/DerivedDataCache/Boot.ddc
[2015.02.12-14.24.31:910][  0]LogDerivedDataCache: FDerivedDataBackendGraph:  Pak pak cache file ../../../../../../Users/sctcad/Desktop/SpaceShooter/SpaceShooter/DerivedDataCache/DDC.ddp not found, will not use a pak cache.
[2015.02.12-14.24.31:911][  0]LogDerivedDataCache: Unable to find inner node Pak for hierarchical cache Hierarchy.
[2015.02.12-14.24.31:937][  0]LogDerivedDataCache:Display: Pak cache opened for reading ../../../Engine/DerivedDataCache/DDC.ddp.
[2015.02.12-14.24.31:950][  0]LogDerivedDataCache: Using Local data cache path C:/Users/sctcad/AppData/Local/UnrealEngine/4.4/DerivedDataCache: Writable
[2015.02.12-14.24.32:544][  0]LogMeshUtilities: No automatic mesh reduction module available
[2015.02.12-14.24.32:544][  0]LogMeshUtilities: No automatic mesh merging module available
[2015.02.12-14.24.33:126][  0]LogInit: WinSock: version 1.1 (2.2), MaxSocks=32767, MaxUdp=65467
[2015.02.12-14.24.34:857][  0]LogStats:Warning: MetaData mismatch. Did you assign a stat to two groups? New //STATGROUP_Threads//FMonitoredProcess///Thread_4cc_0///////STATCAT_Advanced//// old //STATGROUP_Threads//FMonitoredProcess///Thread_1e3c_0///////STATCAT_Advanced////
[2015.02.12-14.24.34:857][  0]UdpMessaging: Initializing bridge on interface 0.0.0.0:0 to multicast group 230.0.0.1:6666.
[2015.02.12-14.24.34:995][  0]LogLinker:Warning: Can't find file '/Game/Assets/UFO'
[2015.02.12-14.24.34:995][  0]LogLinker:Warning: Can't find file '/Game/Assets/UFO'
[2015.02.12-14.24.34:995][  0]LogUObjectGlobals:Warning: Failed to find object 'StaticMesh /Game/Assets/UFO.uasset'
[2015.02.12-14.24.34:996][  0]Error: CDO Constructor: Failed to find /Game/Assets/UFO.uasset
[2015.02.12-14.24.34:996][  0]LogUObjectBase:Warning: -------------- Default Property warnings and errors:
[2015.02.12-14.24.34:996][  0]LogUObjectBase:Warning: Error: CDO Constructor: Failed to find /Game/Assets/UFO.uasset
[2015.02.12-14.24.36:633][  0]SourceControl: Info Source control is disabled
[2015.02.12-14.24.36:633][  0]SourceControl: Info Source control is disabled
[2015.02.12-14.24.36:640][  0]SourceControl: Info Source control is disabled
[2015.02.12-14.24.37:003][  0]BlueprintLog: New page: Editor Load
[2015.02.12-14.24.37:166][  0]LogObj: 21459 objects as part of root set at end of initial load.
[2015.02.12-14.24.37:167][  0]LogUObjectAllocator: 4232768 out of 0 bytes used by permanent object pool.
[2015.02.12-14.24.37:395][  0]LogEngine: Initializing Engine...
[2015.02.12-14.24.37:517][  0]LogInit: XAudio2 using 'Digital Audio (HDMI) (2- High Definition Audio Device)' : 2 channels at 44.1 kHz using 16 bits per sample (channel mask 0x3)
[2015.02.12-14.24.37:538][  0]LogInit: FAudioDevice initialized.
[2015.02.12-14.24.37:590][  0]LogAIModule: Creating AISystem for world NewWorld
[2015.02.12-14.24.37:616][  0]LogDerivedDataCache: Saved boot cache 0.02s 34MB C:/Users/sctcad/AppData/Local/UnrealEngine/4.4/DerivedDataCache/Boot.ddc.
[2015.02.12-14.24.37:624][  0]LogInit: Texture streaming: Enabled
[2015.02.12-14.24.37:661][  0]LogInit: Transaction tracking system initialized
[2015.02.12-14.24.37:844][  0]LogAssetRegistry: FAssetRegistry took 0.0128 seconds to start up
[2015.02.12-14.24.38:378][  0]LogTargetPlatformManager:Display: Building Assets For Windows
[2015.02.12-14.24.38:678][  0]LogTargetPlatformManager:Display: Building Assets For Windows
[2015.02.12-14.24.38:872][  0]LogConsoleResponse:Display: 
[2015.02.12-14.24.39:149][  0]LogStats:Warning: MetaData mismatch. Did you assign a stat to two groups? New //STATGROUP_Threads//FMonitoredProcess///Thread_b04_0///////STATCAT_Advanced//// old //STATGROUP_Threads//FMonitoredProcess///Thread_1e3c_0///////STATCAT_Advanced////
[2015.02.12-14.24.39:149][  0]LogStats:Warning: MetaData mismatch. Did you assign a stat to two groups? New //STATGROUP_Threads//FMonitoredProcess///Thread_1f50_0///////STATCAT_Advanced//// old //STATGROUP_Threads//FMonitoredProcess///Thread_1e3c_0///////STATCAT_Advanced////
[2015.02.12-14.24.39:150][  0]SourceControl: Info Source control is disabled
[2015.02.12-14.24.39:152][  0]Cmd: MAP LOAD FILE="../../../Engine/Content/Maps/Templates/Template_Default.umap" TEMPLATE=1 SHOWPROGRESS=1
[2015.02.12-14.24.39:154][  0]LightingResults: New page: Lighting Build
[2015.02.12-14.24.39:167][  0]MapCheck: New page: Map Check
[2015.02.12-14.24.39:167][  0]LightingResults: New page: Lighting Build
[2015.02.12-14.24.39:187][  0]LogParticles: Destroying 0 GPU particle simulations for FXSystem 0x00000000123A4540
[2015.02.12-14.24.39:423][  0]LogEditorServer: Finished looking for orphan Actors (0.000 secs)
[2015.02.12-14.24.39:426][  0]LogAIModule: Creating AISystem for world Template_Default
[2015.02.12-14.24.39:427][  0]Cmd: MAP CHECKDEP
[2015.02.12-14.24.39:428][  0]MapCheck: New page: Untitled_1 - Feb 12, 2015, 4:24:39 AM
[2015.02.12-14.24.39:484][  0]MapCheck: Info ========== Map Check: 0 Error(s), 0 Warning(s), [55.791ms] ==========
[2015.02.12-14.24.39:484][  0]LogFileHelpers: Loading map 'Template_Default' took 0.333
[2015.02.12-14.24.39:633][  0]LogCollectionManager: Loaded 0 collections in 0.001140 seconds
[2015.02.12-14.24.39:659][  0]LogContentBrowser:Verbose: The content browser source was changed by the sources view to '/Game'
[2015.02.12-14.24.39:938][  0]LogCrashTracker: Crashtracker disabled due to settings.
[2015.02.12-14.24.40:007][  0]LogLoad: Full Startup: 13.83 seconds (BP compile: 0.09 seconds)
[2015.02.12-14.24.40:175][  0]LogRenderer:Warning: Reallocating scene render targets to support 1136x896.
[2015.02.12-14.24.40:338][  1]LogAssetRegistry: Asset discovery search completed in 2.5074 seconds
[2015.02.12-14.25.17:920][532]Cmd: QUIT_EDITOR
[2015.02.12-14.25.18:062][532]LogWindowsTextInputMethodSystem:Error: Terminating failed while unadvising the language notification sink from the TSF source.
[2015.02.12-14.25.18:067][532]LogExit: Preparing to exit.
[2015.02.12-14.25.18:918][532]LogExit: Editor shut down
[2015.02.12-14.25.18:918][532]LogExit: Transaction tracking system shut down
[2015.02.12-14.25.18:919][532]LogParticles: Destroying 0 GPU particle simulations for FXSystem 0x000000000F9F7380
[2015.02.12-14.25.18:946][532]LogExit: Object subsystem successfully closed.
[2015.02.12-14.25.18:986][532]LogModuleManager: Shutting down and abandoning module AndroidDeviceDetection (162)
[2015.02.12-14.25.18:987][532]LogModuleManager: Shutting down and abandoning module HTTP (161)
[2015.02.12-14.25.18:988][532]LogModuleManager: Shutting down and abandoning module CrashTracker (160)
[2015.02.12-14.25.18:988][532]LogModuleManager: Shutting down and abandoning module SuperSearch (159)
[2015.02.12-14.25.18:989][532]LogModuleManager: Shutting down and abandoning module SceneOutliner (158)
[2015.02.12-14.25.18:989][532]LogModuleManager: Shutting down and abandoning module EditorWidgets (157)
[2015.02.12-14.25.18:990][532]LogModuleManager: Shutting down and abandoning module CollectionManager (156)
[2015.02.12-14.25.18:991][532]LogModuleManager: Shutting down and abandoning module StatsViewer (155)
[2015.02.12-14.25.18:991][532]LogModuleManager: Shutting down and abandoning module FoliageEdit (154)
[2015.02.12-14.25.18:992][532]LogModuleManager: Shutting down and abandoning module LandscapeEditor (153)
[2015.02.12-14.25.18:993][532]LogModuleManager: Shutting down and abandoning module MeshPaint (152)
[2015.02.12-14.25.18:993][532]LogModuleManager: Shutting down and abandoning module ActorPickerMode (151)
[2015.02.12-14.25.18:994][532]LogModuleManager: Shutting down and abandoning module GeometryMode (150)
[2015.02.12-14.25.18:994][532]LogModuleManager: Shutting down and abandoning module TextureAlignMode (149)
[2015.02.12-14.25.18:994][532]LogModuleManager: Shutting down and abandoning module BspMode (148)
[2015.02.12-14.25.18:995][532]LogModuleManager: Shutting down and abandoning module PlacementMode (147)
[2015.02.12-14.25.18:995][532]LogModuleManager: Shutting down and abandoning module DesktopPlatform (146)
[2015.02.12-14.25.18:995][532]LogModuleManager: Shutting down and abandoning module AutomationWorker (145)
[2015.02.12-14.25.18:995][532]LogModuleManager: Shutting down and abandoning module EditorLiveStreaming (144)
[2015.02.12-14.25.18:996][532]LogModuleManager: Shutting down and abandoning module BehaviorTreeEditor (143)
[2015.02.12-14.25.18:997][532]LogModuleManager: Shutting down and abandoning module DeviceProfileEditor (142)
[2015.02.12-14.25.18:997][532]LogModuleManager: Shutting down and abandoning module UndoHistory (141)
[2015.02.12-14.25.18:998][532]LogModuleManager: Shutting down and abandoning module GameplayTagsEditor (140)
[2015.02.12-14.25.18:998][532]LogModuleManager: Shutting down and abandoning module UserFeedback (139)
[2015.02.12-14.25.18:998][532]LogModuleManager: Shutting down and abandoning module XmlParser (138)
[2015.02.12-14.25.18:999][532]LogModuleManager: Shutting down and abandoning module Blutility (137)
[2015.02.12-14.25.18:999][532]LogModuleManager: Shutting down and abandoning module IOSPlatformEditor (136)
[2015.02.12-14.25.18:999][532]LogModuleManager: Shutting down and abandoning module IOSRuntimeSettings (135)
[2015.02.12-14.25.18:999][532]LogModuleManager: Shutting down and abandoning module AndroidPlatformEditor (134)
[2015.02.12-14.25.19:000][532]LogModuleManager: Shutting down and abandoning module AndroidRuntimeSettings (133)
[2015.02.12-14.25.19:000][532]LogModuleManager: Shutting down and abandoning module ProjectTargetPlatformEditor (132)
[2015.02.12-14.25.19:000][532]LogModuleManager: Shutting down and abandoning module ProjectSettingsViewer (131)
[2015.02.12-14.25.19:000][532]LogModuleManager: Shutting down and abandoning module InputBindingEditor (130)
[2015.02.12-14.25.19:001][532]LogModuleManager: Shutting down and abandoning module EditorSettingsViewer (129)
[2015.02.12-14.25.19:001][532]LogModuleManager: Shutting down and abandoning module SettingsEditor (128)
[2015.02.12-14.25.19:002][532]LogModuleManager: Shutting down and abandoning module SessionLauncher (127)
[2015.02.12-14.25.19:002][532]LogModuleManager: Shutting down and abandoning module SessionFrontend (126)
[2015.02.12-14.25.19:002][532]LogModuleManager: Shutting down and abandoning module ProfilerClient (125)
[2015.02.12-14.25.19:003][532]LogModuleManager: Shutting down and abandoning module TargetDeviceServices (124)
[2015.02.12-14.25.19:003][532]LogModuleManager: Shutting down and abandoning module DeviceManager (123)
[2015.02.12-14.25.19:003][532]LogModuleManager: Shutting down and abandoning module AutomationController (122)
[2015.02.12-14.25.19:004][532]LogModuleManager: Shutting down and abandoning module AutomationWindow (121)
[2015.02.12-14.25.19:004][532]LogModuleManager: Shutting down and abandoning module Layers (120)
[2015.02.12-14.25.19:006][532]LogModuleManager: Shutting down and abandoning module ComponentVisualizers (119)
[2015.02.12-14.25.19:006][532]LogModuleManager: Shutting down and abandoning module DetailCustomizations (118)
[2015.02.12-14.25.19:006][532]LogModuleManager: Shutting down and abandoning module PackagesDialog (117)
[2015.02.12-14.25.19:006][532]LogModuleManager: Shutting down and abandoning module DirectoryWatcher (116)
[2015.02.12-14.25.19:007][532]LogModuleManager: Shutting down and abandoning module AssetRegistry (115)
[2015.02.12-14.25.19:025][532]LogModuleManager: Shutting down and abandoning module Persona (114)
[2015.02.12-14.25.19:026][532]LogModuleManager: Shutting down and abandoning module GraphEditor (113)
[2015.02.12-14.25.19:027][532]LogModuleManager: Shutting down and abandoning module ClassViewer (112)
[2015.02.12-14.25.19:027][532]LogModuleManager: Shutting down and abandoning module Toolbox (111)
[2015.02.12-14.25.19:027][532]LogModuleManager: Shutting down and abandoning module ModuleUI (110)
[2015.02.12-14.25.19:028][532]LogModuleManager: Shutting down and abandoning module Sequencer (109)
[2015.02.12-14.25.19:029][532]LogModuleManager: Shutting down and abandoning module MovieSceneTools (108)
[2015.02.12-14.25.19:029][532]LogModuleManager: Shutting down and abandoning module OutputLog (107)
[2015.02.12-14.25.19:030][532]LogModuleManager: Shutting down and abandoning module GammaUI (106)
[2015.02.12-14.25.19:030][532]LogModuleManager: Shutting down and abandoning module Documentation (105)
[2015.02.12-14.25.19:030][532]LogModuleManager: Shutting down and abandoning module GameLiveStreaming (104)
[2015.02.12-14.25.19:031][532]LogModuleManager: Shutting down and abandoning module StreamingPauseRendering (103)
[2015.02.12-14.25.19:031][532]LogModuleManager: Shutting down and abandoning module AnalyticsET (102)
[2015.02.12-14.25.19:031][532]LogModuleManager: Shutting down and abandoning module Analytics (101)
[2015.02.12-14.25.19:031][532]LogModuleManager: Shutting down and abandoning module GameplayDebugger (100)
[2015.02.12-14.25.19:032][532]LogModuleManager: Shutting down and abandoning module AIModule (99)
[2015.02.12-14.25.19:032][532]LogModuleManager: Shutting down and abandoning module ProfilerService (98)
[2015.02.12-14.25.19:199][532]LogModuleManager: Shutting down and abandoning module TaskGraph (97)
[2015.02.12-14.25.19:200][532]LogModuleManager: Shutting down and abandoning module SlateRemote (96)
[2015.02.12-14.25.19:201][532]LogModuleManager: Shutting down and abandoning module ScriptEditorPlugin (95)
[2015.02.12-14.25.19:201][532]LogModuleManager: Shutting down and abandoning module CustomMeshComponent (94)
[2015.02.12-14.25.19:201][532]LogModuleManager: Shutting down and abandoning module CableComponent (93)
[2015.02.12-14.25.19:201][532]LogModuleManager: Shutting down and abandoning module MessagingDebugger (92)
[2015.02.12-14.25.19:202][532]LogModuleManager: Shutting down and abandoning module ViewportSnapping (91)
[2015.02.12-14.25.19:203][532]LogModuleManager: Shutting down and abandoning module SmartSnapping (90)
[2015.02.12-14.25.19:203][532]LogModuleManager: Shutting down and abandoning module PaperTiledImporter (89)
[2015.02.12-14.25.19:203][532]LogModuleManager: Shutting down and abandoning module PaperJsonImporter (88)
[2015.02.12-14.25.19:203][532]LogModuleManager: Shutting down and abandoning module GameProjectGeneration (87)
[2015.02.12-14.25.19:204][532]LogModuleManager: Shutting down and abandoning module Matinee (86)
[2015.02.12-14.25.19:205][532]LogModuleManager: Shutting down and abandoning module Kismet (85)
[2015.02.12-14.25.19:205][532]LogModuleManager: Shutting down and abandoning module SlateReflector (84)
[2015.02.12-14.25.19:206][532]LogModuleManager: Shutting down and abandoning module LevelEditor (83)
[2015.02.12-14.25.19:207][532]LogModuleManager: Shutting down and abandoning module IntroTutorials (82)
[2015.02.12-14.25.19:207][532]LogModuleManager: Shutting down and abandoning module ContentBrowser (81)
[2015.02.12-14.25.19:207][532]LogModuleManager: Shutting down and abandoning module PropertyEditor (80)
[2015.02.12-14.25.19:207][532]LogModuleManager: Shutting down and abandoning module AssetTools (79)
[2015.02.12-14.25.19:209][532]LogModuleManager: Shutting down and abandoning module Paper2DEditor (78)
[2015.02.12-14.25.19:209][532]LogModuleManager: Shutting down and abandoning module SpeedTreeImporter (77)
[2015.02.12-14.25.19:210][532]LogModuleManager: Shutting down and abandoning module PluginsEditor (76)
[2015.02.12-14.25.19:210][532]LogModuleManager: Shutting down and abandoning module MainFrame (75)
[2015.02.12-14.25.19:210][532]LogModuleManager: Shutting down and abandoning module EpicSurvey (74)
[2015.02.12-14.25.19:210][532]LogModuleManager: Shutting down and abandoning module VisualStudioSourceCodeAccess (73)
[2015.02.12-14.25.19:211][532]LogModuleManager: Shutting down and abandoning module UObjectPlugin (72)
[2015.02.12-14.25.19:211][532]LogModuleManager: Shutting down and abandoning module SubversionSourceControl (71)
[2015.02.12-14.25.19:211][532]LogModuleManager: Shutting down and abandoning module SourceControl (70)
[2015.02.12-14.25.19:211][532]LogModuleManager: Shutting down and abandoning module PerforceSourceControl (69)
[2015.02.12-14.25.19:212][532]LogModuleManager: Shutting down and abandoning module BlankPlugin (68)
[2015.02.12-14.25.19:212][532]LogModuleManager: Shutting down and abandoning module SpaceShooter (67)
[2015.02.12-14.25.19:212][532]LogModuleManager: Shutting down and abandoning module ScriptPlugin (66)
[2015.02.12-14.25.19:213][532]LogModuleManager: Shutting down and abandoning module UdpMessaging (65)
[2015.02.12-14.25.19:313][532]LogModuleManager: Shutting down and abandoning module Paper2D (64)
[2015.02.12-14.25.19:313][532]LogModuleManager: Shutting down and abandoning module WindowsMoviePlayer (63)
[2015.02.12-14.25.19:316][532]LogModuleManager: Shutting down and abandoning module ImageWrapper (62)
[2015.02.12-14.25.19:317][532]LogModuleManager: Shutting down and abandoning module OnlineBlueprintSupport (61)
[2015.02.12-14.25.19:317][532]LogModuleManager: Shutting down and abandoning module FunctionalTesting (60)
[2015.02.12-14.25.19:318][532]LogModuleManager: Shutting down and abandoning module CollisionAnalyzer (59)
[2015.02.12-14.25.19:319][532]LogModuleManager: Shutting down and abandoning module WorkspaceMenuStructure (58)
[2015.02.12-14.25.19:319][532]LogModuleManager: Shutting down and abandoning module MessageLog (57)
[2015.02.12-14.25.19:319][532]LogModuleManager: Shutting down and abandoning module UMGEditor (56)
[2015.02.12-14.25.19:320][532]LogModuleManager: Shutting down and abandoning module UMG (55)
[2015.02.12-14.25.19:321][532]LogModuleManager: Shutting down and abandoning module Slate (54)
[2015.02.12-14.25.19:321][532]LogModuleManager: Shutting down and abandoning module EditorStyle (53)
[2015.02.12-14.25.19:323][532]LogModuleManager: Shutting down and abandoning module SessionServices (52)
[2015.02.12-14.25.19:323][532]LogModuleManager: Shutting down and abandoning module SourceCodeAccess (51)
[2015.02.12-14.25.19:323][532]LogModuleManager: Shutting down and abandoning module HeadMountedDisplay (50)
[2015.02.12-14.25.19:323][532]LogModuleManager: Shutting down and abandoning module XAudio2 (49)
[2015.02.12-14.25.19:324][532]LogModuleManager: Shutting down and abandoning module Networking (47)
[2015.02.12-14.25.19:324][532]LogModuleManager: Shutting down and abandoning module Core (46)
[2015.02.12-14.25.19:324][532]LogModuleManager: Shutting down and abandoning module KismetCompiler (45)
[2015.02.12-14.25.19:324][532]LogModuleManager: Shutting down and abandoning module PhysXFormats (44)
[2015.02.12-14.25.19:325][532]LogModuleManager: Shutting down and abandoning module MeshUtilities (43)
[2015.02.12-14.25.19:325][532]LogModuleManager: Shutting down and abandoning module DerivedDataCache (42)
[2015.02.12-14.25.19:442][532]LogDerivedDataCache: Shutdown
[2015.02.12-14.25.19:442][532]LogModuleManager: Shutting down and abandoning module ShaderFormatOpenGL (41)
[2015.02.12-14.25.19:443][532]LogModuleManager: Shutting down and abandoning module ShaderFormatD3D (40)
[2015.02.12-14.25.19:444][532]LogModuleManager: Shutting down and abandoning module MetalShaderFormat (39)
[2015.02.12-14.25.19:444][532]LogModuleManager: Shutting down and abandoning module TextureFormatUncompressed (38)
[2015.02.12-14.25.19:445][532]LogModuleManager: Shutting down and abandoning module TextureFormatPVR (37)
[2015.02.12-14.25.19:445][532]LogModuleManager: Shutting down and abandoning module TextureFormatDXT (36)
[2015.02.12-14.25.19:445][532]LogModuleManager: Shutting down and abandoning module TextureFormatAndroid (35)
[2015.02.12-14.25.19:446][532]LogModuleManager: Shutting down and abandoning module AudioFormatOpus (34)
[2015.02.12-14.25.19:446][532]LogModuleManager: Shutting down and abandoning module AudioFormatOgg (33)
[2015.02.12-14.25.19:446][532]LogModuleManager: Shutting down and abandoning module AudioFormatADPCM (32)
[2015.02.12-14.25.19:447][532]LogModuleManager: Shutting down and abandoning module Messaging (31)
[2015.02.12-14.25.19:447][532]LogModuleManager: Shutting down and abandoning module IOSTargetPlatform (30)
[2015.02.12-14.25.19:447][532]LogModuleManager: Shutting down and abandoning module Android_PVRTCTargetPlatform (29)
[2015.02.12-14.25.19:447][532]LogModuleManager: Shutting down and abandoning module Android_ETC2TargetPlatform (28)
[2015.02.12-14.25.19:448][532]LogModuleManager: Shutting down and abandoning module Android_ETC1TargetPlatform (27)
[2015.02.12-14.25.19:448][532]LogModuleManager: Shutting down and abandoning module Android_DXTTargetPlatform (26)
[2015.02.12-14.25.19:448][532]LogModuleManager: Shutting down and abandoning module Android_ATCTargetPlatform (25)
[2015.02.12-14.25.19:449][532]LogModuleManager: Shutting down and abandoning module AndroidTargetPlatform (24)
[2015.02.12-14.25.19:449][532]LogModuleManager: Shutting down and abandoning module WindowsTargetPlatform (23)
[2015.02.12-14.25.19:449][532]LogModuleManager: Shutting down and abandoning module WindowsServerTargetPlatform (22)
[2015.02.12-14.25.19:449][532]LogModuleManager: Shutting down and abandoning module WindowsNoEditorTargetPlatform (21)
[2015.02.12-14.25.19:450][532]LogModuleManager: Shutting down and abandoning module WindowsClientTargetPlatform (20)
[2015.02.12-14.25.19:450][532]LogModuleManager: Shutting down and abandoning module TargetPlatform (19)
[2015.02.12-14.25.19:450][532]LogModuleManager: Shutting down and abandoning module InputCore (18)
[2015.02.12-14.25.19:450][532]LogModuleManager: Shutting down and abandoning module Settings (17)
[2015.02.12-14.25.19:451][532]LogModuleManager: Shutting down and abandoning module ExampleDeviceProfileSelector (14)
[2015.02.12-14.25.19:451][532]LogModuleManager: Shutting down and abandoning module OculusRift (13)
[2015.02.12-14.25.19:451][532]LogModuleManager: Shutting down and abandoning module TextureCompressor (12)
[2015.02.12-14.25.19:452][532]LogModuleManager: Shutting down and abandoning module ShaderCore (11)
[2015.02.12-14.25.19:452][532]LogModuleManager: Shutting down and abandoning module OpenGLDrv (10)
[2015.02.12-14.25.19:452][532]LogModuleManager: Shutting down and abandoning module D3D11RHI (9)
[2015.02.12-14.25.19:453][532]LogModuleManager: Shutting down and abandoning module SlateRHIRenderer (8)
[2015.02.12-14.25.19:453][532]LogModuleManager: Shutting down and abandoning module Renderer (7)
[2015.02.12-14.25.19:453][532]LogModuleManager: Shutting down and abandoning module Engine (6)
[2015.02.12-14.25.19:453][532]LogModuleManager: Shutting down and abandoning module CoreUObject (5)
[2015.02.12-14.25.19:454][532]LogModuleManager: Shutting down and abandoning module NetworkFile (4)
[2015.02.12-14.25.19:454][532]LogModuleManager: Shutting down and abandoning module StreamingFile (3)
[2015.02.12-14.25.19:454][532]LogModuleManager: Shutting down and abandoning module SandboxFile (2)
[2015.02.12-14.25.19:455][532]LogModuleManager: Shutting down and abandoning module PakFile (1)
[2015.02.12-14.25.19:457][532]LogExit: Exiting.
[2015.02.12-14.25.19:460][532]Log file closed, 02/12/15 09:25:19
