Log file open, 03/12/15 08:53:47
LogInit:Display: Running engine for game: SpaceShooter
LogInit: Version: 4.7.2-2467323+++depot+UE4-Releases+4.7
LogInit: API Version: 2455222
LogInit: Compiled (64-bit): Mar  2 2015 23:16:34
LogInit: Compiled with Visual C++: 18.00.21005.01
LogInit: Build Configuration: Development
LogInit: Branch Name: ++depot+UE4-Releases+4.7
LogInit: Command line: 
LogInit: Base directory: C:/Program Files/Unreal Engine/4.7/Engine/Binaries/Win64/
LogInit: Rocket: 1
[2015.03.12-12.53.47:740][  0]LogTaskGraph: Started task graph with 3 named threads and 6 total threads.
[2015.03.12-12.53.47:799][  0]LogOnline:Warning: No default platform service specified for OnlineSubsystem
[2015.03.12-12.53.47:893][  0]LogInit: Presizing for 0 objects not considered by GC, pre-allocating 0 bytes.
[2015.03.12-12.53.47:912][  0]LogInit: Object subsystem initialized
[2015.03.12-12.53.47:930][  0]LogInit: Selected Device Profile: [Windows]
[2015.03.12-12.53.47:931][  0]LogInit: Applying CVar settings loaded from the selected device profile: [Windows]
[2015.03.12-12.53.47:942][  0]LogInit: Computer: C401IT34
[2015.03.12-12.53.47:943][  0]LogInit: User: sctcad
[2015.03.12-12.53.47:943][  0]LogInit: CPU Page size=4096, Cores=4
[2015.03.12-12.53.47:943][  0]LogInit: High frequency timer resolution =2.741210 MHz
[2015.03.12-12.53.47:944][  0]LogMemory: Memory total: Physical=6.0GB (6GB approx) Virtual=8192.0GB
[2015.03.12-12.53.47:944][  0]LogMemory: Platform Memory Stats for Windows
[2015.03.12-12.53.47:944][  0]LogMemory: Process Physical Memory: 46.30 MB used, 46.30 MB peak
[2015.03.12-12.53.47:945][  0]LogMemory: Process Virtual Memory: 24.72 MB used, 24.72 MB peak
[2015.03.12-12.53.47:945][  0]LogMemory: Physical Memory: 5462.88 MB used, 6134.93 MB total
[2015.03.12-12.53.47:945][  0]LogMemory: Virtual Memory: 275.32 MB used, 8388608.00 MB total
[2015.03.12-12.53.48:043][  0]LogD3D11RHI: Found D3D11 adapter 0: NVIDIA GeForce GTX 260   (Feature Level 10_0)
[2015.03.12-12.53.48:044][  0]LogD3D11RHI: Adapter has 1767MB of dedicated video memory, 0MB of dedicated system memory, and 2303MB of shared system memory, 1 output[s]
[2015.03.12-12.53.48:044][  0]LogD3D11RHI: Chosen D3D11 Adapter Id = 0
[2015.03.12-12.53.48:050][  0]LogRHI: Texture pool is 1237 MB (70% of 1767 MB)
[2015.03.12-12.53.48:085][  0]LogD3D11RHI: Async texture creation enabled
[2015.03.12-12.53.48:336][  0]LogTextLocalizationManager: The requested culture ('en_US') has no localization data; parent culture's ('en') localization data will be used.
[2015.03.12-12.53.48:511][  0]LogContentStreaming: Texture pool size is 0.000000MB
[2015.03.12-12.53.52:043][  0]LogTargetPlatformManager:Display: Building Assets For Windows
[2015.03.12-12.53.52:980][  0]LogTargetPlatformManager:Display: Building Assets For Windows
[2015.03.12-12.53.53:103][  0]LogDerivedDataCache:Display: Max Cache Size: 512 MB
[2015.03.12-12.53.53:288][  0]LogDerivedDataCache: Loaded boot cache 0.18s 36MB C:/Users/sctcad/AppData/Local/UnrealEngine/4.7/DerivedDataCache/Boot.ddc.
[2015.03.12-12.53.53:288][  0]LogDerivedDataCache:Display: Loaded Boot cache: C:/Users/sctcad/AppData/Local/UnrealEngine/4.7/DerivedDataCache/Boot.ddc
[2015.03.12-12.53.53:289][  0]LogDerivedDataCache: FDerivedDataBackendGraph:  Pak pak cache file ../../../../../../Users/sctcad/Desktop/SpaceShooter/SpaceShooter/SpaceShooter/DerivedDataCache/DDC.ddp not found, will not use a pak cache.
[2015.03.12-12.53.53:289][  0]LogDerivedDataCache: Unable to find inner node Pak for hierarchical cache Hierarchy.
[2015.03.12-12.53.53:454][  0]LogDerivedDataCache:Display: Pak cache opened for reading ../../../Engine/DerivedDataCache/Compressed.ddp.
[2015.03.12-12.53.53:467][  0]LogDerivedDataCache: Using Local data cache path C:/Users/sctcad/AppData/Local/UnrealEngine/Common/DerivedDataCache: Writable
[2015.03.12-12.53.54:485][  0]LogMeshUtilities: No automatic mesh reduction module available
[2015.03.12-12.53.54:486][  0]LogMeshUtilities: No automatic mesh merging module available
[2015.03.12-12.53.55:153][  0]LogInit: WinSock: version 1.1 (2.2), MaxSocks=32767, MaxUdp=65467
[2015.03.12-12.53.55:370][  0]LogSlate:Warning: Failed to load font data from '../../../Engine/Content/Slate/Fonts/Roboto-Italic.ttf'
[2015.03.12-12.53.57:979][  0]UdpMessaging: Initializing bridge on interface 0.0.0.0:0 to multicast group 230.0.0.1:6666.
[2015.03.12-12.53.58:141][  0]LogMaterial: Missing cached shader map for material M_Pixel_Cube, compiling. 
[2015.03.12-12.53.58:194][  0]LogStaticMesh: Building static mesh SM_Pixel_Enemy_1...
[2015.03.12-12.53.58:254][  0]LogStaticMesh: Built static mesh [60.085873ms] /Game/ExampleContent/Input_Examples/Meshes/SM_Pixel_Enemy_1.SM_Pixel_Enemy_1
[2015.03.12-12.53.58:285][  0]LogStaticMesh: Building static mesh SM_Pixel_Cube...
[2015.03.12-12.53.58:287][  0]LogStaticMesh: Built static mesh [3.132558ms] /Game/ExampleContent/Input_Examples/Meshes/SM_Pixel_Cube.SM_Pixel_Cube
[2015.03.12-12.53.58:307][  0]LogStaticMesh: Building static mesh SM_Pixel_Player...
[2015.03.12-12.53.58:345][  0]LogStaticMesh: Built static mesh [38.110542ms] /Game/ExampleContent/Input_Examples/Meshes/SM_Pixel_Player.SM_Pixel_Player
[2015.03.12-12.53.59:079][  0]SourceControl: Info Source control is disabled
[2015.03.12-12.53.59:080][  0]SourceControl: Info Source control is disabled
[2015.03.12-12.53.59:080][  0]SourceControl: Info Source control is disabled
[2015.03.12-12.53.59:080][  0]LogSourceControl: RunCommandInternalRaw: 'git version'
[2015.03.12-12.53.59:081][  0]LogSourceControl: RunCommandInternalRaw: ExecProcess ReturnCode=2 OutResults=''
[2015.03.12-12.53.59:105][  0]SourceControl: Info Source control is disabled
[2015.03.12-12.54.00:677][  0]LogObj: 24313 objects as part of root set at end of initial load.
[2015.03.12-12.54.00:678][  0]LogUObjectAllocator: 5179128 out of 0 bytes used by permanent object pool.
[2015.03.12-12.54.01:089][  0]LogEngine: Initializing Engine...
[2015.03.12-12.54.03:428][  0]LogInit: XAudio2 using 'Digital Audio (HDMI) (2- High Definition Audio Device)' : 2 channels at 44.1 kHz using 16 bits per sample (channel mask 0x3)
[2015.03.12-12.54.03:472][  0]LogInit: FAudioDevice initialized.
[2015.03.12-12.54.03:724][  0]LogAIModule: Creating AISystem for world NewWorld
[2015.03.12-12.54.03:762][  0]LogDerivedDataCache: Saved boot cache 0.02s 36MB C:/Users/sctcad/AppData/Local/UnrealEngine/4.7/DerivedDataCache/Boot.ddc.
[2015.03.12-12.54.03:770][  0]LogInit: Texture streaming: Enabled
[2015.03.12-12.54.04:061][  0]LogAnalytics: Creating configured Analytics provider AnalyticsET
[2015.03.12-12.54.04:062][  0]LogAnalytics: ET APIKey = Rocket.Release. APIServer = http://et2.epicgames.com/ET2/. AppVersion = 4.7.2-2467323+++depot+UE4-Releases+4.7
[2015.03.12-12.54.04:062][  0]LogAnalytics: ET APIKey = Rocket.Release. DataRouterUploadURL = https://datarouter-public-service-gamedev.ol.epicgames.net/datarouter/api/v1/public/data. AppVersion = 4.7.2-2467323+++depot+UE4-Releases+4.7
[2015.03.12-12.54.04:063][  0]LogAnalytics: SetUserId 64ff77f04af0b475300fe7ab8c79c2b2|d9d81cedd9384488858a28c751665a55|7fac54aa-9f69-47ad-8344-357d0c6be1ba
[2015.03.12-12.54.04:065][  0]LogAnalytics: AnalyticsET::StartSession [Rocket.Release]
[2015.03.12-12.54.04:152][  0]LogInit: Transaction tracking system initialized
[2015.03.12-12.54.05:341][  0]BlueprintLog: New page: Editor Load
[2015.03.12-12.54.05:441][  0]LogAssetRegistry: FAssetRegistry took 0.0147 seconds to start up
[2015.03.12-12.54.05:442][  0]LogDirectoryWatcher:Warning: Failed to begin reading directory changes for ../../../Engine/Plugins/Experimental/CharacterAI/Content/. Error: 0
[2015.03.12-12.54.07:539][  0]LogTargetPlatformManager:Display: Building Assets For Windows
[2015.03.12-12.54.08:163][  0]LogTargetPlatformManager:Display: Building Assets For Windows
[2015.03.12-12.54.09:534][  0]LogSlate:Warning: Failed to load font data from '../../../Engine/Content/Editor/Slate/Fonts/Roboto-Regular.ttf'
[2015.03.12-12.54.09:536][  0]LogSlate:Warning: Failed to load font data from '../../../Engine/Content/Editor/Slate/Fonts/Roboto-Bold.ttf'
[2015.03.12-12.54.09:550][  0]LogConsoleResponse:Display: 
[2015.03.12-12.54.09:854][  0]LogCook:Display: Done creating registry. It took  0.00s.
[2015.03.12-12.54.10:497][  0]SourceControl: Info Source control is disabled
[2015.03.12-12.54.10:501][  0]Cmd: MAP LOAD FILE="../../../../../../Users/sctcad/Desktop/SpaceShooter/SpaceShooter/SpaceShooter/Content/SpacyMap.umap" TEMPLATE=0 SHOWPROGRESS=1 FEATURELEVEL=2
[2015.03.12-12.54.10:505][  0]LightingResults: New page: Lighting Build
[2015.03.12-12.54.10:546][  0]MapCheck: New page: Map Check
[2015.03.12-12.54.10:547][  0]LightingResults: New page: Lighting Build
[2015.03.12-12.54.10:587][  0]LogParticles: Destroying 0 GPU particle simulations for FXSystem 0x0000000011005300
[2015.03.12-12.54.11:888][  0]LogTexture:Display: Building textures: Rock_HoleyWall_2k_alb2 (AutoDXT)
[2015.03.12-12.54.17:176][  0]LogTexture:Display: Building textures: Rock_HoleyWall_2k_ao (AutoDXT)
[2015.03.12-12.54.19:767][  0]LogTexture:Display: Building textures: Rock_HoleyWall_2k_g (AutoDXT)
[2015.03.12-12.54.21:255][  0]LogTexture:Display: Building textures: Rock_HoleyWall_2k_h (AutoDXT)
[2015.03.12-12.54.22:681][  0]LogTexture:Display: Building textures: Rock_HoleyWall_2k_n (BC5)
[2015.03.12-12.54.23:371][  0]LogMaterial: Missing cached shader map for material Rock_HoleyWall, compiling. 
[2015.03.12-12.54.23:423][  0]LogTexture:Display: Building textures: Texture2D_13 (BGRA8)
[2015.03.12-12.54.23:435][  0]LogTexture:Display: Building textures: HQ_Lightmap1_1 (AutoDXT)
[2015.03.12-12.54.23:485][  0]LogTexture:Display: Building textures: LQ_Lightmap_1_1 (DXT1)
[2015.03.12-12.54.23:526][  0]LogTexture:Display: Building textures: ShadowMapTexture2D_1 (BGRA8)
[2015.03.12-12.54.23:530][  0]LogTexture:Display: Building textures: Texture2D_14 (BGRA8)
[2015.03.12-12.54.23:532][  0]LogTexture:Display: Building textures: Texture2D_15 (BGRA8)
[2015.03.12-12.54.23:533][  0]LogTexture:Display: Building textures: Texture2D_16 (BGRA8)
[2015.03.12-12.54.23:535][  0]LogTexture:Display: Building textures: Texture2D_17 (BGRA8)
[2015.03.12-12.54.23:537][  0]LogTexture:Display: Building textures: Texture2D_18 (BGRA8)
[2015.03.12-12.54.23:540][  0]LogTexture:Display: Building textures: Texture2D_19 (BGRA8)
[2015.03.12-12.54.23:541][  0]LogTexture:Display: Building textures: Texture2D_20 (BGRA8)
[2015.03.12-12.54.23:544][  0]LogTexture:Display: Building textures: Texture2D_21 (BGRA8)
[2015.03.12-12.54.23:837][  0]LogEditorServer: Finished looking for orphan Actors (0.000 secs)
[2015.03.12-12.54.23:875][  0]LogAIModule: Creating AISystem for world SpacyMap
[2015.03.12-12.54.23:884][  0]Cmd: MAP CHECKDEP
[2015.03.12-12.54.23:885][  0]MapCheck: New page: SpacyMap - Mar 12, 2015, 4:54:23 AM
[2015.03.12-12.54.24:081][  0]MapCheck: Info Map check complete: 0 Error(s), 0 Warning(s), took 195.551ms to complete.
[2015.03.12-12.54.24:084][  0]LogFileHelpers: Loading map 'SpacyMap' took 13.584
[2015.03.12-12.54.24:572][  0]LogCollectionManager: Loaded 0 collections in 0.003801 seconds
[2015.03.12-12.54.24:662][  0]LogContentBrowser: Native class hierarchy populated in 0.0786 seconds. Added 1701 classes and 263 folders.
[2015.03.12-12.54.25:267][  0]LogContentBrowser: Native class hierarchy updated for 'SceneOutliner' in 0.0112 seconds. Added 1 classes and 2 folders.
[2015.03.12-12.54.25:891][  0]LogCrashTracker: Crashtracker disabled due to settings.
[2015.03.12-12.54.25:904][  0]LogSlate:Warning: Failed to load font data from 'Veranda'
[2015.03.12-12.54.26:020][  0]LogLoad: Full Startup: 41.37 seconds (BP compile: 0.20 seconds)
[2015.03.12-12.54.26:061][  0]LogContentBrowser:Verbose: The content browser source was changed by the sources view to '/Game/ExampleContent/Input_Examples/Meshes'
[2015.03.12-12.54.26:361][  0]LogRenderer:Warning: Reallocating scene render targets to support 32x32 (Frame:2).
[2015.03.12-12.54.27:216][  0]LogRenderer:Warning: Reallocating scene render targets to support 1144x928 (Frame:3).
[2015.03.12-12.54.27:460][  1]Cmd: UpdateLandscapeEditorData -warnings
[2015.03.12-12.54.27:474][  1]Cmd: UpdateLandscapeEditorData
[2015.03.12-12.54.29:230][  8]LogAssetRegistry: Asset discovery search completed in 23.8052 seconds
[2015.03.12-12.54.29:363][  9]AssetReimport: New page: Outstanding source content changes 4:54:29 AM
[2015.03.12-12.54.33:053][290]BlueprintLog: New page: Pre-PIE auto-recompile
[2015.03.12-12.54.33:055][290]LogPlayLevel: [PIE] Compiling SpacyMap before PIE...
[2015.03.12-12.54.33:163][290]LogPlayLevel: PIE:  Blueprint regeneration took 109 ms (1 blueprints)
[2015.03.12-12.54.33:165][290]PIE: New page: PIE session: SpacyMap (Mar 12, 2015, 4:54:33 AM)
[2015.03.12-12.54.33:179][290]LogPlayLevel: PIE: StaticDuplicateObject took: (0.013757s)
[2015.03.12-12.54.33:180][290]LogPlayLevel: PIE: World Init took: (0.000719s)
[2015.03.12-12.54.33:181][290]LogPlayLevel: PIE: Created PIE world by copying editor world from /Game/SpacyMap.SpacyMap to /Game/UEDPIE_0_SpacyMap.SpacyMap (0.015757s)
[2015.03.12-12.54.33:239][290]LogWorld: Game class is 'SpaceShooterGameMode'
[2015.03.12-12.54.33:276][290]LogAIModule: Creating AISystem for world SpacyMap
[2015.03.12-12.54.33:293][290]LogWorld: Bringing World /Game/UEDPIE_0_SpacyMap.SpacyMap up for play (max tick rate 0) at 2015.03.12-08.54.33
[2015.03.12-12.54.33:305][290]LogWorld: Bringing up level for play took: 0.028601
[2015.03.12-12.54.33:331][290]PIE: Info Play in editor start time for /Game/UEDPIE_0_SpacyMap -0.696
[2015.03.12-12.54.51:683][710]LogParticles: Destroying 0 GPU particle simulations for FXSystem 0x000000000A515760
[2015.03.12-12.55.19:871][670]BlueprintLog: New page: Pre-PIE auto-recompile
[2015.03.12-12.55.19:872][670]LogPlayLevel: [PIE] Compiling SpacyMap before PIE...
[2015.03.12-12.55.19:928][670]LogPlayLevel: PIE:  Blueprint regeneration took 56 ms (1 blueprints)
[2015.03.12-12.55.19:929][670]PIE: New page: PIE session: SpacyMap (Mar 12, 2015, 4:55:19 AM)
[2015.03.12-12.55.19:941][670]LogPlayLevel: PIE: StaticDuplicateObject took: (0.011332s)
[2015.03.12-12.55.19:942][670]LogPlayLevel: PIE: World Init took: (0.000666s)
[2015.03.12-12.55.19:943][670]LogPlayLevel: PIE: Created PIE world by copying editor world from /Game/SpacyMap.SpacyMap to /Game/UEDPIE_0_SpacyMap.SpacyMap (0.012943s)
[2015.03.12-12.55.19:974][670]LogWorld: Game class is 'SpaceShooterGameMode'
[2015.03.12-12.55.19:978][670]LogAIModule: Creating AISystem for world SpacyMap
[2015.03.12-12.55.19:996][670]LogWorld: Bringing World /Game/UEDPIE_0_SpacyMap.SpacyMap up for play (max tick rate 0) at 2015.03.12-08.55.19
[2015.03.12-12.55.19:999][670]LogWorld: Bringing up level for play took: 0.019276
[2015.03.12-12.55.20:004][670]PIE: Info Play in editor start time for /Game/UEDPIE_0_SpacyMap -0.02
[2015.03.12-12.55.27:075][819]LogParticles: Destroying 0 GPU particle simulations for FXSystem 0x000000001AA8CD60
[2015.03.12-12.55.39:504][179]BlueprintLog: New page: Pre-PIE auto-recompile
[2015.03.12-12.55.39:505][179]LogPlayLevel: [PIE] Compiling SpacyMap before PIE...
[2015.03.12-12.55.39:561][179]LogPlayLevel: PIE:  Blueprint regeneration took 57 ms (1 blueprints)
[2015.03.12-12.55.39:562][179]PIE: New page: PIE session: SpacyMap (Mar 12, 2015, 4:55:39 AM)
[2015.03.12-12.55.39:579][179]LogPlayLevel: PIE: StaticDuplicateObject took: (0.016014s)
[2015.03.12-12.55.39:580][179]LogPlayLevel: PIE: World Init took: (0.000623s)
[2015.03.12-12.55.39:580][179]LogPlayLevel: PIE: Created PIE world by copying editor world from /Game/SpacyMap.SpacyMap to /Game/UEDPIE_0_SpacyMap.SpacyMap (0.017522s)
[2015.03.12-12.55.39:608][179]LogWorld: Game class is 'SpaceShooterGameMode'
[2015.03.12-12.55.39:612][179]LogAIModule: Creating AISystem for world SpacyMap
[2015.03.12-12.55.39:635][179]LogWorld: Bringing World /Game/UEDPIE_0_SpacyMap.SpacyMap up for play (max tick rate 0) at 2015.03.12-08.55.39
[2015.03.12-12.55.39:637][179]LogWorld: Bringing up level for play took: 0.023938
[2015.03.12-12.55.39:641][179]PIE: Info Play in editor start time for /Game/UEDPIE_0_SpacyMap -0.382
[2015.03.12-12.55.47:351][339]Set new viewmode: Wireframe
[2015.03.12-12.55.49:387][574]Set new viewmode: Unlit
[2015.03.12-12.55.50:382][687]Set new viewmode: Lit
[2015.03.12-12.55.51:164][706]Error: view mode not recognized: detaillighting
[2015.03.12-12.55.51:941][722]Set new viewmode: Wireframe
[2015.03.12-12.55.52:508][781]Set new viewmode: Wireframe
[2015.03.12-12.55.53:000][840]Set new viewmode: Unlit
[2015.03.12-12.55.53:341][878]Set new viewmode: Lit
[2015.03.12-12.55.53:810][890]Error: view mode not recognized: detaillighting
[2015.03.12-12.55.54:349][903]Set new viewmode: Lit
[2015.03.12-12.55.55:194][920]LogParticles: Destroying 0 GPU particle simulations for FXSystem 0x000000000CBD8C20
[2015.03.12-12.55.57:035][121]MapCheck: New page: Map Check
[2015.03.12-12.55.57:066][121]Cmd: MAP REBUILD ALLVISIBLE
[2015.03.12-12.55.57:066][121]LogEditorServer: Rebuildmap Clear paths rebuilt
[2015.03.12-12.55.57:176][121]LightingResults: New page: Lighting Build - Mar 12, 2015, 4:55:57 AM
[2015.03.12-12.56.07:325][121]LogStaticLightingSystem:Warning: No importance volume found, so the scene bounding box was used.  You can optimize your scene's quality and lighting build times by adding importance volumes.
[2015.03.12-12.56.07:327][121]LogStaticLightingSystem: Running Lightmass w/ ImmediateImport mode ENABLED
[2015.03.12-12.56.07:327][121]LogStaticLightingSystem: Running Lightmass w/ ImmediateProcess mode ENABLED
[2015.03.12-12.56.07:328][121]LogStaticLightingSystem: Running Lightmass w/ Sorting mode ENABLED
[2015.03.12-12.56.07:328][121]LogStaticLightingSystem: Running Lightmass w/ Mapping paddings ENABLED
[2015.03.12-12.56.07:328][121]LogStaticLightingSystem: Running Lightmass w/ Mapping debug paddings DISABLED
[2015.03.12-12.56.07:524][121]LogEditorBuildUtils: Build time 0:00:10
[2015.03.12-12.56.07:543][121]LogMaterial: Missing cached shader map for material FLightmassMaterialRenderer MaterialInstanceDynamic_31, compiling. 
[2015.03.12-12.56.07:547][121]LogMaterial: Missing cached shader map for material FLightmassMaterialRenderer MaterialInstanceDynamic_31, compiling. 
[2015.03.12-12.56.07:608][122]Cmd: UpdateLandscapeEditorData
[2015.03.12-12.56.07:633][122]LogMaterial: Missing cached shader map for material FLightmassMaterialRenderer LandscapeMaterialInstanceConstant_202, compiling. 
[2015.03.12-12.56.07:637][122]LogMaterial: Missing cached shader map for material FLightmassMaterialRenderer LandscapeMaterialInstanceConstant_202, compiling. 
[2015.03.12-12.56.07:913][127]LogMaterial: Missing cached shader map for material FLightmassMaterialRenderer WorldGridMaterial, compiling. Is special engine material.
[2015.03.12-12.56.07:923][127]LogMaterial: Missing cached shader map for material FLightmassMaterialRenderer WorldGridMaterial, compiling. Is special engine material.
[2015.03.12-12.56.12:664][317]Job is a success!
[2015.03.12-12.56.12:821][318]LogTexture:Display: Building textures: HQ_Lightmap0_1 (AutoDXT)
[2015.03.12-12.56.12:863][318]LogTexture:Display: Building textures: LQ_Lightmap_0_1 (DXT1)
[2015.03.12-12.56.12:919][318]LogTexture:Display: Building textures: ShadowMapTexture2D_0 (BGRA8)
[2015.03.12-12.56.13:026][318]Lightmass on C401IT34: 1.72 sec total, 335 ms importing, 29 ms setup, 424 ms photons, 925 ms processing, 0 ms extra exporting [46/46 mappings]. Threads: 6.29 sec total, 2.71 sec processing.
[2015.03.12-12.56.13:158][318]LogStaticLightingSystem: Illumination: 15.9 sec (139 ms encoding lightmaps)
[2015.03.12-12.56.13:158][318]LogStaticLightingSystem: Lightmap texture memory:  0.1 MB (0.1 MB streaming, 0.0 MB non-streaming), 2 textures
[2015.03.12-12.56.13:159][318]LogStaticLightingSystem: Shadowmap texture memory: 0.2 MB (0.2 MB streaming, 0.0 MB non-streaming), 1 textures
[2015.03.12-12.56.13:322][319]Cmd: UpdateLandscapeEditorData
[2015.03.12-12.56.13:324][319]Cmd: MAP CHECK NOTIFYRESULTS
[2015.03.12-12.56.13:324][319]MapCheck: New page: SpacyMap - Mar 12, 2015, 4:56:13 AM
[2015.03.12-12.56.13:443][319]MapCheck: Info Map check complete: 0 Error(s), 0 Warning(s), took 118.921ms to complete.
[2015.03.12-12.56.15:704][559]BlueprintLog: New page: Pre-PIE auto-recompile
[2015.03.12-12.56.15:704][559]LogPlayLevel: [PIE] Compiling SpacyMap before PIE...
[2015.03.12-12.56.15:757][559]LogPlayLevel: PIE:  Blueprint regeneration took 52 ms (1 blueprints)
[2015.03.12-12.56.15:757][559]PIE: New page: PIE session: SpacyMap (Mar 12, 2015, 4:56:15 AM)
[2015.03.12-12.56.15:771][559]LogPlayLevel: PIE: StaticDuplicateObject took: (0.013517s)
[2015.03.12-12.56.15:773][559]LogPlayLevel: PIE: World Init took: (0.000724s)
[2015.03.12-12.56.15:773][559]LogPlayLevel: PIE: Created PIE world by copying editor world from /Game/SpacyMap.SpacyMap to /Game/UEDPIE_0_SpacyMap.SpacyMap (0.015264s)
[2015.03.12-12.56.15:805][559]LogWorld: Game class is 'SpaceShooterGameMode'
[2015.03.12-12.56.15:810][559]LogAIModule: Creating AISystem for world SpacyMap
[2015.03.12-12.56.15:833][559]LogWorld: Bringing World /Game/UEDPIE_0_SpacyMap.SpacyMap up for play (max tick rate 0) at 2015.03.12-08.56.15
[2015.03.12-12.56.15:835][559]LogWorld: Bringing up level for play took: 0.023843
[2015.03.12-12.56.15:840][559]PIE: Info Play in editor start time for /Game/UEDPIE_0_SpacyMap -0.182
[2015.03.12-12.56.32:572][ 49]LogParticles: Destroying 0 GPU particle simulations for FXSystem 0x000000000E2FCAE0
[2015.03.12-12.56.41:336][ 13]BlueprintLog: New page: Pre-PIE auto-recompile
[2015.03.12-12.56.41:337][ 13]LogPlayLevel: [PIE] Compiling SpacyMap before PIE...
[2015.03.12-12.56.41:386][ 13]LogPlayLevel: PIE:  Blueprint regeneration took 49 ms (1 blueprints)
[2015.03.12-12.56.41:387][ 13]PIE: New page: PIE session: SpacyMap (Mar 12, 2015, 4:56:41 AM)
[2015.03.12-12.56.41:402][ 13]LogPlayLevel: PIE: StaticDuplicateObject took: (0.013738s)
[2015.03.12-12.56.41:403][ 13]LogPlayLevel: PIE: World Init took: (0.000742s)
[2015.03.12-12.56.41:403][ 13]LogPlayLevel: PIE: Created PIE world by copying editor world from /Game/SpacyMap.SpacyMap to /Game/UEDPIE_0_SpacyMap.SpacyMap (0.015444s)
[2015.03.12-12.56.41:435][ 13]LogWorld: Game class is 'SpaceShooterGameMode'
[2015.03.12-12.56.41:439][ 13]LogAIModule: Creating AISystem for world SpacyMap
[2015.03.12-12.56.41:457][ 13]LogWorld: Bringing World /Game/UEDPIE_0_SpacyMap.SpacyMap up for play (max tick rate 0) at 2015.03.12-08.56.41
[2015.03.12-12.56.41:459][ 13]LogWorld: Bringing up level for play took: 0.018869
[2015.03.12-12.56.41:463][ 13]PIE: Info Play in editor start time for /Game/UEDPIE_0_SpacyMap -0.558
[2015.03.12-12.56.46:558][128]LogParticles: Destroying 0 GPU particle simulations for FXSystem 0x0000000019E88E00
[2015.03.12-12.56.57:726][979]BlueprintLog: New page: Pre-PIE auto-recompile
[2015.03.12-12.56.57:727][979]LogPlayLevel: [PIE] Compiling SpacyMap before PIE...
[2015.03.12-12.56.57:777][979]LogPlayLevel: PIE:  Blueprint regeneration took 50 ms (1 blueprints)
[2015.03.12-12.56.57:778][979]PIE: New page: PIE session: SpacyMap (Mar 12, 2015, 4:56:57 AM)
[2015.03.12-12.56.57:791][979]LogPlayLevel: PIE: StaticDuplicateObject took: (0.012537s)
[2015.03.12-12.56.57:792][979]LogPlayLevel: PIE: World Init took: (0.000730s)
[2015.03.12-12.56.57:793][979]LogPlayLevel: PIE: Created PIE world by copying editor world from /Game/SpacyMap.SpacyMap to /Game/UEDPIE_0_SpacyMap.SpacyMap (0.014361s)
[2015.03.12-12.56.57:823][979]LogWorld: Game class is 'SpaceShooterGameMode'
[2015.03.12-12.56.57:827][979]LogAIModule: Creating AISystem for world SpacyMap
[2015.03.12-12.56.57:844][979]LogWorld: Bringing World /Game/UEDPIE_0_SpacyMap.SpacyMap up for play (max tick rate 0) at 2015.03.12-08.56.57
[2015.03.12-12.56.57:846][979]LogWorld: Bringing up level for play took: 0.017796
[2015.03.12-12.56.57:849][979]PIE: Info Play in editor start time for /Game/UEDPIE_0_SpacyMap -0.171
[2015.03.12-12.57.01:590][ 50]LogParticles: Destroying 0 GPU particle simulations for FXSystem 0x000000000BF59D00
[2015.03.12-12.57.17:345][696]BlueprintLog: New page: Pre-PIE auto-recompile
[2015.03.12-12.57.17:345][696]LogPlayLevel: [PIE] Compiling SpacyMap before PIE...
[2015.03.12-12.57.17:398][696]LogPlayLevel: PIE:  Blueprint regeneration took 53 ms (1 blueprints)
[2015.03.12-12.57.17:398][696]PIE: New page: PIE session: SpacyMap (Mar 12, 2015, 4:57:17 AM)
[2015.03.12-12.57.17:411][696]LogPlayLevel: PIE: StaticDuplicateObject took: (0.011218s)
[2015.03.12-12.57.17:412][696]LogPlayLevel: PIE: World Init took: (0.000744s)
[2015.03.12-12.57.17:412][696]LogPlayLevel: PIE: Created PIE world by copying editor world from /Game/SpacyMap.SpacyMap to /Game/UEDPIE_0_SpacyMap.SpacyMap (0.012890s)
[2015.03.12-12.57.17:441][696]LogWorld: Game class is 'SpaceShooterGameMode'
[2015.03.12-12.57.17:446][696]LogAIModule: Creating AISystem for world SpacyMap
[2015.03.12-12.57.17:469][696]LogWorld: Bringing World /Game/UEDPIE_0_SpacyMap.SpacyMap up for play (max tick rate 0) at 2015.03.12-08.57.17
[2015.03.12-12.57.17:472][696]LogWorld: Bringing up level for play took: 0.025306
[2015.03.12-12.57.17:476][696]PIE: Info Play in editor start time for /Game/UEDPIE_0_SpacyMap -0.543
[2015.03.12-12.57.21:367][773]LogParticles: Destroying 0 GPU particle simulations for FXSystem 0x000000001D286AC0
[2015.03.12-12.57.27:939][449]BlueprintLog: New page: Pre-PIE auto-recompile
[2015.03.12-12.57.27:939][449]LogPlayLevel: [PIE] Compiling SpacyMap before PIE...
[2015.03.12-12.57.28:005][449]LogPlayLevel: PIE:  Blueprint regeneration took 66 ms (1 blueprints)
[2015.03.12-12.57.28:006][449]PIE: New page: PIE session: SpacyMap (Mar 12, 2015, 4:57:28 AM)
[2015.03.12-12.57.28:022][449]LogPlayLevel: PIE: StaticDuplicateObject took: (0.015334s)
[2015.03.12-12.57.28:023][449]LogPlayLevel: PIE: World Init took: (0.000768s)
[2015.03.12-12.57.28:024][449]LogPlayLevel: PIE: Created PIE world by copying editor world from /Game/SpacyMap.SpacyMap to /Game/UEDPIE_0_SpacyMap.SpacyMap (0.017176s)
[2015.03.12-12.57.28:055][449]LogWorld: Game class is 'SpaceShooterGameMode'
[2015.03.12-12.57.28:060][449]LogAIModule: Creating AISystem for world SpacyMap
[2015.03.12-12.57.28:077][449]LogWorld: Bringing World /Game/UEDPIE_0_SpacyMap.SpacyMap up for play (max tick rate 0) at 2015.03.12-08.57.28
[2015.03.12-12.57.28:079][449]LogWorld: Bringing up level for play took: 0.017945
[2015.03.12-12.57.28:084][449]PIE: Info Play in editor start time for /Game/UEDPIE_0_SpacyMap 0.065
[2015.03.12-12.57.31:339][510]LogParticles: Destroying 0 GPU particle simulations for FXSystem 0x0000000019E88B80
[2015.03.12-12.57.51:368][472]Cmd: DELETE
[2015.03.12-12.57.51:369][472]Cmd: ACTOR DELETE
[2015.03.12-12.57.55:444][472]LogEditorActor: Deleted 0 Actors (4.073 secs)
[2015.03.12-12.57.56:985][641]Cmd: DELETE
[2015.03.12-12.57.56:986][641]Cmd: ACTOR DELETE
[2015.03.12-12.57.57:783][641]LogEditorActor: Deleted Actor: DirectionalLight
[2015.03.12-12.57.57:796][641]LogEditorActor: Deleted 1 Actors (0.809 secs)
[2015.03.12-12.58.03:287][252]Cmd: TRANSACTION UNDO
[2015.03.12-12.58.03:287][252]LogEditorTransaction: Undo Delete Actors
[2015.03.12-12.58.05:266][441]Cmd: DELETE
[2015.03.12-12.58.05:267][441]Cmd: ACTOR DELETE
[2015.03.12-12.58.06:360][441]LogEditorActor: Deleted Actor: DirectionalLight
[2015.03.12-12.58.06:376][441]LogEditorActor: Deleted 1 Actors (1.109 secs)
[2015.03.12-12.58.41:204][105]MapCheck: New page: Map Check
[2015.03.12-12.58.41:229][105]Cmd: MAP REBUILD ALLVISIBLE
[2015.03.12-12.58.41:230][105]LogEditorServer: Rebuildmap Clear paths rebuilt
[2015.03.12-12.58.41:313][105]LightingResults: New page: Lighting Build - Mar 12, 2015, 4:58:41 AM
[2015.03.12-12.58.45:891][105]LogStaticLightingSystem:Warning: No importance volume found, so the scene bounding box was used.  You can optimize your scene's quality and lighting build times by adding importance volumes.
[2015.03.12-12.58.45:892][105]LogStaticLightingSystem: Running Lightmass w/ ImmediateImport mode ENABLED
[2015.03.12-12.58.45:892][105]LogStaticLightingSystem: Running Lightmass w/ ImmediateProcess mode ENABLED
[2015.03.12-12.58.45:893][105]LogStaticLightingSystem: Running Lightmass w/ Sorting mode ENABLED
[2015.03.12-12.58.45:893][105]LogStaticLightingSystem: Running Lightmass w/ Mapping paddings ENABLED
[2015.03.12-12.58.45:893][105]LogStaticLightingSystem: Running Lightmass w/ Mapping debug paddings DISABLED
[2015.03.12-12.58.45:960][105]LogEditorBuildUtils: Build time 0:00:04
[2015.03.12-12.58.45:987][106]Cmd: UpdateLandscapeEditorData
[2015.03.12-12.58.47:815][236]Job is a success!
[2015.03.12-12.58.47:920][237]LogTexture:Display: Building textures: HQ_Lightmap1_1 (AutoDXT)
[2015.03.12-12.58.47:966][237]LogTexture:Display: Building textures: LQ_Lightmap_1_1 (DXT1)
[2015.03.12-12.58.48:017][237]LogTexture:Display: Building textures: ShadowMapTexture2D_1 (BGRA8)
[2015.03.12-12.58.48:093][237]Lightmass on C401IT34: 1.63 sec total, 414 ms importing, 33 ms setup, 413 ms photons, 758 ms processing, 0 ms extra exporting [46/46 mappings]. Threads: 5.16 sec total, 2.41 sec processing.
[2015.03.12-12.58.48:213][237]LogStaticLightingSystem: Illumination: 6.87 sec (133 ms encoding lightmaps)
[2015.03.12-12.58.48:213][237]LogStaticLightingSystem: Lightmap texture memory:  0.1 MB (0.1 MB streaming, 0.0 MB non-streaming), 2 textures
[2015.03.12-12.58.48:214][237]LogStaticLightingSystem: Shadowmap texture memory: 0.3 MB (0.3 MB streaming, 0.0 MB non-streaming), 2 textures
[2015.03.12-12.58.48:926][238]Cmd: UpdateLandscapeEditorData
[2015.03.12-12.58.48:927][238]Cmd: MAP CHECK NOTIFYRESULTS
[2015.03.12-12.58.48:928][238]MapCheck: New page: SpacyMap - Mar 12, 2015, 4:58:48 AM
[2015.03.12-12.58.49:046][238]MapCheck: Info Map check complete: 0 Error(s), 0 Warning(s), took 118.497ms to complete.
[2015.03.12-12.58.57:585][211]BlueprintLog: New page: Pre-PIE auto-recompile
[2015.03.12-12.58.57:586][211]LogPlayLevel: [PIE] Compiling SpacyMap before PIE...
[2015.03.12-12.58.57:637][211]LogPlayLevel: PIE:  Blueprint regeneration took 52 ms (1 blueprints)
[2015.03.12-12.58.57:638][211]PIE: New page: PIE session: SpacyMap (Mar 12, 2015, 4:58:57 AM)
[2015.03.12-12.58.57:650][211]LogPlayLevel: PIE: StaticDuplicateObject took: (0.011264s)
[2015.03.12-12.58.57:651][211]LogPlayLevel: PIE: World Init took: (0.000636s)
[2015.03.12-12.58.57:651][211]LogPlayLevel: PIE: Created PIE world by copying editor world from /Game/SpacyMap.SpacyMap to /Game/UEDPIE_0_SpacyMap.SpacyMap (0.012805s)
[2015.03.12-12.58.57:682][211]LogWorld: Game class is 'SpaceShooterGameMode'
[2015.03.12-12.58.57:686][211]LogAIModule: Creating AISystem for world SpacyMap
[2015.03.12-12.58.57:702][211]LogWorld: Bringing World /Game/UEDPIE_0_SpacyMap.SpacyMap up for play (max tick rate 0) at 2015.03.12-08.58.57
[2015.03.12-12.58.57:704][211]LogWorld: Bringing up level for play took: 0.017212
[2015.03.12-12.58.57:708][211]PIE: Info Play in editor start time for /Game/UEDPIE_0_SpacyMap -0.307
[2015.03.12-12.59.00:401][259]LogParticles: Destroying 0 GPU particle simulations for FXSystem 0x000000000E2FF420
[2015.03.12-12.59.08:096][ 53]BlueprintLog: New page: Pre-PIE auto-recompile
[2015.03.12-12.59.08:096][ 53]LogPlayLevel: [PIE] Compiling SpacyMap before PIE...
[2015.03.12-12.59.08:146][ 53]LogPlayLevel: PIE:  Blueprint regeneration took 50 ms (1 blueprints)
[2015.03.12-12.59.08:147][ 53]PIE: New page: PIE session: SpacyMap (Mar 12, 2015, 4:59:08 AM)
[2015.03.12-12.59.08:160][ 53]LogPlayLevel: PIE: StaticDuplicateObject took: (0.011972s)
[2015.03.12-12.59.08:161][ 53]LogPlayLevel: PIE: World Init took: (0.000611s)
[2015.03.12-12.59.08:161][ 53]LogPlayLevel: PIE: Created PIE world by copying editor world from /Game/SpacyMap.SpacyMap to /Game/UEDPIE_0_SpacyMap.SpacyMap (0.013429s)
[2015.03.12-12.59.08:193][ 53]LogWorld: Game class is 'SpaceShooterGameMode'
[2015.03.12-12.59.08:197][ 53]LogAIModule: Creating AISystem for world SpacyMap
[2015.03.12-12.59.08:215][ 53]LogWorld: Bringing World /Game/UEDPIE_0_SpacyMap.SpacyMap up for play (max tick rate 0) at 2015.03.12-08.59.08
[2015.03.12-12.59.08:217][ 53]LogWorld: Bringing up level for play took: 0.019212
[2015.03.12-12.59.08:221][ 53]PIE: Info Play in editor start time for /Game/UEDPIE_0_SpacyMap 0.207
[2015.03.12-12.59.14:143][169]Set new viewmode: Wireframe
[2015.03.12-12.59.14:974][261]Set new viewmode: Wireframe
[2015.03.12-12.59.15:840][355]LogParticles: Destroying 0 GPU particle simulations for FXSystem 0x000000001D287BA0
[2015.03.12-12.59.24:988][296]BlueprintLog: New page: Pre-PIE auto-recompile
[2015.03.12-12.59.24:988][296]LogPlayLevel: [PIE] Compiling SpacyMap before PIE...
[2015.03.12-12.59.25:043][296]LogPlayLevel: PIE:  Blueprint regeneration took 55 ms (1 blueprints)
[2015.03.12-12.59.25:044][296]PIE: New page: PIE session: SpacyMap (Mar 12, 2015, 4:59:25 AM)
[2015.03.12-12.59.25:056][296]LogPlayLevel: PIE: StaticDuplicateObject took: (0.011918s)
[2015.03.12-12.59.25:058][296]LogPlayLevel: PIE: World Init took: (0.000800s)
[2015.03.12-12.59.25:058][296]LogPlayLevel: PIE: Created PIE world by copying editor world from /Game/SpacyMap.SpacyMap to /Game/UEDPIE_0_SpacyMap.SpacyMap (0.013742s)
[2015.03.12-12.59.25:088][296]LogWorld: Game class is 'SpaceShooterGameMode'
[2015.03.12-12.59.25:092][296]LogAIModule: Creating AISystem for world SpacyMap
[2015.03.12-12.59.25:110][296]LogWorld: Bringing World /Game/UEDPIE_0_SpacyMap.SpacyMap up for play (max tick rate 0) at 2015.03.12-08.59.25
[2015.03.12-12.59.25:112][296]LogWorld: Bringing up level for play took: 0.018567
[2015.03.12-12.59.25:115][296]PIE: Info Play in editor start time for /Game/UEDPIE_0_SpacyMap 1.102
[2015.03.12-12.59.29:620][381]Set new viewmode: Wireframe
[2015.03.12-12.59.30:448][471]Set new viewmode: Wireframe
[2015.03.12-12.59.30:772][502]LogParticles: Destroying 0 GPU particle simulations for FXSystem 0x000000001D287D80
[2015.03.12-12.59.41:284][328]LogContentBrowser:Verbose: The content browser source was changed by the sources view to '/Classes_Game/SpaceShooter'
[2015.03.12-12.59.44:310][416]LogEditor: Attempting to add actor of class 'Ship' to level at -580.00,-80.00,160.00
[2015.03.12-12.59.48:215][545]LogEditor: Attempting to add actor of class 'Ship' to level at -210.00,-250.00,360.00
[2015.03.12-13.00.09:155][519]BlueprintLog: New page: Pre-PIE auto-recompile
[2015.03.12-13.00.09:155][519]LogPlayLevel: [PIE] Compiling SpacyMap before PIE...
[2015.03.12-13.00.09:204][519]LogPlayLevel: PIE:  Blueprint regeneration took 48 ms (1 blueprints)
[2015.03.12-13.00.09:204][519]PIE: New page: PIE session: SpacyMap (Mar 12, 2015, 5:00:09 AM)
[2015.03.12-13.00.09:222][519]LogPlayLevel: PIE: StaticDuplicateObject took: (0.016714s)
[2015.03.12-13.00.09:224][519]LogPlayLevel: PIE: World Init took: (0.000761s)
[2015.03.12-13.00.09:224][519]LogPlayLevel: PIE: Created PIE world by copying editor world from /Game/SpacyMap.SpacyMap to /Game/UEDPIE_0_SpacyMap.SpacyMap (0.018490s)
[2015.03.12-13.00.09:254][519]LogWorld: Game class is 'SpaceShooterGameMode'
[2015.03.12-13.00.09:258][519]LogAIModule: Creating AISystem for world SpacyMap
[2015.03.12-13.00.09:276][519]LogWorld: Bringing World /Game/UEDPIE_0_SpacyMap.SpacyMap up for play (max tick rate 0) at 2015.03.12-09.00.09
[2015.03.12-13.00.09:280][519]LogWorld: Bringing up level for play took: 0.020791
[2015.03.12-13.00.09:284][519]PIE: Info Play in editor start time for /Game/UEDPIE_0_SpacyMap -0.728
[2015.03.12-13.00.15:405][645]LogParticles: Destroying 0 GPU particle simulations for FXSystem 0x000000001D23EC00
[2015.03.12-13.00.16:481][743]BlueprintLog: New page: Pre-PIE auto-recompile
[2015.03.12-13.00.16:481][743]LogPlayLevel: [PIE] Compiling SpacyMap before PIE...
[2015.03.12-13.00.16:536][743]LogPlayLevel: PIE:  Blueprint regeneration took 55 ms (1 blueprints)
[2015.03.12-13.00.16:537][743]PIE: New page: PIE session: SpacyMap (Mar 12, 2015, 5:00:16 AM)
[2015.03.12-13.00.16:558][743]LogPlayLevel: PIE: StaticDuplicateObject took: (0.019977s)
[2015.03.12-13.00.16:559][743]LogPlayLevel: PIE: World Init took: (0.000636s)
[2015.03.12-13.00.16:559][743]LogPlayLevel: PIE: Created PIE world by copying editor world from /Game/SpacyMap.SpacyMap to /Game/UEDPIE_0_SpacyMap.SpacyMap (0.021615s)
[2015.03.12-13.00.16:587][743]LogWorld: Game class is 'SpaceShooterGameMode'
[2015.03.12-13.00.16:592][743]LogAIModule: Creating AISystem for world SpacyMap
[2015.03.12-13.00.16:609][743]LogWorld: Bringing World /Game/UEDPIE_0_SpacyMap.SpacyMap up for play (max tick rate 0) at 2015.03.12-09.00.16
[2015.03.12-13.00.16:611][743]LogWorld: Bringing up level for play took: 0.018391
[2015.03.12-13.00.16:616][743]PIE: Info Play in editor start time for /Game/UEDPIE_0_SpacyMap 0.605
[2015.03.12-13.00.24:699][958]LogSelection:Warning: PIE object was selected: "Ship /Game/UEDPIE_0_SpacyMap.SpacyMap:PersistentLevel.Ship_12"
[2015.03.12-13.00.26:092][  6]LogSelection:Warning: PIE object was selected: "Ship /Game/UEDPIE_0_SpacyMap.SpacyMap:PersistentLevel.Ship_14"
[2015.03.12-13.00.27:489][ 56]LogSelection:Warning: PIE object was selected: "Ship /Game/UEDPIE_0_SpacyMap.SpacyMap:PersistentLevel.Ship_12"
[2015.03.12-13.00.28:440][ 89]LogSelection:Warning: PIE object was selected: "Ship /Game/UEDPIE_0_SpacyMap.SpacyMap:PersistentLevel.Ship_14"
[2015.03.12-13.00.33:335][262]LogParticles: Destroying 0 GPU particle simulations for FXSystem 0x0000000018689B20
[2015.03.12-13.00.36:301][594]LogEditorActor: Deleted Actor: SkyLight
[2015.03.12-13.00.36:314][594]LogEditorActor: Deleted 1 Actors (0.014 secs)
[2015.03.12-13.00.47:176][480]Cmd: DELETE
[2015.03.12-13.00.47:176][480]Cmd: ACTOR DELETE
[2015.03.12-13.00.47:178][480]LogEditorActor: Deleted Actor: PointLight
[2015.03.12-13.00.47:190][480]LogEditorActor: Deleted 1 Actors (0.014 secs)
[2015.03.12-13.01.19:639][938]EditorErrors: New page: Actor attachment
[2015.03.12-13.01.59:743][264]BlueprintLog: New page: Pre-PIE auto-recompile
[2015.03.12-13.01.59:743][264]LogPlayLevel: [PIE] Compiling SpacyMap before PIE...
[2015.03.12-13.01.59:803][264]LogPlayLevel: PIE:  Blueprint regeneration took 60 ms (1 blueprints)
[2015.03.12-13.01.59:804][264]PIE: New page: PIE session: SpacyMap (Mar 12, 2015, 5:01:59 AM)
[2015.03.12-13.01.59:817][264]LogPlayLevel: PIE: StaticDuplicateObject took: (0.012485s)
[2015.03.12-13.01.59:818][264]LogPlayLevel: PIE: World Init took: (0.000658s)
[2015.03.12-13.01.59:819][264]LogPlayLevel: PIE: Created PIE world by copying editor world from /Game/SpacyMap.SpacyMap to /Game/UEDPIE_0_SpacyMap.SpacyMap (0.014069s)
[2015.03.12-13.01.59:852][264]LogWorld: Game class is 'SpaceShooterGameMode'
[2015.03.12-13.01.59:856][264]LogAIModule: Creating AISystem for world SpacyMap
[2015.03.12-13.01.59:880][264]LogWorld: Bringing World /Game/UEDPIE_0_SpacyMap.SpacyMap up for play (max tick rate 0) at 2015.03.12-09.01.59
[2015.03.12-13.01.59:882][264]LogWorld: Bringing up level for play took: 0.024830
[2015.03.12-13.01.59:886][264]PIE: Info Play in editor start time for /Game/UEDPIE_0_SpacyMap -0.12
[2015.03.12-13.02.06:765][399]LogParticles: Destroying 0 GPU particle simulations for FXSystem 0x000000003E6AD440
[2015.03.12-13.02.11:883][928]EditorErrors: New page: Actor attachment
[2015.03.12-13.02.13:913][149]Cmd: TRANSACTION UNDO
[2015.03.12-13.02.13:914][149]LogEditorTransaction: Undo Attach actors
[2015.03.12-13.02.47:636][893]LogEditorActor: Deleted Actor: Ship
[2015.03.12-13.02.47:649][893]LogEditorActor: Deleted 1 Actors (0.014 secs)
[2015.03.12-13.02.54:060][240]BlueprintLog: New page: Pre-PIE auto-recompile
[2015.03.12-13.02.54:061][240]LogPlayLevel: [PIE] Compiling SpacyMap before PIE...
[2015.03.12-13.02.54:107][240]LogPlayLevel: PIE:  Blueprint regeneration took 46 ms (1 blueprints)
[2015.03.12-13.02.54:108][240]PIE: New page: PIE session: SpacyMap (Mar 12, 2015, 5:02:54 AM)
[2015.03.12-13.02.54:120][240]LogPlayLevel: PIE: StaticDuplicateObject took: (0.011841s)
[2015.03.12-13.02.54:122][240]LogPlayLevel: PIE: World Init took: (0.000620s)
[2015.03.12-13.02.54:122][240]LogPlayLevel: PIE: Created PIE world by copying editor world from /Game/SpacyMap.SpacyMap to /Game/UEDPIE_0_SpacyMap.SpacyMap (0.013478s)
[2015.03.12-13.02.54:154][240]LogWorld: Game class is 'SpaceShooterGameMode'
[2015.03.12-13.02.54:158][240]LogAIModule: Creating AISystem for world SpacyMap
[2015.03.12-13.02.54:175][240]LogWorld: Bringing World /Game/UEDPIE_0_SpacyMap.SpacyMap up for play (max tick rate 0) at 2015.03.12-09.02.54
[2015.03.12-13.02.54:177][240]LogWorld: Bringing up level for play took: 0.018147
[2015.03.12-13.02.54:181][240]PIE: Info Play in editor start time for /Game/UEDPIE_0_SpacyMap 0.177
[2015.03.12-13.02.59:337][335]LogParticles: Destroying 0 GPU particle simulations for FXSystem 0x0000000019E88FE0
[2015.03.12-13.03.02:378][659]LogEditorViewport: Clicking on Actor (LMB): Landscape (Landscape3)
[2015.03.12-13.03.02:832][704]LogEditorViewport: Clicking on Actor (LMB): Landscape (Landscape3)
[2015.03.12-13.03.03:341][756]LogEditorViewport: Clicking on Actor (LMB): Landscape (Landscape3)
[2015.03.12-13.03.03:850][800]LogEditorViewport: Clicking on Actor (LMB): SpotLight (SpotLight)
[2015.03.12-13.03.04:967][900]Cmd: DELETE
[2015.03.12-13.03.04:967][900]Cmd: ACTOR DELETE
[2015.03.12-13.03.04:969][900]LogEditorActor: Deleted Actor: SpotLight
[2015.03.12-13.03.04:984][900]LogEditorActor: Deleted 1 Actors (0.016 secs)
[2015.03.12-13.03.06:306][ 55]LogEditorViewport: Clicking on Actor (LMB): DirectionalLight (DirectionalLight)
[2015.03.12-13.03.15:649][  3]BlueprintLog: New page: Pre-PIE auto-recompile
[2015.03.12-13.03.15:650][  3]LogPlayLevel: [PIE] Compiling SpacyMap before PIE...
[2015.03.12-13.03.15:713][  3]LogPlayLevel: PIE:  Blueprint regeneration took 63 ms (1 blueprints)
[2015.03.12-13.03.15:714][  3]PIE: New page: PIE session: SpacyMap (Mar 12, 2015, 5:03:15 AM)
[2015.03.12-13.03.15:727][  3]LogPlayLevel: PIE: StaticDuplicateObject took: (0.012986s)
[2015.03.12-13.03.15:728][  3]LogPlayLevel: PIE: World Init took: (0.000608s)
[2015.03.12-13.03.15:729][  3]LogPlayLevel: PIE: Created PIE world by copying editor world from /Game/SpacyMap.SpacyMap to /Game/UEDPIE_0_SpacyMap.SpacyMap (0.014467s)
[2015.03.12-13.03.15:757][  3]LogWorld: Game class is 'SpaceShooterGameMode'
[2015.03.12-13.03.15:761][  3]LogAIModule: Creating AISystem for world SpacyMap
[2015.03.12-13.03.15:778][  3]LogWorld: Bringing World /Game/UEDPIE_0_SpacyMap.SpacyMap up for play (max tick rate 0) at 2015.03.12-09.03.15
[2015.03.12-13.03.15:780][  3]LogWorld: Bringing up level for play took: 0.017699
[2015.03.12-13.03.15:783][  3]PIE: Info Play in editor start time for /Game/UEDPIE_0_SpacyMap -0.22
[2015.03.12-13.03.19:999][ 97]Set new viewmode: Wireframe
[2015.03.12-13.03.21:800][295]LogParticles: Destroying 0 GPU particle simulations for FXSystem 0x000000000C670860
[2015.03.12-13.03.47:686][243]Recompiling SpaceShooter...
[2015.03.12-13.03.47:687][243]Launching UnrealBuildTool... [C:/Program Files/Unreal Engine/4.7/Engine/Binaries/DotNET/UnrealBuildTool.exe SpaceShooter -ModuleWithSuffix SpaceShooter 7227 Win64 Development -editorrecompile -canskiplink "C:/Users/sctcad/Desktop/SpaceShooter/SpaceShooter/SpaceShooter/SpaceShooter.uproject" -rocket  -rocket]
[2015.03.12-13.03.47:689][243]Warning: Starting HotReload took  0.0s.
[2015.03.12-13.04.03:284][122]CompilerResultsLog: New page: Compilation - Mar 12, 2015, 5:04:03 AM
[2015.03.12-13.04.03:285][122]CompilerResultsLog: Info Performing 2 actions (4 in parallel)
[2015.03.12-13.04.03:286][122]CompilerResultsLog: Info Ship.cpp
[2015.03.12-13.04.03:286][122]CompilerResultsLog:Error: Error c:\users\sctcad\desktop\spaceshooter\spaceshooter\spaceshooter\source\spaceshooter\Projectile.h(21) : warning C4996: TSubobjectPtr is deprecated and should no longer be used. Please use pointers instead.
[2015.03.12-13.04.03:286][122]CompilerResultsLog:Error: Error c:\users\sctcad\desktop\spaceshooter\spaceshooter\spaceshooter\source\spaceshooter\Projectile.h(27) : warning C4996: TSubobjectPtr is deprecated and should no longer be used. Please use pointers instead.
[2015.03.12-13.04.03:287][122]CompilerResultsLog:Error: Error c:\users\sctcad\desktop\spaceshooter\spaceshooter\spaceshooter\source\spaceshooter\SpacyCamera.h(17) : warning C4996: TSubobjectPtr is deprecated and should no longer be used. Please use pointers instead.
[2015.03.12-13.04.03:287][122]CompilerResultsLog:Error: Error c:\users\sctcad\desktop\spaceshooter\spaceshooter\spaceshooter\source\spaceshooter\Ship.h(32) : warning C4996: TSubobjectPtr is deprecated and should no longer be used. Please use pointers instead.
[2015.03.12-13.04.03:288][122]CompilerResultsLog:Error: Error C:\Users\sctcad\Desktop\SpaceShooter\SpaceShooter\SpaceShooter\Source\SpaceShooter\Ship.cpp(6) : warning C4996: FPostConstructInitializeProperties is deprecated and was renamed to FObjectInitializer. Please use that type instead.
[2015.03.12-13.04.03:288][122]CompilerResultsLog: Info [2/2] Link UE4Editor-SpaceShooter-7227.dll
[2015.03.12-13.04.03:288][122]CompilerResultsLog:Error: Error LINK : fatal error LNK1181: cannot open input file 'delayimp.lib'
[2015.03.12-13.04.03:289][122]CompilerResultsLog: Info -------- End Detailed Actions Stats -----------------------------------------------------------
[2015.03.12-13.04.03:289][122]CompilerResultsLog: Info ERROR: UBT ERROR: Failed to produce item: C:\Users\sctcad\Desktop\SpaceShooter\SpaceShooter\SpaceShooter\Binaries\Win64\UE4Editor-SpaceShooter-7227.dll
[2015.03.12-13.04.03:289][122]CompilerResultsLog: Info Cumulative action seconds (8 processors): 0.00 building projects, 10.54 compiling, 0.00 creating app bundles, 0.00 generating debug info, 0.11 linking, 0.00 other
[2015.03.12-13.04.03:290][122]CompilerResultsLog: Info UBT execution time: 15.29 seconds
[2015.03.12-13.04.03:290][122]LogMainFrame: MainFrame: Module compiling took 15.617 seconds
[2015.03.12-13.04.03:292][122]Warning: HotReload failed, recompile failed
[2015.03.12-13.04.03:302][122]LogHotReload: New module detected: UE4Editor-SpaceShooter-7227.dll
[2015.03.12-13.04.03:333][123]LogHotReload: Starting Hot-Reload from IDE
[2015.03.12-13.04.03:405][123]LogModuleManager:Warning: ModuleManager: Unable to load module 'SpaceShooter' because the file 'C:/Users/sctcad/Desktop/SpaceShooter/SpaceShooter/SpaceShooter/Binaries/Win64/UE4Editor-SpaceShooter-7227.dll' was not found.
[2015.03.12-13.04.03:406][123]Warning: HotReload failed, reload failed /Script/SpaceShooter.
[2015.03.12-13.04.03:449][123]LogContentBrowser: Native class hierarchy populated in 0.0192 seconds. Added 1702 classes and 265 folders.
[2015.03.12-13.04.46:638][330]Cmd: OBJ SAVEPACKAGE PACKAGE="/Game/SpacyMap" FILE="../../../../../../Users/sctcad/Desktop/SpaceShooter/SpaceShooter/SpaceShooter/Content/SpacyMap.umap" SILENT=true AUTOSAVING=false KEEPDIRTY=false
[2015.03.12-13.04.46:853][330]LogSavePackage: Save=185.577530ms
[2015.03.12-13.04.46:853][330]LogSavePackage: Moving '../../../../../../Users/sctcad/Desktop/SpaceShooter/SpaceShooter/SpaceShooter/Saved/SpacyMap32C71D534AE9245A7DB3E9AE048504BF.tmp' to '../../../../../../Users/sctcad/Desktop/SpaceShooter/SpaceShooter/SpaceShooter/Content/SpacyMap.umap'
[2015.03.12-13.04.46:906][330]LogFileHelpers: Saving map 'SpacyMap' took 0.381
[2015.03.12-13.04.47:371][331]Cmd: QUIT_EDITOR
[2015.03.12-13.04.47:717][331]LogExit: Preparing to exit.
[2015.03.12-13.04.48:684][331]LogExit: Editor shut down
[2015.03.12-13.04.48:692][331]LogExit: Transaction tracking system shut down
[2015.03.12-13.04.48:692][331]LogParticles: Destroying 0 GPU particle simulations for FXSystem 0x000000000C673B00
[2015.03.12-13.04.48:693][331]LogParticles: Destroying 0 GPU particle simulations for FXSystem 0x0000000019031D00
[2015.03.12-13.04.48:694][331]LogParticles: Destroying 0 GPU particle simulations for FXSystem 0x000000001D448F40
[2015.03.12-13.04.48:694][331]LogParticles: Destroying 0 GPU particle simulations for FXSystem 0x0000000023CCD3A0
[2015.03.12-13.04.48:927][331]LogExit: Object subsystem successfully closed.
[2015.03.12-13.04.49:168][331]LogModuleManager: Shutting down and abandoning module CrashTracker (178)
[2015.03.12-13.04.49:168][331]LogModuleManager: Shutting down and abandoning module SuperSearch (177)
[2015.03.12-13.04.49:168][331]LogModuleManager: Shutting down and abandoning module SceneOutliner (176)
[2015.03.12-13.04.49:169][331]LogModuleManager: Shutting down and abandoning module EditorWidgets (175)
[2015.03.12-13.04.49:169][331]LogModuleManager: Shutting down and abandoning module CollectionManager (174)
[2015.03.12-13.04.49:170][331]LogModuleManager: Shutting down and abandoning module StatsViewer (173)
[2015.03.12-13.04.49:172][331]LogModuleManager: Shutting down and abandoning module FoliageEdit (172)
[2015.03.12-13.04.49:172][331]LogModuleManager: Shutting down and abandoning module LandscapeEditor (171)
[2015.03.12-13.04.49:173][331]LogModuleManager: Shutting down and abandoning module MeshPaint (170)
[2015.03.12-13.04.49:174][331]LogModuleManager: Shutting down and abandoning module ActorPickerMode (169)
[2015.03.12-13.04.49:174][331]LogModuleManager: Shutting down and abandoning module GeometryMode (168)
[2015.03.12-13.04.49:175][331]LogModuleManager: Shutting down and abandoning module TextureAlignMode (167)
[2015.03.12-13.04.49:175][331]LogModuleManager: Shutting down and abandoning module BspMode (166)
[2015.03.12-13.04.49:175][331]LogModuleManager: Shutting down and abandoning module PlacementMode (165)
[2015.03.12-13.04.49:175][331]LogModuleManager: Shutting down and abandoning module AutomationWorker (164)
[2015.03.12-13.04.49:176][331]LogModuleManager: Shutting down and abandoning module CharacterAI (163)
[2015.03.12-13.04.49:176][331]LogModuleManager: Shutting down and abandoning module SmartSnapping (162)
[2015.03.12-13.04.49:176][331]LogModuleManager: Shutting down and abandoning module ViewportSnapping (161)
[2015.03.12-13.04.49:176][331]LogModuleManager: Shutting down and abandoning module LogVisualizer (160)
[2015.03.12-13.04.49:179][331]LogModuleManager: Shutting down and abandoning module GameProjectGeneration (159)
[2015.03.12-13.04.49:180][331]LogModuleManager: Shutting down and abandoning module IntroTutorials (158)
[2015.03.12-13.04.49:182][331]LogModuleManager: Shutting down and abandoning module EditorLiveStreaming (157)
[2015.03.12-13.04.49:183][331]LogModuleManager: Shutting down and abandoning module HardwareTargeting (156)
[2015.03.12-13.04.49:183][331]LogModuleManager: Shutting down and abandoning module DeviceProfileEditor (155)
[2015.03.12-13.04.49:184][331]LogModuleManager: Shutting down and abandoning module UndoHistory (154)
[2015.03.12-13.04.49:184][331]LogModuleManager: Shutting down and abandoning module GameplayTagsEditor (153)
[2015.03.12-13.04.49:184][331]LogModuleManager: Shutting down and abandoning module UserFeedback (152)
[2015.03.12-13.04.49:185][331]LogModuleManager: Shutting down and abandoning module XmlParser (151)
[2015.03.12-13.04.49:185][331]LogModuleManager: Shutting down and abandoning module Blutility (150)
[2015.03.12-13.04.49:186][331]LogModuleManager: Shutting down and abandoning module IOSPlatformEditor (149)
[2015.03.12-13.04.49:186][331]LogModuleManager: Shutting down and abandoning module IOSRuntimeSettings (148)
[2015.03.12-13.04.49:186][331]LogModuleManager: Shutting down and abandoning module AndroidDeviceDetection (147)
[2015.03.12-13.04.49:523][331]LogModuleManager: Shutting down and abandoning module AndroidPlatformEditor (146)
[2015.03.12-13.04.49:523][331]LogModuleManager: Shutting down and abandoning module AndroidRuntimeSettings (145)
[2015.03.12-13.04.49:523][331]LogModuleManager: Shutting down and abandoning module ProjectTargetPlatformEditor (144)
[2015.03.12-13.04.49:524][331]LogModuleManager: Shutting down and abandoning module ProjectSettingsViewer (143)
[2015.03.12-13.04.49:525][331]LogModuleManager: Shutting down and abandoning module InputBindingEditor (142)
[2015.03.12-13.04.49:527][331]LogModuleManager: Shutting down and abandoning module EditorSettingsViewer (141)
[2015.03.12-13.04.49:528][331]LogModuleManager: Shutting down and abandoning module SettingsEditor (140)
[2015.03.12-13.04.49:529][331]LogModuleManager: Shutting down and abandoning module ProjectLauncher (139)
[2015.03.12-13.04.49:531][331]LogModuleManager: Shutting down and abandoning module SessionFrontend (138)
[2015.03.12-13.04.49:532][331]LogModuleManager: Shutting down and abandoning module ProfilerClient (137)
[2015.03.12-13.04.49:533][331]LogModuleManager: Shutting down and abandoning module TargetDeviceServices (136)
[2015.03.12-13.04.49:533][331]LogModuleManager: Shutting down and abandoning module DeviceManager (135)
[2015.03.12-13.04.49:534][331]LogModuleManager: Shutting down and abandoning module AutomationController (134)
[2015.03.12-13.04.49:536][331]LogModuleManager: Shutting down and abandoning module AutomationWindow (133)
[2015.03.12-13.04.49:537][331]LogModuleManager: Shutting down and abandoning module Layers (132)
[2015.03.12-13.04.49:540][331]LogModuleManager: Shutting down and abandoning module ComponentVisualizers (131)
[2015.03.12-13.04.49:540][331]LogModuleManager: Shutting down and abandoning module DetailCustomizations (130)
[2015.03.12-13.04.49:540][331]LogModuleManager: Shutting down and abandoning module PackagesDialog (129)
[2015.03.12-13.04.49:541][331]LogModuleManager: Shutting down and abandoning module AssetRegistry (128)
[2015.03.12-13.04.49:688][331]LogModuleManager: Shutting down and abandoning module Persona (127)
[2015.03.12-13.04.49:693][331]LogModuleManager: Shutting down and abandoning module SlateReflector (126)
[2015.03.12-13.04.49:695][331]LogModuleManager: Shutting down and abandoning module LevelEditor (125)
[2015.03.12-13.04.49:704][331]LogModuleManager: Shutting down and abandoning module Kismet (124)
[2015.03.12-13.04.49:705][331]LogModuleManager: Shutting down and abandoning module GraphEditor (123)
[2015.03.12-13.04.49:709][331]LogModuleManager: Shutting down and abandoning module ClassViewer (122)
[2015.03.12-13.04.49:710][331]LogModuleManager: Shutting down and abandoning module Toolbox (121)
[2015.03.12-13.04.49:710][331]LogModuleManager: Shutting down and abandoning module ModuleUI (120)
[2015.03.12-13.04.49:711][331]LogModuleManager: Shutting down and abandoning module MovieSceneTools (119)
[2015.03.12-13.04.49:714][331]LogModuleManager: Shutting down and abandoning module OutputLog (118)
[2015.03.12-13.04.49:715][331]LogModuleManager: Shutting down and abandoning module GammaUI (117)
[2015.03.12-13.04.49:716][331]LogModuleManager: Shutting down and abandoning module Documentation (116)
[2015.03.12-13.04.49:717][331]LogModuleManager: Shutting down and abandoning module GameLiveStreaming (115)
[2015.03.12-13.04.49:718][331]LogModuleManager: Shutting down and abandoning module StreamingPauseRendering (114)
[2015.03.12-13.04.49:719][331]LogModuleManager: Shutting down and abandoning module HTTP (113)
[2015.03.12-13.04.49:719][331]LogModuleManager: Shutting down and abandoning module AnalyticsET (112)
[2015.03.12-13.04.49:720][331]LogModuleManager: Shutting down and abandoning module Analytics (111)
[2015.03.12-13.04.49:720][331]LogModuleManager: Shutting down and abandoning module AITestSuite (110)
[2015.03.12-13.04.49:721][331]LogModuleManager: Shutting down and abandoning module GameplayDebugger (109)
[2015.03.12-13.04.49:721][331]LogModuleManager: Shutting down and abandoning module AIModule (108)
[2015.03.12-13.04.49:722][331]LogModuleManager: Shutting down and abandoning module ProfilerService (107)
[2015.03.12-13.04.49:761][331]LogModuleManager: Shutting down and abandoning module TaskGraph (106)
[2015.03.12-13.04.49:763][331]LogModuleManager: Shutting down and abandoning module SlateRemote (105)
[2015.03.12-13.04.49:764][331]LogModuleManager: Shutting down and abandoning module ScriptEditorPlugin (104)
[2015.03.12-13.04.49:764][331]LogModuleManager: Shutting down and abandoning module CustomMeshComponent (103)
[2015.03.12-13.04.49:764][331]LogModuleManager: Shutting down and abandoning module CableComponent (102)
[2015.03.12-13.04.49:765][331]LogModuleManager: Shutting down and abandoning module MessagingDebugger (101)
[2015.03.12-13.04.49:768][331]LogModuleManager: Shutting down and abandoning module MediaPlayerEditor (100)
[2015.03.12-13.04.49:771][331]LogModuleManager: Shutting down and abandoning module SpeedTreeImporter (99)
[2015.03.12-13.04.49:771][331]LogModuleManager: Shutting down and abandoning module PluginsEditor (98)
[2015.03.12-13.04.49:774][331]LogModuleManager: Shutting down and abandoning module MainFrame (97)
[2015.03.12-13.04.49:775][331]LogModuleManager: Shutting down and abandoning module EpicSurvey (96)
[2015.03.12-13.04.49:776][331]LogModuleManager: Shutting down and abandoning module DesktopPlatform (95)
[2015.03.12-13.04.49:778][331]LogModuleManager: Shutting down and abandoning module DirectoryWatcher (94)
[2015.03.12-13.04.49:792][331]LogModuleManager: Shutting down and abandoning module HotReload (93)
[2015.03.12-13.04.49:793][331]LogModuleManager: Shutting down and abandoning module VisualStudioSourceCodeAccess (92)
[2015.03.12-13.04.49:794][331]LogModuleManager: Shutting down and abandoning module UObjectPlugin (91)
[2015.03.12-13.04.49:795][331]LogModuleManager: Shutting down and abandoning module SubversionSourceControl (90)
[2015.03.12-13.04.49:798][331]LogModuleManager: Shutting down and abandoning module PerforceSourceControl (89)
[2015.03.12-13.04.49:803][331]LogModuleManager: Shutting down and abandoning module SourceControl (88)
[2015.03.12-13.04.49:806][331]LogModuleManager: Shutting down and abandoning module GitSourceControl (87)
[2015.03.12-13.04.49:808][331]LogModuleManager: Shutting down and abandoning module BlankPlugin (86)
[2015.03.12-13.04.49:809][331]LogModuleManager: Shutting down and abandoning module PaperTiledImporter (85)
[2015.03.12-13.04.49:809][331]LogModuleManager: Shutting down and abandoning module PaperJsonImporter (84)
[2015.03.12-13.04.49:809][331]LogModuleManager: Shutting down and abandoning module ContentBrowser (83)
[2015.03.12-13.04.49:810][331]LogModuleManager: Shutting down and abandoning module Paper2DEditor (82)
[2015.03.12-13.04.49:813][331]LogModuleManager: Shutting down and abandoning module ScriptPlugin (80)
[2015.03.12-13.04.49:814][331]LogModuleManager: Shutting down and abandoning module UdpMessaging (79)
[2015.03.12-13.04.49:915][331]LogModuleManager: Shutting down and abandoning module Paper2D (78)
[2015.03.12-13.04.49:916][331]LogModuleManager: Shutting down and abandoning module WindowsMoviePlayer (77)
[2015.03.12-13.04.49:922][331]LogModuleManager: Shutting down and abandoning module Media (76)
[2015.03.12-13.04.49:923][331]LogModuleManager: Shutting down and abandoning module WmfMedia (75)
[2015.03.12-13.04.49:928][331]LogModuleManager: Shutting down and abandoning module OnlineBlueprintSupport (74)
[2015.03.12-13.04.49:928][331]LogModuleManager: Shutting down and abandoning module PropertyEditor (73)
[2015.03.12-13.04.49:930][331]LogModuleManager: Shutting down and abandoning module BehaviorTreeEditor (72)
[2015.03.12-13.04.49:932][331]LogModuleManager: Shutting down and abandoning module FunctionalTesting (71)
[2015.03.12-13.04.49:933][331]LogModuleManager: Shutting down and abandoning module CollisionAnalyzer (70)
[2015.03.12-13.04.49:935][331]LogModuleManager: Shutting down and abandoning module WorkspaceMenuStructure (69)
[2015.03.12-13.04.49:939][331]LogModuleManager: Shutting down and abandoning module MessageLog (68)
[2015.03.12-13.04.49:939][331]LogModuleManager: Shutting down and abandoning module Sequencer (67)
[2015.03.12-13.04.49:943][331]LogModuleManager: Shutting down and abandoning module AssetTools (66)
[2015.03.12-13.04.49:945][331]LogModuleManager: Shutting down and abandoning module UMGEditor (65)
[2015.03.12-13.04.49:947][331]LogModuleManager: Shutting down and abandoning module UMG (64)
[2015.03.12-13.04.49:949][331]LogModuleManager: Shutting down and abandoning module Slate (63)
[2015.03.12-13.04.49:949][331]LogModuleManager: Shutting down and abandoning module EditorStyle (62)
[2015.03.12-13.04.49:963][331]LogModuleManager: Shutting down and abandoning module SessionServices (61)
[2015.03.12-13.04.49:964][331]LogModuleManager: Shutting down and abandoning module SourceCodeAccess (60)
[2015.03.12-13.04.49:965][331]LogModuleManager: Shutting down and abandoning module HeadMountedDisplay (59)
[2015.03.12-13.04.49:965][331]LogModuleManager: Shutting down and abandoning module XAudio2 (58)
[2015.03.12-13.04.49:966][331]LogModuleManager: Shutting down and abandoning module Networking (56)
[2015.03.12-13.04.49:967][331]LogModuleManager: Shutting down and abandoning module Core (55)
[2015.03.12-13.04.49:967][331]LogModuleManager: Shutting down and abandoning module KismetCompiler (54)
[2015.03.12-13.04.49:968][331]LogModuleManager: Shutting down and abandoning module PhysXFormats (53)
[2015.03.12-13.04.49:968][331]LogModuleManager: Shutting down and abandoning module MeshUtilities (52)
[2015.03.12-13.04.49:970][331]LogModuleManager: Shutting down and abandoning module DerivedDataCache (51)
[2015.03.12-13.04.49:978][331]LogDerivedDataCache: Shutdown
[2015.03.12-13.04.49:978][331]LogModuleManager: Shutting down and abandoning module ShaderFormatOpenGL (50)
[2015.03.12-13.04.49:979][331]LogModuleManager: Shutting down and abandoning module ShaderFormatD3D (49)
[2015.03.12-13.04.49:980][331]LogModuleManager: Shutting down and abandoning module MetalShaderFormat (48)
[2015.03.12-13.04.49:981][331]LogModuleManager: Shutting down and abandoning module TextureFormatUncompressed (47)
[2015.03.12-13.04.49:981][331]LogModuleManager: Shutting down and abandoning module TextureFormatPVR (46)
[2015.03.12-13.04.49:982][331]LogModuleManager: Shutting down and abandoning module TextureFormatIntelISPCTexComp (45)
[2015.03.12-13.04.49:982][331]LogModuleManager: Shutting down and abandoning module TextureFormatDXT (44)
[2015.03.12-13.04.49:982][331]LogModuleManager: Shutting down and abandoning module ImageWrapper (43)
[2015.03.12-13.04.49:983][331]LogModuleManager: Shutting down and abandoning module TextureFormatASTC (42)
[2015.03.12-13.04.49:983][331]LogModuleManager: Shutting down and abandoning module TextureFormatAndroid (41)
[2015.03.12-13.04.49:984][331]LogModuleManager: Shutting down and abandoning module AudioFormatOpus (40)
[2015.03.12-13.04.49:984][331]LogModuleManager: Shutting down and abandoning module AudioFormatOgg (39)
[2015.03.12-13.04.49:985][331]LogModuleManager: Shutting down and abandoning module AudioFormatADPCM (38)
[2015.03.12-13.04.49:985][331]LogModuleManager: Shutting down and abandoning module LinuxTargetPlatform (37)
[2015.03.12-13.04.49:987][331]LogModuleManager: Shutting down and abandoning module LinuxServerTargetPlatform (36)
[2015.03.12-13.04.49:987][331]LogModuleManager: Shutting down and abandoning module LinuxNoEditorTargetPlatform (35)
[2015.03.12-13.04.49:988][331]LogModuleManager: Shutting down and abandoning module Messaging (34)
[2015.03.12-13.04.49:988][331]LogModuleManager: Shutting down and abandoning module IOSTargetPlatform (33)
[2015.03.12-13.04.49:989][331]LogModuleManager: Shutting down and abandoning module HTML5TargetPlatform (32)
[2015.03.12-13.04.49:990][331]LogModuleManager: Shutting down and abandoning module Android_PVRTCTargetPlatform (31)
[2015.03.12-13.04.49:990][331]LogModuleManager: Shutting down and abandoning module Android_ETC2TargetPlatform (30)
[2015.03.12-13.04.49:991][331]LogModuleManager: Shutting down and abandoning module Android_ETC1TargetPlatform (29)
[2015.03.12-13.04.49:991][331]LogModuleManager: Shutting down and abandoning module Android_ES31TargetPlatform (28)
[2015.03.12-13.04.49:991][331]LogModuleManager: Shutting down and abandoning module Android_DXTTargetPlatform (27)
[2015.03.12-13.04.49:991][331]LogModuleManager: Shutting down and abandoning module Android_ATCTargetPlatform (26)
[2015.03.12-13.04.49:992][331]LogModuleManager: Shutting down and abandoning module AndroidTargetPlatform (25)
[2015.03.12-13.04.49:992][331]LogModuleManager: Shutting down and abandoning module WindowsTargetPlatform (24)
[2015.03.12-13.04.49:994][331]LogModuleManager: Shutting down and abandoning module WindowsServerTargetPlatform (23)
[2015.03.12-13.04.49:995][331]LogModuleManager: Shutting down and abandoning module WindowsNoEditorTargetPlatform (22)
[2015.03.12-13.04.49:995][331]LogModuleManager: Shutting down and abandoning module WindowsClientTargetPlatform (21)
[2015.03.12-13.04.49:995][331]LogModuleManager: Shutting down and abandoning module TargetPlatform (20)
[2015.03.12-13.04.49:996][331]LogModuleManager: Shutting down and abandoning module InputCore (19)
[2015.03.12-13.04.49:996][331]LogModuleManager: Shutting down and abandoning module Settings (18)
[2015.03.12-13.04.49:997][331]LogModuleManager: Shutting down and abandoning module OnlineSubsystem (16)
[2015.03.12-13.04.49:997][331]LogModuleManager: Shutting down and abandoning module OculusRift (15)
[2015.03.12-13.04.49:998][331]LogModuleManager: Shutting down and abandoning module ExampleDeviceProfileSelector (14)
[2015.03.12-13.04.49:999][331]LogModuleManager: Shutting down and abandoning module TextureCompressor (13)
[2015.03.12-13.04.50:000][331]LogModuleManager: Shutting down and abandoning module ShaderCore (12)
[2015.03.12-13.04.50:000][331]LogModuleManager: Shutting down and abandoning module Landscape (11)
[2015.03.12-13.04.50:000][331]LogModuleManager: Shutting down and abandoning module SlateRHIRenderer (10)
[2015.03.12-13.04.50:005][331]LogModuleManager: Shutting down and abandoning module OpenGLDrv (9)
[2015.03.12-13.04.50:006][331]LogModuleManager: Shutting down and abandoning module D3D11RHI (8)
[2015.03.12-13.04.50:006][331]LogModuleManager: Shutting down and abandoning module Renderer (7)
[2015.03.12-13.04.50:006][331]LogModuleManager: Shutting down and abandoning module Engine (6)
[2015.03.12-13.04.50:007][331]LogModuleManager: Shutting down and abandoning module CoreUObject (5)
[2015.03.12-13.04.50:007][331]LogModuleManager: Shutting down and abandoning module NetworkFile (4)
[2015.03.12-13.04.50:008][331]LogModuleManager: Shutting down and abandoning module StreamingFile (3)
[2015.03.12-13.04.50:009][331]LogModuleManager: Shutting down and abandoning module SandboxFile (2)
[2015.03.12-13.04.50:009][331]LogModuleManager: Shutting down and abandoning module PakFile (1)
[2015.03.12-13.04.50:015][331]LogExit: Exiting.
[2015.03.12-13.04.50:057][331]Log file closed, 03/12/15 09:04:50
