Log file open, 02/05/15 21:05:20
LogInit:Display: Running engine for game: SpaceShooter
LogInit: Version: 4.4.3-2296771+++depot+UE4-Releases+4.4
LogInit: API Version: 2255576
LogInit: Compiled (64-bit): Sep 13 2014 22:30:58
LogInit: Build Configuration: Development
LogInit: Branch Name: ++depot+UE4-Releases+4.4
LogInit: Command line: 
LogInit: Base directory: C:/Program Files/Epic Games/4.4/Engine/Binaries/Win64/
LogInit: Rocket: 1
[2015.02.06-02.05.20:731][  0]LogTaskGraph: Started task graph with 3 named threads and 4 total threads.
[2015.02.06-02.05.20:761][  0]LogOnline:Warning: No default platform service specified for OnlineSubsystem
[2015.02.06-02.05.20:775][  0]LogInit: Presizing for 0 objects not considered by GC, pre-allocating 0 bytes.
[2015.02.06-02.05.20:781][  0]LogInit: Object subsystem initialized
[2015.02.06-02.05.20:783][  0]LogInit: Selected Device Profile: [Windows]
[2015.02.06-02.05.20:784][  0]LogInit: Applying CVar settings loaded from the selected device profile: [Windows]
[2015.02.06-02.05.20:789][  0]LogInit: Computer: RAM-PC
[2015.02.06-02.05.20:789][  0]LogInit: User: Ram
[2015.02.06-02.05.20:794][  0]LogInit: CPU Page size=4096, Cores=4
[2015.02.06-02.05.20:794][  0]LogInit: High frequency timer resolution =3.215357 MHz
[2015.02.06-02.05.20:794][  0]LogMemory: Memory total: Physical=7.9GB (8GB approx) Virtual=131072.0GB
[2015.02.06-02.05.20:795][  0]LogMemory: Platform Memory Stats for Windows
[2015.02.06-02.05.20:795][  0]LogMemory: Process Physical Memory: 60.24 MB used, 60.24 MB peak
[2015.02.06-02.05.20:795][  0]LogMemory: Process Virtual Memory: 36.09 MB used, 36.09 MB peak
[2015.02.06-02.05.20:795][  0]LogMemory: Physical Memory: 4771.71 MB used, 8104.65 MB total
[2015.02.06-02.05.20:796][  0]LogMemory: Virtual Memory: 264.67 MB used, 134217728.00 MB total
[2015.02.06-02.05.20:872][  0]LogD3D11RHI: Found D3D11 adapter 0: AMD Radeon HD 6800 Series (Feature Level 11_0)
[2015.02.06-02.05.20:872][  0]LogD3D11RHI: Adapter has 1011MB of dedicated video memory, 0MB of dedicated system memory, and 3840MB of shared system memory, 2 output[s]
[2015.02.06-02.05.20:886][  0]LogD3D11RHI: Found D3D11 adapter 1: Intel(R) HD Graphics 3000 (Feature Level 10_0)
[2015.02.06-02.05.20:886][  0]LogD3D11RHI: Adapter has 32MB of dedicated video memory, 0MB of dedicated system memory, and 1632MB of shared system memory, 0 output[s]
[2015.02.06-02.05.20:893][  0]LogD3D11RHI: Found D3D11 adapter 2: Microsoft Basic Render Driver (Feature Level 11_0)
[2015.02.06-02.05.20:894][  0]LogD3D11RHI: Adapter has 0MB of dedicated video memory, 0MB of dedicated system memory, and 256MB of shared system memory, 0 output[s]
[2015.02.06-02.05.20:894][  0]LogD3D11RHI: Chosen D3D11 Adapter Id = 0
[2015.02.06-02.05.20:900][  0]LogRHI: Texture pool is 708 MB (70% of 1011 MB)
[2015.02.06-02.05.20:909][  0]LogD3D11RHI: Async texture creation disabled: no driver support
[2015.02.06-02.05.21:068][  0]LogContentStreaming: Texture pool size is 0.000000MB
[2015.02.06-02.05.22:426][  0]LogTargetPlatformManager:Display: Building Assets For Windows
[2015.02.06-02.05.22:831][  0]LogTargetPlatformManager:Display: Building Assets For Windows
[2015.02.06-02.05.22:868][  0]LogDerivedDataCache:Display: Max Cache Size: 512 MB
[2015.02.06-02.05.22:903][  0]LogDerivedDataCache: Loaded boot cache 0.04s 39MB C:/Users/Ram/AppData/Local/UnrealEngine/4.4/DerivedDataCache/Boot.ddc.
[2015.02.06-02.05.22:904][  0]LogDerivedDataCache:Display: Loaded Boot cache: C:/Users/Ram/AppData/Local/UnrealEngine/4.4/DerivedDataCache/Boot.ddc
[2015.02.06-02.05.22:904][  0]LogDerivedDataCache: FDerivedDataBackendGraph:  Pak pak cache file ../../../../../../Users/Ram/Documents/Unreal Projects/SpaceShooter/SpaceShooter/DerivedDataCache/DDC.ddp not found, will not use a pak cache.
[2015.02.06-02.05.22:905][  0]LogDerivedDataCache: Unable to find inner node Pak for hierarchical cache Hierarchy.
[2015.02.06-02.05.22:922][  0]LogDerivedDataCache:Display: Pak cache opened for reading ../../../Engine/DerivedDataCache/DDC.ddp.
[2015.02.06-02.05.22:935][  0]LogDerivedDataCache: Using Local data cache path C:/Users/Ram/AppData/Local/UnrealEngine/4.4/DerivedDataCache: Writable
[2015.02.06-02.05.23:078][  0]LogMeshUtilities: No automatic mesh reduction module available
[2015.02.06-02.05.23:078][  0]LogMeshUtilities: No automatic mesh merging module available
[2015.02.06-02.05.23:393][  0]LogInit: WinSock: version 1.1 (2.2), MaxSocks=32767, MaxUdp=65467
[2015.02.06-02.05.24:132][  0]LogStats:Warning: MetaData mismatch. Did you assign a stat to two groups? New //STATGROUP_Threads//FMonitoredProcess///Thread_b9a4_0///////STATCAT_Advanced//// old //STATGROUP_Threads//FMonitoredProcess///Thread_b940_0///////STATCAT_Advanced////
[2015.02.06-02.05.24:133][  0]UdpMessaging: Initializing bridge on interface 0.0.0.0:0 to multicast group 230.0.0.1:6666.
[2015.02.06-02.05.24:254][  0]SourceControl: Info Source control is disabled
[2015.02.06-02.05.24:255][  0]SourceControl: Info Source control is disabled
[2015.02.06-02.05.24:260][  0]SourceControl: Info Source control is disabled
[2015.02.06-02.05.24:438][  0]BlueprintLog: New page: Editor Load
[2015.02.06-02.05.24:533][  0]LogObj: 21442 objects as part of root set at end of initial load.
[2015.02.06-02.05.24:534][  0]LogUObjectAllocator: 4220432 out of 0 bytes used by permanent object pool.
[2015.02.06-02.05.24:685][  0]LogEngine: Initializing Engine...
[2015.02.06-02.05.24:779][  0]LogInit: XAudio2 using 'Speakers (USB PnP Sound Device)' : 2 channels at 44.1 kHz using 16 bits per sample (channel mask 0x3)
[2015.02.06-02.05.24:800][  0]LogInit: FAudioDevice initialized.
[2015.02.06-02.05.24:814][  0]LogAIModule: Creating AISystem for world NewWorld
[2015.02.06-02.05.24:832][  0]LogDerivedDataCache: Saved boot cache 0.02s 39MB C:/Users/Ram/AppData/Local/UnrealEngine/4.4/DerivedDataCache/Boot.ddc.
[2015.02.06-02.05.24:839][  0]LogInit: Texture streaming: Enabled
[2015.02.06-02.05.24:870][  0]LogInit: Transaction tracking system initialized
[2015.02.06-02.05.24:975][  0]LogAssetRegistry: FAssetRegistry took 0.0107 seconds to start up
[2015.02.06-02.05.24:983][  0]LogDirectoryWatcher:Warning: Failed to begin reading directory changes for ../../../../../../Users/Ram/Documents/Unreal Projects/SpaceShooter/SpaceShooter/Content/. Error: 0
[2015.02.06-02.05.25:369][  0]LogTargetPlatformManager:Display: Building Assets For Windows
[2015.02.06-02.05.25:648][  0]LogTargetPlatformManager:Display: Building Assets For Windows
[2015.02.06-02.05.25:777][  0]LogConsoleResponse:Display: 
[2015.02.06-02.05.25:921][  0]LogStats:Warning: MetaData mismatch. Did you assign a stat to two groups? New //STATGROUP_Threads//FMonitoredProcess///Thread_ba80_0///////STATCAT_Advanced//// old //STATGROUP_Threads//FMonitoredProcess///Thread_b940_0///////STATCAT_Advanced////
[2015.02.06-02.05.25:921][  0]LogStats:Warning: MetaData mismatch. Did you assign a stat to two groups? New //STATGROUP_Threads//FMonitoredProcess///Thread_baa4_0///////STATCAT_Advanced//// old //STATGROUP_Threads//FMonitoredProcess///Thread_b940_0///////STATCAT_Advanced////
[2015.02.06-02.05.25:922][  0]SourceControl: Info Source control is disabled
[2015.02.06-02.05.25:922][  0]Cmd: MAP LOAD FILE="../../../Engine/Content/Maps/SpaceMap.umap" TEMPLATE=0 SHOWPROGRESS=1
[2015.02.06-02.05.25:922][  0]LightingResults: New page: Lighting Build
[2015.02.06-02.05.25:929][  0]MapCheck: New page: Map Check
[2015.02.06-02.05.25:929][  0]LightingResults: New page: Lighting Build
[2015.02.06-02.05.25:941][  0]LogParticles: Destroying 0 GPU particle simulations for FXSystem 0x000000FC87C91300
[2015.02.06-02.05.26:086][  0]LogEditorServer: Finished looking for orphan Actors (0.000 secs)
[2015.02.06-02.05.26:087][  0]LogAIModule: Creating AISystem for world SpaceMap
[2015.02.06-02.05.26:087][  0]Cmd: MAP CHECKDEP
[2015.02.06-02.05.26:088][  0]MapCheck: New page: SpaceMap - Feb 5, 2015, 4:05:26 PM
[2015.02.06-02.05.26:138][  0]MapCheck: Info ========== Map Check: 0 Error(s), 0 Warning(s), [50.365ms] ==========
[2015.02.06-02.05.26:138][  0]LogFileHelpers: Loadin