Log file open, 02/05/15 21:52:29
LogInit:Display: Running engine for game: SpaceShooter
LogInit: Version: 4.4.3-2296771+++depot+UE4-Releases+4.4
LogInit: API Version: 2255576
LogInit: Compiled (64-bit): Sep 13 2014 22:30:58
LogInit: Build Configuration: Development
LogInit: Branch Name: ++depot+UE4-Releases+4.4
LogInit: Command line: 
LogInit: Base directory: C:/Program Files/Epic Games/4.4/Engine/Binaries/Win64/
LogInit: Rocket: 1
[2015.02.06-02.52.29:156][  0]LogTaskGraph: Started task graph with 3 named threads and 4 total threads.
[2015.02.06-02.52.29:185][  0]LogOnline:Warning: No default platform service specified for OnlineSubsystem
[2015.02.06-02.52.29:198][  0]LogInit: Presizing for 0 objects not considered by GC, pre-allocating 0 bytes.
[2015.02.06-02.52.29:204][  0]LogInit: Object subsystem initialized
[2015.02.06-02.52.29:206][  0]LogInit: Selected Device Profile: [Windows]
[2015.02.06-02.52.29:206][  0]LogInit: Applying CVar settings loaded from the selected device profile: [Windows]
[2015.02.06-02.52.29:211][  0]LogInit: Computer: RAM-PC
[2015.02.06-02.52.29:211][  0]LogInit: User: Ram
[2015.02.06-02.52.29:216][  0]LogInit: CPU Page size=4096, Cores=4
[2015.02.06-02.52.29:216][  0]LogInit: High frequency timer resolution =3.215357 MHz
[2015.02.06-02.52.29:217][  0]LogMemory: Memory total: Physical=7.9GB (8GB approx) Virtual=131072.0GB
[2015.02.06-02.52.29:217][  0]LogMemory: Platform Memory Stats for Windows
[2015.02.06-02.52.29:217][  0]LogMemory: Process Physical Memory: 60.24 MB used, 60.24 MB peak
[2015.02.06-02.52.29:218][  0]LogMemory: Process Virtual Memory: 36.08 MB used, 36.08 MB peak
[2015.02.06-02.52.29:218][  0]LogMemory: Physical Memory: 4781.86 MB used, 8104.65 MB total
[2015.02.06-02.52.29:218][  0]LogMemory: Virtual Memory: 264.67 MB used, 134217728.00 MB total
[2015.02.06-02.52.29:299][  0]LogD3D11RHI: Found D3D11 adapter 0: AMD Radeon HD 6800 Series (Feature Level 11_0)
[2015.02.06-02.52.29:299][  0]LogD3D11RHI: Adapter has 1011MB of dedicated video memory, 0MB of dedicated system memory, and 3840MB of shared system memory, 2 output[s]
[2015.02.06-02.52.29:312][  0]LogD3D11RHI: Found D3D11 adapter 1: Intel(R) HD Graphics 3000 (Feature Level 10_0)
[2015.02.06-02.52.29:313][  0]LogD3D11RHI: Adapter has 32MB of dedicated video memory, 0MB of dedicated system memory, and 1632MB of shared system memory, 0 output[s]
[2015.02.06-02.52.29:320][  0]LogD3D11RHI: Found D3D11 adapter 2: Microsoft Basic Render Driver (Feature Level 11_0)
[2015.02.06-02.52.29:321][  0]LogD3D11RHI: Adapter has 0MB of dedicated video memory, 0MB of dedicated system memory, and 256MB of shared system memory, 0 output[s]
[2015.02.06-02.52.29:321][  0]LogD3D11RHI: Chosen D3D11 Adapter Id = 0
[2015.02.06-02.52.29:327][  0]LogRHI: Texture pool is 708 MB (70% of 1011 MB)
[2015.02.06-02.52.29:348][  0]LogD3D11RHI: Async texture creation disabled: no driver support
[2015.02.06-02.52.29:509][  0]LogContentStreaming: Texture pool size is 0.000000MB
[2015.02.06-02.52.30:859][  0]LogTargetPlatformManager:Display: Building Assets For Windows
[2015.02.06-02.52.31:253][  0]LogTargetPlatformManager:Display: Building Assets For Windows
[2015.02.06-02.52.31:288][  0]LogDerivedDataCache:Display: Max Cache Size: 512 MB
[2015.02.06-02.52.31:323][  0]LogDerivedDataCache: Loaded boot cache 0.03s 39MB C:/Users/Ram/AppData/Local/UnrealEngine/4.4/DerivedDataCache/Boot.ddc.
[2015.02.06-02.52.31:324][  0]LogDerivedDataCache:Display: Loaded Boot cache: C:/Users/Ram/AppData/Local/UnrealEngine/4.4/DerivedDataCache/Boot.ddc
[2015.02.06-02.52.31:324][  0]LogDerivedDataCache: FDerivedDataBackendGraph:  Pak pak cache file ../../../../../../Users/Ram/Documents/Unreal Projects/SpaceShooter/SpaceShooter/DerivedDataCache/DDC.ddp not found, will not use a pak cache.
[2015.02.06-02.52.31:325][  0]LogDerivedDataCache: Unable to find inner node Pak for hierarchical cache Hierarchy.
[2015.02.06-02.52.31:342][  0]LogDerivedDataCache:Display: Pak cache opened for reading ../../../Engine/DerivedDataCache/DDC.ddp.
[2015.02.06-02.52.31:355][  0]LogDerivedDataCache: Using Local data cache path C:/Users/Ram/AppData/Local/UnrealEngine/4.4/DerivedDataCache: Writable
[2015.02.06-02.52.31:494][  0]LogMeshUtilities: No automatic mesh reduction module available
[2015.02.06-02.52.31:495][  0]LogMeshUtilities: No automatic mesh merging module available
[2015.02.06-02.52.31:808][  0]LogInit: WinSock: version 1.1 (2.2), MaxSocks=32767, MaxUdp=65467
[2015.02.06-02.52.32:543][  0]LogStats:Warning: MetaData mismatch. Did you assign a stat to two groups? New //STATGROUP_Threads//FMonitoredProcess///Thread_b200_0///////STATCAT_Advanced//// old //STATGROUP_Threads//FMonitoredProcess///Thread_c13c_0///////STATCAT_Advanced////
[2015.02.06-02.52.32:544][  0]UdpMessaging: Initializing bridge on interface 0.0.0.0:0 to multicast group 230.0.0.1:6666.
[2015.02.06-02.52.32:666][  0]SourceControl: Info Source control is disabled
[2015.02.06-02.52.32:666][  0]SourceControl: Info Source control is disabled
[2015.02.06-02.52.32:672][  0]SourceControl: Info Source control is disabled
[2015.02.06-02.52.32:844][  0]BlueprintLog: New page: Editor Load
[2015.02.06-02.52.32:942][  0]LogObj: 21452 objects as part of root set at end of initial load.
[2015.02.06-02.52.32:942][  0]LogUObjectAllocator: 4228480 out of 0 bytes used by permanent object pool.
[2015.02.06-02.52.33:095][  0]LogEngine: Initializing Engine...
[2015.02.06-02.52.33:190][  0]LogInit: XAudio2 using 'Speakers (USB PnP Sound Device)' : 2 channels at 44.1 kHz using 16 bits per sample (channel mask 0x3)
[2015.02.06-02.52.33:227][  0]LogInit: FAudioDevice initialized.
[2015.02.06-02.52.33:240][  0]LogAIModule: Creating AISystem for world NewWorld
[2015.02.06-02.52.33:258][  0]LogDerivedDataCache: Saved boot cache 0.02s 39MB C:/Users/Ram/AppData/Local/UnrealEngine/4.4/DerivedDataCache/Boot.ddc.
[2015.02.06-02.52.33:264][  0]LogInit: Texture streaming: Enabled
[2015.02.06-02.52.33:295][  0]LogInit: Transaction tracking system initialized
[2015.02.06-02.52.33:401][  0]LogAssetRegistry: FAssetRegistry took 0.0113 seconds to start up
[2015.02.06-02.52.33:410][  0]LogDirectoryWatcher:Warning: Failed to begin reading directory changes for ../../../../../../Users/Ram/Documents/Unreal Projects/SpaceShooter/SpaceShooter/Content/. Error: 0
[2015.02.06-02.52.33:813][  0]LogTargetPlatformManager:Display: Building Assets For Windows
[2015.02.06-02.52.34:086][  0]LogTargetPlatformManager:Display: Building Assets For Windows
[2015.02.06-02.52.34:211][  0]LogConsoleResponse:Display: 
[2015.02.06-02.52.34:354][  0]LogStats:Warning: MetaData mismatch. Did you assign a stat to two groups? New //STATGROUP_Threads//FMonitoredProcess///Thread_c424_0///////STATCAT_Advanced//// old //STATGROUP_Threads//FMonitoredProcess///Thread_c13c_0///////STATCAT_Advanced////
[2015.02.06-02.52.34:354][  0]LogStats:Warning: MetaData mismatch. Did you assign a stat to two groups? New //STATGROUP_Threads//FMonitoredProcess///Thread_c448_0///////STATCAT_Advanced//// old //STATGROUP_Threads//FMonitoredProcess///Thread_c13c_0///////STATCAT_Advanced////
[2015.02.06-02.52.34:354][  0]SourceControl: Info Source control is disabled
[2015.02.06-02.52.34:355][  0]Cmd: MAP LOAD FILE="../../../Engine/Content/Maps/SpaceMap.umap" TEMPLATE=0 SHOWPROGRESS=1
[2015.02.06-02.52.34:355][  0]LightingResults: New page: Lighting Build
[2015.02.06-02.52.34:363][  0]MapCheck: New page: Map Check
[2015.02.06-02.52.34:364][  0]LightingResults: New page: Lighting Build
[2015.02.06-02.52.34:375][  0]LogParticles: Destroying 0 GPU particle simulations for FXSystem 0x0000008FBCA0D300
[2015.02.06-02.52.34:518][  0]LogEditorServer: Finished looking for orphan Actors (0.000 secs)
[2015.02.06-02.52.34:519][  0]LogAIModule: Creating AISystem for world SpaceMap
[2015.02.06-02.52.34:519][  0]Cmd: MAP CHECKDEP
[2015.02.06-02.52.34:520][  0]MapCheck: New page: SpaceMap - Feb 5, 2015, 4:52:34 PM
[2015.02.06-02.52.34:569][  0]MapCheck: Info ========== Map Check: 0 Error(s), 0 Warning(s), [49.314ms] ==========
[2015.02.06-02.52.34:570][  0]LogFileHelpers: Loading map 'SpaceMap' took 0.214
[2015.02.06-02.52.34:732][  0]LogCollectionManager: Loaded 0 collections in 0.000984 seconds
[2015.02.06-02.52.34:750][  0]LogContentBrowser:Verbose: The content browser source was changed by the sources view to '/Game'
[2015.02.06-02.52.34:874][  0]LogCrashTracker: Crashtracker disabled due to settings.
[2015.02.06-02.52.34:967][  0]LogLoad: Full Startup: 7.66 seconds (BP compile: 0.05 seconds)
[2015.02.06-02.52.35:161][  0]LogRenderer:Warning: Reallocating scene render targets to support 1136x896.
[2015.02.06-02.52.35:500][  1]LogAssetRegistry: Asset discovery search completed in 2.1111 seconds
[2015.02.06-02.52.46:130][817]LogPlayLevel: PIE:  No blueprints needed recompiling
[2015.02.06-02.52.46:131][817]PIE: New page: PIE session: SpaceMap (Feb 5, 2015, 4:52:46 PM)
[2015.02.06-02.52.46:133][817]LogPlayLevel: PIE: StaticDuplicateObject took: (0.001588s)
[2015.02.06-02.52.46:134][817]LogPlayLevel: PIE: World Init took: (0.000679s)
[2015.02.06-02.52.46:134][817]LogPlayLevel: PIE: Created PIE world by copying editor world from /Engine/Maps/SpaceMap.SpaceMap to /Engine/Maps/UEDPIE_0_SpaceMap.SpaceMap (0.003249s)
[2015.02.06-02.52.46:182][817]LogWorld: Game class is 'SpaceShooterGameMode'
[2015.02.06-02.52.46:184][817]LogAIModule: Creating AISystem for world SpaceMap
[2015.02.06-02.52.46:185][817]LogWorld: Bringing World /Engine/Maps/UEDPIE_0_SpaceMap.SpaceMap up for play (max tick rate 0) at 2015.02.05-21.52.46
[2015.02.06-02.52.46:186][817]LogWorld: Bringing up level for play took: 0.001483
[2015.02.06-02.52.46:188][817]PIE: Info Play in editor start time for /Engine/Maps/UEDPIE_0_SpaceMap 0.018
[2015.02.06-02.52.46:246][818]LogRenderer:Warning: Reallocating scene render targets to support 1136x904.
[2015.02.06-02.53.47:092][399]LogParticles: Destroying 0 GPU particle simulations for FXSystem 0x0000008FB84E6160
[2015.02.06-02.53.47:209][400]Cmd: QUIT_EDITOR
[2015.02.06-02.53.47:324][400]LogWindowsTextInputMethodSystem:Error: Terminating failed while unadvising the language notification sink from the TSF source.
[2015.02.06-02.53.47:325][400]LogExit: Preparing to exit.
[2015.02.06-02.53.47:893][400]LogExit: Editor shut down
[2015.02.06-02.53.47:894][400]LogExit: Transaction tracking system shut down
[2015.02.06-02.53.47:895][400]LogParticles: Destroying 0 GPU particle simulations for FXSystem 0x0000008FBC06FF60
[2015.02.06-02.53.47:910][400]LogExit: Object subsystem successfully closed.
[2015.02.06-02.53.47:942][400]LogModuleManager: Shutting down and abandoning module AndroidDeviceDetection (162)
[2015.02.06-02.53.47:943][400]LogModuleManager: Shutting down and abandoning module HTTP (161)
[2015.02.06-02.53.47:943][400]LogModuleManager: Shutting down and abandoning module CrashTracker (160)
[2015.02.06-02.53.47:944][400]LogModuleManager: Shutting down and abandoning module SuperSearch (159)
[2015.02.06-02.53.47:944][400]LogModuleManager: Shutting down and abandoning module SceneOutliner (158)
[2015.02.06-02.53.47:944][400]LogModuleManager: Shutting down and abandoning module EditorWidgets (157)
[2015.02.06-02.53.47:945][400]LogModuleManager: Shutting down and abandoning module CollectionManager (156)
[2015.02.06-02.53.47:945][400]LogModuleManager: Shutting down and abandoning module StatsViewer (155)
[2015.02.06-02.53.47:945][400]LogModuleManager: Shutting down and abandoning module FoliageEdit (154)
[2015.02.06-02.53.47:945][400]LogModuleManager: Shutting down and abandoning module LandscapeEditor (153)
[2015.02.06-02.53.47:946][400]LogModuleManager: Shutting down and abandoning module MeshPaint (152)
[2015.02.06-02.53.47:946][400]LogModuleManager: Shutting down and abandoning module ActorPickerMode (151)
[2015.02.06-02.53.47:946][400]LogModuleManager: Shutting down and abandoning module GeometryMode (150)
[2015.02.06-02.53.47:946][400]LogModuleManager: Shutting down and abandoning module TextureAlignMode (149)
[2015.02.06-02.53.47:947][400]LogModuleManager: Shutting down and abandoning module BspMode (148)
[2015.02.06-02.53.47:947][400]LogModuleManager: Shutting down and abandoning module PlacementMode (147)
[2015.02.06-02.53.47:947][400]LogModuleManager: Shutting down and abandoning module DesktopPlatform (146)
[2015.02.06-02.53.47:947][400]LogModuleManager: Shutting down and abandoning module AutomationWorker (145)
[2015.02.06-02.53.47:948][400]LogModuleManager: Shutting down and abandoning module EditorLiveStreaming (144)
[2015.02.06-02.53.47:948][400]LogModuleManager: Shutting down and abandoning module BehaviorTreeEditor (143)
[2015.02.06-02.53.47:948][400]LogModuleManager: Shutting down and abandoning module DeviceProfileEditor (142)
[2015.02.06-02.53.47:948][400]LogModuleManager: Shutting down and abandoning module UndoHistory (141)
[2015.02.06-02.53.47:949][400]LogModuleManager: Shutting down and abandoning module GameplayTagsEditor (140)
[2015.02.06-02.53.47:949][400]LogModuleManager: Shutting down and abandoning module UserFeedback (139)
[2015.02.06-02.53.47:949][400]LogModuleManager: Shutting down and abandoning module XmlParser (138)
[2015.02.06-02.53.47:949][400]LogModuleManager: Shutting down and abandoning module Blutility (137)
[2015.02.06-02.53.47:949][400]LogModuleManager: Shutting down and abandoning module IOSPlatformEditor (136)
[2015.02.06-02.53.47:950][400]LogModuleManager: Shutting down and abandoning module IOSRuntimeSettings (135)
[2015.02.06-02.53.47:950][400]LogModuleManager: Shutting down and abandoning module AndroidPlatformEditor (134)
[2015.02.06-02.53.47:950][400]LogModuleManager: Shutting down and abandoning module AndroidRuntimeSettings (133)
[2015.02.06-02.53.47:950][400]LogModuleManager: Shutting down and abandoning module ProjectTargetPlatformEditor (132)
[2015.02.06-02.53.47:951][400]LogModuleManager: Shutting down and abandoning module ProjectSettingsViewer (131)
[2015.02.06-02.53.47:951][400]LogModuleManager: Shutting down and abandoning module InputBindingEditor (130)
[2015.02.06-02.53.47:951][400]LogModuleManager: Shutting down and abandoning module EditorSettingsViewer (129)
[2015.02.06-02.53.47:951][400]LogModuleManager: Shutting down and abandoning module SettingsEditor (128)
[2015.02.06-02.53.47:952][400]LogModuleManager: Shutting down and abandoning module SessionLauncher (127)
[2015.02.06-02.53.47:952][400]LogModuleManager: Shutting down and abandoning module SessionFrontend (126)
[2015.02.06-02.53.47:952][400]LogModuleManager: Shutting down and abandoning module ProfilerClient (125)
[2015.02.06-02.53.47:952][400]LogModuleManager: Shutting down and abandoning module TargetDeviceServices (124)
[2015.02.06-02.53.47:953][400]LogModuleManager: Shutting down and abandoning module DeviceManager (123)
[2015.02.06-02.53.47:953][400]LogModuleManager: Shutting down and abandoning module AutomationController (122)
[2015.02.06-02.53.47:953][400]LogModuleManager: Shutting down and abandoning module AutomationWindow (121)
[2015.02.06-02.53.47:953][400]LogModuleManager: Shutting down and abandoning module Layers (120)
[2015.02.06-02.53.47:954][400]LogModuleManager: Shutting down and abandoning module ComponentVisualizers (119)
[2015.02.06-02.53.47:954][400]LogModuleManager: Shutting down and abandoning module DetailCustomizations (118)
[2015.02.06-02.53.47:955][400]LogModuleManager: Shutting down and abandoning module PackagesDialog (117)
[2015.02.06-02.53.47:955][400]LogModuleManager: Shutting down and abandoning module DirectoryWatcher (116)
[2015.02.06-02.53.47:955][400]LogModuleManager: Shutting down and abandoning module AssetRegistry (115)
[2015.02.06-02.53.48:009][400]LogModuleManager: Shutting down and abandoning module Persona (114)
[2015.02.06-02.53.48:010][400]LogModuleManager: Shutting down and abandoning module GraphEditor (113)
[2015.02.06-02.53.48:010][400]LogModuleManager: Shutting down and abandoning module ClassViewer (112)
[2015.02.06-02.53.48:010][400]LogModuleManager: Shutting down and abandoning module Toolbox (111)
[2015.02.06-02.53.48:011][400]LogModuleManager: Shutting down and abandoning module ModuleUI (110)
[2015.02.06-02.53.48:011][400]LogModuleManager: Shutting down and abandoning module Sequencer (109)
[2015.02.06-02.53.48:011][400]LogModuleManager: Shutting down and abandoning module MovieSceneTools (108)
[2015.02.06-02.53.48:011][400]LogModuleManager: Shutting down and abandoning module OutputLog (107)
[2015.02.06-02.53.48:011][400]LogModuleManager: Shutting down and abandoning module GammaUI (106)
[2015.02.06-02.53.48:012][400]LogModuleManager: Shutting down and abandoning module Documentation (105)
[2015.02.06-02.53.48:012][400]LogModuleManager: Shutting down and abandoning module GameLiveStreaming (104)
[2015.02.06-02.53.48:012][400]LogModuleManager: Shutting down and abandoning module StreamingPauseRendering (103)
[2015.02.06-02.53.48:012][400]LogModuleManager: Shutting down and abandoning module AnalyticsET (102)
[2015.02.06-02.53.48:013][400]LogModuleManager: Shutting down and abandoning module Analytics (101)
[2015.02.06-02.53.48:013][400]LogModuleManager: Shutting down and abandoning module GameplayDebugger (100)
[2015.02.06-02.53.48:013][400]LogModuleManager: Shutting down and abandoning module AIModule (99)
[2015.02.06-02.53.48:013][400]LogModuleManager: Shutting down and abandoning module ProfilerService (98)
[2015.02.06-02.53.48:020][400]LogModuleManager: Shutting down and abandoning module TaskGraph (97)
[2015.02.06-02.53.48:020][400]LogModuleManager: Shutting down and abandoning module SlateRemote (96)
[2015.02.06-02.53.48:021][400]LogModuleManager: Shutting down and abandoning module ScriptEditorPlugin (95)
[2015.02.06-02.53.48:021][400]LogModuleManager: Shutting down and abandoning module CustomMeshComponent (94)
[2015.02.06-02.53.48:021][400]LogModuleManager: Shutting down and abandoning module CableComponent (93)
[2015.02.06-02.53.48:021][400]LogModuleManager: Shutting down and abandoning module MessagingDebugger (92)
[2015.02.06-02.53.48:022][400]LogModuleManager: Shutting down and abandoning module ViewportSnapping (91)
[2015.02.06-02.53.48:022][400]LogModuleManager: Shutting down and abandoning module SmartSnapping (90)
[2015.02.06-02.53.48:022][400]LogModuleManager: Shutting down and abandoning module PaperTiledImporter (89)
[2015.02.06-02.53.48:022][400]LogModuleManager: Shutting down and abandoning module PaperJsonImporter (88)
[2015.02.06-02.53.48:023][400]LogModuleManager: Shutting down and abandoning module GameProjectGeneration (87)
[2015.02.06-02.53.48:023][400]LogModuleManager: Shutting down and abandoning module Matinee (86)
[2015.02.06-02.53.48:023][400]LogModuleManager: Shutting down and abandoning module Kismet (85)
[2015.02.06-02.53.48:023][400]LogModuleManager: Shutting down and abandoning module SlateReflector (84)
[2015.02.06-02.53.48:024][400]LogModuleManager: Shutting down and abandoning module LevelEditor (83)
[2015.02.06-02.53.48:025][400]LogModuleManager: Shutting down and abandoning module IntroTutorials (82)
[2015.02.06-02.53.48:025][400]LogModuleManager: Shutting down and abandoning module ContentBrowser (81)
[2015.02.06-02.53.48:025][400]LogModuleManager: Shutting down and abandoning module PropertyEditor (80)
[2015.02.06-02.53.48:025][400]LogModuleManager: Shutting down and abandoning module AssetTools (79)
[2015.02.06-02.53.48:025][400]LogModuleManager: Shutting down and abandoning module Paper2DEditor (78)
[2015.02.06-02.53.48:026][400]LogModuleManager: Shutting down and abandoning module SpeedTreeImporter (77)
[2015.02.06-02.53.48:026][400]LogModuleManager: Shutting down and abandoning module PluginsEditor (76)
[2015.02.06-02.53.48:026][400]LogModuleManager: Shutting down and abandoning module MainFrame (75)
[2015.02.06-02.53.48:026][400]LogModuleManager: Shutting down and abandoning module EpicSurvey (74)
[2015.02.06-02.53.48:027][400]LogModuleManager: Shutting down and abandoning module VisualStudioSourceCodeAccess (73)
[2015.02.06-02.53.48:027][400]LogModuleManager: Shutting down and abandoning module UObjectPlugin (72)
[2015.02.06-02.53.48:027][400]LogModuleManager: Shutting down and abandoning module SubversionSourceControl (71)
[2015.02.06-02.53.48:028][400]LogModuleManager: Shutting down and abandoning module SourceControl (70)
[2015.02.06-02.53.48:028][400]LogModuleManager: Shutting down and abandoning module PerforceSourceControl (69)
[2015.02.06-02.53.48:028][400]LogModuleManager: Shutting down and abandoning module BlankPlugin (68)
[2015.02.06-02.53.48:028][400]LogModuleManager: Shutting down and abandoning module SpaceShooter (67)
[2015.02.06-02.53.48:028][400]LogModuleManager: Shutting down and abandoning module ScriptPlugin (66)
[2015.02.06-02.53.48:029][400]LogModuleManager: Shutting down and abandoning module UdpMessaging (65)
[2015.02.06-02.53.48:130][400]LogModuleManager: Shutting down and abandoning module Paper2D (64)
[2015.02.06-02.53.48:130][400]LogModuleManager: Shutting down and abandoning module WindowsMoviePlayer (63)
[2015.02.06-02.53.48:133][400]LogModuleManager: Shutting down and abandoning module ImageWrapper (62)
[2015.02.06-02.53.48:134][400]LogModuleManager: Shutting down and abandoning module OnlineBlueprintSupport (61)
[2015.02.06-02.53.48:135][400]LogModuleManager: Shutting down and abandoning module FunctionalTesting (60)
[2015.02.06-02.53.48:135][400]LogModuleManager: Shutting down and abandoning module CollisionAnalyzer (59)
[2015.02.06-02.53.48:135][400]LogModuleManager: Shutting down and abandoning module WorkspaceMenuStructure (58)
[2015.02.06-02.53.48:136][400]LogModuleManager: Shutting down and abandoning module MessageLog (57)
[2015.02.06-02.53.48:136][400]LogModuleManager: Shutting down and abandoning module UMGEditor (56)
[2015.02.06-02.53.48:136][400]LogModuleManager: Shutting down and abandoning module UMG (55)
[2015.02.06-02.53.48:136][400]LogModuleManager: Shutting down and abandoning module Slate (54)
[2015.02.06-02.53.48:136][400]LogModuleManager: Shutting down and abandoning module EditorStyle (53)
[2015.02.06-02.53.48:138][400]LogModuleManager: Shutting down and abandoning module SessionServices (52)
[2015.02.06-02.53.48:138][400]LogModuleManager: Shutting down and abandoning module SourceCodeAccess (51)
[2015.02.06-02.53.48:138][400]LogModuleManager: Shutting down and abandoning module HeadMountedDisplay (50)
[2015.02.06-02.53.48:139][400]LogModuleManager: Shutting down and abandoning module XAudio2 (49)
[2015.02.06-02.53.48:139][400]LogModuleManager: Shutting down and abandoning module Networking (47)
[2015.02.06-02.53.48:139][400]LogModuleManager: Shutting down and abandoning module Core (46)
[2015.02.06-02.53.48:139][400]LogModuleManager: Shutting down and abandoning module KismetCompiler (45)
[2015.02.06-02.53.48:140][400]LogModuleManager: Shutting down and abandoning module PhysXFormats (44)
[2015.02.06-02.53.48:140][400]LogModuleManager: Shutting down and abandoning module MeshUtilities (43)
[2015.02.06-02.53.48:140][400]LogModuleManager: Shutting down and abandoning module DerivedDataCache (42)
[2015.02.06-02.53.48:258][400]LogDerivedDataCache: Shutdown
[2015.02.06-02.53.48:259][400]LogModuleManager: Shutting down and abandoning module ShaderFormatOpenGL (41)
[2015.02.06-02.53.48:259][400]LogModuleManager: Shutting down and abandoning module ShaderFormatD3D (40)
[2015.02.06-02.53.48:259][400]LogModuleManager: Shutting down and abandoning module MetalShaderFormat (39)
[2015.02.06-02.53.48:260][400]LogModuleManager: Shutting down and abandoning module TextureFormatUncompressed (38)
[2015.02.06-02.53.48:260][400]LogModuleManager: Shutting down and abandoning module TextureFormatPVR (37)
[2015.02.06-02.53.48:260][400]LogModuleManager: Shutting down and abandoning module TextureFormatDXT (36)
[2015.02.06-02.53.48:260][400]LogModuleManager: Shutting down and abandoning module TextureFormatAndroid (35)
[2015.02.06-02.53.48:261][400]LogModuleManager: Shutting down and abandoning module AudioFormatOpus (34)
[2015.02.06-02.53.48:261][400]LogModuleManager: Shutting down and abandoning module AudioFormatOgg (33)
[2015.02.06-02.53.48:261][400]LogModuleManager: Shutting down and abandoning module AudioFormatADPCM (32)
[2015.02.06-02.53.48:261][400]LogModuleManager: Shutting down and abandoning module Messaging (31)
[2015.02.06-02.53.48:261][400]LogModuleManager: Shutting down and abandoning module IOSTargetPlatform (30)
[2015.02.06-02.53.48:262][400]LogModuleManager: Shutting down and abandoning module Android_PVRTCTargetPlatform (29)
[2015.02.06-02.53.48:262][400]LogModuleManager: Shutting down and abandoning module Android_ETC2TargetPlatform (28)
[2015.02.06-02.53.48:262][400]LogModuleManager: Shutting down and abandoning module Android_ETC1TargetPlatform (27)
[2015.02.06-02.53.48:262][400]LogModuleManager: Shutting down and abandoning module Android_DXTTargetPlatform (26)
[2015.02.06-02.53.48:262][400]LogModuleManager: Shutting down and abandoning module Android_ATCTargetPlatform (25)
[2015.02.06-02.53.48:262][400]LogModuleManager: Shutting down and abandoning module AndroidTargetPlatform (24)
[2015.02.06-02.53.48:263][400]LogModuleManager: Shutting down and abandoning module WindowsTargetPlatform (23)
[2015.02.06-02.53.48:263][400]LogModuleManager: Shutting down and abandoning module WindowsServerTargetPlatform (22)
[2015.02.06-02.53.48:263][400]LogModuleManager: Shutting down and abandoning module WindowsNoEditorTargetPlatform (21)
[2015.02.06-02.53.48:263][400]LogModuleManager: Shutting down and abandoning module WindowsClientTargetPlatform (20)
[2015.02.06-02.53.48:263][400]LogModuleManager: Shutting down and abandoning module TargetPlatform (19)
[2015.02.06-02.53.48:264][400]LogModuleManager: Shutting down and abandoning module InputCore (18)
[2015.02.06-02.53.48:264][400]LogModuleManager: Shutting down and abandoning module Settings (17)
[2015.02.06-02.53.48:264][400]LogModuleManager: Shutting down and abandoning module ExampleDeviceProfileSelector (14)
[2015.02.06-02.53.48:264][400]LogModuleManager: Shutting down and abandoning module OculusRift (13)
[2015.02.06-02.53.48:264][400]LogModuleManager: Shutting down and abandoning module TextureCompressor (12)
[2015.02.06-02.53.48:265][400]LogModuleManager: Shutting down and abandoning module ShaderCore (11)
[2015.02.06-02.53.48:265][400]LogModuleManager: Shutting down and abandoning module OpenGLDrv (10)
[2015.02.06-02.53.48:265][400]LogModuleManager: Shutting down and abandoning module D3D11RHI (9)
[2015.02.06-02.53.48:265][400]LogModuleManager: Shutting down and abandoning module SlateRHIRenderer (8)
[2015.02.06-02.53.48:266][400]LogModuleManager: Shutting down and abandoning module Renderer (7)
[2015.02.06-02.53.48:266][400]LogModuleManager: Shutting down and abandoning module Engine (6)
[2015.02.06-02.53.48:266][400]LogModuleManager: Shutting down and abandoning module CoreUObject (5)
[2015.02.06-02.53.48:266][400]LogModuleManager: Shutting down and abandoning module NetworkFile (4)
[2015.02.06-02.53.48:266][400]LogModuleManager: Shutting down and abandoning module StreamingFile (3)
[2015.02.06-02.53.48:267][400]LogModuleManager: Shutting down and abandoning module SandboxFile (2)
[2015.02.06-02.53.48:267][400]LogModuleManager: Shutting down and abandoning module PakFile (1)
[2015.02.06-02.53.48:268][400]LogExit: Exiting.
[2015.02.06-02.53.48:270][400]Log file closed, 02/05/15 21:53:48
