Log file open, 03/03/15 13:52:15
LogInit:Display: Running engine for game: SpaceShooter
LogInit: Version: 4.4.3-2296771+++depot+UE4-Releases+4.4
LogInit: API Version: 2255576
LogInit: Compiled (64-bit): Sep 13 2014 22:30:58
LogInit: Build Configuration: Development
LogInit: Branch Name: ++depot+UE4-Releases+4.4
LogInit: Command line: 
LogInit: Base directory: C:/Program Files/Unreal Engine/4.4/Engine/Binaries/Win64/
LogInit: Rocket: 1
[2015.03.03-18.52.15:431][  0]LogTaskGraph: Started task graph with 3 named threads and 4 total threads.
[2015.03.03-18.52.15:460][  0]LogOnline:Warning: No default platform service specified for OnlineSubsystem
[2015.03.03-18.52.15:471][  0]LogInit: Presizing for 0 objects not considered by GC, pre-allocating 0 bytes.
[2015.03.03-18.52.15:479][  0]LogInit: Object subsystem initialized
[2015.03.03-18.52.15:481][  0]LogInit: Selected Device Profile: [Windows]
[2015.03.03-18.52.15:482][  0]LogInit: Applying CVar settings loaded from the selected device profile: [Windows]
[2015.03.03-18.52.15:487][  0]LogInit: Computer: C401IT35
[2015.03.03-18.52.15:487][  0]LogInit: User: npham
[2015.03.03-18.52.15:488][  0]LogInit: CPU Page size=4096, Cores=4
[2015.03.03-18.52.15:489][  0]LogInit: High frequency timer resolution =2.741230 MHz
[2015.03.03-18.52.15:489][  0]LogMemory: Memory total: Physical=6.0GB (6GB approx) Virtual=8192.0GB
[2015.03.03-18.52.15:489][  0]LogMemory: Platform Memory Stats for Windows
[2015.03.03-18.52.15:490][  0]LogMemory: Process Physical Memory: 60.75 MB used, 60.75 MB peak
[2015.03.03-18.52.15:490][  0]LogMemory: Process Virtual Memory: 36.24 MB used, 36.24 MB peak
[2015.03.03-18.52.15:490][  0]LogMemory: Physical Memory: 4383.95 MB used, 6134.93 MB total
[2015.03.03-18.52.15:491][  0]LogMemory: Virtual Memory: 256.68 MB used, 8388608.00 MB total
[2015.03.03-18.52.15:567][  0]LogD3D11RHI: Found D3D11 adapter 0: NVIDIA GeForce GTX 260   (Feature Level 10_0)
[2015.03.03-18.52.15:567][  0]LogD3D11RHI: Adapter has 1767MB of dedicated video memory, 0MB of dedicated system memory, and 2303MB of shared system memory, 1 output[s]
[2015.03.03-18.52.15:568][  0]LogD3D11RHI: Chosen D3D11 Adapter Id = 0
[2015.03.03-18.52.15:573][  0]LogRHI: Texture pool is 1237 MB (70% of 1767 MB)
[2015.03.03-18.52.15:605][  0]LogD3D11RHI: Async texture creation enabled
[2015.03.03-18.52.15:759][  0]LogContentStreaming: Texture pool size is 0.000000MB
[2015.03.03-18.52.17:374][  0]LogTargetPlatformManager:Display: Building Assets For Windows
[2015.03.03-18.52.17:775][  0]LogTargetPlatformManager:Display: Building Assets For Windows
[2015.03.03-18.52.17:821][  0]LogDerivedDataCache:Display: Max Cache Size: 512 MB
[2015.03.03-18.52.17:859][  0]LogDerivedDataCache: Loaded boot cache 0.04s 36MB C:/Users/npham/AppData/Local/UnrealEngine/4.4/DerivedDataCache/Boot.ddc.
[2015.03.03-18.52.17:859][  0]LogDerivedDataCache:Display: Loaded Boot cache: C:/Users/npham/AppData/Local/UnrealEngine/4.4/DerivedDataCache/Boot.ddc
[2015.03.03-18.52.17:860][  0]LogDerivedDataCache: FDerivedDataBackendGraph:  Pak pak cache file ../../../../../../Users/npham/Desktop/SpaceShooter/SpaceShooter/DerivedDataCache/DDC.ddp not found, will not use a pak cache.
[2015.03.03-18.52.17:860][  0]LogDerivedDataCache: Unable to find inner node Pak for hierarchical cache Hierarchy.
[2015.03.03-18.52.17:879][  0]LogDerivedDataCache:Display: Pak cache opened for reading ../../../Engine/DerivedDataCache/DDC.ddp.
[2015.03.03-18.52.17:891][  0]LogDerivedDataCache: Using Local data cache path C:/Users/npham/AppData/Local/UnrealEngine/4.4/DerivedDataCache: Writable
[2015.03.03-18.52.18:055][  0]LogMeshUtilities: No automatic mesh reduction module available
[2015.03.03-18.52.18:056][  0]LogMeshUtilities: No automatic mesh merging module available
[2015.03.03-18.52.18:414][  0]LogInit: WinSock: version 1.1 (2.2), MaxSocks=32767, MaxUdp=65467
[2015.03.03-18.52.19:238][  0]LogStats:Warning: MetaData mismatch. Did you assign a stat to two groups? New //STATGROUP_Threads//FMonitoredProcess///Thread_1bd0_0///////STATCAT_Advanced//// old //STATGROUP_Threads//FMonitoredProcess///Thread_2050_0///////STATCAT_Advanced////
[2015.03.03-18.52.19:238][  0]UdpMessaging: Initializing bridge on interface 0.0.0.0:0 to multicast group 230.0.0.1:6666.
[2015.03.03-18.52.19:444][  0]LogBlueprint:Warning: [compiler] Warning Get Input Axis references unknown Axis 'MoveRight' for  MoveRight 
[2015.03.03-18.52.19:450][  0]LogBlueprint:Warning: [compiler] Warning [0005.91] Compile of BP_Pixel_Ship_Player successful, but with 1 Warning(s) [in 12 ms]
[2015.03.03-18.52.19:469][  0]LogBlueprint:Warning: [compiler] Warning Get Input Axis references unknown Axis 'MoveRight' for  MoveRight 
[2015.03.03-18.52.19:479][  0]LogBlueprint:Warning: [compiler] Warning [0005.94] Compile of BP_Pixel_Ship_Player successful, but with 1 Warning(s) [in 18 ms]
[2015.03.03-18.52.19:493][  0]BlueprintLog:Warning: Warning Blueprint BP_Pixel_Projectile has been migrated and requires re-saving to avoid import errors
[2015.03.03-18.52.19:496][  0]BlueprintLog:Warning: Warning Blueprint BP_Pixel_Ship_Player has been migrated and requires re-saving to avoid import errors
[2015.03.03-18.52.19:556][  0]SourceControl: Info Source control is disabled
[2015.03.03-18.52.19:556][  0]SourceControl: Info Source control is disabled
[2015.03.03-18.52.19:566][  0]SourceControl: Info Source control is disabled
[2015.03.03-18.52.19:797][  0]BlueprintLog: New page: Editor Load
[2015.03.03-18.52.19:920][  0]LogObj: 27511 objects as part of root set at end of initial load.
[2015.03.03-18.52.19:921][  0]LogUObjectAllocator: 6019936 out of 0 bytes used by permanent object pool.
[2015.03.03-18.52.20:117][  0]LogEngine: Initializing Engine...
[2015.03.03-18.52.20:242][  0]LogInit: XAudio2 using 'Digital Audio (HDMI) (2- High Definition Audio Device)' : 2 channels at 44.1 kHz using 16 bits per sample (channel mask 0x3)
[2015.03.03-18.52.20:264][  0]LogInit: FAudioDevice initialized.
[2015.03.03-18.52.20:289][  0]LogAIModule: Creating AISystem for world NewWorld
[2015.03.03-18.52.20:317][  0]LogDerivedDataCache: Saved boot cache 0.03s 36MB C:/Users/npham/AppData/Local/UnrealEngine/4.4/DerivedDataCache/Boot.ddc.
[2015.03.03-18.52.20:324][  0]LogInit: Texture streaming: Enabled
[2015.03.03-18.52.20:361][  0]LogInit: Transaction tracking system initialized
[2015.03.03-18.52.20:521][  0]LogAssetRegistry: FAssetRegistry took 0.0105 seconds to start up
[2015.03.03-18.52.20:995][  0]LogTargetPlatformManager:Display: Building Assets For Windows
[2015.03.03-18.52.21:301][  0]LogTargetPlatformManager:Display: Building Assets For Windows
[2015.03.03-18.52.21:442][  0]LogConsoleResponse:Display: 
[2015.03.03-18.52.21:617][  0]LogStats:Warning: MetaData mismatch. Did you assign a stat to two groups? New //STATGROUP_Threads//FMonitoredProcess///Thread_116c_0///////STATCAT_Advanced//// old //STATGROUP_Threads//FMonitoredProcess///Thread_2050_0///////STATCAT_Advanced////
[2015.03.03-18.52.21:618][  0]LogStats:Warning: MetaData mismatch. Did you assign a stat to two groups? New //STATGROUP_Threads//FMonitoredProcess///Thread_14d0_0///////STATCAT_Advanced//// old //STATGROUP_Threads//FMonitoredProcess///Thread_2050_0///////STATCAT_Advanced////
[2015.03.03-18.52.21:618][  0]SourceControl: Info Source control is disabled
[2015.03.03-18.52.21:618][  0]Cmd: MAP LOAD FILE="../../../Engine/Content/Maps/Templates/Template_Default.umap" TEMPLATE=1 SHOWPROGRESS=1
[2015.03.03-18.52.21:619][  0]LightingResults: New page: Lighting Build
[2015.03.03-18.52.21:628][  0]MapCheck: New page: Map Check
[2015.03.03-18.52.21:628][  0]LightingResults: New page: Lighting Build
[2015.03.03-18.52.21:647][  0]LogParticles: Destroying 0 GPU particle simulations for FXSystem 0x0000000014AE65C0
[2015.03.03-18.52.21:824][  0]LogEditorServer: Finished looking for orphan Actors (0.000 secs)
[2015.03.03-18.52.21:824][  0]LogAIModule: Creating AISystem for world Template_Default
[2015.03.03-18.52.21:825][  0]Cmd: MAP CHECKDEP
[2015.03.03-18.52.21:825][  0]MapCheck: New page: Untitled_1 - Mar 3, 2015, 8:52:21 AM
[2015.03.03-18.52.21:901][  0]MapCheck: Info ========== Map Check: 0 Error(s), 0 Warning(s), [75.581ms] ==========
[2015.03.03-18.52.21:902][  0]LogFileHelpers: Loading map 'Template_Default' took 0.284
[2015.03.03-18.52.21:994][  0]LogCollectionManager: Loaded 0 collections in 0.001008 seconds
[2015.03.03-18.52.22:157][  0]LogCrashTracker: Crashtracker disabled due to settings.
[2015.03.03-18.52.22:226][  0]LogLoad: Full Startup: 8.69 seconds (BP compile: 0.16 seconds)
[2015.03.03-18.52.22:239][  0]LogContentBrowser:Verbose: The content browser source was changed by the sources view to '/Game/ExampleContent/Input_Examples/Blueprints'
[2015.03.03-18.52.22:316][  0]LogRenderer:Warning: Reallocating scene render targets to support 32x32.
[2015.03.03-18.52.22:410][  0]LogRenderer:Warning: Reallocating scene render targets to support 1136x896.
[2015.03.03-18.52.22:602][  1]LogAssetRegistry: Asset discovery search completed in 2.0940 seconds
[2015.03.03-18.52.28:631][255]LogPlayLevel: PIE:  No blueprints needed recompiling
[2015.03.03-18.52.28:631][255]PIE: New page: PIE session: Untitled_1 (Mar 3, 2015, 8:52:28 AM)
[2015.03.03-18.52.28:633][255]LogPlayLevel: PIE: StaticDuplicateObject took: (0.001853s)
[2015.03.03-18.52.28:635][255]LogPlayLevel: PIE: World Init took: (0.000940s)
[2015.03.03-18.52.28:635][255]LogPlayLevel: PIE: Created PIE world by copying editor world from /Temp/Untitled_1.Template_Default to /Temp/UEDPIE_0_Untitled_1.Template_Default (0.003797s)
[2015.03.03-18.52.28:679][255]LogWorld: Game class is 'SpaceShooterGameMode'
[2015.03.03-18.52.28:681][255]LogAIModule: Creating AISystem for world Template_Default
[2015.03.03-18.52.28:682][255]LogWorld: Bringing World /Temp/UEDPIE_0_Untitled_1.Template_Default up for play (max tick rate 0) at 2015.03.03-13.52.28
[2015.03.03-18.52.28:682][255]LogWorld: Bringing up level for play took: 0.001255
[2015.03.03-18.52.28:684][255]PIE: Info Play in editor start time for /Temp/UEDPIE_0_Untitled_1 0.757
[2015.03.03-18.52.28:738][256]LogRenderer:Warning: Reallocating scene render targets to support 1136x904.
[2015.03.03-18.52.36:456][581]LogParticles: Destroying 0 GPU particle simulations for FXSystem 0x0000000004598720
[2015.03.03-18.52.44:876][881]LogPlayLevel: PIE:  No blueprints needed recompiling
[2015.03.03-18.52.44:877][881]PIE: New page: PIE session: Untitled_1 (Mar 3, 2015, 8:52:44 AM)
[2015.03.03-18.52.44:879][881]LogPlayLevel: PIE: StaticDuplicateObject took: (0.002213s)
[2015.03.03-18.52.44:880][881]LogPlayLevel: PIE: World Init took: (0.000614s)
[2015.03.03-18.52.44:881][881]LogPlayLevel: PIE: Created PIE world by copying editor world from /Temp/Untitled_1.Template_Default to /Temp/UEDPIE_0_Untitled_1.Template_Default (0.003713s)
[2015.03.03-18.52.44:914][881]LogWorld: Game class is 'SpaceShooterGameMode'
[2015.03.03-18.52.44:916][881]LogAIModule: Creating AISystem for world Template_Default
[2015.03.03-18.52.44:918][881]LogWorld: Bringing World /Temp/UEDPIE_0_Untitled_1.Template_Default up for play (max tick rate 0) at 2015.03.03-13.52.44
[2015.03.03-18.52.44:919][881]LogWorld: Bringing up level for play took: 0.002043
[2015.03.03-18.52.44:920][881]PIE: Info Play in editor start time for /Temp/UEDPIE_0_Untitled_1 1.014
[2015.03.03-18.53.04:163][773]LogParticles: Destroying 0 GPU particle simulations for FXSystem 0x0000000010611BC0
[2015.03.03-18.53.07:923][937]LogEditorViewport: Clicking on Actor (LMB): BP_Sky_Sphere_C (BP_Sky_Shere)
[2015.03.03-18.53.11:171][984]Cmd: QUIT_EDITOR
[2015.03.03-18.53.11:315][984]LogWindowsTextInputMethodSystem:Error: Terminating failed while unadvising the language notification sink from the TSF source.
[2015.03.03-18.53.11:322][984]LogExit: Preparing to exit.
[2015.03.03-18.53.12:380][984]LogExit: Editor shut down
[2015.03.03-18.53.12:382][984]LogExit: Transaction tracking system shut down
[2015.03.03-18.53.12:383][984]LogParticles: Destroying 0 GPU particle simulations for FXSystem 0x000000000A6B8F40
[2015.03.03-18.53.12:384][984]LogParticles: Destroying 0 GPU particle simulations for FXSystem 0x000000000C1325C0
[2015.03.03-18.53.12:432][984]LogExit: Object subsystem successfully closed.
[2015.03.03-18.53.12:492][984]LogModuleManager: Shutting down and abandoning module AndroidDeviceDetection (162)
[2015.03.03-18.53.12:492][984]LogModuleManager: Shutting down and abandoning module HTTP (161)
[2015.03.03-18.53.12:494][984]LogModuleManager: Shutting down and abandoning module CrashTracker (160)
[2015.03.03-18.53.12:494][984]LogModuleManager: Shutting down and abandoning module SuperSearch (159)
[2015.03.03-18.53.12:495][984]LogModuleManager: Shutting down and abandoning module SceneOutliner (158)
[2015.03.03-18.53.12:495][984]LogModuleManager: Shutting down and abandoning module EditorWidgets (157)
[2015.03.03-18.53.12:496][984]LogModuleManager: Shutting down and abandoning module CollectionManager (156)
[2015.03.03-18.53.12:496][984]LogModuleManager: Shutting down and abandoning module StatsViewer (155)
[2015.03.03-18.53.12:497][984]LogModuleManager: Shutting down and abandoning module FoliageEdit (154)
[2015.03.03-18.53.12:497][984]LogModuleManager: Shutting down and abandoning module LandscapeEditor (153)
[2015.03.03-18.53.12:499][984]LogModuleManager: Shutting down and abandoning module MeshPaint (152)
[2015.03.03-18.53.12:499][984]LogModuleManager: Shutting down and abandoning module ActorPickerMode (151)
[2015.03.03-18.53.12:499][984]LogModuleManager: Shutting down and abandoning module GeometryMode (150)
[2015.03.03-18.53.12:500][984]LogModuleManager: Shutting down and abandoning module TextureAlignMode (149)
[2015.03.03-18.53.12:500][984]LogModuleManager: Shutting down and abandoning module BspMode (148)
[2015.03.03-18.53.12:500][984]LogModuleManager: Shutting down and abandoning module PlacementMode (147)
[2015.03.03-18.53.12:500][984]LogModuleManager: Shutting down and abandoning module DesktopPlatform (146)
[2015.03.03-18.53.12:501][984]LogModuleManager: Shutting down and abandoning module AutomationWorker (145)
[2015.03.03-18.53.12:501][984]LogModuleManager: Shutting down and abandoning module EditorLiveStreaming (144)
[2015.03.03-18.53.12:501][984]LogModuleManager: Shutting down and abandoning module BehaviorTreeEditor (143)
[2015.03.03-18.53.12:503][984]LogModuleManager: Shutting down and abandoning module DeviceProfileEditor (142)
[2015.03.03-18.53.12:503][984]LogModuleManager: Shutting down and abandoning module UndoHistory (141)
[2015.03.03-18.53.12:504][984]LogModuleManager: Shutting down and abandoning module GameplayTagsEditor (140)
[2015.03.03-18.53.12:504][984]LogModuleManager: Shutting down and abandoning module UserFeedback (139)
[2015.03.03-18.53.12:504][984]LogModuleManager: Shutting down and abandoning module XmlParser (138)
[2015.03.03-18.53.12:505][984]LogModuleManager: Shutting down and abandoning module Blutility (137)
[2015.03.03-18.53.12:505][984]LogModuleManager: Shutting down and abandoning module IOSPlatformEditor (136)
[2015.03.03-18.53.12:505][984]LogModuleManager: Shutting down and abandoning module IOSRuntimeSettings (135)
[2015.03.03-18.53.12:506][984]LogModuleManager: Shutting down and abandoning module AndroidPlatformEditor (134)
[2015.03.03-18.53.12:506][984]LogModuleManager: Shutting down and abandoning module AndroidRuntimeSettings (133)
[2015.03.03-18.53.12:506][984]LogModuleManager: Shutting down and abandoning module ProjectTargetPlatformEditor (132)
[2015.03.03-18.53.12:507][984]LogModuleManager: Shutting down and abandoning module ProjectSettingsViewer (131)
[2015.03.03-18.53.12:507][984]LogModuleManager: Shutting down and abandoning module InputBindingEditor (130)
[2015.03.03-18.53.12:508][984]LogModuleManager: Shutting down and abandoning module EditorSettingsViewer (129)
[2015.03.03-18.53.12:508][984]LogModuleManager: Shutting down and abandoning module SettingsEditor (128)
[2015.03.03-18.53.12:509][984]LogModuleManager: Shutting down and abandoning module SessionLauncher (127)
[2015.03.03-18.53.12:510][984]LogModuleManager: Shutting down and abandoning module SessionFrontend (126)
[2015.03.03-18.53.12:511][984]LogModuleManager: Shutting down and abandoning module ProfilerClient (125)
[2015.03.03-18.53.12:512][984]LogModuleManager: Shutting down and abandoning module TargetDeviceServices (124)
[2015.03.03-18.53.12:512][984]LogModuleManager: Shutting down and abandoning module DeviceManager (123)
[2015.03.03-18.53.12:513][984]LogModuleManager: Shutting down and abandoning module AutomationController (122)
[2015.03.03-18.53.12:514][984]LogModuleManager: Shutting down and abandoning module AutomationWindow (121)
[2015.03.03-18.53.12:515][984]LogModuleManager: Shutting down and abandoning module Layers (120)
[2015.03.03-18.53.12:515][984]LogModuleManager: Shutting down and abandoning module ComponentVisualizers (119)
[2015.03.03-18.53.12:515][984]LogModuleManager: Shutting down and abandoning module DetailCustomizations (118)
[2015.03.03-18.53.12:516][984]LogModuleManager: Shutting down and abandoning module PackagesDialog (117)
[2015.03.03-18.53.12:516][984]LogModuleManager: Shutting down and abandoning module DirectoryWatcher (116)
[2015.03.03-18.53.12:516][984]LogModuleManager: Shutting down and abandoning module AssetRegistry (115)
[2015.03.03-18.53.12:591][984]LogModuleManager: Shutting down and abandoning module Persona (114)
[2015.03.03-18.53.12:593][984]LogModuleManager: Shutting down and abandoning module GraphEditor (113)
[2015.03.03-18.53.12:593][984]LogModuleManager: Shutting down and abandoning module ClassViewer (112)
[2015.03.03-18.53.12:593][984]LogModuleManager: Shutting down and abandoning module Toolbox (111)
[2015.03.03-18.53.12:594][984]LogModuleManager: Shutting down and abandoning module ModuleUI (110)
[2015.03.03-18.53.12:594][984]LogModuleManager: Shutting down and abandoning module Sequencer (109)
[2015.03.03-18.53.12:596][984]LogModuleManager: Shutting down and abandoning module MovieSceneTools (108)
[2015.03.03-18.53.12:597][984]LogModuleManager: Shutting down and abandoning module OutputLog (107)
[2015.03.03-18.53.12:597][984]LogModuleManager: Shutting down and abandoning module GammaUI (106)
[2015.03.03-18.53.12:598][984]LogModuleManager: Shutting down and abandoning module Documentation (105)
[2015.03.03-18.53.12:598][984]LogModuleManager: Shutting down and abandoning module GameLiveStreaming (104)
[2015.03.03-18.53.12:598][984]LogModuleManager: Shutting down and abandoning module StreamingPauseRendering (103)
[2015.03.03-18.53.12:598][984]LogModuleManager: Shutting down and abandoning module AnalyticsET (102)
[2015.03.03-18.53.12:599][984]LogModuleManager: Shutting down and abandoning module Analytics (101)
[2015.03.03-18.53.12:599][984]LogModuleManager: Shutting down and abandoning module GameplayDebugger (100)
[2015.03.03-18.53.12:599][984]LogModuleManager: Shutting down and abandoning module AIModule (99)
[2015.03.03-18.53.12:599][984]LogModuleManager: Shutting down and abandoning module ProfilerService (98)
[2015.03.03-18.53.12:634][984]LogModuleManager: Shutting down and abandoning module TaskGraph (97)
[2015.03.03-18.53.12:635][984]LogModuleManager: Shutting down and abandoning module SlateRemote (96)
[2015.03.03-18.53.12:636][984]LogModuleManager: Shutting down and abandoning module ScriptEditorPlugin (95)
[2015.03.03-18.53.12:636][984]LogModuleManager: Shutting down and abandoning module CustomMeshComponent (94)
[2015.03.03-18.53.12:636][984]LogModuleManager: Shutting down and abandoning module CableComponent (93)
[2015.03.03-18.53.12:637][984]LogModuleManager: Shutting down and abandoning module MessagingDebugger (92)
[2015.03.03-18.53.12:639][984]LogModuleManager: Shutting down and abandoning module ViewportSnapping (91)
[2015.03.03-18.53.12:639][984]LogModuleManager: Shutting down and abandoning module SmartSnapping (90)
[2015.03.03-18.53.12:639][984]LogModuleManager: Shutting down and abandoning module PaperTiledImporter (89)
[2015.03.03-18.53.12:640][984]LogModuleManager: Shutting down and abandoning module PaperJsonImporter (88)
[2015.03.03-18.53.12:640][984]LogModuleManager: Shutting down and abandoning module GameProjectGeneration (87)
[2015.03.03-18.53.12:640][984]LogModuleManager: Shutting down and abandoning module Matinee (86)
[2015.03.03-18.53.12:641][984]LogModuleManager: Shutting down and abandoning module Kismet (85)
[2015.03.03-18.53.12:641][984]LogModuleManager: Shutting down and abandoning module SlateReflector (84)
[2015.03.03-18.53.12:642][984]LogModuleManager: Shutting down and abandoning module LevelEditor (83)
[2015.03.03-18.53.12:644][984]LogModuleManager: Shutting down and abandoning module IntroTutorials (82)
[2015.03.03-18.53.12:645][984]LogModuleManager: Shutting down and abandoning module ContentBrowser (81)
[2015.03.03-18.53.12:646][984]LogModuleManager: Shutting down and abandoning module PropertyEditor (80)
[2015.03.03-18.53.12:646][984]LogModuleManager: Shutting down and abandoning module AssetTools (79)
[2015.03.03-18.53.12:648][984]LogModuleManager: Shutting down and abandoning module Paper2DEditor (78)
[2015.03.03-18.53.12:650][984]LogModuleManager: Shutting down and abandoning module SpeedTreeImporter (77)
[2015.03.03-18.53.12:650][984]LogModuleManager: Shutting down and abandoning module PluginsEditor (76)
[2015.03.03-18.53.12:651][984]LogModuleManager: Shutting down and abandoning module MainFrame (75)
[2015.03.03-18.53.12:651][984]LogModuleManager: Shutting down and abandoning module EpicSurvey (74)
[2015.03.03-18.53.12:652][984]LogModuleManager: Shutting down and abandoning module VisualStudioSourceCodeAccess (73)
[2015.03.03-18.53.12:653][984]LogModuleManager: Shutting down and abandoning module UObjectPlugin (72)
[2015.03.03-18.53.12:653][984]LogModuleManager: Shutting down and abandoning module SubversionSourceControl (71)
[2015.03.03-18.53.12:653][984]LogModuleManager: Shutting down and abandoning module SourceControl (70)
[2015.03.03-18.53.12:653][984]LogModuleManager: Shutting down and abandoning module PerforceSourceControl (69)
[2015.03.03-18.53.12:655][984]LogModuleManager: Shutting down and abandoning module BlankPlugin (68)
[2015.03.03-18.53.12:655][984]LogModuleManager: Shutting down and abandoning module SpaceShooter (67)
[2015.03.03-18.53.12:655][984]LogModuleManager: Shutting down and abandoning module ScriptPlugin (66)
[2015.03.03-18.53.12:656][984]LogModuleManager: Shutting down and abandoning module UdpMessaging (65)
[2015.03.03-18.53.12:756][984]LogModuleManager: Shutting down and abandoning module Paper2D (64)
[2015.03.03-18.53.12:757][984]LogModuleManager: Shutting down and abandoning module WindowsMoviePlayer (63)
[2015.03.03-18.53.12:760][984]LogModuleManager: Shutting down and abandoning module ImageWrapper (62)
[2015.03.03-18.53.12:760][984]LogModuleManager: Shutting down and abandoning module OnlineBlueprintSupport (61)
[2015.03.03-18.53.12:761][984]LogModuleManager: Shutting down and abandoning module FunctionalTesting (60)
[2015.03.03-18.53.12:762][984]LogModuleManager: Shutting down and abandoning module CollisionAnalyzer (59)
[2015.03.03-18.53.12:763][984]LogModuleManager: Shutting down and abandoning module WorkspaceMenuStructure (58)
[2015.03.03-18.53.12:763][984]LogModuleManager: Shutting down and abandoning module MessageLog (57)
[2015.03.03-18.53.12:764][984]LogModuleManager: Shutting down and abandoning module UMGEditor (56)
[2015.03.03-18.53.12:765][984]LogModuleManager: Shutting down and abandoning module UMG (55)
[2015.03.03-18.53.12:765][984]LogModuleManager: Shutting down and abandoning module Slate (54)
[2015.03.03-18.53.12:765][984]LogModuleManager: Shutting down and abandoning module EditorStyle (53)
[2015.03.03-18.53.12:767][984]LogModuleManager: Shutting down and abandoning module SessionServices (52)
[2015.03.03-18.53.12:767][984]LogModuleManager: Shutting down and abandoning module SourceCodeAccess (51)
[2015.03.03-18.53.12:768][984]LogModuleManager: Shutting down and abandoning module HeadMountedDisplay (50)
[2015.03.03-18.53.12:768][984]LogModuleManager: Shutting down and abandoning module XAudio2 (49)
[2015.03.03-18.53.12:768][984]LogModuleManager: Shutting down and abandoning module Networking (47)
[2015.03.03-18.53.12:768][984]LogModuleManager: Shutting down and abandoning module Core (46)
[2015.03.03-18.53.12:769][984]LogModuleManager: Shutting down and abandoning module KismetCompiler (45)
[2015.03.03-18.53.12:769][984]LogModuleManager: Shutting down and abandoning module PhysXFormats (44)
[2015.03.03-18.53.12:769][984]LogModuleManager: Shutting down and abandoning module MeshUtilities (43)
[2015.03.03-18.53.12:771][984]LogModuleManager: Shutting down and abandoning module DerivedDataCache (42)
[2015.03.03-18.53.12:821][984]LogDerivedDataCache: Shutdown
[2015.03.03-18.53.12:821][984]LogModuleManager: Shutting down and abandoning module ShaderFormatOpenGL (41)
[2015.03.03-18.53.12:822][984]LogModuleManager: Shutting down and abandoning module ShaderFormatD3D (40)
[2015.03.03-18.53.12:822][984]LogModuleManager: Shutting down and abandoning module MetalShaderFormat (39)
[2015.03.03-18.53.12:823][984]LogModuleManager: Shutting down and abandoning module TextureFormatUncompressed (38)
[2015.03.03-18.53.12:823][984]LogModuleManager: Shutting down and abandoning module TextureFormatPVR (37)
[2015.03.03-18.53.12:823][984]LogModuleManager: Shutting down and abandoning module TextureFormatDXT (36)
[2015.03.03-18.53.12:823][984]LogModuleManager: Shutting down and abandoning module TextureFormatAndroid (35)
[2015.03.03-18.53.12:824][984]LogModuleManager: Shutting down and abandoning module AudioFormatOpus (34)
[2015.03.03-18.53.12:824][984]LogModuleManager: Shutting down and abandoning module AudioFormatOgg (33)
[2015.03.03-18.53.12:825][984]LogModuleManager: Shutting down and abandoning module AudioFormatADPCM (32)
[2015.03.03-18.53.12:825][984]LogModuleManager: Shutting down and abandoning module Messaging (31)
[2015.03.03-18.53.12:825][984]LogModuleManager: Shutting down and abandoning module IOSTargetPlatform (30)
[2015.03.03-18.53.12:825][984]LogModuleManager: Shutting down and abandoning module Android_PVRTCTargetPlatform (29)
[2015.03.03-18.53.12:826][984]LogModuleManager: Shutting down and abandoning module Android_ETC2TargetPlatform (28)
[2015.03.03-18.53.12:826][984]LogModuleManager: Shutting down and abandoning module Android_ETC1TargetPlatform (27)
[2015.03.03-18.53.12:826][984]LogModuleManager: Shutting down and abandoning module Android_DXTTargetPlatform (26)
[2015.03.03-18.53.12:826][984]LogModuleManager: Shutting down and abandoning module Android_ATCTargetPlatform (25)
[2015.03.03-18.53.12:827][984]LogModuleManager: Shutting down and abandoning module AndroidTargetPlatform (24)
[2015.03.03-18.53.12:827][984]LogModuleManager: Shutting down and abandoning module WindowsTargetPlatform (23)
[2015.03.03-18.53.12:827][984]LogModuleManager: Shutting down and abandoning module WindowsServerTargetPlatform (22)
[2015.03.03-18.53.12:827][984]LogModuleManager: Shutting down and abandoning module WindowsNoEditorTargetPlatform (21)
[2015.03.03-18.53.12:828][984]LogModuleManager: Shutting down and abandoning module WindowsClientTargetPlatform (20)
[2015.03.03-18.53.12:828][984]LogModuleManager: Shutting down and abandoning module TargetPlatform (19)
[2015.03.03-18.53.12:828][984]LogModuleManager: Shutting down and abandoning module InputCore (18)
[2015.03.03-18.53.12:828][984]LogModuleManager: Shutting down and abandoning module Settings (17)
[2015.03.03-18.53.12:829][984]LogModuleManager: Shutting down and abandoning module ExampleDeviceProfileSelector (14)
[2015.03.03-18.53.12:829][984]LogModuleManager: Shutting down and abandoning module OculusRift (13)
[2015.03.03-18.53.12:829][984]LogModuleManager: Shutting down and abandoning module TextureCompressor (12)
[2015.03.03-18.53.12:830][984]LogModuleManager: Shutting down and abandoning module ShaderCore (11)
[2015.03.03-18.53.12:830][984]LogModuleManager: Shutting down and abandoning module OpenGLDrv (10)
[2015.03.03-18.53.12:830][984]LogModuleManager: Shutting down and abandoning module D3D11RHI (9)
[2015.03.03-18.53.12:830][984]LogModuleManager: Shutting down and abandoning module SlateRHIRenderer (8)
[2015.03.03-18.53.12:831][984]LogModuleManager: Shutting down and abandoning module Renderer (7)
[2015.03.03-18.53.12:831][984]LogModuleManager: Shutting down and abandoning module Engine (6)
[2015.03.03-18.53.12:831][984]LogModuleManager: Shutting down and abandoning module CoreUObject (5)
[2015.03.03-18.53.12:831][984]LogModuleManager: Shutting down and abandoning module NetworkFile (4)
[2015.03.03-18.53.12:832][984]LogModuleManager: Shutting down and abandoning module StreamingFile (3)
[2015.03.03-18.53.12:832][984]LogModuleManager: Shutting down and abandoning module SandboxFile (2)
[2015.03.03-18.53.12:832][984]LogModuleManager: Shutting down and abandoning module PakFile (1)
[2015.03.03-18.53.12:834][984]LogExit: Exiting.
[2015.03.03-18.53.12:837][984]Log file closed, 03/03/15 13:53:12
