Log file open, 02/12/15 09:10:49
LogInit:Display: Running engine for game: SpaceShooter
LogInit: Version: 4.4.3-2296771+++depot+UE4-Releases+4.4
LogInit: API Version: 2255576
LogInit: Compiled (64-bit): Sep 13 2014 22:30:58
LogInit: Build Configuration: DebugGame
LogInit: Branch Name: ++depot+UE4-Releases+4.4
LogInit: Command line:  -debug
LogInit: Base directory: C:/Program Files/Unreal Engine/4.4/Engine/Binaries/Win64/
LogInit: Rocket: 1
[2015.02.12-14.10.49:936][  0]LogTaskGraph: Started task graph with 3 named threads and 4 total threads.
[2015.02.12-14.10.49:966][  0]LogOnline:Warning: No default platform service specified for OnlineSubsystem
[2015.02.12-14.10.49:997][  0]LogInit: Presizing for 0 objects not considered by GC, pre-allocating 0 bytes.
[2015.02.12-14.10.50:031][  0]LogInit: Object subsystem initialized
[2015.02.12-14.10.50:048][  0]LogInit: Selected Device Profile: [Windows]
[2015.02.12-14.10.50:049][  0]LogInit: Applying CVar settings loaded from the selected device profile: [Windows]
[2015.02.12-14.10.50:058][  0]LogInit: Computer: C401IT27
[2015.02.12-14.10.50:059][  0]LogInit: User: sctcad
[2015.02.12-14.10.50:060][  0]LogInit: CPU Page size=4096, Cores=4
[2015.02.12-14.10.50:060][  0]LogInit: High frequency timer resolution =2.741230 MHz
[2015.02.12-14.10.50:061][  0]LogMemory: Memory total: Physical=6.0GB (6GB approx) Virtual=8192.0GB
[2015.02.12-14.10.50:061][  0]LogMemory: Platform Memory Stats for Windows
[2015.02.12-14.10.50:062][  0]LogMemory: Process Physical Memory: 60.63 MB used, 60.63 MB peak
[2015.02.12-14.10.50:062][  0]LogMemory: Process Virtual Memory: 36.17 MB used, 36.17 MB peak
[2015.02.12-14.10.50:062][  0]LogMemory: Physical Memory: 5621.97 MB used, 6134.93 MB total
[2015.02.12-14.10.50:063][  0]LogMemory: Virtual Memory: 256.68 MB used, 8388608.00 MB total
[2015.02.12-14.10.50:169][  0]LogD3D11RHI: Found D3D11 adapter 0: NVIDIA GeForce GTX 260   (Feature Level 10_0)
[2015.02.12-14.10.50:169][  0]LogD3D11RHI: Adapter has 1767MB of dedicated video memory, 0MB of dedicated system memory, and 2303MB of shared system memory, 1 output[s]
[2015.02.12-14.10.50:170][  0]LogD3D11RHI: Chosen D3D11 Adapter Id = 0
[2015.02.12-14.10.50:175][  0]LogRHI: Texture pool is 1237 MB (70% of 1767 MB)
[2015.02.12-14.10.50:210][  0]LogD3D11RHI: Async texture creation enabled
[2015.02.12-14.10.50:506][  0]LogContentStreaming: Texture pool size is 0.000000MB
[2015.02.12-14.10.52:230][  0]LogTargetPlatformManager:Display: Building Assets For Windows
[2015.02.12-14.10.52:700][  0]LogTargetPlatformManager:Display: Building Assets For Windows
[2015.02.12-14.10.52:752][  0]LogDerivedDataCache:Display: Max Cache Size: 512 MB
[2015.02.12-14.10.52:753][  0]LogDerivedDataCache:Warning: Could not find memory cache C:/Users/sctcad/AppData/Local/UnrealEngine/4.4/DerivedDataCache/Boot.ddc.
[2015.02.12-14.10.52:753][  0]LogDerivedDataCache:Warning: Could not load Boot cache: C:/Users/sctcad/AppData/Local/UnrealEngine/4.4/DerivedDataCache/Boot.ddc
[2015.02.12-14.10.52:754][  0]LogDerivedDataCache: FDerivedDataBackendGraph:  Pak pak cache file ../../../../../../Users/sctcad/Desktop/SpaceShooter/SpaceShooter/DerivedDataCache/DDC.ddp not found, will not use a pak cache.
[2015.02.12-14.10.52:754][  0]LogDerivedDataCache: Unable to find inner node Pak for hierarchical cache Hierarchy.
[2015.02.12-14.10.52:779][  0]LogDerivedDataCache:Display: Pak cache opened for reading ../../../Engine/DerivedDataCache/DDC.ddp.
[2015.02.12-14.10.52:791][  0]LogDerivedDataCache: Using Local data cache path C:/Users/sctcad/AppData/Local/UnrealEngine/4.4/DerivedDataCache: Writable
[2015.02.12-14.10.53:381][  0]LogMeshUtilities: No automatic mesh reduction module available
[2015.02.12-14.10.53:381][  0]LogMeshUtilities: No automatic mesh merging module available
[2015.02.12-14.10.54:151][  0]LogInit: WinSock: version 1.1 (2.2), MaxSocks=32767, MaxUdp=65467
[2015.02.12-14.10.55:727][  0]LogStats:Warning: MetaData mismatch. Did you assign a stat to two groups? New //STATGROUP_Threads//FMonitoredProcess///Thread_1414_0///////STATCAT_Advanced//// old //STATGROUP_Threads//FMonitoredProcess///Thread_1388_0///////STATCAT_Advanced////
[2015.02.12-14.10.55:727][  0]UdpMessaging: Initializing bridge on interface 0.0.0.0:0 to multicast group 230.0.0.1:6666.
[2015.02.12-14.10.55:927][  0]SourceControl: Info Source control is disabled
[2015.02.12-14.10.55:927][  0]SourceControl: Info Source control is disabled
[2015.02.12-14.10.55:933][  0]SourceControl: Info Source control is disabled
[2015.02.12-14.10.56:285][  0]BlueprintLog: New page: Editor Load
[2015.02.12-14.10.56:452][  0]LogObj: 21456 objects as part of root set at end of initial load.
[2015.02.12-14.10.56:452][  0]LogUObjectAllocator: 4231152 out of 0 bytes used by permanent object pool.
[2015.02.12-14.10.56:681][  0]LogEngine: Initializing Engine...
[2015.02.12-14.10.56:886][  0]LogInit: XAudio2 using 'Digital Audio (HDMI) (2- High Definition Audio Device)' : 2 channels at 44.1 kHz using 16 bits per sample (channel mask 0x3)
[2015.02.12-14.10.56:957][  0]LogInit: FAudioDevice initialized.
[2015.02.12-14.10.57:006][  0]LogAIModule: Creating AISystem for world NewWorld
[2015.02.12-14.10.57:029][  0]LogDerivedDataCache: Saved boot cache 0.02s 34MB C:/Users/sctcad/AppData/Local/UnrealEngine/4.4/DerivedDataCache/Boot.ddc.
[2015.02.12-14.10.57:036][  0]LogInit: Texture streaming: Enabled
[2015.02.12-14.10.57:075][  0]LogInit: Transaction tracking system initialized
[2015.02.12-14.10.57:248][  0]LogAssetRegistry: FAssetRegistry took 0.0115 seconds to start up
[2015.02.12-14.10.57:773][  0]LogTargetPlatformManager:Display: Building Assets For Windows
[2015.02.12-14.10.58:064][  0]LogTargetPlatformManager:Display: Building Assets For Windows
[2015.02.12-14.10.58:247][  0]LogConsoleResponse:Display: 
[2015.02.12-14.10.58:552][  0]LogStats:Warning: MetaData mismatch. Did you assign a stat to two groups? New //STATGROUP_Threads//FMonitoredProcess///Thread_1640_0///////STATCAT_Advanced//// old //STATGROUP_Threads//FMonitoredProcess///Thread_1388_0///////STATCAT_Advanced////
[2015.02.12-14.10.58:553][  0]LogStats:Warning: MetaData mismatch. Did you assign a stat to two groups? New //STATGROUP_Threads//FMonitoredProcess///Thread_114c_0///////STATCAT_Advanced//// old //STATGROUP_Threads//FMonitoredProcess///Thread_1388_0///////STATCAT_Advanced////
[2015.02.12-14.10.58:553][  0]SourceControl: Info Source control is disabled
[2015.02.12-14.10.58:555][  0]Cmd: MAP LOAD FILE="../../../Engine/Content/Maps/Templates/Template_Default.umap" TEMPLATE=1 SHOWPROGRESS=1
[2015.02.12-14.10.58:557][  0]LightingResults: New page: Lighting Build
[2015.02.12-14.10.58:569][  0]MapCheck: New page: Map Check
[2015.02.12-14.10.58:569][  0]LightingResults: New page: Lighting Build
[2015.02.12-14.10.58:587][  0]LogParticles: Destroying 0 GPU particle simulations for FXSystem 0x000000000DF80540
[2015.02.12-14.10.58:929][  0]LogEditorServer: Finished looking for orphan Actors (0.000 secs)
[2015.02.12-14.10.58:931][  0]LogAIModule: Creating AISystem for world Template_Default
[2015.02.12-14.10.58:932][  0]Cmd: MAP CHECKDEP
[2015.02.12-14.10.58:932][  0]MapCheck: New page: Untitled_1 - Feb 12, 2015, 4:10:58 AM
[2015.02.12-14.10.58:991][  0]MapCheck: Info ========== Map Check: 0 Error(s), 0 Warning(s), [58.056ms] ==========
[2015.02.12-14.10.58:991][  0]LogFileHelpers: Loading map 'Template_Default' took 0.437
[2015.02.12-14.10.59:143][  0]LogCollectionManager: Loaded 0 collections in 0.001634 seconds
[2015.02.12-14.10.59:165][  0]LogContentBrowser:Verbose: The content browser source was changed by the sources view to '/Game'
[2015.02.12-14.10.59:425][  0]LogCrashTracker: Crashtracker disabled due to settings.
[2015.02.12-14.10.59:542][  0]LogLoad: Full Startup: 11.45 seconds (BP compile: 0.10 seconds)
[2015.02.12-14.10.59:714][  0]LogRenderer:Warning: Reallocating scene render targets to support 1136x896.
[2015.02.12-14.11.00:018][  2]LogAssetRegistry: Asset discovery search completed in 2.7822 seconds
[2015.02.12-14.11.15:096][239]Cmd: MAP LOAD FILE="../../../../../../Users/sctcad/Desktop/SpaceShooter/SpaceShooter/Content/SpacyMap.umap" TEMPLATE=0 SHOWPROGRESS=1
[2015.02.12-14.11.15:097][239]LightingResults: New page: Lighting Build
[2015.02.12-14.11.15:114][239]LoadErrors: New page: Loading map: SpacyMap.umap
[2015.02.12-14.11.15:115][239]MapCheck: New page: Map Check
[2015.02.12-14.11.15:115][239]LightingResults: New page: Lighting Build
[2015.02.12-14.11.15:136][239]LogParticles: Destroying 0 GPU particle simulations for FXSystem 0x000000000DD9B380
[2015.02.12-14.11.15:431][239]LogTexture:Display: Building textures: wdIXNn2u2WWGqZ (AutoDXT)
[2015.02.12-14.11.19:671][239]LogMaterial: Missing cached shader map for material wdIXNn2u2WWGqZ_Mat, compiling.
[2015.02.12-14.11.19:721][239]LogTexture:Display: Building textures: HQ_Lightmap0_2 (AutoDXT)
[2015.02.12-14.11.19:725][239]LogTexture:Display: Building textures: HQ_Lightmap1_1 (AutoDXT)
[2015.02.12-14.11.19:734][239]LogTexture:Display: Building textures: LQ_Lightmap_0_2 (DXT1)
[2015.02.12-14.11.19:736][239]LogTexture:Display: Building textures: LQ_Lightmap_1_1 (DXT1)
[2015.02.12-14.11.19:742][239]LogTexture:Display: Building textures: ShadowMapTexture2D_0 (BGRA8)
[2015.02.12-14.11.19:748][239]LogTexture:Display: Building textures: ShadowMapTexture2D_1 (BGRA8)
[2015.02.12-14.11.19:815][239]LogEditorServer: Finished looking for orphan Actors (0.000 secs)
[2015.02.12-14.11.19:817][239]LogAIModule: Creating AISystem for world SpacyMap
[2015.02.12-14.11.19:847][239]Cmd: MAP CHECKDEP
[2015.02.12-14.11.19:848][239]MapCheck: New page: SpacyMap - Feb 12, 2015, 4:11:19 AM
[2015.02.12-14.11.19:909][239]MapCheck: Info ========== Map Check: 0 Error(s), 0 Warning(s), [61.289ms] ==========
[2015.02.12-14.11.19:910][239]LogFileHelpers: Loading map 'SpacyMap' took 4.817
[2015.02.12-14.11.20:194][240]LogSynthBenchmark:Display: FSynthBenchmark (V0.92):
[2015.02.12-14.11.20:194][240]LogSynthBenchmark:Display: ===============
[2015.02.12-14.11.20:195][240]LogSynthBenchmark:Display: Main Processor:
[2015.02.12-14.11.20:247][240]LogSynthBenchmark:Display:          ... 0.027361 s/Run 'RayIntersect'
[2015.02.12-14.11.20:248][240]LogSynthBenchmark:Display:          ... 0.025069 s/Run 'Fractal'
[2015.02.12-14.11.20:249][240]LogSynthBenchmark:Display: 
[2015.02.12-14.11.20:249][240]LogSynthBenchmark:Display:   CompiledTarget_x_Bits: 64
[2015.02.12-14.11.20:249][240]LogSynthBenchmark:Display:   UE_BUILD_SHIPPING: 0
[2015.02.12-14.11.20:250][240]LogSynthBenchmark:Display:   UE_BUILD_TEST: 0
[2015.02.12-14.11.20:250][240]LogSynthBenchmark:Display:   UE_BUILD_DEBUG: 0
[2015.02.12-14.11.20:250][240]LogSynthBenchmark:Display:   TotalPhysicalGBRam: 6
[2015.02.12-14.11.20:250][240]LogSynthBenchmark:Display:   NumberOfCores (physical): 4
[2015.02.12-14.11.20:251][240]LogSynthBenchmark:Display:   NumberOfCores (logical): 8
[2015.02.12-14.11.20:251][240]LogSynthBenchmark:Display:   CPU Perf Index 0: 93.6
[2015.02.12-14.11.20:251][240]LogSynthBenchmark:Display:   CPU Perf Index 1: 114.1
[2015.02.12-14.11.20:252][240]LogSynthBenchmark:Display:  
[2015.02.12-14.11.20:252][240]LogSynthBenchmark:Display: Graphics:
[2015.02.12-14.11.20:252][240]LogSynthBenchmark:Display:   Adapter Name: 'NVIDIA GeForce GTX 260  '
[2015.02.12-14.11.20:253][240]LogSynthBenchmark:Display:   (On Optimus the name might be wrong, memory should be ok)
[2015.02.12-14.11.20:253][240]LogSynthBenchmark:Display:   Vendor Id: 0x10de
[2015.02.12-14.11.20:253][240]LogSynthBenchmark:Display:   GPU Memory: 1768/0/2304 MB
[2015.02.12-14.11.20:254][240]LogSynthBenchmark:Display:   CPUIndex: 93.6
[2015.02.12-14.11.20:254][240]LogSynthBenchmark:Display:   GPUIndex: -1.$
[2015.02.12-14.11.20:254][240]LogSynthBenchmark:Display: 
[2015.02.12-14.11.20:254][240]LogSynthBenchmark:Display:          ... Total Time: 0.060570 sec
[2015.02.12-14.11.33:626][802]Cmd: QUIT_EDITOR
[2015.02.12-14.11.33:780][802]LogWindowsTextInputMethodSystem:Error: Terminating failed while unadvising the language notification sink from the TSF source.
[2015.02.12-14.11.33:790][802]LogExit: Preparing to exit.
[2015.02.12-14.11.34:844][802]LogExit: Editor shut down
[2015.02.12-14.11.34:845][802]LogExit: Transaction tracking system shut down
[2015.02.12-14.11.34:846][802]LogParticles: Destroying 0 GPU particle simulations for FXSystem 0x00000000117F51C0
[2015.02.12-14.11.34:846][802]LogParticles: Destroying 0 GPU particle simulations for FXSystem 0x0000000015C0DDA0
[2015.02.12-14.11.34:916][802]LogExit: Object subsystem successfully closed.
[2015.02.12-14.11.34:980][802]LogModuleManager: Shutting down and abandoning module SynthBenchmark (163)
[2015.02.12-14.11.34:981][802]LogModuleManager: Shutting down and abandoning module AndroidDeviceDetection (162)
[2015.02.12-14.11.34:982][802]LogModuleManager: Shutting down and abandoning module HTTP (161)
[2015.02.12-14.11.34:982][802]LogModuleManager: Shutting down and abandoning module CrashTracker (160)
[2015.02.12-14.11.34:983][802]LogModuleManager: Shutting down and abandoning module SuperSearch (159)
[2015.02.12-14.11.34:983][802]LogModuleManager: Shutting down and abandoning module SceneOutliner (158)
[2015.02.12-14.11.34:984][802]LogModuleManager: Shutting down and abandoning module EditorWidgets (157)
[2015.02.12-14.11.34:984][802]LogModuleManager: Shutting down and abandoning module CollectionManager (156)
[2015.02.12-14.11.34:985][802]LogModuleManager: Shutting down and abandoning module StatsViewer (155)
[2015.02.12-14.11.34:986][802]LogModuleManager: Shutting down and abandoning module FoliageEdit (154)
[2015.02.12-14.11.34:986][802]LogModuleManager: Shutting down and abandoning module LandscapeEditor (153)
[2015.02.12-14.11.34:988][802]LogModuleManager: Shutting down and abandoning module MeshPaint (152)
[2015.02.12-14.11.34:988][802]LogModuleManager: Shutting down and abandoning module ActorPickerMode (151)
[2015.02.12-14.11.34:988][802]LogModuleManager: Shutting down and abandoning module GeometryMode (150)
[2015.02.12-14.11.34:988][802]LogModuleManager: Shutting down and abandoning module TextureAlignMode (149)
[2015.02.12-14.11.34:989][802]LogModuleManager: Shutting down and abandoning module BspMode (148)
[2015.02.12-14.11.34:989][802]LogModuleManager: Shutting down and abandoning module PlacementMode (147)
[2015.02.12-14.11.34:989][802]LogModuleManager: Shutting down and abandoning module DesktopPlatform (146)
[2015.02.12-14.11.34:990][802]LogModuleManager: Shutting down and abandoning module AutomationWorker (145)
[2015.02.12-14.11.34:991][802]LogModuleManager: Shutting down and abandoning module EditorLiveStreaming (144)
[2015.02.12-14.11.34:991][802]LogModuleManager: Shutting down and abandoning module BehaviorTreeEditor (143)
[2015.02.12-14.11.34:993][802]LogModuleManager: Shutting down and abandoning module DeviceProfileEditor (142)
[2015.02.12-14.11.34:994][802]LogModuleManager: Shutting down and abandoning module UndoHistory (141)
[2015.02.12-14.11.34:994][802]LogModuleManager: Shutting down and abandoning module GameplayTagsEditor (140)
[2015.02.12-14.11.34:994][802]LogModuleManager: Shutting down and abandoning module UserFeedback (139)
[2015.02.12-14.11.34:994][802]LogModuleManager: Shutting down and abandoning module XmlParser (138)
[2015.02.12-14.11.34:995][802]LogModuleManager: Shutting down and abandoning module Blutility (137)
[2015.02.12-14.11.34:996][802]LogModuleManager: Shutting down and abandoning module IOSPlatformEditor (136)
[2015.02.12-14.11.34:996][802]LogModuleManager: Shutting down and abandoning module IOSRuntimeSettings (135)
[2015.02.12-14.11.34:996][802]LogModuleManager: Shutting down and abandoning module AndroidPlatformEditor (134)
[2015.02.12-14.11.34:996][802]LogModuleManager: Shutting down and abandoning module AndroidRuntimeSettings (133)
[2015.02.12-14.11.34:997][802]LogModuleManager: Shutting down and abandoning module ProjectTargetPlatformEditor (132)
[2015.02.12-14.11.34:997][802]LogModuleManager: Shutting down and abandoning module ProjectSettingsViewer (131)
[2015.02.12-14.11.34:998][802]LogModuleManager: Shutting down and abandoning module InputBindingEditor (130)
[2015.02.12-14.11.34:999][802]LogModuleManager: Shutting down and abandoning module EditorSettingsViewer (129)
[2015.02.12-14.11.34:999][802]LogModuleManager: Shutting down and abandoning module SettingsEditor (128)
[2015.02.12-14.11.35:000][802]LogModuleManager: Shutting down and abandoning module SessionLauncher (127)
[2015.02.12-14.11.35:001][802]LogModuleManager: Shutting down and abandoning module SessionFrontend (126)
[2015.02.12-14.11.35:002][802]LogModuleManager: Shutting down and abandoning module ProfilerClient (125)
[2015.02.12-14.11.35:003][802]LogModuleManager: Shutting down and abandoning module TargetDeviceServices (124)
[2015.02.12-14.11.35:003][802]LogModuleManager: Shutting down and abandoning module DeviceManager (123)
[2015.02.12-14.11.35:004][802]LogModuleManager: Shutting down and abandoning module AutomationController (122)
[2015.02.12-14.11.35:004][802]LogModuleManager: Shutting down and abandoning module AutomationWindow (121)
[2015.02.12-14.11.35:005][802]LogModuleManager: Shutting down and abandoning module Layers (120)
[2015.02.12-14.11.35:008][802]LogModuleManager: Shutting down and abandoning module ComponentVisualizers (119)
[2015.02.12-14.11.35:008][802]LogModuleManager: Shutting down and abandoning module DetailCustomizations (118)
[2015.02.12-14.11.35:010][802]LogModuleManager: Shutting down and abandoning module PackagesDialog (117)
[2015.02.12-14.11.35:011][802]LogModuleManager: Shutting down and abandoning module DirectoryWatcher (116)
[2015.02.12-14.11.35:012][802]LogModuleManager: Shutting down and abandoning module AssetRegistry (115)
[2015.02.12-14.11.35:025][802]LogModuleManager: Shutting down and abandoning module Persona (114)
[2015.02.12-14.11.35:027][802]LogModuleManager: Shutting down and abandoning module GraphEditor (113)
[2015.02.12-14.11.35:029][802]LogModuleManager: Shutting down and abandoning module ClassViewer (112)
[2015.02.12-14.11.35:029][802]LogModuleManager: Shutting down and abandoning module Toolbox (111)
[2015.02.12-14.11.35:030][802]LogModuleManager: Shutting down and abandoning module ModuleUI (110)
[2015.02.12-14.11.35:030][802]LogModuleManager: Shutting down and abandoning module Sequencer (109)
[2015.02.12-14.11.35:032][802]LogModuleManager: Shutting down and abandoning module MovieSceneTools (108)
[2015.02.12-14.11.35:034][802]LogModuleManager: Shutting down and abandoning module OutputLog (107)
[2015.02.12-14.11.35:034][802]LogModuleManager: Shutting down and abandoning module GammaUI (106)
[2015.02.12-14.11.35:034][802]LogModuleManager: Shutting down and abandoning module Documentation (105)
[2015.02.12-14.11.35:035][802]LogModuleManager: Shutting down and abandoning module GameLiveStreaming (104)
[2015.02.12-14.11.35:035][802]LogModuleManager: Shutting down and abandoning module StreamingPauseRendering (103)
[2015.02.12-14.11.35:036][802]LogModuleManager: Shutting down and abandoning module AnalyticsET (102)
[2015.02.12-14.11.35:036][802]LogModuleManager: Shutting down and abandoning module Analytics (101)
[2015.02.12-14.11.35:036][802]LogModuleManager: Shutting down and abandoning module GameplayDebugger (100)
[2015.02.12-14.11.35:036][802]LogModuleManager: Shutting down and abandoning module AIModule (99)
[2015.02.12-14.11.35:037][802]LogModuleManager: Shutting down and abandoning module ProfilerService (98)
[2015.02.12-14.11.35:232][802]LogModuleManager: Shutting down and abandoning module TaskGraph (97)
[2015.02.12-14.11.35:234][802]LogModuleManager: Shutting down and abandoning module SlateRemote (96)
[2015.02.12-14.11.35:234][802]LogModuleManager: Shutting down and abandoning module ScriptEditorPlugin (95)
[2015.02.12-14.11.35:234][802]LogModuleManager: Shutting down and abandoning module CustomMeshComponent (94)
[2015.02.12-14.11.35:235][802]LogModuleManager: Shutting down and abandoning module CableComponent (93)
[2015.02.12-14.11.35:235][802]LogModuleManager: Shutting down and abandoning module MessagingDebugger (92)
[2015.02.12-14.11.35:237][802]LogModuleManager: Shutting down and abandoning module ViewportSnapping (91)
[2015.02.12-14.11.35:237][802]LogModuleManager: Shutting down and abandoning module SmartSnapping (90)
[2015.02.12-14.11.35:238][802]LogModuleManager: Shutting down and abandoning module PaperTiledImporter (89)
[2015.02.12-14.11.35:238][802]LogModuleManager: Shutting down and abandoning module PaperJsonImporter (88)
[2015.02.12-14.11.35:238][802]LogModuleManager: Shutting down and abandoning module GameProjectGeneration (87)
[2015.02.12-14.11.35:238][802]LogModuleManager: Shutting down and abandoning module Matinee (86)
[2015.02.12-14.11.35:239][802]LogModuleManager: Shutting down and abandoning module Kismet (85)
[2015.02.12-14.11.35:241][802]LogModuleManager: Shutting down and abandoning module SlateReflector (84)
[2015.02.12-14.11.35:242][802]LogModuleManager: Shutting down and abandoning module LevelEditor (83)
[2015.02.12-14.11.35:244][802]LogModuleManager: Shutting down and abandoning module IntroTutorials (82)
[2015.02.12-14.11.35:245][802]LogModuleManager: Shutting down and abandoning module ContentBrowser (81)
[2015.02.12-14.11.35:245][802]LogModuleManager: Shutting down and abandoning module PropertyEditor (80)
[2015.02.12-14.11.35:245][802]LogModuleManager: Shutting down and abandoning module AssetTools (79)
[2015.02.12-14.11.35:248][802]LogModuleManager: Shutting down and abandoning module Paper2DEditor (78)
[2015.02.12-14.11.35:249][802]LogModuleManager: Shutting down and abandoning module SpeedTreeImporter (77)
[2015.02.12-14.11.35:249][802]LogModuleManager: Shutting down and abandoning module PluginsEditor (76)
[2015.02.12-14.11.35:250][802]LogModuleManager: Shutting down and abandoning module MainFrame (75)
[2015.02.12-14.11.35:251][802]LogModuleManager: Shutting down and abandoning module EpicSurvey (74)
[2015.02.12-14.11.35:251][802]LogModuleManager: Shutting down and abandoning module VisualStudioSourceCodeAccess (73)
[2015.02.12-14.11.35:252][802]LogModuleManager: Shutting down and abandoning module UObjectPlugin (72)
[2015.02.12-14.11.35:252][802]LogModuleManager: Shutting down and abandoning module SubversionSourceControl (71)
[2015.02.12-14.11.35:253][802]LogModuleManager: Shutting down and abandoning module SourceControl (70)
[2015.02.12-14.11.35:254][802]LogModuleManager: Shutting down and abandoning module PerforceSourceControl (69)
[2015.02.12-14.11.35:256][802]LogModuleManager: Shutting down and abandoning module BlankPlugin (68)
[2015.02.12-14.11.35:256][802]LogModuleManager: Shutting down and abandoning module SpaceShooter (67)
[2015.02.12-14.11.35:256][802]LogModuleManager: Shutting down and abandoning module ScriptPlugin (66)
[2015.02.12-14.11.35:257][802]LogModuleManager: Shutting down and abandoning module UdpMessaging (65)
[2015.02.12-14.11.35:357][802]LogModuleManager: Shutting down and abandoning module Paper2D (64)
[2015.02.12-14.11.35:359][802]LogModuleManager: Shutting down and abandoning module WindowsMoviePlayer (63)
[2015.02.12-14.11.35:362][802]LogModuleManager: Shutting down and abandoning module ImageWrapper (62)
[2015.02.12-14.11.35:363][802]LogModuleManager: Shutting down and abandoning module OnlineBlueprintSupport (61)
[2015.02.12-14.11.35:363][802]LogModuleManager: Shutting down and abandoning module FunctionalTesting (60)
[2015.02.12-14.11.35:364][802]LogModuleManager: Shutting down and abandoning module CollisionAnalyzer (59)
[2015.02.12-14.11.35:365][802]LogModuleManager: Shutting down and abandoning module WorkspaceMenuStructure (58)
[2015.02.12-14.11.35:366][802]LogModuleManager: Shutting down and abandoning module MessageLog (57)
[2015.02.12-14.11.35:366][802]LogModuleManager: Shutting down and abandoning module UMGEditor (56)
[2015.02.12-14.11.35:368][802]LogModuleManager: Shutting down and abandoning module UMG (55)
[2015.02.12-14.11.35:368][802]LogModuleManager: Shutting down and abandoning module Slate (54)
[2015.02.12-14.11.35:369][802]LogModuleManager: Shutting down and abandoning module EditorStyle (53)
[2015.02.12-14.11.35:371][802]LogModuleManager: Shutting down and abandoning module SessionServices (52)
[2015.02.12-14.11.35:371][802]LogModuleManager: Shutting down and abandoning module SourceCodeAccess (51)
[2015.02.12-14.11.35:371][802]LogModuleManager: Shutting down and abandoning module HeadMountedDisplay (50)
[2015.02.12-14.11.35:372][802]LogModuleManager: Shutting down and abandoning module XAudio2 (49)
[2015.02.12-14.11.35:372][802]LogModuleManager: Shutting down and abandoning module Networking (47)
[2015.02.12-14.11.35:372][802]LogModuleManager: Shutting down and abandoning module Core (46)
[2015.02.12-14.11.35:372][802]LogModuleManager: Shutting down and abandoning module KismetCompiler (45)
[2015.02.12-14.11.35:372][802]LogModuleManager: Shutting down and abandoning module PhysXFormats (44)
[2015.02.12-14.11.35:373][802]LogModuleManager: Shutting down and abandoning module MeshUtilities (43)
[2015.02.12-14.11.35:374][802]LogModuleManager: Shutting down and abandoning module DerivedDataCache (42)
[2015.02.12-14.11.35:782][802]LogDerivedDataCache: Shutdown
[2015.02.12-14.11.35:783][802]LogModuleManager: Shutting down and abandoning module ShaderFormatOpenGL (41)
[2015.02.12-14.11.35:783][802]LogModuleManager: Shutting down and abandoning module ShaderFormatD3D (40)
[2015.02.12-14.11.35:784][802]LogModuleManager: Shutting down and abandoning module MetalShaderFormat (39)
[2015.02.12-14.11.35:785][802]LogModuleManager: Shutting down and abandoning module TextureFormatUncompressed (38)
[2015.02.12-14.11.35:785][802]LogModuleManager: Shutting down and abandoning module TextureFormatPVR (37)
[2015.02.12-14.11.35:785][802]LogModuleManager: Shutting down and abandoning module TextureFormatDXT (36)
[2015.02.12-14.11.35:786][802]LogModuleManager: Shutting down and abandoning module TextureFormatAndroid (35)
[2015.02.12-14.11.35:786][802]LogModuleManager: Shutting down and abandoning module AudioFormatOpus (34)
[2015.02.12-14.11.35:787][802]LogModuleManager: Shutting down and abandoning module AudioFormatOgg (33)
[2015.02.12-14.11.35:787][802]LogModuleManager: Shutting down and abandoning module AudioFormatADPCM (32)
[2015.02.12-14.11.35:787][802]LogModuleManager: Shutting down and abandoning module Messaging (31)
[2015.02.12-14.11.35:788][802]LogModuleManager: Shutting down and abandoning module IOSTargetPlatform (30)
[2015.02.12-14.11.35:788][802]LogModuleManager: Shutting down and abandoning module Android_PVRTCTargetPlatform (29)
[2015.02.12-14.11.35:788][802]LogModuleManager: Shutting down and abandoning module Android_ETC2TargetPlatform (28)
[2015.02.12-14.11.35:788][802]LogModuleManager: Shutting down and abandoning module Android_ETC1TargetPlatform (27)
[2015.02.12-14.11.35:789][802]LogModuleManager: Shutting down and abandoning module Android_DXTTargetPlatform (26)
[2015.02.12-14.11.35:789][802]LogModuleManager: Shutting down and abandoning module Android_ATCTargetPlatform (25)
[2015.02.12-14.11.35:789][802]LogModuleManager: Shutting down and abandoning module AndroidTargetPlatform (24)
[2015.02.12-14.11.35:790][802]LogModuleManager: Shutting down and abandoning module WindowsTargetPlatform (23)
[2015.02.12-14.11.35:790][802]LogModuleManager: Shutting down and abandoning module WindowsServerTargetPlatform (22)
[2015.02.12-14.11.35:790][802]LogModuleManager: Shutting down and abandoning module WindowsNoEditorTargetPlatform (21)
[2015.02.12-14.11.35:791][802]LogModuleManager: Shutting down and abandoning module WindowsClientTargetPlatform (20)
[2015.02.12-14.11.35:791][802]LogModuleManager: Shutting down and abandoning module TargetPlatform (19)
[2015.02.12-14.11.35:791][802]LogModuleManager: Shutting down and abandoning module InputCore (18)
[2015.02.12-14.11.35:791][802]LogModuleManager: Shutting down and abandoning module Settings (17)
[2015.02.12-14.11.35:792][802]LogModuleManager: Shutting down and abandoning module ExampleDeviceProfileSelector (14)
[2015.02.12-14.11.35:792][802]LogModuleManager: Shutting down and abandoning module OculusRift (13)
[2015.02.12-14.11.35:793][802]LogModuleManager: Shutting down and abandoning module TextureCompressor (12)
[2015.02.12-14.11.35:793][802]LogModuleManager: Shutting down and abandoning module ShaderCore (11)
[2015.02.12-14.11.35:793][802]LogModuleManager: Shutting down and abandoning module OpenGLDrv (10)
[2015.02.12-14.11.35:793][802]LogModuleManager: Shutting down and abandoning module D3D11RHI (9)
[2015.02.12-14.11.35:794][802]LogModuleManager: Shutting down and abandoning module SlateRHIRenderer (8)
[2015.02.12-14.11.35:794][802]LogModuleManager: Shutting down and abandoning module Renderer (7)
[2015.02.12-14.11.35:794][802]LogModuleManager: Shutting down and abandoning module Engine (6)
[2015.02.12-14.11.35:795][802]LogModuleManager: Shutting down and abandoning module CoreUObject (5)
[2015.02.12-14.11.35:795][802]LogModuleManager: Shutting down and abandoning module NetworkFile (4)
[2015.02.12-14.11.35:795][802]LogModuleManager: Shutting down and abandoning module StreamingFile (3)
[2015.02.12-14.11.35:796][802]LogModuleManager: Shutting down and abandoning module SandboxFile (2)
[2015.02.12-14.11.35:797][802]LogModuleManager: Shutting down and abandoning module PakFile (1)
[2015.02.12-14.11.35:799][802]LogExit: Exiting.
[2015.02.12-14.11.35:810][802]Log file closed, 02/12/15 09:11:35
